Launching language server: /home/ec2-user/.vscode-server/extensions/hashicorp.terraform-2.23.0-linux-x64/bin/terraform-ls serve
2022/08/08 22:39:00 serve_command.go:162: Starting terraform-ls 0.28.1
2022/08/08 22:39:00 service.go:95: Preparing new session ...
2022/08/08 22:39:00 langserver.go:94: Starting server (pid 22414; concurrency: 1) ...
2022/08/08 22:39:00 opts.go:218: Received request batch of size 1 (qlen=0)
2022/08/08 22:39:00 opts.go:218: Dequeued request batch of length 1 (qlen=0)
2022/08/08 22:39:00 rpc_logger.go:29: Incoming request for "initialize" (ID 0): {"processId":22334,"clientInfo":{"name":"Visual Studio Code","version":"1.66.2"},"locale":"en","rootPath":"/home/ec2-user","rootUri":"file:///home/ec2-user","capabilities":{"workspace":{"applyEdit":true,"workspaceEdit":{"documentChanges":true,"resourceOperations":["create","rename","delete"],"failureHandling":"textOnlyTransactional","normalizesLineEndings":true,"changeAnnotationSupport":{"groupsOnLabel":true}},"didChangeConfiguration":{"dynamicRegistration":true},"didChangeWatchedFiles":{"dynamicRegistration":true},"symbol":{"dynamicRegistration":true,"symbolKind":{"valueSet":[1,2,3,4,5,6,7,8,9,10,11,12,13,14,15,16,17,18,19,20,21,22,23,24,25,26]},"tagSupport":{"valueSet":[1]}},"codeLens":{"refreshSupport":true},"executeCommand":{"dynamicRegistration":true},"configuration":true,"workspaceFolders":true,"semanticTokens":{"refreshSupport":true},"fileOperations":{"dynamicRegistration":true,"didCreate":true,"didRename":true,"didDelete":true,"willCreate":true,"willRename":true,"willDelete":true}},"textDocument":{"publishDiagnostics":{"relatedInformation":true,"versionSupport":false,"tagSupport":{"valueSet":[1,2]},"codeDescriptionSupport":true,"dataSupport":true},"synchronization":{"dynamicRegistration":true,"willSave":true,"willSaveWaitUntil":true,"didSave":true},"completion":{"dynamicRegistration":true,"contextSupport":true,"completionItem":{"snippetSupport":true,"commitCharactersSupport":true,"documentationFormat":["markdown","plaintext"],"deprecatedSupport":true,"preselectSupport":true,"tagSupport":{"valueSet":[1]},"insertReplaceSupport":true,"resolveSupport":{"properties":["documentation","detail","additionalTextEdits"]},"insertTextModeSupport":{"valueSet":[1,2]}},"completionItemKind":{"valueSet":[1,2,3,4,5,6,7,8,9,10,11,12,13,14,15,16,17,18,19,20,21,22,23,24,25]}},"hover":{"dynamicRegistration":true,"contentFormat":["markdown","plaintext"]},"signatureHelp":{"dynamicRegistration":true,"signatureInformation":{"documentationFormat":["markdown","plaintext"],"parameterInformation":{"labelOffsetSupport":true},"activeParameterSupport":true},"contextSupport":true},"definition":{"dynamicRegistration":true,"linkSupport":true},"references":{"dynamicRegistration":true},"documentHighlight":{"dynamicRegistration":true},"documentSymbol":{"dynamicRegistration":true,"symbolKind":{"valueSet":[1,2,3,4,5,6,7,8,9,10,11,12,13,14,15,16,17,18,19,20,21,22,23,24,25,26]},"hierarchicalDocumentSymbolSupport":true,"tagSupport":{"valueSet":[1]},"labelSupport":true},"codeAction":{"dynamicRegistration":true,"isPreferredSupport":true,"disabledSupport":true,"dataSupport":true,"resolveSupport":{"properties":["edit"]},"codeActionLiteralSupport":{"codeActionKind":{"valueSet":["","quickfix","refactor","refactor.extract","refactor.inline","refactor.rewrite","source","source.organizeImports"]}},"honorsChangeAnnotations":false},"codeLens":{"dynamicRegistration":true},"formatting":{"dynamicRegistration":true},"rangeFormatting":{"dynamicRegistration":true},"onTypeFormatting":{"dynamicRegistration":true},"rename":{"dynamicRegistration":true,"prepareSupport":true,"prepareSupportDefaultBehavior":1,"honorsChangeAnnotations":true},"documentLink":{"dynamicRegistration":true,"tooltipSupport":true},"typeDefinition":{"dynamicRegistration":true,"linkSupport":true},"implementation":{"dynamicRegistration":true,"linkSupport":true},"colorProvider":{"dynamicRegistration":true},"foldingRange":{"dynamicRegistration":true,"rangeLimit":5000,"lineFoldingOnly":true},"declaration":{"dynamicRegistration":true,"linkSupport":true},"selectionRange":{"dynamicRegistration":true},"callHierarchy":{"dynamicRegistration":true},"semanticTokens":{"dynamicRegistration":true,"tokenTypes":["namespace","type","class","enum","interface","struct","typeParameter","parameter","variable","property","enumMember","event","function","method","macro","keyword","modifier","comment","string","number","regexp","operator","hcl-attrName","hcl-blockType","hcl-blockLabel","hcl-bool","hcl-string","hcl-number","hcl-objectKey","hcl-mapKey","hcl-keyword","hcl-traversalStep","hcl-typeCapsule","hcl-typePrimitive"],"tokenModifiers":["declaration","definition","readonly","static","deprecated","abstract","async","modification","documentation","defaultLibrary","hcl-dependent","terraform-data","terraform-locals","terraform-module","terraform-output","terraform-provider","terraform-resource","terraform-provisioner","terraform-connection","terraform-variable","terraform-terraform","terraform-backend","terraform-name","terraform-type","terraform-requiredProviders"],"formats":["relative"],"requests":{"range":true,"full":{"delta":true}},"multilineTokenSupport":false,"overlappingTokenSupport":false},"linkedEditingRange":{"dynamicRegistration":true}},"window":{"showMessage":{"messageActionItem":{"additionalPropertiesSupport":true}},"showDocument":{"support":true},"workDoneProgress":true},"general":{"regularExpressions":{"engine":"ECMAScript","version":"ES2020"},"markdown":{"parser":"marked","version":"1.1.0"}},"experimental":{"refreshModuleProvidersCommandId":"client.refreshModuleProviders","refreshModuleCallsCommandId":"client.refreshModuleCalls","telemetryVersion":1}},"initializationOptions":{"experimentalFeatures":{},"ignoreSingleFileWarning":false},"trace":"off","workspaceFolders":[{"uri":"file:///home/ec2-user","name":"ec2-user"}]}
2022/08/08 22:39:00 initialize.go:158: enabling telemetry (version: 1)
2022/08/08 22:39:00 initialize.go:163: telemetry enabled (version: 1)
2022/08/08 22:39:00 opts.go:218: Posting server notification "telemetry/event" {"v":1,"name":"initialize","properties":{"experimentalCapabilities.referenceCountCodeLens":false,"lsVersion":"0.28.1","options.commandPrefix":false,"options.excludeModulePaths":false,"options.experimentalFeatures.prefillRequiredFields":false,"options.experimentalFeatures.validateOnSave":false,"options.ignoreDirectoryNames":false,"options.ignoreSingleFileWarning":false,"options.rootModulePaths":false,"options.terraformExecPath":false,"options.terraformExecTimeout":"","options.terraformLogFilePath":false,"root_uri":"dir"}}
2022/08/08 22:39:00 scheduler.go:45: launching eval loop 0
2022/08/08 22:39:00 service.go:443: running closed dir scheduler
2022/08/08 22:39:00 scheduler.go:45: launching eval loop 0
2022/08/08 22:39:00 service.go:448: running open dir scheduler
2022/08/08 22:39:07 watcher.go:498: watching for changes ...
2022/08/08 22:39:07 rpc_logger.go:50: Response to "initialize" (ID 0): {"capabilities":{"textDocumentSync":{"openClose":true,"change":2,"save":{}},"completionProvider":{"triggerCharacters":[".","["],"completionItem":{}},"hoverProvider":true,"signatureHelpProvider":{},"declarationProvider":{},"definitionProvider":true,"referencesProvider":true,"documentSymbolProvider":true,"codeActionProvider":{"codeActionKinds":["source.formatAll.terraform"]},"codeLensProvider":{},"documentLinkProvider":{},"workspaceSymbolProvider":true,"documentFormattingProvider":true,"documentOnTypeFormattingProvider":{"firstTriggerCharacter":""},"executeCommandProvider":{"commands":["terraform-ls.module.callers","terraform-ls.module.calls","terraform-ls.module.providers","terraform-ls.rootmodules","terraform-ls.terraform.init","terraform-ls.terraform.validate"],"workDoneProgress":true},"semanticTokensProvider":{"legend":{"tokenTypes":["enumMember","function","keyword","number","parameter","property","string","type","variable","hcl-attrName","hcl-blockType","hcl-blockLabel","hcl-bool","hcl-string","hcl-number","hcl-objectKey","hcl-mapKey","hcl-keyword","hcl-traversalStep","hcl-typeCapsule","hcl-typePrimitive"],"tokenModifiers":["defaultLibrary","hcl-dependent","terraform-backend","terraform-connection","terraform-data","terraform-locals","terraform-module","terraform-name","terraform-output","terraform-provider","terraform-provisioner","terraform-requiredProviders","terraform-resource","terraform-terraform","terraform-type","terraform-variable"]},"full":true},"workspace":{"workspaceFolders":{"supported":true,"changeNotifications":"workspace/didChangeWorkspaceFolders"}},"experimental":{"referenceCountCodeLens":false,"refreshModuleProviders":true,"refreshModuleCalls":true}},"serverInfo":{"name":"terraform-ls","version":"0.28.1"}}
2022/08/08 22:39:07 opts.go:218: Completed 1 requests [6.922417279s elapsed]
2022/08/08 22:39:07 walker_paths.go:240: walking next dir: {"file:///home/ec2-user"}
2022/08/08 22:39:07 walker.go:188: skipping /home/ec2-user/.git
2022/08/08 22:39:07 walker.go:188: skipping /home/ec2-user/.tfenv/.git
2022/08/08 22:39:07 walker.go:188: skipping /home/ec2-user/.vscode-server/bin/dfd34e8260c270da74b5c2d86d61aee4b6d56977/extensions/debug-auto-launch/.vscode
2022/08/08 22:39:07 opts.go:218: Received request batch of size 1 (qlen=0)
2022/08/08 22:39:07 opts.go:218: Received request batch of size 1 (qlen=1)
2022/08/08 22:39:07 walker.go:197: found module /home/ec2-user/Step1
2022/08/08 22:39:07 jobs.go:92: JOBS: Enqueueing new job "1": "OpTypeParseModuleConfiguration" for {"file:///home/ec2-user/Step1"}
2022/08/08 22:39:07 jobs.go:92: JOBS: Enqueueing new job "2": "OpTypeParseVariables" for {"file:///home/ec2-user/Step1"}
2022/08/08 22:39:07 jobs.go:92: JOBS: Enqueueing new job "3": "OpTypeGetTerraformVersion" for {"file:///home/ec2-user/Step1"}
2022/08/08 22:39:07 walker.go:268: parsed datadir: &datadir.DataDir{ModuleManifestPath:"", PluginLockFilePath:"/home/ec2-user/Step1/.terraform.lock.hcl"}
2022/08/08 22:39:07 jobs.go:92: JOBS: Enqueueing new job "4": "OpTypeObtainSchema" for {"file:///home/ec2-user/Step1"}
2022/08/08 22:39:07 jobs.go:92: JOBS: Enqueueing new job "5": "OpTypeDecodeReferenceTargets" for {"file:///home/ec2-user/Step1"}
2022/08/08 22:39:07 jobs.go:92: JOBS: Enqueueing new job "6": "OpTypeDecodeReferenceOrigins" for {"file:///home/ec2-user/Step1"}
2022/08/08 22:39:07 walker.go:188: skipping /home/ec2-user/terraform-team1-project/.git
2022/08/08 22:39:07 walker.go:188: skipping /home/ec2-user/terraform-team1-project/.vscode-server/bin/dfd34e8260c270da74b5c2d86d61aee4b6d56977/extensions/debug-auto-launch/.vscode
2022/08/08 22:39:07 walker.go:345: walking of {file:///home/ec2-user} finished
2022/08/08 22:39:08 walker.go:135: walker: walking through {"file:///home/ec2-user"} finished
2022/08/08 22:39:08 opts.go:218: Dequeued request batch of length 1 (qlen=1)
2022/08/08 22:39:08 opts.go:218: Dequeued request batch of length 1 (qlen=0)
2022/08/08 22:39:08 rpc_logger.go:29: Incoming notification for "initialized": {}
2022/08/08 22:39:08 rpc_logger.go:29: Incoming notification for "textDocument/didOpen": {"textDocument":{"uri":"file:///home/ec2-user/Step1/envs/bahrain.tfvars","languageId":"terraform-vars","version":1,"text":""}}
2022/08/08 22:39:08 did_open.go:42: opened module: /home/ec2-user/Step1/envs
2022/08/08 22:39:08 jobs.go:92: JOBS: Enqueueing new job "7": "OpTypeParseModuleConfiguration" for {"file:///home/ec2-user/Step1/envs"}
2022/08/08 22:39:08 jobs.go:92: JOBS: Enqueueing new job "8": "OpTypeParseVariables" for {"file:///home/ec2-user/Step1/envs"}
2022/08/08 22:39:08 jobs.go:92: JOBS: Enqueueing new job "9": "OpTypeGetTerraformVersion" for {"file:///home/ec2-user/Step1/envs"}
2022/08/08 22:39:08 watcher.go:86: adding module for watching: /home/ec2-user/Step1/envs
2022/08/08 22:39:08 jobs.go:244: JOBS: Dispatching next job "1": "OpTypeParseModuleConfiguration" for {"file:///home/ec2-user/Step1"}
2022/08/08 22:39:08 jobs.go:358: JOBS: Finishing job "1": "OpTypeParseModuleConfiguration" for {"file:///home/ec2-user/Step1"} (err = %!s(<nil>), deferredJobs: [])
2022/08/08 22:39:08 jobs.go:244: JOBS: Dispatching next job "2": "OpTypeParseVariables" for {"file:///home/ec2-user/Step1"}
2022/08/08 22:39:08 jobs.go:92: JOBS: Enqueueing new job "10": "OpTypeDecodeVarsReferences" for {"file:///home/ec2-user/Step1"}
2022/08/08 22:39:08 jobs.go:358: JOBS: Finishing job "2": "OpTypeParseVariables" for {"file:///home/ec2-user/Step1"} (err = %!s(<nil>), deferredJobs: ["10"])
2022/08/08 22:39:08 jobs.go:244: JOBS: Dispatching next job "10": "OpTypeDecodeVarsReferences" for {"file:///home/ec2-user/Step1"}
2022/08/08 22:39:08 jobs.go:358: JOBS: Finishing job "10": "OpTypeDecodeVarsReferences" for {"file:///home/ec2-user/Step1"} (err = %!s(<nil>), deferredJobs: [])
2022/08/08 22:39:08 jobs.go:244: JOBS: Dispatching next job "3": "OpTypeGetTerraformVersion" for {"file:///home/ec2-user/Step1"}
2022/08/08 22:39:08 opts.go:218: Received request batch of size 1 (qlen=0)
2022/08/08 22:39:08 opts.go:218: Received request batch of size 1 (qlen=1)
2022/08/08 22:39:08 opts.go:218: Dequeued request batch of length 1 (qlen=1)
2022/08/08 22:39:08 jobs.go:358: JOBS: Finishing job "3": "OpTypeGetTerraformVersion" for {"file:///home/ec2-user/Step1"} (err = %!s(<nil>), deferredJobs: [])
2022/08/08 22:39:08 jobs.go:244: JOBS: Dispatching next job "4": "OpTypeObtainSchema" for {"file:///home/ec2-user/Step1"}
2022/08/08 22:39:08 opts.go:218: Received request batch of size 1 (qlen=1)
2022/08/08 22:39:08 opts.go:218: Received request batch of size 1 (qlen=2)
2022/08/08 22:39:08 opts.go:218: Posting server notification "telemetry/event" {"v":1,"name":"moduleData","properties":{"installedProviders":{"registry.terraform.io/hashicorp/aws":"4.23.0"},"moduleId":"7579612f-3da8-fb24-0ff6-1dee91f204f3","tfVersion":"0.14.1"}}
2022/08/08 22:39:09 opts.go:218: Posting server call "client.refreshModuleProviders" 
2022/08/08 22:39:09 opts.go:218: Received response for callback "1"
2022/08/08 22:39:09 opts.go:218: Posting server call "client.refreshModuleCalls" 
2022/08/08 22:39:09 opts.go:218: Received response for callback "2"
2022/08/08 22:39:23 provider_schema.go:106: PSS: adding local schema (/home/ec2-user/Step1, registry.terraform.io/hashicorp/aws): 0xc012e99f80
2022/08/08 22:39:23 jobs.go:358: JOBS: Finishing job "4": "OpTypeObtainSchema" for {"file:///home/ec2-user/Step1"} (err = %!s(<nil>), deferredJobs: [])
2022/08/08 22:39:23 jobs.go:244: JOBS: Dispatching next job "5": "OpTypeDecodeReferenceTargets" for {"file:///home/ec2-user/Step1"}
2022/08/08 22:39:23 jobs.go:358: JOBS: Finishing job "5": "OpTypeDecodeReferenceTargets" for {"file:///home/ec2-user/Step1"} (err = %!s(<nil>), deferredJobs: [])
2022/08/08 22:39:23 jobs.go:244: JOBS: Dispatching next job "6": "OpTypeDecodeReferenceOrigins" for {"file:///home/ec2-user/Step1"}
2022/08/08 22:39:23 jobs.go:358: JOBS: Finishing job "6": "OpTypeDecodeReferenceOrigins" for {"file:///home/ec2-user/Step1"} (err = %!s(<nil>), deferredJobs: [])
2022/08/08 22:39:23 jobs.go:244: JOBS: Dispatching next job "7": "OpTypeParseModuleConfiguration" for {"file:///home/ec2-user/Step1/envs"}
2022/08/08 22:39:23 jobs.go:92: JOBS: Enqueueing new job "11": "OpTypeLoadModuleMetadata" for {"file:///home/ec2-user/Step1/envs"}
2022/08/08 22:39:23 jobs.go:358: JOBS: Finishing job "7": "OpTypeParseModuleConfiguration" for {"file:///home/ec2-user/Step1/envs"} (err = %!s(<nil>), deferredJobs: ["11"])
2022/08/08 22:39:23 jobs.go:244: JOBS: Dispatching next job "11": "OpTypeLoadModuleMetadata" for {"file:///home/ec2-user/Step1/envs"}
2022/08/08 22:39:23 jobs.go:92: JOBS: Enqueueing new job "12": "OpTypeDecodeReferenceTargets" for {"file:///home/ec2-user/Step1/envs"}
2022/08/08 22:39:23 jobs.go:92: JOBS: Enqueueing new job "13": "OpTypeDecodeReferenceOrigins" for {"file:///home/ec2-user/Step1/envs"}
2022/08/08 22:39:23 jobs.go:358: JOBS: Finishing job "11": "OpTypeLoadModuleMetadata" for {"file:///home/ec2-user/Step1/envs"} (err = %!s(<nil>), deferredJobs: ["12" "13"])
2022/08/08 22:39:23 jobs.go:244: JOBS: Dispatching next job "12": "OpTypeDecodeReferenceTargets" for {"file:///home/ec2-user/Step1/envs"}
2022/08/08 22:39:23 jobs.go:358: JOBS: Finishing job "12": "OpTypeDecodeReferenceTargets" for {"file:///home/ec2-user/Step1/envs"} (err = %!s(<nil>), deferredJobs: [])
2022/08/08 22:39:23 jobs.go:244: JOBS: Dispatching next job "13": "OpTypeDecodeReferenceOrigins" for {"file:///home/ec2-user/Step1/envs"}
2022/08/08 22:39:23 jobs.go:358: JOBS: Finishing job "13": "OpTypeDecodeReferenceOrigins" for {"file:///home/ec2-user/Step1/envs"} (err = %!s(<nil>), deferredJobs: [])
2022/08/08 22:39:23 jobs.go:244: JOBS: Dispatching next job "8": "OpTypeParseVariables" for {"file:///home/ec2-user/Step1/envs"}
2022/08/08 22:39:23 jobs.go:92: JOBS: Enqueueing new job "14": "OpTypeDecodeVarsReferences" for {"file:///home/ec2-user/Step1/envs"}
2022/08/08 22:39:23 jobs.go:358: JOBS: Finishing job "8": "OpTypeParseVariables" for {"file:///home/ec2-user/Step1/envs"} (err = %!s(<nil>), deferredJobs: ["14"])
2022/08/08 22:39:23 jobs.go:244: JOBS: Dispatching next job "14": "OpTypeDecodeVarsReferences" for {"file:///home/ec2-user/Step1/envs"}
2022/08/08 22:39:23 jobs.go:358: JOBS: Finishing job "14": "OpTypeDecodeVarsReferences" for {"file:///home/ec2-user/Step1/envs"} (err = %!s(<nil>), deferredJobs: [])
2022/08/08 22:39:23 jobs.go:244: JOBS: Dispatching next job "9": "OpTypeGetTerraformVersion" for {"file:///home/ec2-user/Step1/envs"}
2022/08/08 22:39:24 jobs.go:358: JOBS: Finishing job "9": "OpTypeGetTerraformVersion" for {"file:///home/ec2-user/Step1/envs"} (err = %!s(<nil>), deferredJobs: [])
2022/08/08 22:39:24 opts.go:218: Posting server notification "telemetry/event" {"v":1,"name":"moduleData","properties":{"moduleId":"7b67eb81-92ad-aafc-0fd5-2df5017be389","tfVersion":"0.14.1"}}
2022/08/08 22:39:24 opts.go:218: Posting server call "client.refreshModuleProviders" 
2022/08/08 22:39:24 opts.go:218: Dequeued request batch of length 1 (qlen=2)
2022/08/08 22:39:24 opts.go:218: Dequeued request batch of length 1 (qlen=1)
2022/08/08 22:39:24 opts.go:218: Dequeued request batch of length 1 (qlen=0)
2022/08/08 22:39:24 rpc_logger.go:29: Incoming request for "textDocument/semanticTokens/full" (ID 4): {"textDocument":{"uri":"file:///home/ec2-user/Step1/envs/bahrain.tfvars"}}
2022/08/08 22:39:24 rpc_logger.go:50: Response to "textDocument/semanticTokens/full" (ID 4): {"data":[]}
2022/08/08 22:39:24 opts.go:218: Completed 1 requests [187.354µs elapsed]
2022/08/08 22:39:24 rpc_logger.go:29: Incoming request for "textDocument/documentSymbol" (ID 1): {"textDocument":{"uri":"file:///home/ec2-user/Step1/envs/bahrain.tfvars"}}
2022/08/08 22:39:24 rpc_logger.go:50: Response to "textDocument/documentSymbol" (ID 1): []
2022/08/08 22:39:24 opts.go:218: Completed 1 requests [15.819749152s elapsed]
2022/08/08 22:39:24 rpc_logger.go:29: Incoming request for "textDocument/documentLink" (ID 2): {"textDocument":{"uri":"file:///home/ec2-user/Step1/envs/bahrain.tfvars"}}
2022/08/08 22:39:24 rpc_logger.go:50: Response to "textDocument/documentLink" (ID 2): null
2022/08/08 22:39:24 opts.go:218: Completed 1 requests [468.381µs elapsed]
2022/08/08 22:39:24 rpc_logger.go:29: Incoming request for "textDocument/codeLens" (ID 3): {"textDocument":{"uri":"file:///home/ec2-user/Step1/envs/bahrain.tfvars"}}
2022/08/08 22:39:24 rpc_logger.go:50: Response to "textDocument/codeLens" (ID 3): []
2022/08/08 22:39:24 opts.go:218: Completed 1 requests [567.623µs elapsed]
2022/08/08 22:39:24 opts.go:218: Received response for callback "3"
2022/08/08 22:39:24 opts.go:218: Posting server call "client.refreshModuleCalls" 
2022/08/08 22:39:24 opts.go:218: Received response for callback "4"
2022/08/08 22:39:24 opts.go:218: Posting server call "workspace/semanticTokens/refresh" 
2022/08/08 22:39:24 opts.go:218: Received response for callback "5"
2022/08/08 22:39:24 opts.go:218: Received request batch of size 1 (qlen=0)
2022/08/08 22:39:24 opts.go:218: Dequeued request batch of length 1 (qlen=0)
2022/08/08 22:39:24 rpc_logger.go:29: Incoming request for "textDocument/semanticTokens/full" (ID 5): {"textDocument":{"uri":"file:///home/ec2-user/Step1/envs/bahrain.tfvars"}}
2022/08/08 22:39:24 rpc_logger.go:50: Response to "textDocument/semanticTokens/full" (ID 5): {"data":[]}
2022/08/08 22:39:24 opts.go:218: Completed 1 requests [160.716µs elapsed]
2022/08/08 22:41:14 opts.go:218: Received request batch of size 1 (qlen=0)
2022/08/08 22:41:14 opts.go:218: Dequeued request batch of length 1 (qlen=0)
2022/08/08 22:41:14 opts.go:218: Request check error for "$/setTrace" (params "{\"value\":\"off\"}"): [-32601] method not found
2022/08/09 01:19:47 opts.go:218: Received request batch of size 1 (qlen=0)
2022/08/09 01:19:47 opts.go:218: Dequeued request batch of length 1 (qlen=0)
2022/08/09 01:19:47 rpc_logger.go:29: Incoming request for "shutdown" (ID 6): 
2022/08/09 01:19:47 service.go:534: stopping closedDirWalker for session ...
2022/08/09 01:19:47 service.go:536: closedDirWalker stopped
2022/08/09 01:19:47 service.go:539: stopping openDirWalker for session ...
2022/08/09 01:19:47 service.go:541: openDirWalker stopped
2022/08/09 01:19:47 service.go:545: stopping watcher for session ...
2022/08/09 01:19:47 service.go:550: watcher stopped
2022/08/09 01:19:47 scheduler.go:52: stopped scheduler
2022/08/09 01:19:47 scheduler.go:52: stopped scheduler
2022/08/09 01:19:47 rpc_logger.go:50: Response to "shutdown" (ID 6): null
2022/08/09 01:19:47 opts.go:218: Completed 1 requests [283.989µs elapsed]
