[2022-08-08T22:39:00.613Z] Validating found git in: git
[2022-08-08T22:39:00.749Z] Using git 2.37.1 from git
[2022-08-08T22:39:00.838Z] > git rev-parse --git-dir [12ms]
[2022-08-08T22:39:00.858Z] Open repository: /home/ec2-user
[2022-08-08T22:39:01.078Z] > git symbolic-ref --short HEAD [104ms]
[2022-08-08T22:39:01.098Z] > git for-each-ref --format=%(refname)%00%(upstream:short)%00%(objectname)%00%(upstream:track) refs/heads/master refs/remotes/master [10ms]
[2022-08-08T22:39:01.116Z] > git for-each-ref --sort -committerdate --format %(refname) %(objectname) %(*objectname) [10ms]
[2022-08-08T22:39:01.120Z] > git remote --verbose [6ms]
[2022-08-08T22:39:01.144Z] > git config --get commit.template [6ms]
[2022-08-08T22:39:01.681Z] > git ls-files --stage -- /home/ec2-user/Step1/envs/bahrain.tfvars [8ms]
[2022-08-08T22:39:01.690Z] > git cat-file -s e69de29bb2d1d6434b8b29ae775ad8c2e48c5391 [4ms]
[2022-08-08T22:39:04.786Z] > git symbolic-ref --short HEAD [9ms]
[2022-08-08T22:39:04.798Z] > git for-each-ref --format=%(refname)%00%(upstream:short)%00%(objectname)%00%(upstream:track) refs/heads/master refs/remotes/master [5ms]
[2022-08-08T22:39:04.811Z] > git for-each-ref --sort -committerdate --format %(refname) %(objectname) %(*objectname) [5ms]
[2022-08-08T22:39:04.817Z] > git remote --verbose [7ms]
[2022-08-08T22:39:04.837Z] > git config --get commit.template [10ms]
[2022-08-08T22:39:09.924Z] > git symbolic-ref --short HEAD [6ms]
[2022-08-08T22:39:09.933Z] > git for-each-ref --format=%(refname)%00%(upstream:short)%00%(objectname)%00%(upstream:track) refs/heads/master refs/remotes/master [5ms]
[2022-08-08T22:39:09.944Z] > git for-each-ref --sort -committerdate --format %(refname) %(objectname) %(*objectname) [8ms]
[2022-08-08T22:39:09.948Z] > git remote --verbose [5ms]
[2022-08-08T22:39:09.960Z] > git config --get commit.template [3ms]
[2022-08-08T22:39:15.045Z] > git symbolic-ref --short HEAD [5ms]
[2022-08-08T22:39:15.054Z] > git for-each-ref --format=%(refname)%00%(upstream:short)%00%(objectname)%00%(upstream:track) refs/heads/master refs/remotes/master [4ms]
[2022-08-08T22:39:15.067Z] > git for-each-ref --sort -committerdate --format %(refname) %(objectname) %(*objectname) [6ms]
[2022-08-08T22:39:15.073Z] > git remote --verbose [7ms]
[2022-08-08T22:39:15.086Z] > git config --get commit.template [5ms]
[2022-08-08T22:39:20.173Z] > git symbolic-ref --short HEAD [2ms]
[2022-08-08T22:39:20.182Z] > git for-each-ref --format=%(refname)%00%(upstream:short)%00%(objectname)%00%(upstream:track) refs/heads/master refs/remotes/master [4ms]
[2022-08-08T22:39:20.197Z] > git for-each-ref --sort -committerdate --format %(refname) %(objectname) %(*objectname) [8ms]
[2022-08-08T22:39:20.201Z] > git remote --verbose [5ms]
[2022-08-08T22:39:20.213Z] > git config --get commit.template [3ms]
[2022-08-08T22:39:25.256Z] > git symbolic-ref --short HEAD [2ms]
[2022-08-08T22:39:25.261Z] > git for-each-ref --format=%(refname)%00%(upstream:short)%00%(objectname)%00%(upstream:track) refs/heads/master refs/remotes/master [2ms]
[2022-08-08T22:39:25.267Z] > git for-each-ref --sort -committerdate --format %(refname) %(objectname) %(*objectname) [4ms]
[2022-08-08T22:39:25.270Z] > git remote --verbose [3ms]
[2022-08-08T22:39:25.275Z] > git config --get commit.template [1ms]
[2022-08-08T22:39:30.319Z] > git symbolic-ref --short HEAD [2ms]
[2022-08-08T22:39:30.323Z] > git for-each-ref --format=%(refname)%00%(upstream:short)%00%(objectname)%00%(upstream:track) refs/heads/master refs/remotes/master [1ms]
[2022-08-08T22:39:30.330Z] > git for-each-ref --sort -committerdate --format %(refname) %(objectname) %(*objectname) [4ms]
[2022-08-08T22:39:30.331Z] > git remote --verbose [2ms]
[2022-08-08T22:39:30.337Z] > git config --get commit.template [1ms]
[2022-08-08T22:39:35.381Z] > git symbolic-ref --short HEAD [2ms]
[2022-08-08T22:39:35.386Z] > git for-each-ref --format=%(refname)%00%(upstream:short)%00%(objectname)%00%(upstream:track) refs/heads/master refs/remotes/master [2ms]
[2022-08-08T22:39:35.392Z] > git for-each-ref --sort -committerdate --format %(refname) %(objectname) %(*objectname) [4ms]
[2022-08-08T22:39:35.394Z] > git remote --verbose [2ms]
[2022-08-08T22:39:35.400Z] > git config --get commit.template [2ms]
[2022-08-08T22:39:40.444Z] > git symbolic-ref --short HEAD [2ms]
[2022-08-08T22:39:40.448Z] > git for-each-ref --format=%(refname)%00%(upstream:short)%00%(objectname)%00%(upstream:track) refs/heads/master refs/remotes/master [1ms]
[2022-08-08T22:39:40.455Z] > git for-each-ref --sort -committerdate --format %(refname) %(objectname) %(*objectname) [4ms]
[2022-08-08T22:39:40.457Z] > git remote --verbose [3ms]
[2022-08-08T22:39:40.463Z] > git config --get commit.template [2ms]
[2022-08-08T22:39:45.507Z] > git symbolic-ref --short HEAD [2ms]
[2022-08-08T22:39:45.512Z] > git for-each-ref --format=%(refname)%00%(upstream:short)%00%(objectname)%00%(upstream:track) refs/heads/master refs/remotes/master [2ms]
[2022-08-08T22:39:45.519Z] > git for-each-ref --sort -committerdate --format %(refname) %(objectname) %(*objectname) [4ms]
[2022-08-08T22:39:45.520Z] > git remote --verbose [2ms]
[2022-08-08T22:39:45.526Z] > git config --get commit.template [1ms]
[2022-08-08T22:39:50.571Z] > git symbolic-ref --short HEAD [2ms]
[2022-08-08T22:39:50.575Z] > git for-each-ref --format=%(refname)%00%(upstream:short)%00%(objectname)%00%(upstream:track) refs/heads/master refs/remotes/master [2ms]
[2022-08-08T22:39:50.582Z] > git for-each-ref --sort -committerdate --format %(refname) %(objectname) %(*objectname) [4ms]
[2022-08-08T22:39:50.583Z] > git remote --verbose [2ms]
[2022-08-08T22:39:50.590Z] > git config --get commit.template [3ms]
[2022-08-08T22:39:55.649Z] > git symbolic-ref --short HEAD [7ms]
[2022-08-08T22:39:55.655Z] > git for-each-ref --format=%(refname)%00%(upstream:short)%00%(objectname)%00%(upstream:track) refs/heads/master refs/remotes/master [1ms]
[2022-08-08T22:39:55.662Z] > git for-each-ref --sort -committerdate --format %(refname) %(objectname) %(*objectname) [4ms]
[2022-08-08T22:39:55.664Z] > git remote --verbose [3ms]
[2022-08-08T22:39:55.670Z] > git config --get commit.template [2ms]
[2022-08-08T22:40:00.714Z] > git symbolic-ref --short HEAD [2ms]
[2022-08-08T22:40:00.718Z] > git for-each-ref --format=%(refname)%00%(upstream:short)%00%(objectname)%00%(upstream:track) refs/heads/master refs/remotes/master [2ms]
[2022-08-08T22:40:00.724Z] > git for-each-ref --sort -committerdate --format %(refname) %(objectname) %(*objectname) [4ms]
[2022-08-08T22:40:00.726Z] > git remote --verbose [2ms]
[2022-08-08T22:40:00.732Z] > git config --get commit.template [2ms]
[2022-08-08T22:40:05.776Z] > git symbolic-ref --short HEAD [2ms]
[2022-08-08T22:40:05.781Z] > git for-each-ref --format=%(refname)%00%(upstream:short)%00%(objectname)%00%(upstream:track) refs/heads/master refs/remotes/master [2ms]
[2022-08-08T22:40:05.787Z] > git for-each-ref --sort -committerdate --format %(refname) %(objectname) %(*objectname) [4ms]
[2022-08-08T22:40:05.789Z] > git remote --verbose [2ms]
[2022-08-08T22:40:05.794Z] > git config --get commit.template [1ms]
[2022-08-08T22:40:10.837Z] > git symbolic-ref --short HEAD [2ms]
[2022-08-08T22:40:10.841Z] > git for-each-ref --format=%(refname)%00%(upstream:short)%00%(objectname)%00%(upstream:track) refs/heads/master refs/remotes/master [2ms]
[2022-08-08T22:40:10.847Z] > git for-each-ref --sort -committerdate --format %(refname) %(objectname) %(*objectname) [4ms]
[2022-08-08T22:40:10.849Z] > git remote --verbose [2ms]
[2022-08-08T22:40:10.855Z] > git config --get commit.template [2ms]
[2022-08-08T22:40:15.899Z] > git symbolic-ref --short HEAD [2ms]
[2022-08-08T22:40:15.904Z] > git for-each-ref --format=%(refname)%00%(upstream:short)%00%(objectname)%00%(upstream:track) refs/heads/master refs/remotes/master [2ms]
[2022-08-08T22:40:15.911Z] > git for-each-ref --sort -committerdate --format %(refname) %(objectname) %(*objectname) [4ms]
[2022-08-08T22:40:15.913Z] > git remote --verbose [3ms]
[2022-08-08T22:40:15.919Z] > git config --get commit.template [2ms]
[2022-08-08T22:40:20.989Z] > git symbolic-ref --short HEAD [2ms]
[2022-08-08T22:40:20.993Z] > git for-each-ref --format=%(refname)%00%(upstream:short)%00%(objectname)%00%(upstream:track) refs/heads/master refs/remotes/master [2ms]
[2022-08-08T22:40:21.000Z] > git for-each-ref --sort -committerdate --format %(refname) %(objectname) %(*objectname) [4ms]
[2022-08-08T22:40:21.002Z] > git remote --verbose [2ms]
[2022-08-08T22:40:21.009Z] > git config --get commit.template [2ms]
[2022-08-08T22:40:26.052Z] > git symbolic-ref --short HEAD [2ms]
[2022-08-08T22:40:26.056Z] > git for-each-ref --format=%(refname)%00%(upstream:short)%00%(objectname)%00%(upstream:track) refs/heads/master refs/remotes/master [1ms]
[2022-08-08T22:40:26.063Z] > git for-each-ref --sort -committerdate --format %(refname) %(objectname) %(*objectname) [4ms]
[2022-08-08T22:40:26.064Z] > git remote --verbose [2ms]
[2022-08-08T22:40:26.070Z] > git config --get commit.template [2ms]
[2022-08-08T22:40:31.113Z] > git symbolic-ref --short HEAD [2ms]
[2022-08-08T22:40:31.117Z] > git for-each-ref --format=%(refname)%00%(upstream:short)%00%(objectname)%00%(upstream:track) refs/heads/master refs/remotes/master [2ms]
[2022-08-08T22:40:31.123Z] > git for-each-ref --sort -committerdate --format %(refname) %(objectname) %(*objectname) [4ms]
[2022-08-08T22:40:31.124Z] > git remote --verbose [2ms]
[2022-08-08T22:40:31.130Z] > git config --get commit.template [1ms]
[2022-08-08T22:40:36.176Z] > git symbolic-ref --short HEAD [3ms]
[2022-08-08T22:40:36.180Z] > git for-each-ref --format=%(refname)%00%(upstream:short)%00%(objectname)%00%(upstream:track) refs/heads/master refs/remotes/master [2ms]
[2022-08-08T22:40:36.186Z] > git for-each-ref --sort -committerdate --format %(refname) %(objectname) %(*objectname) [4ms]
[2022-08-08T22:40:36.188Z] > git remote --verbose [2ms]
[2022-08-08T22:40:36.195Z] > git config --get commit.template [3ms]
[2022-08-08T22:40:41.240Z] > git symbolic-ref --short HEAD [3ms]
[2022-08-08T22:40:41.245Z] > git for-each-ref --format=%(refname)%00%(upstream:short)%00%(objectname)%00%(upstream:track) refs/heads/master refs/remotes/master [2ms]
[2022-08-08T22:40:41.251Z] > git for-each-ref --sort -committerdate --format %(refname) %(objectname) %(*objectname) [4ms]
[2022-08-08T22:40:41.253Z] > git remote --verbose [2ms]
[2022-08-08T22:40:41.259Z] > git config --get commit.template [2ms]
[2022-08-08T22:40:46.301Z] > git symbolic-ref --short HEAD [2ms]
[2022-08-08T22:40:46.306Z] > git for-each-ref --format=%(refname)%00%(upstream:short)%00%(objectname)%00%(upstream:track) refs/heads/master refs/remotes/master [1ms]
[2022-08-08T22:40:46.312Z] > git for-each-ref --sort -committerdate --format %(refname) %(objectname) %(*objectname) [4ms]
[2022-08-08T22:40:46.315Z] > git remote --verbose [4ms]
[2022-08-08T22:40:46.320Z] > git config --get commit.template [1ms]
[2022-08-08T22:40:51.363Z] > git symbolic-ref --short HEAD [2ms]
[2022-08-08T22:40:51.367Z] > git for-each-ref --format=%(refname)%00%(upstream:short)%00%(objectname)%00%(upstream:track) refs/heads/master refs/remotes/master [1ms]
[2022-08-08T22:40:51.374Z] > git for-each-ref --sort -committerdate --format %(refname) %(objectname) %(*objectname) [4ms]
[2022-08-08T22:40:51.375Z] > git remote --verbose [2ms]
[2022-08-08T22:40:51.381Z] > git config --get commit.template [2ms]
[2022-08-08T22:40:56.427Z] > git symbolic-ref --short HEAD [3ms]
[2022-08-08T22:40:56.431Z] > git for-each-ref --format=%(refname)%00%(upstream:short)%00%(objectname)%00%(upstream:track) refs/heads/master refs/remotes/master [2ms]
[2022-08-08T22:40:56.439Z] > git for-each-ref --sort -committerdate --format %(refname) %(objectname) %(*objectname) [6ms]
[2022-08-08T22:40:56.440Z] > git remote --verbose [3ms]
[2022-08-08T22:40:56.446Z] > git config --get commit.template [2ms]
[2022-08-08T22:41:01.490Z] > git symbolic-ref --short HEAD [2ms]
[2022-08-08T22:41:01.494Z] > git for-each-ref --format=%(refname)%00%(upstream:short)%00%(objectname)%00%(upstream:track) refs/heads/master refs/remotes/master [2ms]
[2022-08-08T22:41:01.501Z] > git for-each-ref --sort -committerdate --format %(refname) %(objectname) %(*objectname) [4ms]
[2022-08-08T22:41:01.502Z] > git remote --verbose [2ms]
[2022-08-08T22:41:01.508Z] > git config --get commit.template [2ms]
[2022-08-08T22:41:06.552Z] > git symbolic-ref --short HEAD [2ms]
[2022-08-08T22:41:06.557Z] > git for-each-ref --format=%(refname)%00%(upstream:short)%00%(objectname)%00%(upstream:track) refs/heads/master refs/remotes/master [2ms]
[2022-08-08T22:41:06.563Z] > git for-each-ref --sort -committerdate --format %(refname) %(objectname) %(*objectname) [4ms]
[2022-08-08T22:41:06.565Z] > git remote --verbose [2ms]
[2022-08-08T22:41:06.571Z] > git config --get commit.template [2ms]
[2022-08-08T22:41:11.615Z] > git symbolic-ref --short HEAD [2ms]
[2022-08-08T22:41:11.620Z] > git for-each-ref --format=%(refname)%00%(upstream:short)%00%(objectname)%00%(upstream:track) refs/heads/master refs/remotes/master [2ms]
[2022-08-08T22:41:11.626Z] > git for-each-ref --sort -committerdate --format %(refname) %(objectname) %(*objectname) [4ms]
[2022-08-08T22:41:11.628Z] > git remote --verbose [2ms]
[2022-08-08T22:41:11.634Z] > git config --get commit.template [2ms]
