[2022-08-09T21:28:05.188Z] Validating found git in: git
[2022-08-09T21:28:05.260Z] Using git 2.37.1 from git
[2022-08-09T21:28:05.314Z] > git rev-parse --git-dir [24ms]
[2022-08-09T21:28:05.322Z] Open repository: /home/ec2-user
[2022-08-09T21:28:05.643Z] > git symbolic-ref --short HEAD [233ms]
[2022-08-09T21:28:05.653Z] > git for-each-ref --format=%(refname)%00%(upstream:short)%00%(objectname)%00%(upstream:track) refs/heads/master refs/remotes/master [5ms]
[2022-08-09T21:28:05.663Z] > git for-each-ref --sort -committerdate --format %(refname) %(objectname) %(*objectname) [7ms]
[2022-08-09T21:28:05.683Z] > git remote --verbose [22ms]
[2022-08-09T21:28:05.718Z] > git config --get commit.template [25ms]
[2022-08-09T21:28:08.825Z] > git symbolic-ref --short HEAD [2ms]
[2022-08-09T21:28:08.835Z] > git for-each-ref --format=%(refname)%00%(upstream:short)%00%(objectname)%00%(upstream:track) refs/heads/master refs/remotes/master [5ms]
[2022-08-09T21:28:08.849Z] > git for-each-ref --sort -committerdate --format %(refname) %(objectname) %(*objectname) [6ms]
[2022-08-09T21:28:08.854Z] > git remote --verbose [6ms]
[2022-08-09T21:28:08.867Z] > git config --get commit.template [5ms]
[2022-08-09T21:28:13.925Z] > git symbolic-ref --short HEAD [4ms]
[2022-08-09T21:28:13.930Z] > git for-each-ref --format=%(refname)%00%(upstream:short)%00%(objectname)%00%(upstream:track) refs/heads/master refs/remotes/master [2ms]
[2022-08-09T21:28:13.937Z] > git for-each-ref --sort -committerdate --format %(refname) %(objectname) %(*objectname) [5ms]
[2022-08-09T21:28:13.939Z] > git remote --verbose [3ms]
[2022-08-09T21:28:13.945Z] > git config --get commit.template [1ms]
[2022-08-09T21:28:14.584Z] > git ls-files --stage -- /home/ec2-user/Step1/main.tf [4ms]
[2022-08-09T21:28:14.593Z] > git cat-file -s e0e2e61fe805d541427d78d5f28932ecb647d749 [4ms]
[2022-08-09T21:28:16.710Z] > git ls-files --stage -- /home/ec2-user/Step1/output.tf [6ms]
[2022-08-09T21:28:16.718Z] > git cat-file -s 85f955cdff7c24cadad7056ac2ade7dcb3eca3c6 [3ms]
[2022-08-09T21:28:18.265Z] > git ls-files --stage -- /home/ec2-user/Step1/main.tf [3ms]
[2022-08-09T21:28:18.274Z] > git cat-file -s e0e2e61fe805d541427d78d5f28932ecb647d749 [4ms]
[2022-08-09T21:28:19.026Z] > git symbolic-ref --short HEAD [3ms]
[2022-08-09T21:28:19.036Z] > git for-each-ref --format=%(refname)%00%(upstream:short)%00%(objectname)%00%(upstream:track) refs/heads/master refs/remotes/master [2ms]
[2022-08-09T21:28:19.049Z] > git for-each-ref --sort -committerdate --format %(refname) %(objectname) %(*objectname) [7ms]
[2022-08-09T21:28:19.054Z] > git remote --verbose [6ms]
[2022-08-09T21:28:19.067Z] > git config --get commit.template [5ms]
[2022-08-09T21:28:24.146Z] > git symbolic-ref --short HEAD [8ms]
[2022-08-09T21:28:24.157Z] > git for-each-ref --format=%(refname)%00%(upstream:short)%00%(objectname)%00%(upstream:track) refs/heads/master refs/remotes/master [4ms]
[2022-08-09T21:28:24.173Z] > git for-each-ref --sort -committerdate --format %(refname) %(objectname) %(*objectname) [8ms]
[2022-08-09T21:28:24.175Z] > git remote --verbose [3ms]
[2022-08-09T21:28:24.187Z] > git config --get commit.template [2ms]
[2022-08-09T21:28:29.232Z] > git symbolic-ref --short HEAD [3ms]
[2022-08-09T21:28:29.237Z] > git for-each-ref --format=%(refname)%00%(upstream:short)%00%(objectname)%00%(upstream:track) refs/heads/master refs/remotes/master [2ms]
[2022-08-09T21:28:29.243Z] > git for-each-ref --sort -committerdate --format %(refname) %(objectname) %(*objectname) [4ms]
[2022-08-09T21:28:29.245Z] > git remote --verbose [2ms]
[2022-08-09T21:28:29.253Z] > git config --get commit.template [2ms]
[2022-08-09T21:28:34.297Z] > git symbolic-ref --short HEAD [2ms]
[2022-08-09T21:28:34.302Z] > git for-each-ref --format=%(refname)%00%(upstream:short)%00%(objectname)%00%(upstream:track) refs/heads/master refs/remotes/master [2ms]
[2022-08-09T21:28:34.308Z] > git for-each-ref --sort -committerdate --format %(refname) %(objectname) %(*objectname) [4ms]
[2022-08-09T21:28:34.310Z] > git remote --verbose [3ms]
[2022-08-09T21:28:34.318Z] > git config --get commit.template [2ms]
[2022-08-09T21:28:39.362Z] > git symbolic-ref --short HEAD [2ms]
[2022-08-09T21:28:39.367Z] > git for-each-ref --format=%(refname)%00%(upstream:short)%00%(objectname)%00%(upstream:track) refs/heads/master refs/remotes/master [2ms]
[2022-08-09T21:28:39.374Z] > git for-each-ref --sort -committerdate --format %(refname) %(objectname) %(*objectname) [4ms]
[2022-08-09T21:28:39.376Z] > git remote --verbose [2ms]
[2022-08-09T21:28:39.382Z] > git config --get commit.template [1ms]
[2022-08-09T21:28:44.427Z] > git symbolic-ref --short HEAD [3ms]
[2022-08-09T21:28:44.431Z] > git for-each-ref --format=%(refname)%00%(upstream:short)%00%(objectname)%00%(upstream:track) refs/heads/master refs/remotes/master [2ms]
[2022-08-09T21:28:44.438Z] > git for-each-ref --sort -committerdate --format %(refname) %(objectname) %(*objectname) [4ms]
[2022-08-09T21:28:44.440Z] > git remote --verbose [2ms]
[2022-08-09T21:28:44.446Z] > git config --get commit.template [2ms]
[2022-08-09T21:28:49.498Z] > git symbolic-ref --short HEAD [5ms]
[2022-08-09T21:28:49.502Z] > git for-each-ref --format=%(refname)%00%(upstream:short)%00%(objectname)%00%(upstream:track) refs/heads/master refs/remotes/master [1ms]
[2022-08-09T21:28:49.509Z] > git for-each-ref --sort -committerdate --format %(refname) %(objectname) %(*objectname) [4ms]
[2022-08-09T21:28:49.510Z] > git remote --verbose [2ms]
[2022-08-09T21:28:49.528Z] > git config --get commit.template [2ms]
[2022-08-09T21:28:54.604Z] > git symbolic-ref --short HEAD [2ms]
[2022-08-09T21:28:54.608Z] > git for-each-ref --format=%(refname)%00%(upstream:short)%00%(objectname)%00%(upstream:track) refs/heads/master refs/remotes/master [2ms]
[2022-08-09T21:28:54.614Z] > git for-each-ref --sort -committerdate --format %(refname) %(objectname) %(*objectname) [4ms]
[2022-08-09T21:28:54.616Z] > git remote --verbose [3ms]
[2022-08-09T21:28:54.626Z] > git config --get commit.template [6ms]
[2022-08-09T21:28:59.673Z] > git symbolic-ref --short HEAD [2ms]
[2022-08-09T21:28:59.677Z] > git for-each-ref --format=%(refname)%00%(upstream:short)%00%(objectname)%00%(upstream:track) refs/heads/master refs/remotes/master [1ms]
[2022-08-09T21:28:59.684Z] > git for-each-ref --sort -committerdate --format %(refname) %(objectname) %(*objectname) [4ms]
[2022-08-09T21:28:59.685Z] > git remote --verbose [2ms]
[2022-08-09T21:28:59.691Z] > git config --get commit.template [2ms]
[2022-08-09T21:29:04.736Z] > git symbolic-ref --short HEAD [2ms]
[2022-08-09T21:29:04.739Z] > git for-each-ref --format=%(refname)%00%(upstream:short)%00%(objectname)%00%(upstream:track) refs/heads/master refs/remotes/master [1ms]
[2022-08-09T21:29:04.747Z] > git for-each-ref --sort -committerdate --format %(refname) %(objectname) %(*objectname) [5ms]
[2022-08-09T21:29:04.750Z] > git remote --verbose [5ms]
[2022-08-09T21:29:04.755Z] > git config --get commit.template [2ms]
[2022-08-09T21:29:09.802Z] > git symbolic-ref --short HEAD [2ms]
[2022-08-09T21:29:09.806Z] > git for-each-ref --format=%(refname)%00%(upstream:short)%00%(objectname)%00%(upstream:track) refs/heads/master refs/remotes/master [2ms]
[2022-08-09T21:29:09.812Z] > git for-each-ref --sort -committerdate --format %(refname) %(objectname) %(*objectname) [4ms]
[2022-08-09T21:29:09.814Z] > git remote --verbose [2ms]
[2022-08-09T21:29:09.820Z] > git config --get commit.template [2ms]
[2022-08-09T21:29:15.803Z] > git symbolic-ref --short HEAD [2ms]
[2022-08-09T21:29:15.811Z] > git for-each-ref --format=%(refname)%00%(upstream:short)%00%(objectname)%00%(upstream:track) refs/heads/master refs/remotes/master [2ms]
[2022-08-09T21:29:15.818Z] > git for-each-ref --sort -committerdate --format %(refname) %(objectname) %(*objectname) [5ms]
[2022-08-09T21:29:15.819Z] > git remote --verbose [2ms]
[2022-08-09T21:29:15.827Z] > git config --get commit.template [2ms]
[2022-08-09T21:29:20.870Z] > git symbolic-ref --short HEAD [2ms]
[2022-08-09T21:29:20.874Z] > git for-each-ref --format=%(refname)%00%(upstream:short)%00%(objectname)%00%(upstream:track) refs/heads/master refs/remotes/master [1ms]
[2022-08-09T21:29:20.880Z] > git for-each-ref --sort -committerdate --format %(refname) %(objectname) %(*objectname) [3ms]
[2022-08-09T21:29:20.882Z] > git remote --verbose [2ms]
[2022-08-09T21:29:20.888Z] > git config --get commit.template [2ms]
[2022-08-09T21:29:25.931Z] > git symbolic-ref --short HEAD [2ms]
[2022-08-09T21:29:25.935Z] > git for-each-ref --format=%(refname)%00%(upstream:short)%00%(objectname)%00%(upstream:track) refs/heads/master refs/remotes/master [2ms]
[2022-08-09T21:29:25.941Z] > git for-each-ref --sort -committerdate --format %(refname) %(objectname) %(*objectname) [4ms]
[2022-08-09T21:29:25.943Z] > git remote --verbose [3ms]
[2022-08-09T21:29:25.948Z] > git config --get commit.template [1ms]
[2022-08-09T21:29:30.992Z] > git symbolic-ref --short HEAD [2ms]
[2022-08-09T21:29:30.997Z] > git for-each-ref --format=%(refname)%00%(upstream:short)%00%(objectname)%00%(upstream:track) refs/heads/master refs/remotes/master [2ms]
[2022-08-09T21:29:31.003Z] > git for-each-ref --sort -committerdate --format %(refname) %(objectname) %(*objectname) [4ms]
[2022-08-09T21:29:31.005Z] > git remote --verbose [2ms]
[2022-08-09T21:29:31.017Z] > git config --get commit.template [1ms]
[2022-08-09T21:30:39.004Z] > git symbolic-ref --short HEAD [2ms]
[2022-08-09T21:30:39.009Z] > git for-each-ref --format=%(refname)%00%(upstream:short)%00%(objectname)%00%(upstream:track) refs/heads/master refs/remotes/master [2ms]
[2022-08-09T21:30:39.015Z] > git for-each-ref --sort -committerdate --format %(refname) %(objectname) %(*objectname) [4ms]
[2022-08-09T21:30:39.017Z] > git remote --verbose [2ms]
[2022-08-09T21:30:39.023Z] > git config --get commit.template [2ms]
[2022-08-09T21:34:56.320Z] > git symbolic-ref --short HEAD [1ms]
[2022-08-09T21:34:56.326Z] > git for-each-ref --format=%(refname)%00%(upstream:short)%00%(objectname)%00%(upstream:track) refs/heads/master refs/remotes/master [2ms]
[2022-08-09T21:34:56.332Z] > git for-each-ref --sort -committerdate --format %(refname) %(objectname) %(*objectname) [4ms]
[2022-08-09T21:34:56.334Z] > git remote --verbose [2ms]
[2022-08-09T21:34:56.339Z] > git config --get commit.template [2ms]
[2022-08-09T21:35:01.383Z] > git symbolic-ref --short HEAD [2ms]
[2022-08-09T21:35:01.388Z] > git for-each-ref --format=%(refname)%00%(upstream:short)%00%(objectname)%00%(upstream:track) refs/heads/master refs/remotes/master [2ms]
[2022-08-09T21:35:01.396Z] > git for-each-ref --sort -committerdate --format %(refname) %(objectname) %(*objectname) [5ms]
[2022-08-09T21:35:01.397Z] > git remote --verbose [2ms]
[2022-08-09T21:35:01.403Z] > git config --get commit.template [1ms]
[2022-08-09T21:35:07.820Z] > git symbolic-ref --short HEAD [2ms]
[2022-08-09T21:35:07.824Z] > git for-each-ref --format=%(refname)%00%(upstream:short)%00%(objectname)%00%(upstream:track) refs/heads/master refs/remotes/master [1ms]
[2022-08-09T21:35:07.831Z] > git for-each-ref --sort -committerdate --format %(refname) %(objectname) %(*objectname) [4ms]
[2022-08-09T21:35:07.833Z] > git remote --verbose [2ms]
[2022-08-09T21:35:07.838Z] > git config --get commit.template [1ms]
[2022-08-09T21:49:38.751Z] > git symbolic-ref --short HEAD [2ms]
[2022-08-09T21:49:38.755Z] > git for-each-ref --format=%(refname)%00%(upstream:short)%00%(objectname)%00%(upstream:track) refs/heads/master refs/remotes/master [1ms]
[2022-08-09T21:49:38.771Z] > git for-each-ref --sort -committerdate --format %(refname) %(objectname) %(*objectname) [13ms]
[2022-08-09T21:49:38.774Z] > git remote --verbose [5ms]
[2022-08-09T21:49:38.783Z] > git config --get commit.template [1ms]
[2022-08-09T21:51:21.793Z] > git symbolic-ref --short HEAD [3ms]
[2022-08-09T21:51:21.797Z] > git for-each-ref --format=%(refname)%00%(upstream:short)%00%(objectname)%00%(upstream:track) refs/heads/master refs/remotes/master [1ms]
[2022-08-09T21:51:21.803Z] > git for-each-ref --sort -committerdate --format %(refname) %(objectname) %(*objectname) [4ms]
[2022-08-09T21:51:21.805Z] > git remote --verbose [2ms]
[2022-08-09T21:51:21.810Z] > git config --get commit.template [2ms]
[2022-08-09T22:02:59.401Z] > git symbolic-ref --short HEAD [2ms]
[2022-08-09T22:02:59.405Z] > git for-each-ref --format=%(refname)%00%(upstream:short)%00%(objectname)%00%(upstream:track) refs/heads/master refs/remotes/master [2ms]
[2022-08-09T22:02:59.413Z] > git for-each-ref --sort -committerdate --format %(refname) %(objectname) %(*objectname) [5ms]
[2022-08-09T22:02:59.414Z] > git remote --verbose [3ms]
[2022-08-09T22:02:59.420Z] > git config --get commit.template [2ms]
[2022-08-09T22:03:02.554Z] > git ls-files --stage -- /home/ec2-user/terraform.tfstate [40ms]
[2022-08-09T22:03:04.465Z] > git symbolic-ref --short HEAD [2ms]
[2022-08-09T22:03:04.470Z] > git for-each-ref --format=%(refname)%00%(upstream:short)%00%(objectname)%00%(upstream:track) refs/heads/master refs/remotes/master [2ms]
[2022-08-09T22:03:04.477Z] > git for-each-ref --sort -committerdate --format %(refname) %(objectname) %(*objectname) [5ms]
[2022-08-09T22:03:04.478Z] > git remote --verbose [2ms]
[2022-08-09T22:03:04.484Z] > git config --get commit.template [1ms]
[2022-08-09T22:03:09.529Z] > git symbolic-ref --short HEAD [3ms]
[2022-08-09T22:03:09.533Z] > git for-each-ref --format=%(refname)%00%(upstream:short)%00%(objectname)%00%(upstream:track) refs/heads/master refs/remotes/master [1ms]
[2022-08-09T22:03:09.540Z] > git for-each-ref --sort -committerdate --format %(refname) %(objectname) %(*objectname) [4ms]
[2022-08-09T22:03:09.542Z] > git remote --verbose [3ms]
[2022-08-09T22:03:09.548Z] > git config --get commit.template [1ms]
[2022-08-09T22:03:11.041Z] > git ls-files --stage -- /home/ec2-user/.bash_history [15ms]
[2022-08-09T22:03:11.053Z] > git cat-file -s 137148929557d81f6a80d04fa1bf080493fbf91e [4ms]
[2022-08-09T22:03:14.594Z] > git symbolic-ref --short HEAD [2ms]
[2022-08-09T22:03:14.598Z] > git for-each-ref --format=%(refname)%00%(upstream:short)%00%(objectname)%00%(upstream:track) refs/heads/master refs/remotes/master [1ms]
[2022-08-09T22:03:14.608Z] > git for-each-ref --sort -committerdate --format %(refname) %(objectname) %(*objectname) [4ms]
[2022-08-09T22:03:14.610Z] > git remote --verbose [2ms]
[2022-08-09T22:03:14.618Z] > git config --get commit.template [2ms]
[2022-08-09T22:03:19.178Z] > git ls-files --stage -- /home/ec2-user/terraform.tfstate [3ms]
[2022-08-09T22:03:19.665Z] > git symbolic-ref --short HEAD [2ms]
[2022-08-09T22:03:19.670Z] > git for-each-ref --format=%(refname)%00%(upstream:short)%00%(objectname)%00%(upstream:track) refs/heads/master refs/remotes/master [2ms]
[2022-08-09T22:03:19.677Z] > git for-each-ref --sort -committerdate --format %(refname) %(objectname) %(*objectname) [4ms]
[2022-08-09T22:03:19.679Z] > git remote --verbose [3ms]
[2022-08-09T22:03:19.685Z] > git config --get commit.template [2ms]
[2022-08-09T22:03:24.728Z] > git symbolic-ref --short HEAD [2ms]
[2022-08-09T22:03:24.733Z] > git for-each-ref --format=%(refname)%00%(upstream:short)%00%(objectname)%00%(upstream:track) refs/heads/master refs/remotes/master [2ms]
[2022-08-09T22:03:24.739Z] > git for-each-ref --sort -committerdate --format %(refname) %(objectname) %(*objectname) [4ms]
[2022-08-09T22:03:24.741Z] > git remote --verbose [2ms]
[2022-08-09T22:03:24.747Z] > git config --get commit.template [2ms]
[2022-08-09T22:26:24.597Z] > git symbolic-ref --short HEAD [2ms]
[2022-08-09T22:26:24.601Z] > git for-each-ref --format=%(refname)%00%(upstream:short)%00%(objectname)%00%(upstream:track) refs/heads/master refs/remotes/master [1ms]
[2022-08-09T22:26:24.608Z] > git for-each-ref --sort -committerdate --format %(refname) %(objectname) %(*objectname) [4ms]
[2022-08-09T22:26:24.609Z] > git remote --verbose [2ms]
[2022-08-09T22:26:24.615Z] > git config --get commit.template [1ms]
