[2022-08-09T14:50:50.320Z] Validating found git in: git
[2022-08-09T14:50:50.395Z] Using git 2.37.1 from git
[2022-08-09T14:50:50.471Z] > git rev-parse --git-dir [45ms]
[2022-08-09T14:50:50.480Z] Open repository: /home/ec2-user
[2022-08-09T14:50:50.595Z] > git symbolic-ref --short HEAD [4ms]
[2022-08-09T14:50:50.609Z] > git for-each-ref --format=%(refname)%00%(upstream:short)%00%(objectname)%00%(upstream:track) refs/heads/master refs/remotes/master [4ms]
[2022-08-09T14:50:50.631Z] > git for-each-ref --sort -committerdate --format %(refname) %(objectname) %(*objectname) [15ms]
[2022-08-09T14:50:50.635Z] > git remote --verbose [9ms]
[2022-08-09T14:50:50.674Z] > git config --get commit.template [6ms]
[2022-08-09T14:50:54.430Z] > git ls-files --stage -- /home/ec2-user/Step1/Makefile [2ms]
[2022-08-09T14:50:54.446Z] > git cat-file -s d157ef5803af6a018658332ef14d82f276d49584 [9ms]
[2022-08-09T14:50:59.093Z] > git symbolic-ref --short HEAD [2ms]
[2022-08-09T14:50:59.103Z] > git for-each-ref --format=%(refname)%00%(upstream:short)%00%(objectname)%00%(upstream:track) refs/heads/master refs/remotes/master [5ms]
[2022-08-09T14:50:59.115Z] > git for-each-ref --sort -committerdate --format %(refname) %(objectname) %(*objectname) [5ms]
[2022-08-09T14:50:59.121Z] > git remote --verbose [7ms]
[2022-08-09T14:50:59.137Z] > git config --get commit.template [6ms]
[2022-08-09T14:51:04.234Z] > git symbolic-ref --short HEAD [4ms]
[2022-08-09T14:51:04.244Z] > git for-each-ref --format=%(refname)%00%(upstream:short)%00%(objectname)%00%(upstream:track) refs/heads/master refs/remotes/master [4ms]
[2022-08-09T14:51:04.257Z] > git for-each-ref --sort -committerdate --format %(refname) %(objectname) %(*objectname) [7ms]
[2022-08-09T14:51:04.261Z] > git remote --verbose [5ms]
[2022-08-09T14:51:04.275Z] > git config --get commit.template [4ms]
[2022-08-09T14:51:09.357Z] > git symbolic-ref --short HEAD [2ms]
[2022-08-09T14:51:09.369Z] > git for-each-ref --format=%(refname)%00%(upstream:short)%00%(objectname)%00%(upstream:track) refs/heads/master refs/remotes/master [7ms]
[2022-08-09T14:51:09.395Z] > git for-each-ref --sort -committerdate --format %(refname) %(objectname) %(*objectname) [17ms]
[2022-08-09T14:51:09.425Z] > git remote --verbose [37ms]
[2022-08-09T14:51:09.443Z] > git config --get commit.template [5ms]
[2022-08-09T14:51:14.531Z] > git symbolic-ref --short HEAD [9ms]
[2022-08-09T14:51:14.551Z] > git for-each-ref --format=%(refname)%00%(upstream:short)%00%(objectname)%00%(upstream:track) refs/heads/master refs/remotes/master [8ms]
[2022-08-09T14:51:14.563Z] > git for-each-ref --sort -committerdate --format %(refname) %(objectname) %(*objectname) [8ms]
[2022-08-09T14:51:14.565Z] > git remote --verbose [3ms]
[2022-08-09T14:51:14.577Z] > git config --get commit.template [2ms]
[2022-08-09T14:51:19.620Z] > git symbolic-ref --short HEAD [2ms]
[2022-08-09T14:51:19.624Z] > git for-each-ref --format=%(refname)%00%(upstream:short)%00%(objectname)%00%(upstream:track) refs/heads/master refs/remotes/master [1ms]
[2022-08-09T14:51:19.631Z] > git for-each-ref --sort -committerdate --format %(refname) %(objectname) %(*objectname) [5ms]
[2022-08-09T14:51:19.633Z] > git remote --verbose [2ms]
[2022-08-09T14:51:19.639Z] > git config --get commit.template [2ms]
[2022-08-09T14:51:24.683Z] > git symbolic-ref --short HEAD [2ms]
[2022-08-09T14:51:24.687Z] > git for-each-ref --format=%(refname)%00%(upstream:short)%00%(objectname)%00%(upstream:track) refs/heads/master refs/remotes/master [2ms]
[2022-08-09T14:51:24.693Z] > git for-each-ref --sort -committerdate --format %(refname) %(objectname) %(*objectname) [4ms]
[2022-08-09T14:51:24.694Z] > git remote --verbose [2ms]
[2022-08-09T14:51:24.700Z] > git config --get commit.template [2ms]
[2022-08-09T14:51:29.743Z] > git symbolic-ref --short HEAD [2ms]
[2022-08-09T14:51:29.747Z] > git for-each-ref --format=%(refname)%00%(upstream:short)%00%(objectname)%00%(upstream:track) refs/heads/master refs/remotes/master [2ms]
[2022-08-09T14:51:29.753Z] > git for-each-ref --sort -committerdate --format %(refname) %(objectname) %(*objectname) [4ms]
[2022-08-09T14:51:29.755Z] > git remote --verbose [2ms]
[2022-08-09T14:51:29.761Z] > git config --get commit.template [2ms]
[2022-08-09T14:51:34.803Z] > git symbolic-ref --short HEAD [2ms]
[2022-08-09T14:51:34.807Z] > git for-each-ref --format=%(refname)%00%(upstream:short)%00%(objectname)%00%(upstream:track) refs/heads/master refs/remotes/master [1ms]
[2022-08-09T14:51:34.814Z] > git for-each-ref --sort -committerdate --format %(refname) %(objectname) %(*objectname) [4ms]
[2022-08-09T14:51:34.815Z] > git remote --verbose [2ms]
[2022-08-09T14:51:34.822Z] > git config --get commit.template [2ms]
[2022-08-09T14:51:39.867Z] > git symbolic-ref --short HEAD [2ms]
[2022-08-09T14:51:39.871Z] > git for-each-ref --format=%(refname)%00%(upstream:short)%00%(objectname)%00%(upstream:track) refs/heads/master refs/remotes/master [1ms]
[2022-08-09T14:51:39.878Z] > git for-each-ref --sort -committerdate --format %(refname) %(objectname) %(*objectname) [4ms]
[2022-08-09T14:51:39.880Z] > git remote --verbose [3ms]
[2022-08-09T14:51:39.887Z] > git config --get commit.template [1ms]
[2022-08-09T14:51:44.932Z] > git symbolic-ref --short HEAD [2ms]
[2022-08-09T14:51:44.936Z] > git for-each-ref --format=%(refname)%00%(upstream:short)%00%(objectname)%00%(upstream:track) refs/heads/master refs/remotes/master [2ms]
[2022-08-09T14:51:44.942Z] > git for-each-ref --sort -committerdate --format %(refname) %(objectname) %(*objectname) [4ms]
[2022-08-09T14:51:44.945Z] > git remote --verbose [3ms]
[2022-08-09T14:51:44.954Z] > git config --get commit.template [2ms]
[2022-08-09T14:51:49.998Z] > git symbolic-ref --short HEAD [2ms]
[2022-08-09T14:51:50.003Z] > git for-each-ref --format=%(refname)%00%(upstream:short)%00%(objectname)%00%(upstream:track) refs/heads/master refs/remotes/master [2ms]
[2022-08-09T14:51:50.018Z] > git for-each-ref --sort -committerdate --format %(refname) %(objectname) %(*objectname) [12ms]
[2022-08-09T14:51:50.019Z] > git remote --verbose [8ms]
[2022-08-09T14:51:50.026Z] > git config --get commit.template [2ms]
[2022-08-09T14:51:55.070Z] > git symbolic-ref --short HEAD [2ms]
[2022-08-09T14:51:55.074Z] > git for-each-ref --format=%(refname)%00%(upstream:short)%00%(objectname)%00%(upstream:track) refs/heads/master refs/remotes/master [2ms]
[2022-08-09T14:51:55.080Z] > git for-each-ref --sort -committerdate --format %(refname) %(objectname) %(*objectname) [4ms]
[2022-08-09T14:51:55.082Z] > git remote --verbose [2ms]
[2022-08-09T14:51:55.088Z] > git config --get commit.template [2ms]
[2022-08-09T14:52:00.135Z] > git symbolic-ref --short HEAD [2ms]
[2022-08-09T14:52:00.141Z] > git for-each-ref --format=%(refname)%00%(upstream:short)%00%(objectname)%00%(upstream:track) refs/heads/master refs/remotes/master [2ms]
[2022-08-09T14:52:00.149Z] > git for-each-ref --sort -committerdate --format %(refname) %(objectname) %(*objectname) [5ms]
[2022-08-09T14:52:00.151Z] > git remote --verbose [3ms]
[2022-08-09T14:52:00.158Z] > git config --get commit.template [2ms]
[2022-08-09T14:52:05.203Z] > git symbolic-ref --short HEAD [3ms]
[2022-08-09T14:52:05.207Z] > git for-each-ref --format=%(refname)%00%(upstream:short)%00%(objectname)%00%(upstream:track) refs/heads/master refs/remotes/master [2ms]
[2022-08-09T14:52:05.213Z] > git for-each-ref --sort -committerdate --format %(refname) %(objectname) %(*objectname) [4ms]
[2022-08-09T14:52:05.215Z] > git remote --verbose [3ms]
[2022-08-09T14:52:05.220Z] > git config --get commit.template [2ms]
[2022-08-09T14:52:06.075Z] > git ls-files --stage -- /home/ec2-user/Step1/main.tf [12ms]
[2022-08-09T14:52:06.097Z] > git cat-file -s e0e2e61fe805d541427d78d5f28932ecb647d749 [11ms]
[2022-08-09T14:52:10.264Z] > git symbolic-ref --short HEAD [2ms]
[2022-08-09T14:52:10.268Z] > git for-each-ref --format=%(refname)%00%(upstream:short)%00%(objectname)%00%(upstream:track) refs/heads/master refs/remotes/master [2ms]
[2022-08-09T14:52:10.274Z] > git for-each-ref --sort -committerdate --format %(refname) %(objectname) %(*objectname) [4ms]
[2022-08-09T14:52:10.275Z] > git remote --verbose [2ms]
[2022-08-09T14:52:10.281Z] > git config --get commit.template [2ms]
[2022-08-09T14:52:15.328Z] > git symbolic-ref --short HEAD [2ms]
[2022-08-09T14:52:15.332Z] > git for-each-ref --format=%(refname)%00%(upstream:short)%00%(objectname)%00%(upstream:track) refs/heads/master refs/remotes/master [1ms]
[2022-08-09T14:52:15.338Z] > git for-each-ref --sort -committerdate --format %(refname) %(objectname) %(*objectname) [4ms]
[2022-08-09T14:52:15.340Z] > git remote --verbose [2ms]
[2022-08-09T14:52:15.346Z] > git config --get commit.template [2ms]
[2022-08-09T14:52:20.389Z] > git symbolic-ref --short HEAD [2ms]
[2022-08-09T14:52:20.393Z] > git for-each-ref --format=%(refname)%00%(upstream:short)%00%(objectname)%00%(upstream:track) refs/heads/master refs/remotes/master [1ms]
[2022-08-09T14:52:20.399Z] > git for-each-ref --sort -committerdate --format %(refname) %(objectname) %(*objectname) [3ms]
[2022-08-09T14:52:20.401Z] > git remote --verbose [2ms]
[2022-08-09T14:52:20.406Z] > git config --get commit.template [1ms]
[2022-08-09T14:52:25.450Z] > git symbolic-ref --short HEAD [2ms]
[2022-08-09T14:52:25.464Z] > git for-each-ref --format=%(refname)%00%(upstream:short)%00%(objectname)%00%(upstream:track) refs/heads/master refs/remotes/master [2ms]
[2022-08-09T14:52:25.472Z] > git for-each-ref --sort -committerdate --format %(refname) %(objectname) %(*objectname) [4ms]
[2022-08-09T14:52:25.474Z] > git remote --verbose [2ms]
[2022-08-09T14:52:25.479Z] > git config --get commit.template [1ms]
[2022-08-09T14:52:26.965Z] > git ls-files --stage -- /home/ec2-user/Step1/variable.tf [3ms]
[2022-08-09T14:52:26.971Z] > git cat-file -s b89dc44c5b8cdb587f5ed39dc79d60c22719cde9 [1ms]
[2022-08-09T14:52:30.523Z] > git symbolic-ref --short HEAD [2ms]
[2022-08-09T14:52:30.527Z] > git for-each-ref --format=%(refname)%00%(upstream:short)%00%(objectname)%00%(upstream:track) refs/heads/master refs/remotes/master [1ms]
[2022-08-09T14:52:30.533Z] > git for-each-ref --sort -committerdate --format %(refname) %(objectname) %(*objectname) [4ms]
[2022-08-09T14:52:30.535Z] > git remote --verbose [2ms]
[2022-08-09T14:52:30.540Z] > git config --get commit.template [1ms]
[2022-08-09T14:52:35.583Z] > git symbolic-ref --short HEAD [2ms]
[2022-08-09T14:52:35.587Z] > git for-each-ref --format=%(refname)%00%(upstream:short)%00%(objectname)%00%(upstream:track) refs/heads/master refs/remotes/master [1ms]
[2022-08-09T14:52:35.593Z] > git for-each-ref --sort -committerdate --format %(refname) %(objectname) %(*objectname) [3ms]
[2022-08-09T14:52:35.595Z] > git remote --verbose [2ms]
[2022-08-09T14:52:35.601Z] > git config --get commit.template [1ms]
[2022-08-09T14:52:38.646Z] > git ls-files --stage -- /home/ec2-user/Step1/provider.tf [3ms]
[2022-08-09T14:52:38.650Z] > git cat-file -s 5ff54f0d6509faa38dd3547791517c0660c460dd [2ms]
[2022-08-09T14:52:39.445Z] > git ls-files --stage -- /home/ec2-user/Step1/output.tf [3ms]
[2022-08-09T14:52:39.449Z] > git cat-file -s 85f955cdff7c24cadad7056ac2ade7dcb3eca3c6 [1ms]
[2022-08-09T14:52:40.644Z] > git symbolic-ref --short HEAD [2ms]
[2022-08-09T14:52:40.647Z] > git for-each-ref --format=%(refname)%00%(upstream:short)%00%(objectname)%00%(upstream:track) refs/heads/master refs/remotes/master [1ms]
[2022-08-09T14:52:40.653Z] > git for-each-ref --sort -committerdate --format %(refname) %(objectname) %(*objectname) [3ms]
[2022-08-09T14:52:40.655Z] > git remote --verbose [2ms]
[2022-08-09T14:52:40.666Z] > git config --get commit.template [6ms]
[2022-08-09T14:52:42.629Z] > git ls-files --stage -- /home/ec2-user/Step1/provider.tf [3ms]
[2022-08-09T14:52:42.633Z] > git cat-file -s 5ff54f0d6509faa38dd3547791517c0660c460dd [1ms]
[2022-08-09T14:52:44.697Z] > git ls-files --stage -- /home/ec2-user/Step1/main.tf [5ms]
[2022-08-09T14:52:44.701Z] > git cat-file -s e0e2e61fe805d541427d78d5f28932ecb647d749 [1ms]
[2022-08-09T14:52:45.710Z] > git symbolic-ref --short HEAD [2ms]
[2022-08-09T14:52:45.714Z] > git for-each-ref --format=%(refname)%00%(upstream:short)%00%(objectname)%00%(upstream:track) refs/heads/master refs/remotes/master [2ms]
[2022-08-09T14:52:45.722Z] > git for-each-ref --sort -committerdate --format %(refname) %(objectname) %(*objectname) [6ms]
[2022-08-09T14:52:45.724Z] > git remote --verbose [4ms]
[2022-08-09T14:52:45.730Z] > git config --get commit.template [2ms]
[2022-08-09T14:52:50.772Z] > git symbolic-ref --short HEAD [1ms]
[2022-08-09T14:52:50.776Z] > git for-each-ref --format=%(refname)%00%(upstream:short)%00%(objectname)%00%(upstream:track) refs/heads/master refs/remotes/master [1ms]
[2022-08-09T14:52:50.784Z] > git for-each-ref --sort -committerdate --format %(refname) %(objectname) %(*objectname) [4ms]
[2022-08-09T14:52:50.785Z] > git remote --verbose [2ms]
[2022-08-09T14:52:50.791Z] > git config --get commit.template [2ms]
[2022-08-09T14:52:55.835Z] > git symbolic-ref --short HEAD [3ms]
[2022-08-09T14:52:55.839Z] > git for-each-ref --format=%(refname)%00%(upstream:short)%00%(objectname)%00%(upstream:track) refs/heads/master refs/remotes/master [2ms]
[2022-08-09T14:52:55.845Z] > git for-each-ref --sort -committerdate --format %(refname) %(objectname) %(*objectname) [4ms]
[2022-08-09T14:52:55.846Z] > git remote --verbose [2ms]
[2022-08-09T14:52:55.851Z] > git config --get commit.template [1ms]
[2022-08-09T14:52:58.823Z] > git ls-files --stage -- /home/ec2-user/Step1/Makefile [3ms]
[2022-08-09T14:52:58.827Z] > git cat-file -s d157ef5803af6a018658332ef14d82f276d49584 [2ms]
[2022-08-09T14:53:00.907Z] > git symbolic-ref --short HEAD [2ms]
[2022-08-09T14:53:00.911Z] > git for-each-ref --format=%(refname)%00%(upstream:short)%00%(objectname)%00%(upstream:track) refs/heads/master refs/remotes/master [2ms]
[2022-08-09T14:53:00.918Z] > git for-each-ref --sort -committerdate --format %(refname) %(objectname) %(*objectname) [4ms]
[2022-08-09T14:53:00.919Z] > git remote --verbose [2ms]
[2022-08-09T14:53:00.925Z] > git config --get commit.template [2ms]
[2022-08-09T14:53:05.968Z] > git symbolic-ref --short HEAD [2ms]
[2022-08-09T14:53:05.972Z] > git for-each-ref --format=%(refname)%00%(upstream:short)%00%(objectname)%00%(upstream:track) refs/heads/master refs/remotes/master [2ms]
[2022-08-09T14:53:05.978Z] > git for-each-ref --sort -committerdate --format %(refname) %(objectname) %(*objectname) [4ms]
[2022-08-09T14:53:05.980Z] > git remote --verbose [3ms]
[2022-08-09T14:53:05.985Z] > git config --get commit.template [2ms]
[2022-08-09T14:53:11.031Z] > git symbolic-ref --short HEAD [2ms]
[2022-08-09T14:53:11.035Z] > git for-each-ref --format=%(refname)%00%(upstream:short)%00%(objectname)%00%(upstream:track) refs/heads/master refs/remotes/master [2ms]
[2022-08-09T14:53:11.042Z] > git for-each-ref --sort -committerdate --format %(refname) %(objectname) %(*objectname) [4ms]
[2022-08-09T14:53:11.044Z] > git remote --verbose [3ms]
[2022-08-09T14:53:11.050Z] > git config --get commit.template [2ms]
[2022-08-09T14:53:16.095Z] > git symbolic-ref --short HEAD [2ms]
[2022-08-09T14:53:16.099Z] > git for-each-ref --format=%(refname)%00%(upstream:short)%00%(objectname)%00%(upstream:track) refs/heads/master refs/remotes/master [2ms]
[2022-08-09T14:53:16.106Z] > git for-each-ref --sort -committerdate --format %(refname) %(objectname) %(*objectname) [5ms]
[2022-08-09T14:53:16.107Z] > git remote --verbose [2ms]
[2022-08-09T14:53:16.113Z] > git config --get commit.template [2ms]
[2022-08-09T14:53:16.618Z] > git ls-files --stage -- /home/ec2-user/Step1/envs/hongkong.tfvars [3ms]
[2022-08-09T14:53:16.622Z] > git cat-file -s ec131a64c77ab8c05d6b7bc8090f8db9d3245751 [1ms]
[2022-08-09T14:53:21.157Z] > git symbolic-ref --short HEAD [2ms]
[2022-08-09T14:53:21.160Z] > git for-each-ref --format=%(refname)%00%(upstream:short)%00%(objectname)%00%(upstream:track) refs/heads/master refs/remotes/master [1ms]
[2022-08-09T14:53:21.167Z] > git for-each-ref --sort -committerdate --format %(refname) %(objectname) %(*objectname) [4ms]
[2022-08-09T14:53:21.168Z] > git remote --verbose [2ms]
[2022-08-09T14:53:21.173Z] > git config --get commit.template [1ms]
[2022-08-09T14:53:26.216Z] > git symbolic-ref --short HEAD [2ms]
[2022-08-09T14:53:26.220Z] > git for-each-ref --format=%(refname)%00%(upstream:short)%00%(objectname)%00%(upstream:track) refs/heads/master refs/remotes/master [2ms]
[2022-08-09T14:53:26.226Z] > git for-each-ref --sort -committerdate --format %(refname) %(objectname) %(*objectname) [4ms]
[2022-08-09T14:53:26.228Z] > git remote --verbose [2ms]
[2022-08-09T14:53:26.234Z] > git config --get commit.template [2ms]
[2022-08-09T14:53:31.278Z] > git symbolic-ref --short HEAD [2ms]
[2022-08-09T14:53:31.282Z] > git for-each-ref --format=%(refname)%00%(upstream:short)%00%(objectname)%00%(upstream:track) refs/heads/master refs/remotes/master [2ms]
[2022-08-09T14:53:31.288Z] > git for-each-ref --sort -committerdate --format %(refname) %(objectname) %(*objectname) [4ms]
[2022-08-09T14:53:31.290Z] > git remote --verbose [2ms]
[2022-08-09T14:53:31.309Z] > git config --get commit.template [15ms]
[2022-08-09T14:53:36.352Z] > git symbolic-ref --short HEAD [2ms]
[2022-08-09T14:53:36.356Z] > git for-each-ref --format=%(refname)%00%(upstream:short)%00%(objectname)%00%(upstream:track) refs/heads/master refs/remotes/master [2ms]
[2022-08-09T14:53:36.362Z] > git for-each-ref --sort -committerdate --format %(refname) %(objectname) %(*objectname) [4ms]
[2022-08-09T14:53:36.363Z] > git remote --verbose [2ms]
[2022-08-09T14:53:36.368Z] > git config --get commit.template [1ms]
[2022-08-09T14:53:36.855Z] > git ls-files --stage -- /home/ec2-user/Step1/envs/frankfurt.tfvars [3ms]
[2022-08-09T14:53:36.862Z] > git cat-file -s 028db76d412d3686dbb9dfc46f774274c4fa7d71 [4ms]
[2022-08-09T14:53:41.413Z] > git symbolic-ref --short HEAD [2ms]
[2022-08-09T14:53:41.418Z] > git for-each-ref --format=%(refname)%00%(upstream:short)%00%(objectname)%00%(upstream:track) refs/heads/master refs/remotes/master [2ms]
[2022-08-09T14:53:41.424Z] > git for-each-ref --sort -committerdate --format %(refname) %(objectname) %(*objectname) [4ms]
[2022-08-09T14:53:41.426Z] > git remote --verbose [2ms]
[2022-08-09T14:53:41.435Z] > git config --get commit.template [2ms]
[2022-08-09T14:53:46.480Z] > git symbolic-ref --short HEAD [3ms]
[2022-08-09T14:53:46.487Z] > git for-each-ref --format=%(refname)%00%(upstream:short)%00%(objectname)%00%(upstream:track) refs/heads/master refs/remotes/master [5ms]
[2022-08-09T14:53:46.494Z] > git for-each-ref --sort -committerdate --format %(refname) %(objectname) %(*objectname) [4ms]
[2022-08-09T14:53:46.496Z] > git remote --verbose [2ms]
[2022-08-09T14:53:46.502Z] > git config --get commit.template [2ms]
[2022-08-09T14:53:51.546Z] > git symbolic-ref --short HEAD [2ms]
[2022-08-09T14:53:51.550Z] > git for-each-ref --format=%(refname)%00%(upstream:short)%00%(objectname)%00%(upstream:track) refs/heads/master refs/remotes/master [2ms]
[2022-08-09T14:53:51.556Z] > git for-each-ref --sort -committerdate --format %(refname) %(objectname) %(*objectname) [4ms]
[2022-08-09T14:53:51.558Z] > git remote --verbose [3ms]
[2022-08-09T14:53:51.563Z] > git config --get commit.template [2ms]
[2022-08-09T14:53:56.607Z] > git symbolic-ref --short HEAD [2ms]
[2022-08-09T14:53:56.612Z] > git for-each-ref --format=%(refname)%00%(upstream:short)%00%(objectname)%00%(upstream:track) refs/heads/master refs/remotes/master [1ms]
[2022-08-09T14:53:56.618Z] > git for-each-ref --sort -committerdate --format %(refname) %(objectname) %(*objectname) [4ms]
[2022-08-09T14:53:56.619Z] > git remote --verbose [2ms]
[2022-08-09T14:53:56.625Z] > git config --get commit.template [2ms]
[2022-08-09T14:54:00.696Z] > git ls-files --stage -- /home/ec2-user/Step1/main.tf [3ms]
[2022-08-09T14:54:00.700Z] > git cat-file -s e0e2e61fe805d541427d78d5f28932ecb647d749 [2ms]
[2022-08-09T14:54:01.673Z] > git symbolic-ref --short HEAD [2ms]
[2022-08-09T14:54:01.677Z] > git for-each-ref --format=%(refname)%00%(upstream:short)%00%(objectname)%00%(upstream:track) refs/heads/master refs/remotes/master [1ms]
[2022-08-09T14:54:01.687Z] > git for-each-ref --sort -committerdate --format %(refname) %(objectname) %(*objectname) [7ms]
[2022-08-09T14:54:01.689Z] > git remote --verbose [3ms]
[2022-08-09T14:54:01.695Z] > git config --get commit.template [1ms]
[2022-08-09T14:54:06.741Z] > git symbolic-ref --short HEAD [2ms]
[2022-08-09T14:54:06.745Z] > git for-each-ref --format=%(refname)%00%(upstream:short)%00%(objectname)%00%(upstream:track) refs/heads/master refs/remotes/master [2ms]
[2022-08-09T14:54:06.753Z] > git for-each-ref --sort -committerdate --format %(refname) %(objectname) %(*objectname) [6ms]
[2022-08-09T14:54:06.755Z] > git remote --verbose [2ms]
[2022-08-09T14:54:06.760Z] > git config --get commit.template [2ms]
[2022-08-09T14:54:07.915Z] > git ls-files --stage -- /home/ec2-user/Step1/variable.tf [6ms]
[2022-08-09T14:54:07.920Z] > git cat-file -s b89dc44c5b8cdb587f5ed39dc79d60c22719cde9 [2ms]
[2022-08-09T14:54:11.804Z] > git symbolic-ref --short HEAD [2ms]
[2022-08-09T14:54:11.808Z] > git for-each-ref --format=%(refname)%00%(upstream:short)%00%(objectname)%00%(upstream:track) refs/heads/master refs/remotes/master [1ms]
[2022-08-09T14:54:11.814Z] > git for-each-ref --sort -committerdate --format %(refname) %(objectname) %(*objectname) [3ms]
[2022-08-09T14:54:11.819Z] > git remote --verbose [5ms]
[2022-08-09T14:54:11.824Z] > git config --get commit.template [1ms]
[2022-08-09T14:54:16.866Z] > git symbolic-ref --short HEAD [2ms]
[2022-08-09T14:54:16.870Z] > git for-each-ref --format=%(refname)%00%(upstream:short)%00%(objectname)%00%(upstream:track) refs/heads/master refs/remotes/master [2ms]
[2022-08-09T14:54:16.876Z] > git for-each-ref --sort -committerdate --format %(refname) %(objectname) %(*objectname) [4ms]
[2022-08-09T14:54:16.878Z] > git remote --verbose [2ms]
[2022-08-09T14:54:16.884Z] > git config --get commit.template [2ms]
[2022-08-09T14:54:21.927Z] > git symbolic-ref --short HEAD [2ms]
[2022-08-09T14:54:21.931Z] > git for-each-ref --format=%(refname)%00%(upstream:short)%00%(objectname)%00%(upstream:track) refs/heads/master refs/remotes/master [2ms]
[2022-08-09T14:54:21.937Z] > git for-each-ref --sort -committerdate --format %(refname) %(objectname) %(*objectname) [4ms]
[2022-08-09T14:54:21.938Z] > git remote --verbose [2ms]
[2022-08-09T14:54:21.943Z] > git config --get commit.template [1ms]
[2022-08-09T14:54:26.987Z] > git symbolic-ref --short HEAD [2ms]
[2022-08-09T14:54:26.991Z] > git for-each-ref --format=%(refname)%00%(upstream:short)%00%(objectname)%00%(upstream:track) refs/heads/master refs/remotes/master [1ms]
[2022-08-09T14:54:26.998Z] > git for-each-ref --sort -committerdate --format %(refname) %(objectname) %(*objectname) [4ms]
[2022-08-09T14:54:26.999Z] > git remote --verbose [2ms]
[2022-08-09T14:54:27.005Z] > git config --get commit.template [1ms]
[2022-08-09T14:54:32.049Z] > git symbolic-ref --short HEAD [1ms]
[2022-08-09T14:54:32.052Z] > git for-each-ref --format=%(refname)%00%(upstream:short)%00%(objectname)%00%(upstream:track) refs/heads/master refs/remotes/master [1ms]
[2022-08-09T14:54:32.059Z] > git for-each-ref --sort -committerdate --format %(refname) %(objectname) %(*objectname) [3ms]
[2022-08-09T14:54:32.060Z] > git remote --verbose [2ms]
[2022-08-09T14:54:32.065Z] > git config --get commit.template [1ms]
[2022-08-09T14:54:37.109Z] > git symbolic-ref --short HEAD [2ms]
[2022-08-09T14:54:37.114Z] > git for-each-ref --format=%(refname)%00%(upstream:short)%00%(objectname)%00%(upstream:track) refs/heads/master refs/remotes/master [2ms]
[2022-08-09T14:54:37.121Z] > git for-each-ref --sort -committerdate --format %(refname) %(objectname) %(*objectname) [4ms]
[2022-08-09T14:54:37.123Z] > git remote --verbose [3ms]
[2022-08-09T14:54:37.129Z] > git config --get commit.template [2ms]
[2022-08-09T14:54:37.908Z] > git ls-files --stage -- /home/ec2-user/Step1/main.tf [3ms]
[2022-08-09T14:54:37.912Z] > git cat-file -s e0e2e61fe805d541427d78d5f28932ecb647d749 [2ms]
[2022-08-09T14:54:42.173Z] > git symbolic-ref --short HEAD [1ms]
[2022-08-09T14:54:42.177Z] > git for-each-ref --format=%(refname)%00%(upstream:short)%00%(objectname)%00%(upstream:track) refs/heads/master refs/remotes/master [1ms]
[2022-08-09T14:54:42.183Z] > git for-each-ref --sort -committerdate --format %(refname) %(objectname) %(*objectname) [4ms]
[2022-08-09T14:54:42.185Z] > git remote --verbose [2ms]
[2022-08-09T14:54:42.197Z] > git config --get commit.template [3ms]
[2022-08-09T14:54:47.240Z] > git symbolic-ref --short HEAD [2ms]
[2022-08-09T14:54:47.243Z] > git for-each-ref --format=%(refname)%00%(upstream:short)%00%(objectname)%00%(upstream:track) refs/heads/master refs/remotes/master [1ms]
[2022-08-09T14:54:47.250Z] > git for-each-ref --sort -committerdate --format %(refname) %(objectname) %(*objectname) [4ms]
[2022-08-09T14:54:47.251Z] > git remote --verbose [2ms]
[2022-08-09T14:54:47.258Z] > git config --get commit.template [3ms]
[2022-08-09T14:54:52.300Z] > git symbolic-ref --short HEAD [2ms]
[2022-08-09T14:54:52.304Z] > git for-each-ref --format=%(refname)%00%(upstream:short)%00%(objectname)%00%(upstream:track) refs/heads/master refs/remotes/master [1ms]
[2022-08-09T14:54:52.311Z] > git for-each-ref --sort -committerdate --format %(refname) %(objectname) %(*objectname) [4ms]
[2022-08-09T14:54:52.312Z] > git remote --verbose [2ms]
[2022-08-09T14:54:52.317Z] > git config --get commit.template [1ms]
[2022-08-09T14:54:57.362Z] > git symbolic-ref --short HEAD [2ms]
[2022-08-09T14:54:57.366Z] > git for-each-ref --format=%(refname)%00%(upstream:short)%00%(objectname)%00%(upstream:track) refs/heads/master refs/remotes/master [1ms]
[2022-08-09T14:54:57.374Z] > git for-each-ref --sort -committerdate --format %(refname) %(objectname) %(*objectname) [5ms]
[2022-08-09T14:54:57.376Z] > git remote --verbose [4ms]
[2022-08-09T14:54:57.382Z] > git config --get commit.template [2ms]
[2022-08-09T14:55:02.426Z] > git symbolic-ref --short HEAD [2ms]
[2022-08-09T14:55:02.431Z] > git for-each-ref --format=%(refname)%00%(upstream:short)%00%(objectname)%00%(upstream:track) refs/heads/master refs/remotes/master [2ms]
[2022-08-09T14:55:02.437Z] > git for-each-ref --sort -committerdate --format %(refname) %(objectname) %(*objectname) [4ms]
[2022-08-09T14:55:02.440Z] > git remote --verbose [3ms]
[2022-08-09T14:55:02.446Z] > git config --get commit.template [2ms]
[2022-08-09T14:55:07.491Z] > git symbolic-ref --short HEAD [2ms]
[2022-08-09T14:55:07.495Z] > git for-each-ref --format=%(refname)%00%(upstream:short)%00%(objectname)%00%(upstream:track) refs/heads/master refs/remotes/master [2ms]
[2022-08-09T14:55:07.501Z] > git for-each-ref --sort -committerdate --format %(refname) %(objectname) %(*objectname) [4ms]
[2022-08-09T14:55:07.503Z] > git remote --verbose [2ms]
[2022-08-09T14:55:07.508Z] > git config --get commit.template [2ms]
[2022-08-09T14:55:12.553Z] > git symbolic-ref --short HEAD [2ms]
[2022-08-09T14:55:12.557Z] > git for-each-ref --format=%(refname)%00%(upstream:short)%00%(objectname)%00%(upstream:track) refs/heads/master refs/remotes/master [1ms]
[2022-08-09T14:55:12.564Z] > git for-each-ref --sort -committerdate --format %(refname) %(objectname) %(*objectname) [4ms]
[2022-08-09T14:55:12.566Z] > git remote --verbose [3ms]
[2022-08-09T14:55:12.571Z] > git config --get commit.template [1ms]
[2022-08-09T14:55:13.746Z] > git ls-files --stage -- /home/ec2-user/Step1/variable.tf [4ms]
[2022-08-09T14:55:13.749Z] > git cat-file -s b89dc44c5b8cdb587f5ed39dc79d60c22719cde9 [1ms]
[2022-08-09T14:55:17.614Z] > git symbolic-ref --short HEAD [2ms]
[2022-08-09T14:55:17.618Z] > git for-each-ref --format=%(refname)%00%(upstream:short)%00%(objectname)%00%(upstream:track) refs/heads/master refs/remotes/master [1ms]
[2022-08-09T14:55:17.625Z] > git for-each-ref --sort -committerdate --format %(refname) %(objectname) %(*objectname) [4ms]
[2022-08-09T14:55:17.626Z] > git remote --verbose [2ms]
[2022-08-09T14:55:17.633Z] > git config --get commit.template [2ms]
[2022-08-09T14:55:22.675Z] > git symbolic-ref --short HEAD [2ms]
[2022-08-09T14:55:22.679Z] > git for-each-ref --format=%(refname)%00%(upstream:short)%00%(objectname)%00%(upstream:track) refs/heads/master refs/remotes/master [1ms]
[2022-08-09T14:55:22.686Z] > git for-each-ref --sort -committerdate --format %(refname) %(objectname) %(*objectname) [4ms]
[2022-08-09T14:55:22.687Z] > git remote --verbose [2ms]
[2022-08-09T14:55:22.692Z] > git config --get commit.template [1ms]
[2022-08-09T14:55:27.738Z] > git symbolic-ref --short HEAD [2ms]
[2022-08-09T14:55:27.743Z] > git for-each-ref --format=%(refname)%00%(upstream:short)%00%(objectname)%00%(upstream:track) refs/heads/master refs/remotes/master [2ms]
[2022-08-09T14:55:27.750Z] > git for-each-ref --sort -committerdate --format %(refname) %(objectname) %(*objectname) [5ms]
[2022-08-09T14:55:27.752Z] > git remote --verbose [2ms]
[2022-08-09T14:55:27.758Z] > git config --get commit.template [1ms]
[2022-08-09T14:55:32.801Z] > git symbolic-ref --short HEAD [2ms]
[2022-08-09T14:55:32.805Z] > git for-each-ref --format=%(refname)%00%(upstream:short)%00%(objectname)%00%(upstream:track) refs/heads/master refs/remotes/master [1ms]
[2022-08-09T14:55:32.811Z] > git for-each-ref --sort -committerdate --format %(refname) %(objectname) %(*objectname) [3ms]
[2022-08-09T14:55:32.813Z] > git remote --verbose [2ms]
[2022-08-09T14:55:32.818Z] > git config --get commit.template [2ms]
[2022-08-09T14:55:37.862Z] > git symbolic-ref --short HEAD [2ms]
[2022-08-09T14:55:37.866Z] > git for-each-ref --format=%(refname)%00%(upstream:short)%00%(objectname)%00%(upstream:track) refs/heads/master refs/remotes/master [2ms]
[2022-08-09T14:55:37.872Z] > git for-each-ref --sort -committerdate --format %(refname) %(objectname) %(*objectname) [4ms]
[2022-08-09T14:55:37.875Z] > git remote --verbose [3ms]
[2022-08-09T14:55:37.881Z] > git config --get commit.template [2ms]
[2022-08-09T14:55:42.456Z] > git ls-files --stage -- /home/ec2-user/Step1/Makefile [4ms]
[2022-08-09T14:55:42.460Z] > git cat-file -s d157ef5803af6a018658332ef14d82f276d49584 [2ms]
[2022-08-09T14:55:42.925Z] > git symbolic-ref --short HEAD [2ms]
[2022-08-09T14:55:42.929Z] > git for-each-ref --format=%(refname)%00%(upstream:short)%00%(objectname)%00%(upstream:track) refs/heads/master refs/remotes/master [2ms]
[2022-08-09T14:55:42.935Z] > git for-each-ref --sort -committerdate --format %(refname) %(objectname) %(*objectname) [4ms]
[2022-08-09T14:55:42.937Z] > git remote --verbose [2ms]
[2022-08-09T14:55:42.943Z] > git config --get commit.template [2ms]
[2022-08-09T14:55:47.987Z] > git symbolic-ref --short HEAD [2ms]
[2022-08-09T14:55:47.991Z] > git for-each-ref --format=%(refname)%00%(upstream:short)%00%(objectname)%00%(upstream:track) refs/heads/master refs/remotes/master [1ms]
[2022-08-09T14:55:47.997Z] > git for-each-ref --sort -committerdate --format %(refname) %(objectname) %(*objectname) [3ms]
[2022-08-09T14:55:47.999Z] > git remote --verbose [2ms]
[2022-08-09T14:55:48.005Z] > git config --get commit.template [2ms]
[2022-08-09T14:55:53.049Z] > git symbolic-ref --short HEAD [2ms]
[2022-08-09T14:55:53.053Z] > git for-each-ref --format=%(refname)%00%(upstream:short)%00%(objectname)%00%(upstream:track) refs/heads/master refs/remotes/master [2ms]
[2022-08-09T14:55:53.059Z] > git for-each-ref --sort -committerdate --format %(refname) %(objectname) %(*objectname) [4ms]
[2022-08-09T14:55:53.061Z] > git remote --verbose [2ms]
[2022-08-09T14:55:53.066Z] > git config --get commit.template [1ms]
[2022-08-09T14:55:58.110Z] > git symbolic-ref --short HEAD [2ms]
[2022-08-09T14:55:58.114Z] > git for-each-ref --format=%(refname)%00%(upstream:short)%00%(objectname)%00%(upstream:track) refs/heads/master refs/remotes/master [1ms]
[2022-08-09T14:55:58.121Z] > git for-each-ref --sort -committerdate --format %(refname) %(objectname) %(*objectname) [4ms]
[2022-08-09T14:55:58.122Z] > git remote --verbose [2ms]
[2022-08-09T14:55:58.127Z] > git config --get commit.template [1ms]
[2022-08-09T14:56:00.479Z] > git ls-files --stage -- /home/ec2-user/Step1/main.tf [4ms]
[2022-08-09T14:56:00.488Z] > git cat-file -s e0e2e61fe805d541427d78d5f28932ecb647d749 [2ms]
[2022-08-09T14:56:03.174Z] > git symbolic-ref --short HEAD [2ms]
[2022-08-09T14:56:03.178Z] > git for-each-ref --format=%(refname)%00%(upstream:short)%00%(objectname)%00%(upstream:track) refs/heads/master refs/remotes/master [2ms]
[2022-08-09T14:56:03.185Z] > git for-each-ref --sort -committerdate --format %(refname) %(objectname) %(*objectname) [5ms]
[2022-08-09T14:56:03.186Z] > git remote --verbose [2ms]
[2022-08-09T14:56:03.192Z] > git config --get commit.template [2ms]
[2022-08-09T14:56:08.237Z] > git symbolic-ref --short HEAD [2ms]
[2022-08-09T14:56:08.242Z] > git for-each-ref --format=%(refname)%00%(upstream:short)%00%(objectname)%00%(upstream:track) refs/heads/master refs/remotes/master [2ms]
[2022-08-09T14:56:08.248Z] > git for-each-ref --sort -committerdate --format %(refname) %(objectname) %(*objectname) [4ms]
[2022-08-09T14:56:08.250Z] > git remote --verbose [2ms]
[2022-08-09T14:56:08.255Z] > git config --get commit.template [1ms]
[2022-08-09T14:56:13.299Z] > git symbolic-ref --short HEAD [2ms]
[2022-08-09T14:56:13.304Z] > git for-each-ref --format=%(refname)%00%(upstream:short)%00%(objectname)%00%(upstream:track) refs/heads/master refs/remotes/master [2ms]
[2022-08-09T14:56:13.310Z] > git for-each-ref --sort -committerdate --format %(refname) %(objectname) %(*objectname) [4ms]
[2022-08-09T14:56:13.312Z] > git remote --verbose [2ms]
[2022-08-09T14:56:13.317Z] > git config --get commit.template [2ms]
[2022-08-09T14:56:18.361Z] > git symbolic-ref --short HEAD [2ms]
[2022-08-09T14:56:18.365Z] > git for-each-ref --format=%(refname)%00%(upstream:short)%00%(objectname)%00%(upstream:track) refs/heads/master refs/remotes/master [2ms]
[2022-08-09T14:56:18.371Z] > git for-each-ref --sort -committerdate --format %(refname) %(objectname) %(*objectname) [4ms]
[2022-08-09T14:56:18.373Z] > git remote --verbose [2ms]
[2022-08-09T14:56:18.378Z] > git config --get commit.template [2ms]
[2022-08-09T14:56:23.422Z] > git symbolic-ref --short HEAD [2ms]
[2022-08-09T14:56:23.426Z] > git for-each-ref --format=%(refname)%00%(upstream:short)%00%(objectname)%00%(upstream:track) refs/heads/master refs/remotes/master [1ms]
[2022-08-09T14:56:23.433Z] > git for-each-ref --sort -committerdate --format %(refname) %(objectname) %(*objectname) [4ms]
[2022-08-09T14:56:23.435Z] > git remote --verbose [2ms]
[2022-08-09T14:56:23.441Z] > git config --get commit.template [2ms]
[2022-08-09T14:56:28.484Z] > git symbolic-ref --short HEAD [1ms]
[2022-08-09T14:56:28.488Z] > git for-each-ref --format=%(refname)%00%(upstream:short)%00%(objectname)%00%(upstream:track) refs/heads/master refs/remotes/master [1ms]
[2022-08-09T14:56:28.495Z] > git for-each-ref --sort -committerdate --format %(refname) %(objectname) %(*objectname) [4ms]
[2022-08-09T14:56:28.496Z] > git remote --verbose [2ms]
[2022-08-09T14:56:28.501Z] > git config --get commit.template [1ms]
[2022-08-09T14:56:33.545Z] > git symbolic-ref --short HEAD [2ms]
[2022-08-09T14:56:33.549Z] > git for-each-ref --format=%(refname)%00%(upstream:short)%00%(objectname)%00%(upstream:track) refs/heads/master refs/remotes/master [1ms]
[2022-08-09T14:56:33.557Z] > git for-each-ref --sort -committerdate --format %(refname) %(objectname) %(*objectname) [4ms]
[2022-08-09T14:56:33.558Z] > git remote --verbose [2ms]
[2022-08-09T14:56:33.564Z] > git config --get commit.template [1ms]
[2022-08-09T14:56:37.463Z] > git ls-files --stage -- /home/ec2-user/Step1/Makefile [3ms]
[2022-08-09T14:56:37.468Z] > git cat-file -s d157ef5803af6a018658332ef14d82f276d49584 [1ms]
[2022-08-09T14:56:38.486Z] > git ls-files --stage -- /home/ec2-user/Step1/output.tf [3ms]
[2022-08-09T14:56:38.491Z] > git cat-file -s 85f955cdff7c24cadad7056ac2ade7dcb3eca3c6 [2ms]
[2022-08-09T14:56:38.609Z] > git symbolic-ref --short HEAD [1ms]
[2022-08-09T14:56:38.614Z] > git for-each-ref --format=%(refname)%00%(upstream:short)%00%(objectname)%00%(upstream:track) refs/heads/master refs/remotes/master [2ms]
[2022-08-09T14:56:38.621Z] > git for-each-ref --sort -committerdate --format %(refname) %(objectname) %(*objectname) [4ms]
[2022-08-09T14:56:38.623Z] > git remote --verbose [3ms]
[2022-08-09T14:56:38.628Z] > git config --get commit.template [2ms]
[2022-08-09T14:56:39.388Z] > git ls-files --stage -- /home/ec2-user/Step1/provider.tf [4ms]
[2022-08-09T14:56:39.393Z] > git cat-file -s 5ff54f0d6509faa38dd3547791517c0660c460dd [2ms]
[2022-08-09T14:56:40.389Z] > git ls-files --stage -- /home/ec2-user/Step1/main.tf [3ms]
[2022-08-09T14:56:40.393Z] > git cat-file -s e0e2e61fe805d541427d78d5f28932ecb647d749 [1ms]
[2022-08-09T14:56:43.671Z] > git symbolic-ref --short HEAD [2ms]
[2022-08-09T14:56:43.675Z] > git for-each-ref --format=%(refname)%00%(upstream:short)%00%(objectname)%00%(upstream:track) refs/heads/master refs/remotes/master [1ms]
[2022-08-09T14:56:43.681Z] > git for-each-ref --sort -committerdate --format %(refname) %(objectname) %(*objectname) [4ms]
[2022-08-09T14:56:43.683Z] > git remote --verbose [2ms]
[2022-08-09T14:56:43.689Z] > git config --get commit.template [1ms]
[2022-08-09T14:56:48.732Z] > git symbolic-ref --short HEAD [2ms]
[2022-08-09T14:56:48.736Z] > git for-each-ref --format=%(refname)%00%(upstream:short)%00%(objectname)%00%(upstream:track) refs/heads/master refs/remotes/master [2ms]
[2022-08-09T14:56:48.742Z] > git for-each-ref --sort -committerdate --format %(refname) %(objectname) %(*objectname) [4ms]
[2022-08-09T14:56:48.743Z] > git remote --verbose [2ms]
[2022-08-09T14:56:48.750Z] > git config --get commit.template [3ms]
[2022-08-09T14:56:53.793Z] > git symbolic-ref --short HEAD [2ms]
[2022-08-09T14:56:53.797Z] > git for-each-ref --format=%(refname)%00%(upstream:short)%00%(objectname)%00%(upstream:track) refs/heads/master refs/remotes/master [2ms]
[2022-08-09T14:56:53.803Z] > git for-each-ref --sort -committerdate --format %(refname) %(objectname) %(*objectname) [4ms]
[2022-08-09T14:56:53.804Z] > git remote --verbose [2ms]
[2022-08-09T14:56:53.810Z] > git config --get commit.template [2ms]
[2022-08-09T14:56:58.853Z] > git symbolic-ref --short HEAD [1ms]
[2022-08-09T14:56:58.857Z] > git for-each-ref --format=%(refname)%00%(upstream:short)%00%(objectname)%00%(upstream:track) refs/heads/master refs/remotes/master [1ms]
[2022-08-09T14:56:58.864Z] > git for-each-ref --sort -committerdate --format %(refname) %(objectname) %(*objectname) [4ms]
[2022-08-09T14:56:58.865Z] > git remote --verbose [2ms]
[2022-08-09T14:56:58.871Z] > git config --get commit.template [2ms]
[2022-08-09T14:57:03.915Z] > git symbolic-ref --short HEAD [2ms]
[2022-08-09T14:57:03.921Z] > git for-each-ref --format=%(refname)%00%(upstream:short)%00%(objectname)%00%(upstream:track) refs/heads/master refs/remotes/master [3ms]
[2022-08-09T14:57:03.938Z] > git remote --verbose [1ms]
[2022-08-09T14:57:03.938Z] > git for-each-ref --sort -committerdate --format %(refname) %(objectname) %(*objectname) [13ms]
[2022-08-09T14:57:03.953Z] > git config --get commit.template [2ms]
[2022-08-09T14:57:05.051Z] > git ls-files --stage -- /home/ec2-user/Step1/envs/central.tfvars [3ms]
[2022-08-09T14:57:05.056Z] > git cat-file -s 1d8c0f282691cac9bda6e6827fac5154f7c48cff [2ms]
[2022-08-09T14:57:06.251Z] > git ls-files --stage -- /home/ec2-user/Step1/envs/ireland.tfvars [3ms]
[2022-08-09T14:57:06.255Z] > git cat-file -s 9b0dc491bb85ba52274d2fc92f16b95a59719b5f [1ms]
[2022-08-09T14:57:07.098Z] > git ls-files --stage -- /home/ec2-user/Step1/envs/central.tfvars [2ms]
[2022-08-09T14:57:07.102Z] > git cat-file -s 1d8c0f282691cac9bda6e6827fac5154f7c48cff [2ms]
[2022-08-09T14:57:08.566Z] > git ls-files --stage -- /home/ec2-user/Step1/envs/california.tfvars [3ms]
[2022-08-09T14:57:08.570Z] > git cat-file -s 72c6832ec3eda2592fd596efb20cef338afd1cef [2ms]
[2022-08-09T14:57:12.252Z] > git symbolic-ref --short HEAD [2ms]
[2022-08-09T14:57:12.256Z] > git for-each-ref --format=%(refname)%00%(upstream:short)%00%(objectname)%00%(upstream:track) refs/heads/master refs/remotes/master [2ms]
[2022-08-09T14:57:12.262Z] > git for-each-ref --sort -committerdate --format %(refname) %(objectname) %(*objectname) [4ms]
[2022-08-09T14:57:12.264Z] > git remote --verbose [2ms]
[2022-08-09T14:57:12.271Z] > git config --get commit.template [2ms]
[2022-08-09T14:57:17.314Z] > git symbolic-ref --short HEAD [2ms]
[2022-08-09T14:57:17.318Z] > git for-each-ref --format=%(refname)%00%(upstream:short)%00%(objectname)%00%(upstream:track) refs/heads/master refs/remotes/master [2ms]
[2022-08-09T14:57:17.324Z] > git for-each-ref --sort -committerdate --format %(refname) %(objectname) %(*objectname) [4ms]
[2022-08-09T14:57:17.326Z] > git remote --verbose [2ms]
[2022-08-09T14:57:17.332Z] > git config --get commit.template [2ms]
[2022-08-09T14:57:22.375Z] > git symbolic-ref --short HEAD [2ms]
[2022-08-09T14:57:22.379Z] > git for-each-ref --format=%(refname)%00%(upstream:short)%00%(objectname)%00%(upstream:track) refs/heads/master refs/remotes/master [1ms]
[2022-08-09T14:57:22.386Z] > git for-each-ref --sort -committerdate --format %(refname) %(objectname) %(*objectname) [4ms]
[2022-08-09T14:57:22.387Z] > git remote --verbose [2ms]
[2022-08-09T14:57:22.393Z] > git config --get commit.template [1ms]
[2022-08-09T14:57:27.440Z] > git symbolic-ref --short HEAD [7ms]
[2022-08-09T14:57:27.444Z] > git for-each-ref --format=%(refname)%00%(upstream:short)%00%(objectname)%00%(upstream:track) refs/heads/master refs/remotes/master [1ms]
[2022-08-09T14:57:27.450Z] > git for-each-ref --sort -committerdate --format %(refname) %(objectname) %(*objectname) [3ms]
[2022-08-09T14:57:27.452Z] > git remote --verbose [2ms]
[2022-08-09T14:57:27.457Z] > git config --get commit.template [2ms]
[2022-08-09T14:57:32.500Z] > git symbolic-ref --short HEAD [2ms]
[2022-08-09T14:57:32.504Z] > git for-each-ref --format=%(refname)%00%(upstream:short)%00%(objectname)%00%(upstream:track) refs/heads/master refs/remotes/master [1ms]
[2022-08-09T14:57:32.512Z] > git for-each-ref --sort -committerdate --format %(refname) %(objectname) %(*objectname) [4ms]
[2022-08-09T14:57:32.513Z] > git remote --verbose [2ms]
[2022-08-09T14:57:32.518Z] > git config --get commit.template [1ms]
[2022-08-09T14:57:37.561Z] > git symbolic-ref --short HEAD [2ms]
[2022-08-09T14:57:37.566Z] > git for-each-ref --format=%(refname)%00%(upstream:short)%00%(objectname)%00%(upstream:track) refs/heads/master refs/remotes/master [1ms]
[2022-08-09T14:57:37.573Z] > git for-each-ref --sort -committerdate --format %(refname) %(objectname) %(*objectname) [4ms]
[2022-08-09T14:57:37.574Z] > git remote --verbose [2ms]
[2022-08-09T14:57:37.582Z] > git config --get commit.template [2ms]
[2022-08-09T14:57:42.624Z] > git symbolic-ref --short HEAD [1ms]
[2022-08-09T14:57:42.628Z] > git for-each-ref --format=%(refname)%00%(upstream:short)%00%(objectname)%00%(upstream:track) refs/heads/master refs/remotes/master [1ms]
[2022-08-09T14:57:42.636Z] > git for-each-ref --sort -committerdate --format %(refname) %(objectname) %(*objectname) [5ms]
[2022-08-09T14:57:42.637Z] > git remote --verbose [2ms]
[2022-08-09T14:57:42.642Z] > git config --get commit.template [1ms]
[2022-08-09T14:57:43.999Z] > git ls-files --stage -- /home/ec2-user/Step1/provider.tf [4ms]
[2022-08-09T14:57:44.004Z] > git cat-file -s 5ff54f0d6509faa38dd3547791517c0660c460dd [2ms]
[2022-08-09T14:57:44.819Z] > git ls-files --stage -- /home/ec2-user/Step1/output.tf [3ms]
[2022-08-09T14:57:44.824Z] > git cat-file -s 85f955cdff7c24cadad7056ac2ade7dcb3eca3c6 [2ms]
[2022-08-09T14:57:46.088Z] > git ls-files --stage -- /home/ec2-user/Step1/main.tf [3ms]
[2022-08-09T14:57:46.092Z] > git cat-file -s e0e2e61fe805d541427d78d5f28932ecb647d749 [2ms]
[2022-08-09T14:57:47.686Z] > git symbolic-ref --short HEAD [2ms]
[2022-08-09T14:57:47.690Z] > git for-each-ref --format=%(refname)%00%(upstream:short)%00%(objectname)%00%(upstream:track) refs/heads/master refs/remotes/master [1ms]
[2022-08-09T14:57:47.697Z] > git for-each-ref --sort -committerdate --format %(refname) %(objectname) %(*objectname) [4ms]
[2022-08-09T14:57:47.698Z] > git remote --verbose [2ms]
[2022-08-09T14:57:47.705Z] > git config --get commit.template [2ms]
[2022-08-09T14:57:52.750Z] > git symbolic-ref --short HEAD [2ms]
[2022-08-09T14:57:52.754Z] > git for-each-ref --format=%(refname)%00%(upstream:short)%00%(objectname)%00%(upstream:track) refs/heads/master refs/remotes/master [2ms]
[2022-08-09T14:57:52.760Z] > git for-each-ref --sort -committerdate --format %(refname) %(objectname) %(*objectname) [4ms]
[2022-08-09T14:57:52.763Z] > git remote --verbose [3ms]
[2022-08-09T14:57:52.768Z] > git config --get commit.template [2ms]
[2022-08-09T14:57:57.811Z] > git symbolic-ref --short HEAD [2ms]
[2022-08-09T14:57:57.815Z] > git for-each-ref --format=%(refname)%00%(upstream:short)%00%(objectname)%00%(upstream:track) refs/heads/master refs/remotes/master [1ms]
[2022-08-09T14:57:57.822Z] > git for-each-ref --sort -committerdate --format %(refname) %(objectname) %(*objectname) [4ms]
[2022-08-09T14:57:57.823Z] > git remote --verbose [2ms]
[2022-08-09T14:57:57.830Z] > git config --get commit.template [2ms]
[2022-08-09T14:58:02.873Z] > git symbolic-ref --short HEAD [2ms]
[2022-08-09T14:58:02.877Z] > git for-each-ref --format=%(refname)%00%(upstream:short)%00%(objectname)%00%(upstream:track) refs/heads/master refs/remotes/master [1ms]
[2022-08-09T14:58:02.884Z] > git for-each-ref --sort -committerdate --format %(refname) %(objectname) %(*objectname) [4ms]
[2022-08-09T14:58:02.885Z] > git remote --verbose [2ms]
[2022-08-09T14:58:02.891Z] > git config --get commit.template [2ms]
[2022-08-09T14:58:07.934Z] > git symbolic-ref --short HEAD [1ms]
[2022-08-09T14:58:07.938Z] > git for-each-ref --format=%(refname)%00%(upstream:short)%00%(objectname)%00%(upstream:track) refs/heads/master refs/remotes/master [1ms]
[2022-08-09T14:58:07.945Z] > git for-each-ref --sort -committerdate --format %(refname) %(objectname) %(*objectname) [4ms]
[2022-08-09T14:58:07.946Z] > git remote --verbose [2ms]
[2022-08-09T14:58:07.955Z] > git config --get commit.template [5ms]
[2022-08-09T14:58:12.999Z] > git symbolic-ref --short HEAD [2ms]
[2022-08-09T14:58:13.003Z] > git for-each-ref --format=%(refname)%00%(upstream:short)%00%(objectname)%00%(upstream:track) refs/heads/master refs/remotes/master [1ms]
[2022-08-09T14:58:13.011Z] > git for-each-ref --sort -committerdate --format %(refname) %(objectname) %(*objectname) [5ms]
[2022-08-09T14:58:13.012Z] > git remote --verbose [2ms]
[2022-08-09T14:58:13.017Z] > git config --get commit.template [1ms]
[2022-08-09T14:58:18.062Z] > git symbolic-ref --short HEAD [2ms]
[2022-08-09T14:58:18.066Z] > git for-each-ref --format=%(refname)%00%(upstream:short)%00%(objectname)%00%(upstream:track) refs/heads/master refs/remotes/master [2ms]
[2022-08-09T14:58:18.072Z] > git for-each-ref --sort -committerdate --format %(refname) %(objectname) %(*objectname) [4ms]
[2022-08-09T14:58:18.074Z] > git remote --verbose [2ms]
[2022-08-09T14:58:18.080Z] > git config --get commit.template [1ms]
[2022-08-09T14:58:18.987Z] > git ls-files --stage -- /home/ec2-user/Step1/output.tf [8ms]
[2022-08-09T14:58:18.996Z] > git cat-file -s 85f955cdff7c24cadad7056ac2ade7dcb3eca3c6 [2ms]
[2022-08-09T14:58:23.128Z] > git symbolic-ref --short HEAD [3ms]
[2022-08-09T14:58:23.132Z] > git for-each-ref --format=%(refname)%00%(upstream:short)%00%(objectname)%00%(upstream:track) refs/heads/master refs/remotes/master [1ms]
[2022-08-09T14:58:23.139Z] > git for-each-ref --sort -committerdate --format %(refname) %(objectname) %(*objectname) [4ms]
[2022-08-09T14:58:23.140Z] > git remote --verbose [2ms]
[2022-08-09T14:58:23.147Z] > git config --get commit.template [3ms]
[2022-08-09T14:58:28.221Z] > git symbolic-ref --short HEAD [2ms]
[2022-08-09T14:58:28.225Z] > git for-each-ref --format=%(refname)%00%(upstream:short)%00%(objectname)%00%(upstream:track) refs/heads/master refs/remotes/master [1ms]
[2022-08-09T14:58:28.232Z] > git for-each-ref --sort -committerdate --format %(refname) %(objectname) %(*objectname) [4ms]
[2022-08-09T14:58:28.234Z] > git remote --verbose [3ms]
[2022-08-09T14:58:28.239Z] > git config --get commit.template [2ms]
[2022-08-09T14:58:33.282Z] > git symbolic-ref --short HEAD [1ms]
[2022-08-09T14:58:33.286Z] > git for-each-ref --format=%(refname)%00%(upstream:short)%00%(objectname)%00%(upstream:track) refs/heads/master refs/remotes/master [1ms]
[2022-08-09T14:58:33.292Z] > git for-each-ref --sort -committerdate --format %(refname) %(objectname) %(*objectname) [3ms]
[2022-08-09T14:58:33.294Z] > git remote --verbose [2ms]
[2022-08-09T14:58:33.299Z] > git config --get commit.template [2ms]
[2022-08-09T14:58:37.548Z] > git ls-files --stage -- /home/ec2-user/Step1/variable.tf [3ms]
[2022-08-09T14:58:37.552Z] > git cat-file -s b89dc44c5b8cdb587f5ed39dc79d60c22719cde9 [1ms]
[2022-08-09T14:58:38.342Z] > git symbolic-ref --short HEAD [2ms]
[2022-08-09T14:58:38.346Z] > git for-each-ref --format=%(refname)%00%(upstream:short)%00%(objectname)%00%(upstream:track) refs/heads/master refs/remotes/master [2ms]
[2022-08-09T14:58:38.359Z] > git for-each-ref --sort -committerdate --format %(refname) %(objectname) %(*objectname) [6ms]
[2022-08-09T14:58:38.360Z] > git remote --verbose [2ms]
[2022-08-09T14:58:38.372Z] > git config --get commit.template [2ms]
[2022-08-09T14:58:38.921Z] > git ls-files --stage -- /home/ec2-user/Step1/main.tf [3ms]
[2022-08-09T14:58:38.925Z] > git cat-file -s e0e2e61fe805d541427d78d5f28932ecb647d749 [1ms]
[2022-08-09T14:58:39.854Z] > git ls-files --stage -- /home/ec2-user/Step1/provider.tf [2ms]
[2022-08-09T14:58:39.858Z] > git cat-file -s 5ff54f0d6509faa38dd3547791517c0660c460dd [1ms]
[2022-08-09T14:58:40.688Z] > git ls-files --stage -- /home/ec2-user/Step1/output.tf [3ms]
[2022-08-09T14:58:40.692Z] > git cat-file -s 85f955cdff7c24cadad7056ac2ade7dcb3eca3c6 [1ms]
[2022-08-09T14:58:42.547Z] > git ls-files --stage -- /home/ec2-user/Step1/variable.tf [3ms]
[2022-08-09T14:58:42.552Z] > git cat-file -s b89dc44c5b8cdb587f5ed39dc79d60c22719cde9 [1ms]
[2022-08-09T14:58:43.415Z] > git symbolic-ref --short HEAD [2ms]
[2022-08-09T14:58:43.419Z] > git for-each-ref --format=%(refname)%00%(upstream:short)%00%(objectname)%00%(upstream:track) refs/heads/master refs/remotes/master [1ms]
[2022-08-09T14:58:43.425Z] > git for-each-ref --sort -committerdate --format %(refname) %(objectname) %(*objectname) [4ms]
[2022-08-09T14:58:43.427Z] > git remote --verbose [2ms]
[2022-08-09T14:58:43.432Z] > git config --get commit.template [2ms]
[2022-08-09T14:58:48.475Z] > git symbolic-ref --short HEAD [2ms]
[2022-08-09T14:58:48.479Z] > git for-each-ref --format=%(refname)%00%(upstream:short)%00%(objectname)%00%(upstream:track) refs/heads/master refs/remotes/master [2ms]
[2022-08-09T14:58:48.485Z] > git for-each-ref --sort -committerdate --format %(refname) %(objectname) %(*objectname) [4ms]
[2022-08-09T14:58:48.487Z] > git remote --verbose [3ms]
[2022-08-09T14:58:48.492Z] > git config --get commit.template [2ms]
[2022-08-09T14:58:53.535Z] > git symbolic-ref --short HEAD [2ms]
[2022-08-09T14:58:53.539Z] > git for-each-ref --format=%(refname)%00%(upstream:short)%00%(objectname)%00%(upstream:track) refs/heads/master refs/remotes/master [2ms]
[2022-08-09T14:58:53.545Z] > git for-each-ref --sort -committerdate --format %(refname) %(objectname) %(*objectname) [4ms]
[2022-08-09T14:58:53.553Z] > git remote --verbose [9ms]
[2022-08-09T14:58:53.565Z] > git config --get commit.template [3ms]
[2022-08-09T14:58:58.610Z] > git symbolic-ref --short HEAD [2ms]
[2022-08-09T14:58:58.614Z] > git for-each-ref --format=%(refname)%00%(upstream:short)%00%(objectname)%00%(upstream:track) refs/heads/master refs/remotes/master [2ms]
[2022-08-09T14:58:58.620Z] > git for-each-ref --sort -committerdate --format %(refname) %(objectname) %(*objectname) [4ms]
[2022-08-09T14:58:58.622Z] > git remote --verbose [2ms]
[2022-08-09T14:58:58.627Z] > git config --get commit.template [1ms]
[2022-08-09T14:59:03.671Z] > git symbolic-ref --short HEAD [2ms]
[2022-08-09T14:59:03.676Z] > git for-each-ref --format=%(refname)%00%(upstream:short)%00%(objectname)%00%(upstream:track) refs/heads/master refs/remotes/master [2ms]
[2022-08-09T14:59:03.682Z] > git for-each-ref --sort -committerdate --format %(refname) %(objectname) %(*objectname) [4ms]
[2022-08-09T14:59:03.684Z] > git remote --verbose [2ms]
[2022-08-09T14:59:03.689Z] > git config --get commit.template [1ms]
[2022-08-09T14:59:08.734Z] > git symbolic-ref --short HEAD [3ms]
[2022-08-09T14:59:08.738Z] > git for-each-ref --format=%(refname)%00%(upstream:short)%00%(objectname)%00%(upstream:track) refs/heads/master refs/remotes/master [2ms]
[2022-08-09T14:59:08.744Z] > git for-each-ref --sort -committerdate --format %(refname) %(objectname) %(*objectname) [4ms]
[2022-08-09T14:59:08.746Z] > git remote --verbose [2ms]
[2022-08-09T14:59:08.751Z] > git config --get commit.template [2ms]
[2022-08-09T14:59:13.796Z] > git symbolic-ref --short HEAD [2ms]
[2022-08-09T14:59:13.800Z] > git for-each-ref --format=%(refname)%00%(upstream:short)%00%(objectname)%00%(upstream:track) refs/heads/master refs/remotes/master [1ms]
[2022-08-09T14:59:13.806Z] > git for-each-ref --sort -committerdate --format %(refname) %(objectname) %(*objectname) [3ms]
[2022-08-09T14:59:13.808Z] > git remote --verbose [2ms]
[2022-08-09T14:59:13.813Z] > git config --get commit.template [2ms]
[2022-08-09T14:59:18.857Z] > git symbolic-ref --short HEAD [2ms]
[2022-08-09T14:59:18.862Z] > git for-each-ref --format=%(refname)%00%(upstream:short)%00%(objectname)%00%(upstream:track) refs/heads/master refs/remotes/master [1ms]
[2022-08-09T14:59:18.869Z] > git for-each-ref --sort -committerdate --format %(refname) %(objectname) %(*objectname) [4ms]
[2022-08-09T14:59:18.870Z] > git remote --verbose [2ms]
[2022-08-09T14:59:18.876Z] > git config --get commit.template [2ms]
[2022-08-09T14:59:23.920Z] > git symbolic-ref --short HEAD [2ms]
[2022-08-09T14:59:23.925Z] > git for-each-ref --format=%(refname)%00%(upstream:short)%00%(objectname)%00%(upstream:track) refs/heads/master refs/remotes/master [2ms]
[2022-08-09T14:59:23.933Z] > git for-each-ref --sort -committerdate --format %(refname) %(objectname) %(*objectname) [5ms]
[2022-08-09T14:59:23.934Z] > git remote --verbose [2ms]
[2022-08-09T14:59:23.940Z] > git config --get commit.template [2ms]
[2022-08-09T14:59:28.984Z] > git symbolic-ref --short HEAD [2ms]
[2022-08-09T14:59:28.988Z] > git for-each-ref --format=%(refname)%00%(upstream:short)%00%(objectname)%00%(upstream:track) refs/heads/master refs/remotes/master [2ms]
[2022-08-09T14:59:28.994Z] > git for-each-ref --sort -committerdate --format %(refname) %(objectname) %(*objectname) [4ms]
[2022-08-09T14:59:28.996Z] > git remote --verbose [2ms]
[2022-08-09T14:59:29.002Z] > git config --get commit.template [2ms]
[2022-08-09T14:59:34.045Z] > git symbolic-ref --short HEAD [2ms]
[2022-08-09T14:59:34.049Z] > git for-each-ref --format=%(refname)%00%(upstream:short)%00%(objectname)%00%(upstream:track) refs/heads/master refs/remotes/master [2ms]
[2022-08-09T14:59:34.055Z] > git for-each-ref --sort -committerdate --format %(refname) %(objectname) %(*objectname) [4ms]
[2022-08-09T14:59:34.057Z] > git remote --verbose [2ms]
[2022-08-09T14:59:34.062Z] > git config --get commit.template [2ms]
[2022-08-09T14:59:39.105Z] > git symbolic-ref --short HEAD [2ms]
[2022-08-09T14:59:39.109Z] > git for-each-ref --format=%(refname)%00%(upstream:short)%00%(objectname)%00%(upstream:track) refs/heads/master refs/remotes/master [1ms]
[2022-08-09T14:59:39.115Z] > git for-each-ref --sort -committerdate --format %(refname) %(objectname) %(*objectname) [3ms]
[2022-08-09T14:59:39.117Z] > git remote --verbose [2ms]
[2022-08-09T14:59:39.123Z] > git config --get commit.template [2ms]
[2022-08-09T14:59:44.168Z] > git symbolic-ref --short HEAD [2ms]
[2022-08-09T14:59:44.172Z] > git for-each-ref --format=%(refname)%00%(upstream:short)%00%(objectname)%00%(upstream:track) refs/heads/master refs/remotes/master [1ms]
[2022-08-09T14:59:44.178Z] > git for-each-ref --sort -committerdate --format %(refname) %(objectname) %(*objectname) [3ms]
[2022-08-09T14:59:44.180Z] > git remote --verbose [2ms]
[2022-08-09T14:59:44.185Z] > git config --get commit.template [1ms]
[2022-08-09T14:59:49.227Z] > git symbolic-ref --short HEAD [1ms]
[2022-08-09T14:59:49.231Z] > git for-each-ref --format=%(refname)%00%(upstream:short)%00%(objectname)%00%(upstream:track) refs/heads/master refs/remotes/master [1ms]
[2022-08-09T14:59:49.238Z] > git for-each-ref --sort -committerdate --format %(refname) %(objectname) %(*objectname) [4ms]
[2022-08-09T14:59:49.239Z] > git remote --verbose [2ms]
[2022-08-09T14:59:49.244Z] > git config --get commit.template [1ms]
[2022-08-09T14:59:54.287Z] > git symbolic-ref --short HEAD [2ms]
[2022-08-09T14:59:54.291Z] > git for-each-ref --format=%(refname)%00%(upstream:short)%00%(objectname)%00%(upstream:track) refs/heads/master refs/remotes/master [1ms]
[2022-08-09T14:59:54.297Z] > git for-each-ref --sort -committerdate --format %(refname) %(objectname) %(*objectname) [3ms]
[2022-08-09T14:59:54.299Z] > git remote --verbose [2ms]
[2022-08-09T14:59:54.304Z] > git config --get commit.template [1ms]
[2022-08-09T14:59:59.346Z] > git symbolic-ref --short HEAD [2ms]
[2022-08-09T14:59:59.350Z] > git for-each-ref --format=%(refname)%00%(upstream:short)%00%(objectname)%00%(upstream:track) refs/heads/master refs/remotes/master [1ms]
[2022-08-09T14:59:59.356Z] > git for-each-ref --sort -committerdate --format %(refname) %(objectname) %(*objectname) [4ms]
[2022-08-09T14:59:59.358Z] > git remote --verbose [2ms]
[2022-08-09T14:59:59.363Z] > git config --get commit.template [2ms]
[2022-08-09T15:00:04.407Z] > git symbolic-ref --short HEAD [2ms]
[2022-08-09T15:00:04.411Z] > git for-each-ref --format=%(refname)%00%(upstream:short)%00%(objectname)%00%(upstream:track) refs/heads/master refs/remotes/master [1ms]
[2022-08-09T15:00:04.418Z] > git for-each-ref --sort -committerdate --format %(refname) %(objectname) %(*objectname) [4ms]
[2022-08-09T15:00:04.419Z] > git remote --verbose [2ms]
[2022-08-09T15:00:04.424Z] > git config --get commit.template [1ms]
[2022-08-09T15:00:09.467Z] > git symbolic-ref --short HEAD [1ms]
[2022-08-09T15:00:09.472Z] > git for-each-ref --format=%(refname)%00%(upstream:short)%00%(objectname)%00%(upstream:track) refs/heads/master refs/remotes/master [2ms]
[2022-08-09T15:00:09.490Z] > git for-each-ref --sort -committerdate --format %(refname) %(objectname) %(*objectname) [16ms]
[2022-08-09T15:00:09.492Z] > git remote --verbose [3ms]
[2022-08-09T15:00:09.497Z] > git config --get commit.template [2ms]
[2022-08-09T15:00:14.542Z] > git symbolic-ref --short HEAD [3ms]
[2022-08-09T15:00:14.548Z] > git for-each-ref --format=%(refname)%00%(upstream:short)%00%(objectname)%00%(upstream:track) refs/heads/master refs/remotes/master [3ms]
[2022-08-09T15:00:14.555Z] > git for-each-ref --sort -committerdate --format %(refname) %(objectname) %(*objectname) [4ms]
[2022-08-09T15:00:14.556Z] > git remote --verbose [2ms]
[2022-08-09T15:00:14.561Z] > git config --get commit.template [1ms]
[2022-08-09T15:00:19.604Z] > git symbolic-ref --short HEAD [2ms]
[2022-08-09T15:00:19.608Z] > git for-each-ref --format=%(refname)%00%(upstream:short)%00%(objectname)%00%(upstream:track) refs/heads/master refs/remotes/master [2ms]
[2022-08-09T15:00:19.614Z] > git for-each-ref --sort -committerdate --format %(refname) %(objectname) %(*objectname) [4ms]
[2022-08-09T15:00:19.615Z] > git remote --verbose [2ms]
[2022-08-09T15:00:19.621Z] > git config --get commit.template [2ms]
[2022-08-09T15:00:24.664Z] > git symbolic-ref --short HEAD [1ms]
[2022-08-09T15:00:24.669Z] > git for-each-ref --format=%(refname)%00%(upstream:short)%00%(objectname)%00%(upstream:track) refs/heads/master refs/remotes/master [2ms]
[2022-08-09T15:00:24.675Z] > git for-each-ref --sort -committerdate --format %(refname) %(objectname) %(*objectname) [4ms]
[2022-08-09T15:00:24.676Z] > git remote --verbose [2ms]
[2022-08-09T15:00:24.682Z] > git config --get commit.template [2ms]
[2022-08-09T15:00:29.726Z] > git symbolic-ref --short HEAD [2ms]
[2022-08-09T15:00:29.729Z] > git for-each-ref --format=%(refname)%00%(upstream:short)%00%(objectname)%00%(upstream:track) refs/heads/master refs/remotes/master [1ms]
[2022-08-09T15:00:29.736Z] > git for-each-ref --sort -committerdate --format %(refname) %(objectname) %(*objectname) [4ms]
[2022-08-09T15:00:29.737Z] > git remote --verbose [2ms]
[2022-08-09T15:00:29.742Z] > git config --get commit.template [1ms]
[2022-08-09T15:00:34.786Z] > git symbolic-ref --short HEAD [2ms]
[2022-08-09T15:00:34.790Z] > git for-each-ref --format=%(refname)%00%(upstream:short)%00%(objectname)%00%(upstream:track) refs/heads/master refs/remotes/master [1ms]
[2022-08-09T15:00:34.797Z] > git for-each-ref --sort -committerdate --format %(refname) %(objectname) %(*objectname) [4ms]
[2022-08-09T15:00:34.798Z] > git remote --verbose [2ms]
[2022-08-09T15:00:34.803Z] > git config --get commit.template [1ms]
[2022-08-09T15:00:39.846Z] > git symbolic-ref --short HEAD [2ms]
[2022-08-09T15:00:39.851Z] > git for-each-ref --format=%(refname)%00%(upstream:short)%00%(objectname)%00%(upstream:track) refs/heads/master refs/remotes/master [1ms]
[2022-08-09T15:00:39.857Z] > git for-each-ref --sort -committerdate --format %(refname) %(objectname) %(*objectname) [4ms]
[2022-08-09T15:00:39.859Z] > git remote --verbose [3ms]
[2022-08-09T15:00:39.864Z] > git config --get commit.template [2ms]
[2022-08-09T15:00:44.907Z] > git symbolic-ref --short HEAD [2ms]
[2022-08-09T15:00:44.911Z] > git for-each-ref --format=%(refname)%00%(upstream:short)%00%(objectname)%00%(upstream:track) refs/heads/master refs/remotes/master [2ms]
[2022-08-09T15:00:44.917Z] > git for-each-ref --sort -committerdate --format %(refname) %(objectname) %(*objectname) [4ms]
[2022-08-09T15:00:44.919Z] > git remote --verbose [2ms]
[2022-08-09T15:00:44.924Z] > git config --get commit.template [1ms]
[2022-08-09T15:00:49.966Z] > git symbolic-ref --short HEAD [2ms]
[2022-08-09T15:00:49.970Z] > git for-each-ref --format=%(refname)%00%(upstream:short)%00%(objectname)%00%(upstream:track) refs/heads/master refs/remotes/master [2ms]
[2022-08-09T15:00:49.976Z] > git for-each-ref --sort -committerdate --format %(refname) %(objectname) %(*objectname) [4ms]
[2022-08-09T15:00:49.977Z] > git remote --verbose [2ms]
[2022-08-09T15:00:49.987Z] > git config --get commit.template [1ms]
[2022-08-09T15:00:55.031Z] > git symbolic-ref --short HEAD [2ms]
[2022-08-09T15:00:55.035Z] > git for-each-ref --format=%(refname)%00%(upstream:short)%00%(objectname)%00%(upstream:track) refs/heads/master refs/remotes/master [2ms]
[2022-08-09T15:00:55.041Z] > git for-each-ref --sort -committerdate --format %(refname) %(objectname) %(*objectname) [4ms]
[2022-08-09T15:00:55.043Z] > git remote --verbose [2ms]
[2022-08-09T15:00:55.048Z] > git config --get commit.template [2ms]
[2022-08-09T15:01:00.100Z] > git symbolic-ref --short HEAD [2ms]
[2022-08-09T15:01:00.105Z] > git for-each-ref --format=%(refname)%00%(upstream:short)%00%(objectname)%00%(upstream:track) refs/heads/master refs/remotes/master [2ms]
[2022-08-09T15:01:00.114Z] > git for-each-ref --sort -committerdate --format %(refname) %(objectname) %(*objectname) [5ms]
[2022-08-09T15:01:00.115Z] > git remote --verbose [2ms]
[2022-08-09T15:01:00.122Z] > git config --get commit.template [2ms]
[2022-08-09T15:01:05.166Z] > git symbolic-ref --short HEAD [2ms]
[2022-08-09T15:01:05.170Z] > git for-each-ref --format=%(refname)%00%(upstream:short)%00%(objectname)%00%(upstream:track) refs/heads/master refs/remotes/master [2ms]
[2022-08-09T15:01:05.177Z] > git for-each-ref --sort -committerdate --format %(refname) %(objectname) %(*objectname) [4ms]
[2022-08-09T15:01:05.178Z] > git remote --verbose [2ms]
[2022-08-09T15:01:05.183Z] > git config --get commit.template [1ms]
[2022-08-09T15:01:10.228Z] > git symbolic-ref --short HEAD [2ms]
[2022-08-09T15:01:10.232Z] > git for-each-ref --format=%(refname)%00%(upstream:short)%00%(objectname)%00%(upstream:track) refs/heads/master refs/remotes/master [2ms]
[2022-08-09T15:01:10.238Z] > git for-each-ref --sort -committerdate --format %(refname) %(objectname) %(*objectname) [4ms]
[2022-08-09T15:01:10.240Z] > git remote --verbose [2ms]
[2022-08-09T15:01:10.245Z] > git config --get commit.template [2ms]
[2022-08-09T15:01:15.288Z] > git symbolic-ref --short HEAD [2ms]
[2022-08-09T15:01:15.291Z] > git for-each-ref --format=%(refname)%00%(upstream:short)%00%(objectname)%00%(upstream:track) refs/heads/master refs/remotes/master [1ms]
[2022-08-09T15:01:15.297Z] > git for-each-ref --sort -committerdate --format %(refname) %(objectname) %(*objectname) [3ms]
[2022-08-09T15:01:15.299Z] > git remote --verbose [2ms]
[2022-08-09T15:01:15.304Z] > git config --get commit.template [2ms]
[2022-08-09T15:01:20.348Z] > git symbolic-ref --short HEAD [1ms]
[2022-08-09T15:01:20.352Z] > git for-each-ref --format=%(refname)%00%(upstream:short)%00%(objectname)%00%(upstream:track) refs/heads/master refs/remotes/master [1ms]
[2022-08-09T15:01:20.359Z] > git for-each-ref --sort -committerdate --format %(refname) %(objectname) %(*objectname) [4ms]
[2022-08-09T15:01:20.360Z] > git remote --verbose [2ms]
[2022-08-09T15:01:20.366Z] > git config --get commit.template [1ms]
[2022-08-09T15:01:25.409Z] > git symbolic-ref --short HEAD [2ms]
[2022-08-09T15:01:25.413Z] > git for-each-ref --format=%(refname)%00%(upstream:short)%00%(objectname)%00%(upstream:track) refs/heads/master refs/remotes/master [2ms]
[2022-08-09T15:01:25.419Z] > git for-each-ref --sort -committerdate --format %(refname) %(objectname) %(*objectname) [4ms]
[2022-08-09T15:01:25.421Z] > git remote --verbose [2ms]
[2022-08-09T15:01:25.426Z] > git config --get commit.template [2ms]
[2022-08-09T15:01:30.470Z] > git symbolic-ref --short HEAD [2ms]
[2022-08-09T15:01:30.474Z] > git for-each-ref --format=%(refname)%00%(upstream:short)%00%(objectname)%00%(upstream:track) refs/heads/master refs/remotes/master [2ms]
[2022-08-09T15:01:30.480Z] > git for-each-ref --sort -committerdate --format %(refname) %(objectname) %(*objectname) [4ms]
[2022-08-09T15:01:30.482Z] > git remote --verbose [3ms]
[2022-08-09T15:01:30.487Z] > git config --get commit.template [2ms]
[2022-08-09T15:01:35.530Z] > git symbolic-ref --short HEAD [2ms]
[2022-08-09T15:01:35.534Z] > git for-each-ref --format=%(refname)%00%(upstream:short)%00%(objectname)%00%(upstream:track) refs/heads/master refs/remotes/master [1ms]
[2022-08-09T15:01:35.540Z] > git for-each-ref --sort -committerdate --format %(refname) %(objectname) %(*objectname) [4ms]
[2022-08-09T15:01:35.542Z] > git remote --verbose [2ms]
[2022-08-09T15:01:35.547Z] > git config --get commit.template [2ms]
[2022-08-09T15:01:40.591Z] > git symbolic-ref --short HEAD [2ms]
[2022-08-09T15:01:40.597Z] > git for-each-ref --format=%(refname)%00%(upstream:short)%00%(objectname)%00%(upstream:track) refs/heads/master refs/remotes/master [4ms]
[2022-08-09T15:01:40.603Z] > git for-each-ref --sort -committerdate --format %(refname) %(objectname) %(*objectname) [4ms]
[2022-08-09T15:01:40.605Z] > git remote --verbose [2ms]
[2022-08-09T15:01:40.610Z] > git config --get commit.template [2ms]
[2022-08-09T15:01:45.652Z] > git symbolic-ref --short HEAD [1ms]
[2022-08-09T15:01:45.656Z] > git for-each-ref --format=%(refname)%00%(upstream:short)%00%(objectname)%00%(upstream:track) refs/heads/master refs/remotes/master [1ms]
[2022-08-09T15:01:45.662Z] > git for-each-ref --sort -committerdate --format %(refname) %(objectname) %(*objectname) [3ms]
[2022-08-09T15:01:45.664Z] > git remote --verbose [2ms]
[2022-08-09T15:01:45.669Z] > git config --get commit.template [2ms]
[2022-08-09T15:01:50.712Z] > git symbolic-ref --short HEAD [2ms]
[2022-08-09T15:01:50.716Z] > git for-each-ref --format=%(refname)%00%(upstream:short)%00%(objectname)%00%(upstream:track) refs/heads/master refs/remotes/master [2ms]
[2022-08-09T15:01:50.722Z] > git for-each-ref --sort -committerdate --format %(refname) %(objectname) %(*objectname) [4ms]
[2022-08-09T15:01:50.723Z] > git remote --verbose [2ms]
[2022-08-09T15:01:50.728Z] > git config --get commit.template [1ms]
[2022-08-09T15:01:55.771Z] > git symbolic-ref --short HEAD [2ms]
[2022-08-09T15:01:55.775Z] > git for-each-ref --format=%(refname)%00%(upstream:short)%00%(objectname)%00%(upstream:track) refs/heads/master refs/remotes/master [1ms]
[2022-08-09T15:01:55.781Z] > git for-each-ref --sort -committerdate --format %(refname) %(objectname) %(*objectname) [4ms]
[2022-08-09T15:01:55.783Z] > git remote --verbose [2ms]
[2022-08-09T15:01:55.792Z] > git config --get commit.template [1ms]
[2022-08-09T15:02:00.835Z] > git symbolic-ref --short HEAD [2ms]
[2022-08-09T15:02:00.839Z] > git for-each-ref --format=%(refname)%00%(upstream:short)%00%(objectname)%00%(upstream:track) refs/heads/master refs/remotes/master [2ms]
[2022-08-09T15:02:00.845Z] > git for-each-ref --sort -committerdate --format %(refname) %(objectname) %(*objectname) [4ms]
[2022-08-09T15:02:00.846Z] > git remote --verbose [2ms]
[2022-08-09T15:02:00.851Z] > git config --get commit.template [1ms]
[2022-08-09T15:02:05.896Z] > git symbolic-ref --short HEAD [2ms]
[2022-08-09T15:02:05.900Z] > git for-each-ref --format=%(refname)%00%(upstream:short)%00%(objectname)%00%(upstream:track) refs/heads/master refs/remotes/master [1ms]
[2022-08-09T15:02:05.907Z] > git for-each-ref --sort -committerdate --format %(refname) %(objectname) %(*objectname) [4ms]
[2022-08-09T15:02:05.908Z] > git remote --verbose [2ms]
[2022-08-09T15:02:05.914Z] > git config --get commit.template [2ms]
[2022-08-09T15:02:10.960Z] > git symbolic-ref --short HEAD [2ms]
[2022-08-09T15:02:10.965Z] > git for-each-ref --format=%(refname)%00%(upstream:short)%00%(objectname)%00%(upstream:track) refs/heads/master refs/remotes/master [2ms]
[2022-08-09T15:02:10.972Z] > git for-each-ref --sort -committerdate --format %(refname) %(objectname) %(*objectname) [4ms]
[2022-08-09T15:02:10.974Z] > git remote --verbose [3ms]
[2022-08-09T15:02:10.980Z] > git config --get commit.template [2ms]
[2022-08-09T15:02:16.023Z] > git symbolic-ref --short HEAD [2ms]
[2022-08-09T15:02:16.027Z] > git for-each-ref --format=%(refname)%00%(upstream:short)%00%(objectname)%00%(upstream:track) refs/heads/master refs/remotes/master [2ms]
[2022-08-09T15:02:16.033Z] > git for-each-ref --sort -committerdate --format %(refname) %(objectname) %(*objectname) [4ms]
[2022-08-09T15:02:16.034Z] > git remote --verbose [2ms]
[2022-08-09T15:02:16.039Z] > git config --get commit.template [1ms]
[2022-08-09T15:02:21.084Z] > git symbolic-ref --short HEAD [2ms]
[2022-08-09T15:02:21.088Z] > git for-each-ref --format=%(refname)%00%(upstream:short)%00%(objectname)%00%(upstream:track) refs/heads/master refs/remotes/master [1ms]
[2022-08-09T15:02:21.094Z] > git for-each-ref --sort -committerdate --format %(refname) %(objectname) %(*objectname) [4ms]
[2022-08-09T15:02:21.096Z] > git remote --verbose [2ms]
[2022-08-09T15:02:21.101Z] > git config --get commit.template [1ms]
[2022-08-09T15:02:26.145Z] > git symbolic-ref --short HEAD [2ms]
[2022-08-09T15:02:26.149Z] > git for-each-ref --format=%(refname)%00%(upstream:short)%00%(objectname)%00%(upstream:track) refs/heads/master refs/remotes/master [1ms]
[2022-08-09T15:02:26.156Z] > git for-each-ref --sort -committerdate --format %(refname) %(objectname) %(*objectname) [4ms]
[2022-08-09T15:02:26.157Z] > git remote --verbose [2ms]
[2022-08-09T15:02:26.162Z] > git config --get commit.template [1ms]
[2022-08-09T15:02:31.213Z] > git symbolic-ref --short HEAD [9ms]
[2022-08-09T15:02:31.222Z] > git for-each-ref --format=%(refname)%00%(upstream:short)%00%(objectname)%00%(upstream:track) refs/heads/master refs/remotes/master [4ms]
[2022-08-09T15:02:31.236Z] > git for-each-ref --sort -committerdate --format %(refname) %(objectname) %(*objectname) [6ms]
[2022-08-09T15:02:31.242Z] > git remote --verbose [7ms]
[2022-08-09T15:02:31.248Z] > git config --get commit.template [2ms]
[2022-08-09T15:02:36.291Z] > git symbolic-ref --short HEAD [1ms]
[2022-08-09T15:02:36.295Z] > git for-each-ref --format=%(refname)%00%(upstream:short)%00%(objectname)%00%(upstream:track) refs/heads/master refs/remotes/master [1ms]
[2022-08-09T15:02:36.303Z] > git for-each-ref --sort -committerdate --format %(refname) %(objectname) %(*objectname) [4ms]
[2022-08-09T15:02:36.304Z] > git remote --verbose [3ms]
[2022-08-09T15:02:36.309Z] > git config --get commit.template [1ms]
[2022-08-09T15:02:41.352Z] > git symbolic-ref --short HEAD [2ms]
[2022-08-09T15:02:41.356Z] > git for-each-ref --format=%(refname)%00%(upstream:short)%00%(objectname)%00%(upstream:track) refs/heads/master refs/remotes/master [1ms]
[2022-08-09T15:02:41.362Z] > git for-each-ref --sort -committerdate --format %(refname) %(objectname) %(*objectname) [4ms]
[2022-08-09T15:02:41.365Z] > git remote --verbose [3ms]
[2022-08-09T15:02:41.370Z] > git config --get commit.template [1ms]
[2022-08-09T15:02:46.413Z] > git symbolic-ref --short HEAD [1ms]
[2022-08-09T15:02:46.417Z] > git for-each-ref --format=%(refname)%00%(upstream:short)%00%(objectname)%00%(upstream:track) refs/heads/master refs/remotes/master [1ms]
[2022-08-09T15:02:46.424Z] > git for-each-ref --sort -committerdate --format %(refname) %(objectname) %(*objectname) [4ms]
[2022-08-09T15:02:46.425Z] > git remote --verbose [2ms]
[2022-08-09T15:02:46.430Z] > git config --get commit.template [1ms]
[2022-08-09T15:02:51.473Z] > git symbolic-ref --short HEAD [1ms]
[2022-08-09T15:02:51.477Z] > git for-each-ref --format=%(refname)%00%(upstream:short)%00%(objectname)%00%(upstream:track) refs/heads/master refs/remotes/master [1ms]
[2022-08-09T15:02:51.484Z] > git for-each-ref --sort -committerdate --format %(refname) %(objectname) %(*objectname) [4ms]
[2022-08-09T15:02:51.485Z] > git remote --verbose [2ms]
[2022-08-09T15:02:51.493Z] > git config --get commit.template [2ms]
[2022-08-09T15:02:56.538Z] > git symbolic-ref --short HEAD [2ms]
[2022-08-09T15:02:56.554Z] > git for-each-ref --format=%(refname)%00%(upstream:short)%00%(objectname)%00%(upstream:track) refs/heads/master refs/remotes/master [4ms]
[2022-08-09T15:02:56.567Z] > git for-each-ref --sort -committerdate --format %(refname) %(objectname) %(*objectname) [5ms]
[2022-08-09T15:02:56.568Z] > git remote --verbose [2ms]
[2022-08-09T15:02:56.574Z] > git config --get commit.template [2ms]
[2022-08-09T15:03:01.617Z] > git symbolic-ref --short HEAD [2ms]
[2022-08-09T15:03:01.622Z] > git for-each-ref --format=%(refname)%00%(upstream:short)%00%(objectname)%00%(upstream:track) refs/heads/master refs/remotes/master [2ms]
[2022-08-09T15:03:01.629Z] > git for-each-ref --sort -committerdate --format %(refname) %(objectname) %(*objectname) [5ms]
[2022-08-09T15:03:01.631Z] > git remote --verbose [2ms]
[2022-08-09T15:03:01.636Z] > git config --get commit.template [2ms]
[2022-08-09T15:03:06.679Z] > git symbolic-ref --short HEAD [2ms]
[2022-08-09T15:03:06.683Z] > git for-each-ref --format=%(refname)%00%(upstream:short)%00%(objectname)%00%(upstream:track) refs/heads/master refs/remotes/master [1ms]
[2022-08-09T15:03:06.690Z] > git for-each-ref --sort -committerdate --format %(refname) %(objectname) %(*objectname) [4ms]
[2022-08-09T15:03:06.691Z] > git remote --verbose [2ms]
[2022-08-09T15:03:06.702Z] > git config --get commit.template [7ms]
[2022-08-09T15:03:11.746Z] > git symbolic-ref --short HEAD [2ms]
[2022-08-09T15:03:11.750Z] > git for-each-ref --format=%(refname)%00%(upstream:short)%00%(objectname)%00%(upstream:track) refs/heads/master refs/remotes/master [2ms]
[2022-08-09T15:03:11.756Z] > git for-each-ref --sort -committerdate --format %(refname) %(objectname) %(*objectname) [4ms]
[2022-08-09T15:03:11.758Z] > git remote --verbose [2ms]
[2022-08-09T15:03:11.763Z] > git config --get commit.template [2ms]
[2022-08-09T15:03:16.807Z] > git symbolic-ref --short HEAD [2ms]
[2022-08-09T15:03:16.811Z] > git for-each-ref --format=%(refname)%00%(upstream:short)%00%(objectname)%00%(upstream:track) refs/heads/master refs/remotes/master [1ms]
[2022-08-09T15:03:16.818Z] > git for-each-ref --sort -committerdate --format %(refname) %(objectname) %(*objectname) [4ms]
[2022-08-09T15:03:16.819Z] > git remote --verbose [2ms]
[2022-08-09T15:03:16.825Z] > git config --get commit.template [2ms]
[2022-08-09T15:03:21.868Z] > git symbolic-ref --short HEAD [1ms]
[2022-08-09T15:03:21.872Z] > git for-each-ref --format=%(refname)%00%(upstream:short)%00%(objectname)%00%(upstream:track) refs/heads/master refs/remotes/master [1ms]
[2022-08-09T15:03:21.878Z] > git for-each-ref --sort -committerdate --format %(refname) %(objectname) %(*objectname) [3ms]
[2022-08-09T15:03:21.880Z] > git remote --verbose [2ms]
[2022-08-09T15:03:21.885Z] > git config --get commit.template [2ms]
[2022-08-09T15:03:26.929Z] > git symbolic-ref --short HEAD [1ms]
[2022-08-09T15:03:26.934Z] > git for-each-ref --format=%(refname)%00%(upstream:short)%00%(objectname)%00%(upstream:track) refs/heads/master refs/remotes/master [2ms]
[2022-08-09T15:03:26.940Z] > git for-each-ref --sort -committerdate --format %(refname) %(objectname) %(*objectname) [4ms]
[2022-08-09T15:03:26.942Z] > git remote --verbose [2ms]
[2022-08-09T15:03:26.947Z] > git config --get commit.template [2ms]
[2022-08-09T15:03:31.988Z] > git symbolic-ref --short HEAD [1ms]
[2022-08-09T15:03:31.992Z] > git for-each-ref --format=%(refname)%00%(upstream:short)%00%(objectname)%00%(upstream:track) refs/heads/master refs/remotes/master [1ms]
[2022-08-09T15:03:32.003Z] > git for-each-ref --sort -committerdate --format %(refname) %(objectname) %(*objectname) [8ms]
[2022-08-09T15:03:32.005Z] > git remote --verbose [7ms]
[2022-08-09T15:03:32.011Z] > git config --get commit.template [1ms]
[2022-08-09T15:03:37.055Z] > git symbolic-ref --short HEAD [1ms]
[2022-08-09T15:03:37.060Z] > git for-each-ref --format=%(refname)%00%(upstream:short)%00%(objectname)%00%(upstream:track) refs/heads/master refs/remotes/master [2ms]
[2022-08-09T15:03:37.066Z] > git for-each-ref --sort -committerdate --format %(refname) %(objectname) %(*objectname) [4ms]
[2022-08-09T15:03:37.068Z] > git remote --verbose [2ms]
[2022-08-09T15:03:37.083Z] > git config --get commit.template [2ms]
[2022-08-09T15:03:42.127Z] > git symbolic-ref --short HEAD [2ms]
[2022-08-09T15:03:42.131Z] > git for-each-ref --format=%(refname)%00%(upstream:short)%00%(objectname)%00%(upstream:track) refs/heads/master refs/remotes/master [2ms]
[2022-08-09T15:03:42.137Z] > git for-each-ref --sort -committerdate --format %(refname) %(objectname) %(*objectname) [4ms]
[2022-08-09T15:03:42.139Z] > git remote --verbose [2ms]
[2022-08-09T15:03:42.144Z] > git config --get commit.template [2ms]
[2022-08-09T15:03:47.187Z] > git symbolic-ref --short HEAD [1ms]
[2022-08-09T15:03:47.191Z] > git for-each-ref --format=%(refname)%00%(upstream:short)%00%(objectname)%00%(upstream:track) refs/heads/master refs/remotes/master [1ms]
[2022-08-09T15:03:47.198Z] > git for-each-ref --sort -committerdate --format %(refname) %(objectname) %(*objectname) [4ms]
[2022-08-09T15:03:47.199Z] > git remote --verbose [2ms]
[2022-08-09T15:03:47.205Z] > git config --get commit.template [2ms]
[2022-08-09T15:03:52.247Z] > git symbolic-ref --short HEAD [2ms]
[2022-08-09T15:03:52.251Z] > git for-each-ref --format=%(refname)%00%(upstream:short)%00%(objectname)%00%(upstream:track) refs/heads/master refs/remotes/master [1ms]
[2022-08-09T15:03:52.257Z] > git for-each-ref --sort -committerdate --format %(refname) %(objectname) %(*objectname) [4ms]
[2022-08-09T15:03:52.259Z] > git remote --verbose [3ms]
[2022-08-09T15:03:52.263Z] > git config --get commit.template [1ms]
[2022-08-09T15:03:57.306Z] > git symbolic-ref --short HEAD [2ms]
[2022-08-09T15:03:57.310Z] > git for-each-ref --format=%(refname)%00%(upstream:short)%00%(objectname)%00%(upstream:track) refs/heads/master refs/remotes/master [1ms]
[2022-08-09T15:03:57.317Z] > git for-each-ref --sort -committerdate --format %(refname) %(objectname) %(*objectname) [4ms]
[2022-08-09T15:03:57.318Z] > git remote --verbose [2ms]
[2022-08-09T15:03:57.323Z] > git config --get commit.template [1ms]
[2022-08-09T15:04:02.368Z] > git symbolic-ref --short HEAD [2ms]
[2022-08-09T15:04:02.372Z] > git for-each-ref --format=%(refname)%00%(upstream:short)%00%(objectname)%00%(upstream:track) refs/heads/master refs/remotes/master [2ms]
[2022-08-09T15:04:02.379Z] > git for-each-ref --sort -committerdate --format %(refname) %(objectname) %(*objectname) [4ms]
[2022-08-09T15:04:02.380Z] > git remote --verbose [2ms]
[2022-08-09T15:04:02.386Z] > git config --get commit.template [2ms]
[2022-08-09T15:04:07.430Z] > git symbolic-ref --short HEAD [3ms]
[2022-08-09T15:04:07.434Z] > git for-each-ref --format=%(refname)%00%(upstream:short)%00%(objectname)%00%(upstream:track) refs/heads/master refs/remotes/master [2ms]
[2022-08-09T15:04:07.440Z] > git for-each-ref --sort -committerdate --format %(refname) %(objectname) %(*objectname) [4ms]
[2022-08-09T15:04:07.442Z] > git remote --verbose [2ms]
[2022-08-09T15:04:07.447Z] > git config --get commit.template [1ms]
[2022-08-09T15:04:12.492Z] > git symbolic-ref --short HEAD [3ms]
[2022-08-09T15:04:12.496Z] > git for-each-ref --format=%(refname)%00%(upstream:short)%00%(objectname)%00%(upstream:track) refs/heads/master refs/remotes/master [1ms]
[2022-08-09T15:04:12.504Z] > git for-each-ref --sort -committerdate --format %(refname) %(objectname) %(*objectname) [4ms]
[2022-08-09T15:04:12.505Z] > git remote --verbose [2ms]
[2022-08-09T15:04:12.510Z] > git config --get commit.template [1ms]
[2022-08-09T15:04:17.555Z] > git symbolic-ref --short HEAD [2ms]
[2022-08-09T15:04:17.559Z] > git for-each-ref --format=%(refname)%00%(upstream:short)%00%(objectname)%00%(upstream:track) refs/heads/master refs/remotes/master [1ms]
[2022-08-09T15:04:17.566Z] > git for-each-ref --sort -committerdate --format %(refname) %(objectname) %(*objectname) [4ms]
[2022-08-09T15:04:17.568Z] > git remote --verbose [2ms]
[2022-08-09T15:04:17.574Z] > git config --get commit.template [1ms]
[2022-08-09T15:04:20.890Z] > git ls-files --stage -- /home/ec2-user/Step1/main.tf [3ms]
[2022-08-09T15:04:20.896Z] > git cat-file -s e0e2e61fe805d541427d78d5f28932ecb647d749 [2ms]
[2022-08-09T15:04:23.437Z] > git symbolic-ref --short HEAD [2ms]
[2022-08-09T15:04:23.441Z] > git for-each-ref --format=%(refname)%00%(upstream:short)%00%(objectname)%00%(upstream:track) refs/heads/master refs/remotes/master [1ms]
[2022-08-09T15:04:23.448Z] > git for-each-ref --sort -committerdate --format %(refname) %(objectname) %(*objectname) [4ms]
[2022-08-09T15:04:23.449Z] > git remote --verbose [2ms]
[2022-08-09T15:04:23.455Z] > git config --get commit.template [2ms]
[2022-08-09T15:04:28.498Z] > git symbolic-ref --short HEAD [2ms]
[2022-08-09T15:04:28.502Z] > git for-each-ref --format=%(refname)%00%(upstream:short)%00%(objectname)%00%(upstream:track) refs/heads/master refs/remotes/master [1ms]
[2022-08-09T15:04:28.508Z] > git for-each-ref --sort -committerdate --format %(refname) %(objectname) %(*objectname) [4ms]
[2022-08-09T15:04:28.510Z] > git remote --verbose [2ms]
[2022-08-09T15:04:28.515Z] > git config --get commit.template [2ms]
[2022-08-09T15:04:33.558Z] > git symbolic-ref --short HEAD [2ms]
[2022-08-09T15:04:33.562Z] > git for-each-ref --format=%(refname)%00%(upstream:short)%00%(objectname)%00%(upstream:track) refs/heads/master refs/remotes/master [1ms]
[2022-08-09T15:04:33.569Z] > git for-each-ref --sort -committerdate --format %(refname) %(objectname) %(*objectname) [4ms]
[2022-08-09T15:04:33.570Z] > git remote --verbose [2ms]
[2022-08-09T15:04:33.588Z] > git config --get commit.template [2ms]
[2022-08-09T15:04:38.631Z] > git symbolic-ref --short HEAD [2ms]
[2022-08-09T15:04:38.635Z] > git for-each-ref --format=%(refname)%00%(upstream:short)%00%(objectname)%00%(upstream:track) refs/heads/master refs/remotes/master [1ms]
[2022-08-09T15:04:38.641Z] > git for-each-ref --sort -committerdate --format %(refname) %(objectname) %(*objectname) [4ms]
[2022-08-09T15:04:38.643Z] > git remote --verbose [2ms]
[2022-08-09T15:04:38.648Z] > git config --get commit.template [2ms]
[2022-08-09T15:04:43.692Z] > git symbolic-ref --short HEAD [2ms]
[2022-08-09T15:04:43.696Z] > git for-each-ref --format=%(refname)%00%(upstream:short)%00%(objectname)%00%(upstream:track) refs/heads/master refs/remotes/master [2ms]
[2022-08-09T15:04:43.702Z] > git for-each-ref --sort -committerdate --format %(refname) %(objectname) %(*objectname) [4ms]
[2022-08-09T15:04:43.704Z] > git remote --verbose [2ms]
[2022-08-09T15:04:43.709Z] > git config --get commit.template [2ms]
[2022-08-09T15:04:48.752Z] > git symbolic-ref --short HEAD [2ms]
[2022-08-09T15:04:48.756Z] > git for-each-ref --format=%(refname)%00%(upstream:short)%00%(objectname)%00%(upstream:track) refs/heads/master refs/remotes/master [1ms]
[2022-08-09T15:04:48.762Z] > git for-each-ref --sort -committerdate --format %(refname) %(objectname) %(*objectname) [4ms]
[2022-08-09T15:04:48.764Z] > git remote --verbose [2ms]
[2022-08-09T15:04:48.769Z] > git config --get commit.template [2ms]
[2022-08-09T15:04:53.812Z] > git symbolic-ref --short HEAD [2ms]
[2022-08-09T15:04:53.815Z] > git for-each-ref --format=%(refname)%00%(upstream:short)%00%(objectname)%00%(upstream:track) refs/heads/master refs/remotes/master [1ms]
[2022-08-09T15:04:53.822Z] > git for-each-ref --sort -committerdate --format %(refname) %(objectname) %(*objectname) [4ms]
[2022-08-09T15:04:53.823Z] > git remote --verbose [2ms]
[2022-08-09T15:04:53.828Z] > git config --get commit.template [1ms]
[2022-08-09T15:04:58.871Z] > git symbolic-ref --short HEAD [1ms]
[2022-08-09T15:04:58.875Z] > git for-each-ref --format=%(refname)%00%(upstream:short)%00%(objectname)%00%(upstream:track) refs/heads/master refs/remotes/master [1ms]
[2022-08-09T15:04:58.882Z] > git for-each-ref --sort -committerdate --format %(refname) %(objectname) %(*objectname) [4ms]
[2022-08-09T15:04:58.884Z] > git remote --verbose [2ms]
[2022-08-09T15:04:58.889Z] > git config --get commit.template [1ms]
[2022-08-09T15:05:03.935Z] > git symbolic-ref --short HEAD [2ms]
[2022-08-09T15:05:03.940Z] > git for-each-ref --format=%(refname)%00%(upstream:short)%00%(objectname)%00%(upstream:track) refs/heads/master refs/remotes/master [2ms]
[2022-08-09T15:05:03.948Z] > git for-each-ref --sort -committerdate --format %(refname) %(objectname) %(*objectname) [5ms]
[2022-08-09T15:05:03.950Z] > git remote --verbose [2ms]
[2022-08-09T15:05:03.956Z] > git config --get commit.template [2ms]
[2022-08-09T15:05:08.999Z] > git symbolic-ref --short HEAD [2ms]
[2022-08-09T15:05:09.003Z] > git for-each-ref --format=%(refname)%00%(upstream:short)%00%(objectname)%00%(upstream:track) refs/heads/master refs/remotes/master [1ms]
[2022-08-09T15:05:09.010Z] > git for-each-ref --sort -committerdate --format %(refname) %(objectname) %(*objectname) [3ms]
[2022-08-09T15:05:09.011Z] > git remote --verbose [2ms]
[2022-08-09T15:05:09.017Z] > git config --get commit.template [1ms]
[2022-08-09T15:05:14.063Z] > git symbolic-ref --short HEAD [2ms]
[2022-08-09T15:05:14.067Z] > git for-each-ref --format=%(refname)%00%(upstream:short)%00%(objectname)%00%(upstream:track) refs/heads/master refs/remotes/master [2ms]
[2022-08-09T15:05:14.074Z] > git for-each-ref --sort -committerdate --format %(refname) %(objectname) %(*objectname) [4ms]
[2022-08-09T15:05:14.076Z] > git remote --verbose [3ms]
[2022-08-09T15:05:14.083Z] > git config --get commit.template [3ms]
[2022-08-09T15:05:19.127Z] > git symbolic-ref --short HEAD [2ms]
[2022-08-09T15:05:19.131Z] > git for-each-ref --format=%(refname)%00%(upstream:short)%00%(objectname)%00%(upstream:track) refs/heads/master refs/remotes/master [1ms]
[2022-08-09T15:05:19.138Z] > git for-each-ref --sort -committerdate --format %(refname) %(objectname) %(*objectname) [4ms]
[2022-08-09T15:05:19.139Z] > git remote --verbose [2ms]
[2022-08-09T15:05:19.145Z] > git config --get commit.template [2ms]
[2022-08-09T15:05:24.187Z] > git symbolic-ref --short HEAD [1ms]
[2022-08-09T15:05:24.191Z] > git for-each-ref --format=%(refname)%00%(upstream:short)%00%(objectname)%00%(upstream:track) refs/heads/master refs/remotes/master [1ms]
[2022-08-09T15:05:24.198Z] > git for-each-ref --sort -committerdate --format %(refname) %(objectname) %(*objectname) [4ms]
[2022-08-09T15:05:24.199Z] > git remote --verbose [2ms]
[2022-08-09T15:05:24.204Z] > git config --get commit.template [1ms]
[2022-08-09T15:05:29.247Z] > git symbolic-ref --short HEAD [2ms]
[2022-08-09T15:05:29.251Z] > git for-each-ref --format=%(refname)%00%(upstream:short)%00%(objectname)%00%(upstream:track) refs/heads/master refs/remotes/master [1ms]
[2022-08-09T15:05:29.257Z] > git for-each-ref --sort -committerdate --format %(refname) %(objectname) %(*objectname) [3ms]
[2022-08-09T15:05:29.259Z] > git remote --verbose [2ms]
[2022-08-09T15:05:29.264Z] > git config --get commit.template [2ms]
[2022-08-09T15:05:34.306Z] > git symbolic-ref --short HEAD [1ms]
[2022-08-09T15:05:34.310Z] > git for-each-ref --format=%(refname)%00%(upstream:short)%00%(objectname)%00%(upstream:track) refs/heads/master refs/remotes/master [1ms]
[2022-08-09T15:05:34.317Z] > git for-each-ref --sort -committerdate --format %(refname) %(objectname) %(*objectname) [4ms]
[2022-08-09T15:05:34.319Z] > git remote --verbose [3ms]
[2022-08-09T15:05:34.324Z] > git config --get commit.template [2ms]
[2022-08-09T15:05:39.374Z] > git symbolic-ref --short HEAD [2ms]
[2022-08-09T15:05:39.378Z] > git for-each-ref --format=%(refname)%00%(upstream:short)%00%(objectname)%00%(upstream:track) refs/heads/master refs/remotes/master [1ms]
[2022-08-09T15:05:39.385Z] > git for-each-ref --sort -committerdate --format %(refname) %(objectname) %(*objectname) [4ms]
[2022-08-09T15:05:39.386Z] > git remote --verbose [2ms]
[2022-08-09T15:05:39.393Z] > git config --get commit.template [3ms]
[2022-08-09T15:05:44.436Z] > git symbolic-ref --short HEAD [2ms]
[2022-08-09T15:05:44.439Z] > git for-each-ref --format=%(refname)%00%(upstream:short)%00%(objectname)%00%(upstream:track) refs/heads/master refs/remotes/master [1ms]
[2022-08-09T15:05:44.447Z] > git for-each-ref --sort -committerdate --format %(refname) %(objectname) %(*objectname) [4ms]
[2022-08-09T15:05:44.448Z] > git remote --verbose [2ms]
[2022-08-09T15:05:44.454Z] > git config --get commit.template [1ms]
[2022-08-09T15:05:49.497Z] > git symbolic-ref --short HEAD [2ms]
[2022-08-09T15:05:49.501Z] > git for-each-ref --format=%(refname)%00%(upstream:short)%00%(objectname)%00%(upstream:track) refs/heads/master refs/remotes/master [1ms]
[2022-08-09T15:05:49.507Z] > git for-each-ref --sort -committerdate --format %(refname) %(objectname) %(*objectname) [4ms]
[2022-08-09T15:05:49.511Z] > git remote --verbose [4ms]
[2022-08-09T15:05:49.516Z] > git config --get commit.template [2ms]
[2022-08-09T15:05:54.559Z] > git symbolic-ref --short HEAD [1ms]
[2022-08-09T15:05:54.564Z] > git for-each-ref --format=%(refname)%00%(upstream:short)%00%(objectname)%00%(upstream:track) refs/heads/master refs/remotes/master [2ms]
[2022-08-09T15:05:54.571Z] > git for-each-ref --sort -committerdate --format %(refname) %(objectname) %(*objectname) [5ms]
[2022-08-09T15:05:54.573Z] > git remote --verbose [3ms]
[2022-08-09T15:05:54.578Z] > git config --get commit.template [1ms]
[2022-08-09T15:05:59.622Z] > git symbolic-ref --short HEAD [2ms]
[2022-08-09T15:05:59.626Z] > git for-each-ref --format=%(refname)%00%(upstream:short)%00%(objectname)%00%(upstream:track) refs/heads/master refs/remotes/master [2ms]
[2022-08-09T15:05:59.632Z] > git for-each-ref --sort -committerdate --format %(refname) %(objectname) %(*objectname) [4ms]
[2022-08-09T15:05:59.634Z] > git remote --verbose [3ms]
[2022-08-09T15:05:59.640Z] > git config --get commit.template [2ms]
[2022-08-09T15:06:04.684Z] > git symbolic-ref --short HEAD [2ms]
[2022-08-09T15:06:04.688Z] > git for-each-ref --format=%(refname)%00%(upstream:short)%00%(objectname)%00%(upstream:track) refs/heads/master refs/remotes/master [1ms]
[2022-08-09T15:06:04.695Z] > git for-each-ref --sort -committerdate --format %(refname) %(objectname) %(*objectname) [4ms]
[2022-08-09T15:06:04.696Z] > git remote --verbose [2ms]
[2022-08-09T15:06:04.701Z] > git config --get commit.template [1ms]
[2022-08-09T15:06:09.744Z] > git symbolic-ref --short HEAD [2ms]
[2022-08-09T15:06:09.749Z] > git for-each-ref --format=%(refname)%00%(upstream:short)%00%(objectname)%00%(upstream:track) refs/heads/master refs/remotes/master [2ms]
[2022-08-09T15:06:09.758Z] > git for-each-ref --sort -committerdate --format %(refname) %(objectname) %(*objectname) [4ms]
[2022-08-09T15:06:09.760Z] > git remote --verbose [2ms]
[2022-08-09T15:06:09.765Z] > git config --get commit.template [2ms]
[2022-08-09T15:06:14.808Z] > git symbolic-ref --short HEAD [2ms]
[2022-08-09T15:06:14.812Z] > git for-each-ref --format=%(refname)%00%(upstream:short)%00%(objectname)%00%(upstream:track) refs/heads/master refs/remotes/master [2ms]
[2022-08-09T15:06:14.818Z] > git for-each-ref --sort -committerdate --format %(refname) %(objectname) %(*objectname) [4ms]
[2022-08-09T15:06:14.820Z] > git remote --verbose [2ms]
[2022-08-09T15:06:14.824Z] > git config --get commit.template [1ms]
[2022-08-09T15:06:19.868Z] > git symbolic-ref --short HEAD [2ms]
[2022-08-09T15:06:19.872Z] > git for-each-ref --format=%(refname)%00%(upstream:short)%00%(objectname)%00%(upstream:track) refs/heads/master refs/remotes/master [2ms]
[2022-08-09T15:06:19.878Z] > git for-each-ref --sort -committerdate --format %(refname) %(objectname) %(*objectname) [4ms]
[2022-08-09T15:06:19.879Z] > git remote --verbose [2ms]
[2022-08-09T15:06:19.884Z] > git config --get commit.template [1ms]
[2022-08-09T15:06:24.926Z] > git symbolic-ref --short HEAD [1ms]
[2022-08-09T15:06:24.930Z] > git for-each-ref --format=%(refname)%00%(upstream:short)%00%(objectname)%00%(upstream:track) refs/heads/master refs/remotes/master [1ms]
[2022-08-09T15:06:24.936Z] > git for-each-ref --sort -committerdate --format %(refname) %(objectname) %(*objectname) [4ms]
[2022-08-09T15:06:24.938Z] > git remote --verbose [2ms]
[2022-08-09T15:06:24.942Z] > git config --get commit.template [1ms]
[2022-08-09T15:06:30.505Z] > git symbolic-ref --short HEAD [2ms]
[2022-08-09T15:06:30.509Z] > git for-each-ref --format=%(refname)%00%(upstream:short)%00%(objectname)%00%(upstream:track) refs/heads/master refs/remotes/master [1ms]
[2022-08-09T15:06:30.516Z] > git for-each-ref --sort -committerdate --format %(refname) %(objectname) %(*objectname) [4ms]
[2022-08-09T15:06:30.517Z] > git remote --verbose [2ms]
[2022-08-09T15:06:30.522Z] > git config --get commit.template [1ms]
[2022-08-09T15:06:35.564Z] > git symbolic-ref --short HEAD [2ms]
[2022-08-09T15:06:35.568Z] > git for-each-ref --format=%(refname)%00%(upstream:short)%00%(objectname)%00%(upstream:track) refs/heads/master refs/remotes/master [1ms]
[2022-08-09T15:06:35.574Z] > git for-each-ref --sort -committerdate --format %(refname) %(objectname) %(*objectname) [4ms]
[2022-08-09T15:06:35.576Z] > git remote --verbose [2ms]
[2022-08-09T15:06:35.580Z] > git config --get commit.template [1ms]
[2022-08-09T15:06:40.622Z] > git symbolic-ref --short HEAD [1ms]
[2022-08-09T15:06:40.626Z] > git for-each-ref --format=%(refname)%00%(upstream:short)%00%(objectname)%00%(upstream:track) refs/heads/master refs/remotes/master [1ms]
[2022-08-09T15:06:40.632Z] > git for-each-ref --sort -committerdate --format %(refname) %(objectname) %(*objectname) [3ms]
[2022-08-09T15:06:40.634Z] > git remote --verbose [2ms]
[2022-08-09T15:06:40.639Z] > git config --get commit.template [2ms]
[2022-08-09T15:06:45.681Z] > git symbolic-ref --short HEAD [2ms]
[2022-08-09T15:06:45.685Z] > git for-each-ref --format=%(refname)%00%(upstream:short)%00%(objectname)%00%(upstream:track) refs/heads/master refs/remotes/master [2ms]
[2022-08-09T15:06:45.691Z] > git for-each-ref --sort -committerdate --format %(refname) %(objectname) %(*objectname) [4ms]
[2022-08-09T15:06:45.692Z] > git remote --verbose [2ms]
[2022-08-09T15:06:45.697Z] > git config --get commit.template [1ms]
[2022-08-09T15:06:50.742Z] > git symbolic-ref --short HEAD [2ms]
[2022-08-09T15:06:50.746Z] > git for-each-ref --format=%(refname)%00%(upstream:short)%00%(objectname)%00%(upstream:track) refs/heads/master refs/remotes/master [1ms]
[2022-08-09T15:06:50.753Z] > git for-each-ref --sort -committerdate --format %(refname) %(objectname) %(*objectname) [4ms]
[2022-08-09T15:06:50.755Z] > git remote --verbose [2ms]
[2022-08-09T15:06:50.760Z] > git config --get commit.template [1ms]
[2022-08-09T15:06:55.803Z] > git symbolic-ref --short HEAD [1ms]
[2022-08-09T15:06:55.807Z] > git for-each-ref --format=%(refname)%00%(upstream:short)%00%(objectname)%00%(upstream:track) refs/heads/master refs/remotes/master [1ms]
[2022-08-09T15:06:55.814Z] > git for-each-ref --sort -committerdate --format %(refname) %(objectname) %(*objectname) [4ms]
[2022-08-09T15:06:55.815Z] > git remote --verbose [2ms]
[2022-08-09T15:06:55.820Z] > git config --get commit.template [1ms]
