[2022-07-26T21:09:34.915Z] Validating found git in: git
[2022-07-26T21:09:34.965Z] Using git 2.37.1 from git
[2022-07-26T21:09:35.024Z] > git rev-parse --git-dir [22ms]
[2022-07-26T21:09:35.032Z] Open repository: /home/ec2-user
[2022-07-26T21:09:35.160Z] > git symbolic-ref --short HEAD [43ms]
[2022-07-26T21:09:35.190Z] > git for-each-ref --format=%(refname)%00%(upstream:short)%00%(objectname)%00%(upstream:track) refs/heads/master refs/remotes/master [19ms]
[2022-07-26T21:09:35.219Z] > git for-each-ref --sort -committerdate --format %(refname) %(objectname) %(*objectname) [17ms]
[2022-07-26T21:09:35.224Z] > git remote --verbose [15ms]
[2022-07-26T21:09:35.262Z] > git config --get commit.template [9ms]
[2022-07-26T21:09:35.666Z] > git ls-files --stage -- /home/ec2-user/Step1/main.tf [7ms]
[2022-07-26T21:09:35.677Z] > git cat-file -s 05f2bbf6de3fb29d1f665616106bb187ca72b5ea [4ms]
[2022-07-26T21:09:45.604Z] > git symbolic-ref --short HEAD [4ms]
[2022-07-26T21:09:45.617Z] > git for-each-ref --format=%(refname)%00%(upstream:short)%00%(objectname)%00%(upstream:track) refs/heads/master refs/remotes/master [4ms]
[2022-07-26T21:09:45.629Z] > git for-each-ref --sort -committerdate --format %(refname) %(objectname) %(*objectname) [7ms]
[2022-07-26T21:09:45.632Z] > git remote --verbose [5ms]
[2022-07-26T21:09:45.648Z] > git config --get commit.template [6ms]
[2022-07-26T21:09:52.046Z] > git log --format=%H%n%aN%n%aE%n%at%n%ct%n%P%n%B -z -n21 -- /home/ec2-user/Step1/main.tf [32ms]
[2022-07-26T21:10:11.098Z] > git symbolic-ref --short HEAD [3ms]
[2022-07-26T21:10:11.102Z] > git for-each-ref --format=%(refname)%00%(upstream:short)%00%(objectname)%00%(upstream:track) refs/heads/master refs/remotes/master [2ms]
[2022-07-26T21:10:11.109Z] > git for-each-ref --sort -committerdate --format %(refname) %(objectname) %(*objectname) [4ms]
[2022-07-26T21:10:11.113Z] > git remote --verbose [5ms]
[2022-07-26T21:10:11.121Z] > git config --get commit.template [2ms]
[2022-07-26T21:17:53.307Z] > git symbolic-ref --short HEAD [2ms]
[2022-07-26T21:17:53.312Z] > git for-each-ref --format=%(refname)%00%(upstream:short)%00%(objectname)%00%(upstream:track) refs/heads/master refs/remotes/master [1ms]
[2022-07-26T21:17:53.319Z] > git for-each-ref --sort -committerdate --format %(refname) %(objectname) %(*objectname) [4ms]
[2022-07-26T21:17:53.321Z] > git remote --verbose [3ms]
[2022-07-26T21:17:53.328Z] > git config --get commit.template [2ms]
[2022-07-26T21:17:58.362Z] > git symbolic-ref --short HEAD [3ms]
[2022-07-26T21:17:58.366Z] > git for-each-ref --format=%(refname)%00%(upstream:short)%00%(objectname)%00%(upstream:track) refs/heads/master refs/remotes/master [1ms]
[2022-07-26T21:17:58.372Z] > git for-each-ref --sort -committerdate --format %(refname) %(objectname) %(*objectname) [3ms]
[2022-07-26T21:17:58.374Z] > git remote --verbose [2ms]
[2022-07-26T21:17:58.380Z] > git config --get commit.template [2ms]
[2022-07-26T21:18:03.410Z] > git symbolic-ref --short HEAD [2ms]
[2022-07-26T21:18:03.414Z] > git for-each-ref --format=%(refname)%00%(upstream:short)%00%(objectname)%00%(upstream:track) refs/heads/master refs/remotes/master [1ms]
[2022-07-26T21:18:03.421Z] > git for-each-ref --sort -committerdate --format %(refname) %(objectname) %(*objectname) [4ms]
[2022-07-26T21:18:03.423Z] > git remote --verbose [3ms]
[2022-07-26T21:18:03.428Z] > git config --get commit.template [1ms]
[2022-07-26T21:18:08.494Z] > git symbolic-ref --short HEAD [12ms]
[2022-07-26T21:18:08.505Z] > git for-each-ref --format=%(refname)%00%(upstream:short)%00%(objectname)%00%(upstream:track) refs/heads/master refs/remotes/master [7ms]
[2022-07-26T21:18:08.521Z] > git for-each-ref --sort -committerdate --format %(refname) %(objectname) %(*objectname) [11ms]
[2022-07-26T21:18:08.526Z] > git remote --verbose [7ms]
[2022-07-26T21:18:08.545Z] > git config --get commit.template [7ms]
[2022-07-26T21:18:13.574Z] > git symbolic-ref --short HEAD [2ms]
[2022-07-26T21:18:13.578Z] > git for-each-ref --format=%(refname)%00%(upstream:short)%00%(objectname)%00%(upstream:track) refs/heads/master refs/remotes/master [2ms]
[2022-07-26T21:18:13.584Z] > git for-each-ref --sort -committerdate --format %(refname) %(objectname) %(*objectname) [4ms]
[2022-07-26T21:18:13.586Z] > git remote --verbose [3ms]
[2022-07-26T21:18:13.591Z] > git config --get commit.template [1ms]
[2022-07-26T21:18:18.620Z] > git symbolic-ref --short HEAD [2ms]
[2022-07-26T21:18:18.624Z] > git for-each-ref --format=%(refname)%00%(upstream:short)%00%(objectname)%00%(upstream:track) refs/heads/master refs/remotes/master [2ms]
[2022-07-26T21:18:18.630Z] > git for-each-ref --sort -committerdate --format %(refname) %(objectname) %(*objectname) [4ms]
[2022-07-26T21:18:18.632Z] > git remote --verbose [3ms]
[2022-07-26T21:18:18.637Z] > git config --get commit.template [1ms]
[2022-07-26T21:18:23.666Z] > git symbolic-ref --short HEAD [2ms]
[2022-07-26T21:18:23.670Z] > git for-each-ref --format=%(refname)%00%(upstream:short)%00%(objectname)%00%(upstream:track) refs/heads/master refs/remotes/master [1ms]
[2022-07-26T21:18:23.677Z] > git for-each-ref --sort -committerdate --format %(refname) %(objectname) %(*objectname) [4ms]
[2022-07-26T21:18:23.679Z] > git remote --verbose [3ms]
[2022-07-26T21:18:23.685Z] > git config --get commit.template [2ms]
[2022-07-26T21:18:28.713Z] > git symbolic-ref --short HEAD [1ms]
[2022-07-26T21:18:28.717Z] > git for-each-ref --format=%(refname)%00%(upstream:short)%00%(objectname)%00%(upstream:track) refs/heads/master refs/remotes/master [1ms]
[2022-07-26T21:18:28.724Z] > git for-each-ref --sort -committerdate --format %(refname) %(objectname) %(*objectname) [4ms]
[2022-07-26T21:18:28.726Z] > git remote --verbose [3ms]
[2022-07-26T21:18:28.731Z] > git config --get commit.template [1ms]
[2022-07-26T21:18:33.761Z] > git symbolic-ref --short HEAD [2ms]
[2022-07-26T21:18:33.765Z] > git for-each-ref --format=%(refname)%00%(upstream:short)%00%(objectname)%00%(upstream:track) refs/heads/master refs/remotes/master [2ms]
[2022-07-26T21:18:33.771Z] > git for-each-ref --sort -committerdate --format %(refname) %(objectname) %(*objectname) [4ms]
[2022-07-26T21:18:33.773Z] > git remote --verbose [3ms]
[2022-07-26T21:18:33.778Z] > git config --get commit.template [2ms]
[2022-07-26T21:18:38.807Z] > git symbolic-ref --short HEAD [2ms]
[2022-07-26T21:18:38.811Z] > git for-each-ref --format=%(refname)%00%(upstream:short)%00%(objectname)%00%(upstream:track) refs/heads/master refs/remotes/master [2ms]
[2022-07-26T21:18:38.817Z] > git for-each-ref --sort -committerdate --format %(refname) %(objectname) %(*objectname) [4ms]
[2022-07-26T21:18:38.819Z] > git remote --verbose [3ms]
[2022-07-26T21:18:38.824Z] > git config --get commit.template [2ms]
[2022-07-26T21:18:43.853Z] > git symbolic-ref --short HEAD [2ms]
[2022-07-26T21:18:43.858Z] > git for-each-ref --format=%(refname)%00%(upstream:short)%00%(objectname)%00%(upstream:track) refs/heads/master refs/remotes/master [2ms]
[2022-07-26T21:18:43.864Z] > git for-each-ref --sort -committerdate --format %(refname) %(objectname) %(*objectname) [4ms]
[2022-07-26T21:18:43.866Z] > git remote --verbose [2ms]
[2022-07-26T21:18:43.872Z] > git config --get commit.template [2ms]
[2022-07-26T21:18:48.900Z] > git symbolic-ref --short HEAD [1ms]
[2022-07-26T21:18:48.904Z] > git for-each-ref --format=%(refname)%00%(upstream:short)%00%(objectname)%00%(upstream:track) refs/heads/master refs/remotes/master [1ms]
[2022-07-26T21:18:48.910Z] > git for-each-ref --sort -committerdate --format %(refname) %(objectname) %(*objectname) [4ms]
[2022-07-26T21:18:48.912Z] > git remote --verbose [2ms]
[2022-07-26T21:18:48.917Z] > git config --get commit.template [2ms]
[2022-07-26T21:18:53.946Z] > git symbolic-ref --short HEAD [2ms]
[2022-07-26T21:18:53.950Z] > git for-each-ref --format=%(refname)%00%(upstream:short)%00%(objectname)%00%(upstream:track) refs/heads/master refs/remotes/master [1ms]
[2022-07-26T21:18:53.956Z] > git for-each-ref --sort -committerdate --format %(refname) %(objectname) %(*objectname) [4ms]
[2022-07-26T21:18:53.958Z] > git remote --verbose [2ms]
[2022-07-26T21:18:53.963Z] > git config --get commit.template [2ms]
[2022-07-26T21:18:58.991Z] > git symbolic-ref --short HEAD [2ms]
[2022-07-26T21:18:58.995Z] > git for-each-ref --format=%(refname)%00%(upstream:short)%00%(objectname)%00%(upstream:track) refs/heads/master refs/remotes/master [1ms]
[2022-07-26T21:18:59.001Z] > git for-each-ref --sort -committerdate --format %(refname) %(objectname) %(*objectname) [4ms]
[2022-07-26T21:18:59.003Z] > git remote --verbose [2ms]
[2022-07-26T21:18:59.008Z] > git config --get commit.template [2ms]
[2022-07-26T21:19:04.038Z] > git symbolic-ref --short HEAD [2ms]
[2022-07-26T21:19:04.042Z] > git for-each-ref --format=%(refname)%00%(upstream:short)%00%(objectname)%00%(upstream:track) refs/heads/master refs/remotes/master [2ms]
[2022-07-26T21:19:04.049Z] > git for-each-ref --sort -committerdate --format %(refname) %(objectname) %(*objectname) [5ms]
[2022-07-26T21:19:04.053Z] > git remote --verbose [4ms]
[2022-07-26T21:19:04.059Z] > git config --get commit.template [2ms]
[2022-07-26T21:19:09.088Z] > git symbolic-ref --short HEAD [2ms]
[2022-07-26T21:19:09.093Z] > git for-each-ref --format=%(refname)%00%(upstream:short)%00%(objectname)%00%(upstream:track) refs/heads/master refs/remotes/master [2ms]
[2022-07-26T21:19:09.099Z] > git for-each-ref --sort -committerdate --format %(refname) %(objectname) %(*objectname) [4ms]
[2022-07-26T21:19:09.100Z] > git remote --verbose [2ms]
[2022-07-26T21:19:09.106Z] > git config --get commit.template [2ms]
[2022-07-26T21:19:14.134Z] > git symbolic-ref --short HEAD [2ms]
[2022-07-26T21:19:14.138Z] > git for-each-ref --format=%(refname)%00%(upstream:short)%00%(objectname)%00%(upstream:track) refs/heads/master refs/remotes/master [2ms]
[2022-07-26T21:19:14.143Z] > git for-each-ref --sort -committerdate --format %(refname) %(objectname) %(*objectname) [3ms]
[2022-07-26T21:19:14.145Z] > git remote --verbose [2ms]
[2022-07-26T21:19:14.153Z] > git config --get commit.template [5ms]
[2022-07-26T21:19:19.181Z] > git symbolic-ref --short HEAD [2ms]
[2022-07-26T21:19:19.185Z] > git for-each-ref --format=%(refname)%00%(upstream:short)%00%(objectname)%00%(upstream:track) refs/heads/master refs/remotes/master [2ms]
[2022-07-26T21:19:19.191Z] > git for-each-ref --sort -committerdate --format %(refname) %(objectname) %(*objectname) [4ms]
[2022-07-26T21:19:19.193Z] > git remote --verbose [2ms]
[2022-07-26T21:19:19.199Z] > git config --get commit.template [3ms]
[2022-07-26T21:19:24.227Z] > git symbolic-ref --short HEAD [2ms]
[2022-07-26T21:19:24.231Z] > git for-each-ref --format=%(refname)%00%(upstream:short)%00%(objectname)%00%(upstream:track) refs/heads/master refs/remotes/master [1ms]
[2022-07-26T21:19:24.238Z] > git for-each-ref --sort -committerdate --format %(refname) %(objectname) %(*objectname) [4ms]
[2022-07-26T21:19:24.240Z] > git remote --verbose [3ms]
[2022-07-26T21:19:24.246Z] > git config --get commit.template [2ms]
[2022-07-26T21:19:29.276Z] > git symbolic-ref --short HEAD [2ms]
[2022-07-26T21:19:29.279Z] > git for-each-ref --format=%(refname)%00%(upstream:short)%00%(objectname)%00%(upstream:track) refs/heads/master refs/remotes/master [1ms]
[2022-07-26T21:19:29.285Z] > git for-each-ref --sort -committerdate --format %(refname) %(objectname) %(*objectname) [3ms]
[2022-07-26T21:19:29.287Z] > git remote --verbose [2ms]
[2022-07-26T21:19:29.292Z] > git config --get commit.template [2ms]
[2022-07-26T21:19:34.321Z] > git symbolic-ref --short HEAD [2ms]
[2022-07-26T21:19:34.324Z] > git for-each-ref --format=%(refname)%00%(upstream:short)%00%(objectname)%00%(upstream:track) refs/heads/master refs/remotes/master [1ms]
[2022-07-26T21:19:34.334Z] > git for-each-ref --sort -committerdate --format %(refname) %(objectname) %(*objectname) [7ms]
[2022-07-26T21:19:34.335Z] > git remote --verbose [2ms]
[2022-07-26T21:19:34.340Z] > git config --get commit.template [1ms]
[2022-07-26T21:19:39.371Z] > git symbolic-ref --short HEAD [3ms]
[2022-07-26T21:19:39.376Z] > git for-each-ref --format=%(refname)%00%(upstream:short)%00%(objectname)%00%(upstream:track) refs/heads/master refs/remotes/master [2ms]
[2022-07-26T21:19:39.382Z] > git for-each-ref --sort -committerdate --format %(refname) %(objectname) %(*objectname) [4ms]
[2022-07-26T21:19:39.384Z] > git remote --verbose [3ms]
[2022-07-26T21:19:39.389Z] > git config --get commit.template [2ms]
[2022-07-26T21:19:44.420Z] > git symbolic-ref --short HEAD [2ms]
[2022-07-26T21:19:44.424Z] > git for-each-ref --format=%(refname)%00%(upstream:short)%00%(objectname)%00%(upstream:track) refs/heads/master refs/remotes/master [2ms]
[2022-07-26T21:19:44.430Z] > git for-each-ref --sort -committerdate --format %(refname) %(objectname) %(*objectname) [4ms]
[2022-07-26T21:19:44.431Z] > git remote --verbose [2ms]
[2022-07-26T21:19:44.436Z] > git config --get commit.template [1ms]
[2022-07-26T21:19:49.466Z] > git symbolic-ref --short HEAD [2ms]
[2022-07-26T21:19:49.470Z] > git for-each-ref --format=%(refname)%00%(upstream:short)%00%(objectname)%00%(upstream:track) refs/heads/master refs/remotes/master [2ms]
[2022-07-26T21:19:49.476Z] > git for-each-ref --sort -committerdate --format %(refname) %(objectname) %(*objectname) [4ms]
[2022-07-26T21:19:49.478Z] > git remote --verbose [2ms]
[2022-07-26T21:19:49.486Z] > git config --get commit.template [2ms]
[2022-07-26T21:19:54.515Z] > git symbolic-ref --short HEAD [1ms]
[2022-07-26T21:19:54.519Z] > git for-each-ref --format=%(refname)%00%(upstream:short)%00%(objectname)%00%(upstream:track) refs/heads/master refs/remotes/master [1ms]
[2022-07-26T21:19:54.525Z] > git for-each-ref --sort -committerdate --format %(refname) %(objectname) %(*objectname) [4ms]
[2022-07-26T21:19:54.527Z] > git remote --verbose [2ms]
[2022-07-26T21:19:54.532Z] > git config --get commit.template [2ms]
[2022-07-26T21:19:59.561Z] > git symbolic-ref --short HEAD [2ms]
[2022-07-26T21:19:59.565Z] > git for-each-ref --format=%(refname)%00%(upstream:short)%00%(objectname)%00%(upstream:track) refs/heads/master refs/remotes/master [2ms]
[2022-07-26T21:19:59.571Z] > git for-each-ref --sort -committerdate --format %(refname) %(objectname) %(*objectname) [4ms]
[2022-07-26T21:19:59.573Z] > git remote --verbose [3ms]
[2022-07-26T21:19:59.578Z] > git config --get commit.template [2ms]
[2022-07-26T21:20:04.608Z] > git symbolic-ref --short HEAD [2ms]
[2022-07-26T21:20:04.612Z] > git for-each-ref --format=%(refname)%00%(upstream:short)%00%(objectname)%00%(upstream:track) refs/heads/master refs/remotes/master [1ms]
[2022-07-26T21:20:04.619Z] > git for-each-ref --sort -committerdate --format %(refname) %(objectname) %(*objectname) [4ms]
[2022-07-26T21:20:04.620Z] > git remote --verbose [2ms]
[2022-07-26T21:20:04.627Z] > git config --get commit.template [3ms]
[2022-07-26T21:20:09.657Z] > git symbolic-ref --short HEAD [2ms]
[2022-07-26T21:20:09.663Z] > git for-each-ref --format=%(refname)%00%(upstream:short)%00%(objectname)%00%(upstream:track) refs/heads/master refs/remotes/master [3ms]
[2022-07-26T21:20:09.669Z] > git for-each-ref --sort -committerdate --format %(refname) %(objectname) %(*objectname) [4ms]
[2022-07-26T21:20:09.671Z] > git remote --verbose [3ms]
[2022-07-26T21:20:09.676Z] > git config --get commit.template [2ms]
[2022-07-26T21:20:14.709Z] > git symbolic-ref --short HEAD [2ms]
[2022-07-26T21:20:14.717Z] > git for-each-ref --format=%(refname)%00%(upstream:short)%00%(objectname)%00%(upstream:track) refs/heads/master refs/remotes/master [2ms]
[2022-07-26T21:20:14.725Z] > git for-each-ref --sort -committerdate --format %(refname) %(objectname) %(*objectname) [5ms]
[2022-07-26T21:20:14.727Z] > git remote --verbose [3ms]
[2022-07-26T21:20:14.733Z] > git config --get commit.template [2ms]
[2022-07-26T21:20:19.762Z] > git symbolic-ref --short HEAD [2ms]
[2022-07-26T21:20:19.765Z] > git for-each-ref --format=%(refname)%00%(upstream:short)%00%(objectname)%00%(upstream:track) refs/heads/master refs/remotes/master [1ms]
[2022-07-26T21:20:19.772Z] > git for-each-ref --sort -committerdate --format %(refname) %(objectname) %(*objectname) [3ms]
[2022-07-26T21:20:19.773Z] > git remote --verbose [2ms]
[2022-07-26T21:20:19.779Z] > git config --get commit.template [2ms]
[2022-07-26T21:20:24.810Z] > git symbolic-ref --short HEAD [2ms]
[2022-07-26T21:20:24.815Z] > git for-each-ref --format=%(refname)%00%(upstream:short)%00%(objectname)%00%(upstream:track) refs/heads/master refs/remotes/master [2ms]
[2022-07-26T21:20:24.822Z] > git for-each-ref --sort -committerdate --format %(refname) %(objectname) %(*objectname) [5ms]
[2022-07-26T21:20:24.823Z] > git remote --verbose [2ms]
[2022-07-26T21:20:24.830Z] > git config --get commit.template [2ms]
[2022-07-26T21:20:29.879Z] > git symbolic-ref --short HEAD [3ms]
[2022-07-26T21:20:29.883Z] > git for-each-ref --format=%(refname)%00%(upstream:short)%00%(objectname)%00%(upstream:track) refs/heads/master refs/remotes/master [1ms]
[2022-07-26T21:20:29.889Z] > git for-each-ref --sort -committerdate --format %(refname) %(objectname) %(*objectname) [4ms]
[2022-07-26T21:20:29.891Z] > git remote --verbose [2ms]
[2022-07-26T21:20:29.896Z] > git config --get commit.template [2ms]
[2022-07-26T21:20:34.937Z] > git symbolic-ref --short HEAD [2ms]
[2022-07-26T21:20:34.942Z] > git for-each-ref --format=%(refname)%00%(upstream:short)%00%(objectname)%00%(upstream:track) refs/heads/master refs/remotes/master [2ms]
[2022-07-26T21:20:34.954Z] > git for-each-ref --sort -committerdate --format %(refname) %(objectname) %(*objectname) [9ms]
[2022-07-26T21:20:34.957Z] > git remote --verbose [8ms]
[2022-07-26T21:20:34.968Z] > git config --get commit.template [2ms]
[2022-07-26T21:20:39.996Z] > git symbolic-ref --short HEAD [2ms]
[2022-07-26T21:20:39.999Z] > git for-each-ref --format=%(refname)%00%(upstream:short)%00%(objectname)%00%(upstream:track) refs/heads/master refs/remotes/master [1ms]
[2022-07-26T21:20:40.006Z] > git for-each-ref --sort -committerdate --format %(refname) %(objectname) %(*objectname) [4ms]
[2022-07-26T21:20:40.009Z] > git remote --verbose [3ms]
[2022-07-26T21:20:40.015Z] > git config --get commit.template [2ms]
[2022-07-26T21:20:45.045Z] > git symbolic-ref --short HEAD [2ms]
[2022-07-26T21:20:45.049Z] > git for-each-ref --format=%(refname)%00%(upstream:short)%00%(objectname)%00%(upstream:track) refs/heads/master refs/remotes/master [2ms]
[2022-07-26T21:20:45.055Z] > git for-each-ref --sort -committerdate --format %(refname) %(objectname) %(*objectname) [4ms]
[2022-07-26T21:20:45.057Z] > git remote --verbose [2ms]
[2022-07-26T21:20:45.062Z] > git config --get commit.template [1ms]
[2022-07-26T21:20:50.091Z] > git symbolic-ref --short HEAD [2ms]
[2022-07-26T21:20:50.095Z] > git for-each-ref --format=%(refname)%00%(upstream:short)%00%(objectname)%00%(upstream:track) refs/heads/master refs/remotes/master [1ms]
[2022-07-26T21:20:50.102Z] > git for-each-ref --sort -committerdate --format %(refname) %(objectname) %(*objectname) [4ms]
[2022-07-26T21:20:50.103Z] > git remote --verbose [2ms]
[2022-07-26T21:20:50.108Z] > git config --get commit.template [1ms]
[2022-07-26T22:11:34.842Z] > git symbolic-ref --short HEAD [2ms]
[2022-07-26T22:11:34.846Z] > git for-each-ref --format=%(refname)%00%(upstream:short)%00%(objectname)%00%(upstream:track) refs/heads/master refs/remotes/master [1ms]
[2022-07-26T22:11:34.853Z] > git for-each-ref --sort -committerdate --format %(refname) %(objectname) %(*objectname) [4ms]
[2022-07-26T22:11:34.854Z] > git remote --verbose [2ms]
[2022-07-26T22:11:34.860Z] > git config --get commit.template [2ms]
[2022-07-26T22:11:39.888Z] > git symbolic-ref --short HEAD [2ms]
[2022-07-26T22:11:39.892Z] > git for-each-ref --format=%(refname)%00%(upstream:short)%00%(objectname)%00%(upstream:track) refs/heads/master refs/remotes/master [2ms]
[2022-07-26T22:11:39.898Z] > git for-each-ref --sort -committerdate --format %(refname) %(objectname) %(*objectname) [4ms]
[2022-07-26T22:11:39.899Z] > git remote --verbose [2ms]
[2022-07-26T22:11:39.904Z] > git config --get commit.template [1ms]
[2022-07-26T22:11:44.933Z] > git symbolic-ref --short HEAD [2ms]
[2022-07-26T22:11:44.937Z] > git for-each-ref --format=%(refname)%00%(upstream:short)%00%(objectname)%00%(upstream:track) refs/heads/master refs/remotes/master [2ms]
[2022-07-26T22:11:44.943Z] > git for-each-ref --sort -committerdate --format %(refname) %(objectname) %(*objectname) [4ms]
[2022-07-26T22:11:44.945Z] > git remote --verbose [3ms]
[2022-07-26T22:11:44.950Z] > git config --get commit.template [2ms]
