[2022-08-09 21:28:04.426] [exthost] [info] Extension host with pid 9692 started
[2022-08-09 21:28:04.433] [exthost] [info] Lock '/home/ec2-user/.vscode-server/data/User/workspaceStorage/bd4a48b86a6b0e7dce82a23a7d51a25d/vscode.lock': Lock acquired.
[2022-08-09 21:28:04.629] [exthost] [info] ExtensionService#_doActivateExtension vscode.debug-auto-launch, startup: true, activationEvent: '*'
[2022-08-09 21:28:04.642] [exthost] [info] ExtensionService#_doActivateExtension vscode.git-base, startup: true, activationEvent: '*', root cause: vscode.git
[2022-08-09 21:28:04.649] [exthost] [info] ExtensionService#_doActivateExtension vscode.ipynb, startup: true, activationEvent: '*'
[2022-08-09 21:28:04.962] [exthost] [info] ExtensionService#_doActivateExtension vscode.git, startup: true, activationEvent: '*'
[2022-08-09 21:28:05.111] [exthost] [info] ExtensionService#_doActivateExtension vscode.github, startup: true, activationEvent: '*'
[2022-08-09 21:28:05.411] [exthost] [info] ExtensionService#_doActivateExtension hashicorp.hcl, startup: true, activationEvent: 'workspaceContains:**/*.hcl'
[2022-08-09 21:28:05.453] [exthost] [info] ExtensionService#_doActivateExtension hashicorp.terraform, startup: true, activationEvent: 'workspaceContains:**/*.tf,**/*.tfvars'
[2022-08-09 21:28:12.911] [exthost] [info] ExtensionService#_doActivateExtension vscode.emmet, startup: false, activationEvent: 'onStartupFinished'
[2022-08-09 21:28:12.958] [exthost] [info] ExtensionService#_doActivateExtension vscode.merge-conflict, startup: false, activationEvent: 'onStartupFinished'
[2022-08-09 21:28:12.968] [exthost] [info] Eager extensions activated
[2022-08-09 21:28:28.640] [exthost] [error] [hashicorp.terraform] provider FAILED
[2022-08-09 21:28:28.640] [exthost] [error] Error: context canceled
	at Fe (/home/ec2-user/.vscode-server/extensions/hashicorp.terraform-2.23.0-linux-x64/out/extension.js:17:223)
	at Be (/home/ec2-user/.vscode-server/extensions/hashicorp.terraform-2.23.0-linux-x64/out/extension.js:16:11251)
	at Immediate.<anonymous> (/home/ec2-user/.vscode-server/extensions/hashicorp.terraform-2.23.0-linux-x64/out/extension.js:16:11101)
	at processImmediate (node:internal/timers:464:21)
[2022-08-09 21:28:28.641] [exthost] [error] [hashicorp.terraform] provider FAILED
[2022-08-09 21:28:28.641] [exthost] [error] Error: context canceled
	at Fe (/home/ec2-user/.vscode-server/extensions/hashicorp.terraform-2.23.0-linux-x64/out/extension.js:17:223)
	at Be (/home/ec2-user/.vscode-server/extensions/hashicorp.terraform-2.23.0-linux-x64/out/extension.js:16:11251)
	at Immediate.<anonymous> (/home/ec2-user/.vscode-server/extensions/hashicorp.terraform-2.23.0-linux-x64/out/extension.js:16:11101)
	at processImmediate (node:internal/timers:464:21)
[2022-08-09 21:28:28.642] [exthost] [error] [hashicorp.terraform] provider FAILED
[2022-08-09 21:28:28.642] [exthost] [error] Error: context canceled
	at Fe (/home/ec2-user/.vscode-server/extensions/hashicorp.terraform-2.23.0-linux-x64/out/extension.js:17:223)
	at Be (/home/ec2-user/.vscode-server/extensions/hashicorp.terraform-2.23.0-linux-x64/out/extension.js:16:11251)
	at Immediate.<anonymous> (/home/ec2-user/.vscode-server/extensions/hashicorp.terraform-2.23.0-linux-x64/out/extension.js:16:11101)
	at processImmediate (node:internal/timers:464:21)
[2022-08-09 21:28:28.643] [exthost] [error] [hashicorp.terraform] provider FAILED
[2022-08-09 21:28:28.643] [exthost] [error] Error: context canceled
	at Fe (/home/ec2-user/.vscode-server/extensions/hashicorp.terraform-2.23.0-linux-x64/out/extension.js:17:223)
	at Be (/home/ec2-user/.vscode-server/extensions/hashicorp.terraform-2.23.0-linux-x64/out/extension.js:16:11251)
	at Immediate.<anonymous> (/home/ec2-user/.vscode-server/extensions/hashicorp.terraform-2.23.0-linux-x64/out/extension.js:16:11101)
	at processImmediate (node:internal/timers:464:21)
[2022-08-09 21:28:28.671] [exthost] [error] [hashicorp.terraform] provider FAILED
[2022-08-09 21:28:28.671] [exthost] [error] Error: context canceled
	at Fe (/home/ec2-user/.vscode-server/extensions/hashicorp.terraform-2.23.0-linux-x64/out/extension.js:17:223)
	at Be (/home/ec2-user/.vscode-server/extensions/hashicorp.terraform-2.23.0-linux-x64/out/extension.js:16:11251)
	at Immediate.<anonymous> (/home/ec2-user/.vscode-server/extensions/hashicorp.terraform-2.23.0-linux-x64/out/extension.js:16:11101)
	at processImmediate (node:internal/timers:464:21)
[2022-08-09 21:28:28.672] [exthost] [error] [hashicorp.terraform] provider FAILED
[2022-08-09 21:28:28.672] [exthost] [error] Error: context canceled
	at Fe (/home/ec2-user/.vscode-server/extensions/hashicorp.terraform-2.23.0-linux-x64/out/extension.js:17:223)
	at Be (/home/ec2-user/.vscode-server/extensions/hashicorp.terraform-2.23.0-linux-x64/out/extension.js:16:11251)
	at Immediate.<anonymous> (/home/ec2-user/.vscode-server/extensions/hashicorp.terraform-2.23.0-linux-x64/out/extension.js:16:11101)
	at processImmediate (node:internal/timers:464:21)
[2022-08-09 21:28:28.673] [exthost] [error] [hashicorp.terraform] provider FAILED
[2022-08-09 21:28:28.673] [exthost] [error] Error: context canceled
	at Fe (/home/ec2-user/.vscode-server/extensions/hashicorp.terraform-2.23.0-linux-x64/out/extension.js:17:223)
	at Be (/home/ec2-user/.vscode-server/extensions/hashicorp.terraform-2.23.0-linux-x64/out/extension.js:16:11251)
	at Immediate.<anonymous> (/home/ec2-user/.vscode-server/extensions/hashicorp.terraform-2.23.0-linux-x64/out/extension.js:16:11101)
	at processImmediate (node:internal/timers:464:21)
[2022-08-09 21:28:28.744] [exthost] [error] [hashicorp.terraform] provider FAILED
[2022-08-09 21:28:28.749] [exthost] [error] Error: main.tf (1,14): position outside of any attribute name, value or block
	at Fe (/home/ec2-user/.vscode-server/extensions/hashicorp.terraform-2.23.0-linux-x64/out/extension.js:17:223)
	at Be (/home/ec2-user/.vscode-server/extensions/hashicorp.terraform-2.23.0-linux-x64/out/extension.js:16:11251)
	at Immediate.<anonymous> (/home/ec2-user/.vscode-server/extensions/hashicorp.terraform-2.23.0-linux-x64/out/extension.js:16:11101)
	at processImmediate (node:internal/timers:464:21)
[2022-08-09 21:28:28.768] [exthost] [error] [hashicorp.terraform] provider FAILED
[2022-08-09 21:28:28.773] [exthost] [error] Error: context canceled
	at Fe (/home/ec2-user/.vscode-server/extensions/hashicorp.terraform-2.23.0-linux-x64/out/extension.js:17:223)
	at Be (/home/ec2-user/.vscode-server/extensions/hashicorp.terraform-2.23.0-linux-x64/out/extension.js:16:11251)
	at Immediate.<anonymous> (/home/ec2-user/.vscode-server/extensions/hashicorp.terraform-2.23.0-linux-x64/out/extension.js:16:11101)
	at processImmediate (node:internal/timers:464:21)
[2022-08-09 21:28:28.778] [exthost] [error] [hashicorp.terraform] provider FAILED
[2022-08-09 21:28:28.778] [exthost] [error] Error: context canceled
	at Fe (/home/ec2-user/.vscode-server/extensions/hashicorp.terraform-2.23.0-linux-x64/out/extension.js:17:223)
	at Be (/home/ec2-user/.vscode-server/extensions/hashicorp.terraform-2.23.0-linux-x64/out/extension.js:16:11251)
	at Immediate.<anonymous> (/home/ec2-user/.vscode-server/extensions/hashicorp.terraform-2.23.0-linux-x64/out/extension.js:16:11101)
	at processImmediate (node:internal/timers:464:21)
[2022-08-09 22:02:59.892] [exthost] [error] [hashicorp.terraform] provider FAILED
[2022-08-09 22:02:59.892] [exthost] [error] Error: main.tf (23,12): position outside of any attribute name, value or block
	at Fe (/home/ec2-user/.vscode-server/extensions/hashicorp.terraform-2.23.0-linux-x64/out/extension.js:17:223)
	at Be (/home/ec2-user/.vscode-server/extensions/hashicorp.terraform-2.23.0-linux-x64/out/extension.js:16:11251)
	at Immediate.<anonymous> (/home/ec2-user/.vscode-server/extensions/hashicorp.terraform-2.23.0-linux-x64/out/extension.js:16:11101)
	at processImmediate (node:internal/timers:464:21)
[2022-08-09 22:03:02.018] [exthost] [info] ExtensionService#_doActivateExtension vscode.configuration-editing, startup: false, activationEvent: 'onLanguage:json'
[2022-08-09 22:03:02.029] [exthost] [info] ExtensionService#_doActivateExtension vscode.extension-editing, startup: false, activationEvent: 'onLanguage:json'
[2022-08-09 22:03:02.061] [exthost] [info] ExtensionService#_doActivateExtension vscode.json-language-features, startup: false, activationEvent: 'onLanguage:json'
[2022-08-09 22:03:02.176] [exthost] [info] ExtensionService#_doActivateExtension vscode.npm, startup: false, activationEvent: 'onLanguage:json'
[2022-08-09 22:03:12.387] [exthost] [error] {"message":"Git error","stdout":"","stderr":"fatal: Pathspec '/home/ec2-user/terraform-team1-project/.ssh' is in submodule 'terraform-team1-project'\n","exitCode":128,"gitErrorCode":"IsInSubmodule"}
[2022-08-09 22:03:12.387] [exthost] [error] {"message":"Git error","stdout":"","stderr":"fatal: Pathspec '/home/ec2-user/terraform-team1-project/.ssh' is in submodule 'terraform-team1-project'\n","exitCode":128,"gitErrorCode":"IsInSubmodule"}
[2022-08-09 22:03:12.387] [exthost] [error] {"message":"Git error","stdout":"","stderr":"fatal: Pathspec '/home/ec2-user/terraform-team1-project/.ssh' is in submodule 'terraform-team1-project'\n","exitCode":128,"gitErrorCode":"IsInSubmodule"}
[2022-08-09 22:03:12.387] [exthost] [error] {"message":"Git error","stdout":"","stderr":"fatal: Pathspec '/home/ec2-user/terraform-team1-project/.ssh' is in submodule 'terraform-team1-project'\n","exitCode":128,"gitErrorCode":"IsInSubmodule"}
[2022-08-09 22:03:12.387] [exthost] [error] {"message":"Git error","stdout":"","stderr":"fatal: Pathspec '/home/ec2-user/terraform-team1-project/.ssh' is in submodule 'terraform-team1-project'\n","exitCode":128,"gitErrorCode":"IsInSubmodule"}
[2022-08-09 22:03:12.387] [exthost] [error] {"message":"Git error","stdout":"","stderr":"fatal: Pathspec '/home/ec2-user/terraform-team1-project/.ssh' is in submodule 'terraform-team1-project'\n","exitCode":128,"gitErrorCode":"IsInSubmodule"}
[2022-08-09 22:03:12.387] [exthost] [error] {"message":"Git error","stdout":"","stderr":"fatal: Pathspec '/home/ec2-user/terraform-team1-project/.ssh' is in submodule 'terraform-team1-project'\n","exitCode":128,"gitErrorCode":"IsInSubmodule"}
[2022-08-09 22:03:12.387] [exthost] [error] {"message":"Git error","stdout":"","stderr":"fatal: Pathspec '/home/ec2-user/terraform-team1-project/.ssh' is in submodule 'terraform-team1-project'\n","exitCode":128,"gitErrorCode":"IsInSubmodule"}
[2022-08-09 22:03:12.387] [exthost] [error] {"message":"Git error","stdout":"","stderr":"fatal: Pathspec '/home/ec2-user/terraform-team1-project/.ssh' is in submodule 'terraform-team1-project'\n","exitCode":128,"gitErrorCode":"IsInSubmodule"}
[2022-08-09 22:03:12.387] [exthost] [error] {"message":"Git error","stdout":"","stderr":"fatal: Pathspec '/home/ec2-user/terraform-team1-project/.ssh' is in submodule 'terraform-team1-project'\n","exitCode":128,"gitErrorCode":"IsInSubmodule"}
[2022-08-09 22:03:12.387] [exthost] [error] {"message":"Git error","stdout":"","stderr":"fatal: Pathspec '/home/ec2-user/terraform-team1-project/.ssh' is in submodule 'terraform-team1-project'\n","exitCode":128,"gitErrorCode":"IsInSubmodule"}
[2022-08-09 22:03:12.387] [exthost] [error] {"message":"Git error","stdout":"","stderr":"fatal: Pathspec '/home/ec2-user/terraform-team1-project/.ssh' is in submodule 'terraform-team1-project'\n","exitCode":128,"gitErrorCode":"IsInSubmodule"}
[2022-08-10 03:47:14.873] [exthost] [info] extension host terminating: renderer disconnected for too long (1)
[2022-08-10 03:47:14.874] [exthost] [info] Lock '/home/ec2-user/.vscode-server/data/User/workspaceStorage/bd4a48b86a6b0e7dce82a23a7d51a25d/vscode.lock': Marking the lockfile as scheduled to be released in 6000 ms.
[2022-08-10 03:47:14.936] [exthost] [info] Extension host with pid 9692 exiting with code 0
