[2022-07-27 15:30:54.279] [exthost] [info] Extension host with pid 13632 started
[2022-07-27 15:30:54.295] [exthost] [info] Lock '/home/ec2-user/.vscode-server/data/User/workspaceStorage/bd4a48b86a6b0e7dce82a23a7d51a25d/vscode.lock': Lock acquired.
[2022-07-27 15:30:54.501] [exthost] [info] ExtensionService#_doActivateExtension hashicorp.terraform, startup: false, activationEvent: 'onLanguage:terraform'
[2022-07-27 15:30:54.587] [exthost] [info] ExtensionService#_doActivateExtension vscode.debug-auto-launch, startup: true, activationEvent: '*'
[2022-07-27 15:30:54.617] [exthost] [info] ExtensionService#_doActivateExtension vscode.git-base, startup: true, activationEvent: '*', root cause: vscode.git
[2022-07-27 15:30:54.629] [exthost] [info] ExtensionService#_doActivateExtension vscode.ipynb, startup: true, activationEvent: '*'
[2022-07-27 15:30:54.797] [exthost] [info] ExtensionService#_doActivateExtension vscode.git, startup: true, activationEvent: '*'
[2022-07-27 15:30:54.937] [exthost] [info] ExtensionService#_doActivateExtension vscode.github, startup: true, activationEvent: '*'
[2022-07-27 15:31:02.117] [exthost] [info] ExtensionService#_doActivateExtension vscode.emmet, startup: false, activationEvent: 'onStartupFinished'
[2022-07-27 15:31:02.163] [exthost] [info] ExtensionService#_doActivateExtension vscode.merge-conflict, startup: false, activationEvent: 'onStartupFinished'
[2022-07-27 15:31:02.175] [exthost] [info] Eager extensions activated
[2022-07-27 15:31:08.959] [exthost] [error] {"message":"Git error","stdout":"","stderr":"fatal: Pathspec '/home/ec2-user/Step1/team-1/.gitignore' is in submodule 'Step1/team-1'\n","exitCode":128,"gitErrorCode":"IsInSubmodule"}
[2022-07-27 15:31:08.959] [exthost] [error] {"message":"Git error","stdout":"","stderr":"fatal: Pathspec '/home/ec2-user/Step1/team-1/.gitignore' is in submodule 'Step1/team-1'\n","exitCode":128,"gitErrorCode":"IsInSubmodule"}
[2022-07-27 15:31:08.959] [exthost] [error] {"message":"Git error","stdout":"","stderr":"fatal: Pathspec '/home/ec2-user/Step1/team-1/.gitignore' is in submodule 'Step1/team-1'\n","exitCode":128,"gitErrorCode":"IsInSubmodule"}
[2022-07-27 15:31:08.959] [exthost] [error] {"message":"Git error","stdout":"","stderr":"fatal: Pathspec '/home/ec2-user/Step1/team-1/.gitignore' is in submodule 'Step1/team-1'\n","exitCode":128,"gitErrorCode":"IsInSubmodule"}
[2022-07-27 15:32:09.261] [exthost] [error] [hashicorp.terraform] provider FAILED
[2022-07-27 15:32:09.261] [exthost] [error] Error: output.tf (4,7): position outside of any attribute name, value or block
	at Fe (/home/ec2-user/.vscode-server/extensions/hashicorp.terraform-2.23.0-linux-x64/out/extension.js:17:223)
	at Be (/home/ec2-user/.vscode-server/extensions/hashicorp.terraform-2.23.0-linux-x64/out/extension.js:16:11251)
	at Immediate.<anonymous> (/home/ec2-user/.vscode-server/extensions/hashicorp.terraform-2.23.0-linux-x64/out/extension.js:16:11101)
	at processImmediate (node:internal/timers:464:21)
[2022-07-27 15:41:15.121] [exthost] [error] [hashicorp.terraform] provider FAILED
[2022-07-27 15:41:15.121] [exthost] [error] Error: output.tf (2,19): no reference target found
	at Fe (/home/ec2-user/.vscode-server/extensions/hashicorp.terraform-2.23.0-linux-x64/out/extension.js:17:223)
	at Be (/home/ec2-user/.vscode-server/extensions/hashicorp.terraform-2.23.0-linux-x64/out/extension.js:16:11251)
	at Immediate.<anonymous> (/home/ec2-user/.vscode-server/extensions/hashicorp.terraform-2.23.0-linux-x64/out/extension.js:16:11101)
	at processImmediate (node:internal/timers:464:21)
[2022-07-27 15:41:16.027] [exthost] [error] [hashicorp.terraform] provider FAILED
[2022-07-27 15:41:16.028] [exthost] [error] Error: output.tf (2,20): no reference target found
	at Fe (/home/ec2-user/.vscode-server/extensions/hashicorp.terraform-2.23.0-linux-x64/out/extension.js:17:223)
	at Be (/home/ec2-user/.vscode-server/extensions/hashicorp.terraform-2.23.0-linux-x64/out/extension.js:16:11251)
	at Immediate.<anonymous> (/home/ec2-user/.vscode-server/extensions/hashicorp.terraform-2.23.0-linux-x64/out/extension.js:16:11101)
	at processImmediate (node:internal/timers:464:21)
[2022-07-27 15:41:18.063] [exthost] [error] [hashicorp.terraform] provider FAILED
[2022-07-27 15:41:18.063] [exthost] [error] Error: output.tf (2,13): no reference target found
	at Fe (/home/ec2-user/.vscode-server/extensions/hashicorp.terraform-2.23.0-linux-x64/out/extension.js:17:223)
	at Be (/home/ec2-user/.vscode-server/extensions/hashicorp.terraform-2.23.0-linux-x64/out/extension.js:16:11251)
	at Immediate.<anonymous> (/home/ec2-user/.vscode-server/extensions/hashicorp.terraform-2.23.0-linux-x64/out/extension.js:16:11101)
	at processImmediate (node:internal/timers:464:21)
[2022-07-27 15:41:25.488] [exthost] [error] [hashicorp.terraform] provider FAILED
[2022-07-27 15:41:25.488] [exthost] [error] Error: output.tf (2,25): no reference target found
	at Fe (/home/ec2-user/.vscode-server/extensions/hashicorp.terraform-2.23.0-linux-x64/out/extension.js:17:223)
	at Be (/home/ec2-user/.vscode-server/extensions/hashicorp.terraform-2.23.0-linux-x64/out/extension.js:16:11251)
	at Immediate.<anonymous> (/home/ec2-user/.vscode-server/extensions/hashicorp.terraform-2.23.0-linux-x64/out/extension.js:16:11101)
	at processImmediate (node:internal/timers:464:21)
[2022-07-27 15:42:06.380] [exthost] [error] [hashicorp.terraform] provider FAILED
[2022-07-27 15:42:06.380] [exthost] [error] Error: output.tf (12,30): unsupported expression (*hclsyntax.FunctionCallExpr)
	at Fe (/home/ec2-user/.vscode-server/extensions/hashicorp.terraform-2.23.0-linux-x64/out/extension.js:17:223)
	at Be (/home/ec2-user/.vscode-server/extensions/hashicorp.terraform-2.23.0-linux-x64/out/extension.js:16:11251)
	at Immediate.<anonymous> (/home/ec2-user/.vscode-server/extensions/hashicorp.terraform-2.23.0-linux-x64/out/extension.js:16:11101)
	at processImmediate (node:internal/timers:464:21)
[2022-07-27 15:42:09.595] [exthost] [error] [hashicorp.terraform] provider FAILED
[2022-07-27 15:42:09.595] [exthost] [error] Error: output.tf (12,40): unsupported expression (*hclsyntax.FunctionCallExpr)
	at Fe (/home/ec2-user/.vscode-server/extensions/hashicorp.terraform-2.23.0-linux-x64/out/extension.js:17:223)
	at Be (/home/ec2-user/.vscode-server/extensions/hashicorp.terraform-2.23.0-linux-x64/out/extension.js:16:11251)
	at Immediate.<anonymous> (/home/ec2-user/.vscode-server/extensions/hashicorp.terraform-2.23.0-linux-x64/out/extension.js:16:11101)
	at processImmediate (node:internal/timers:464:21)
[2022-07-27 15:42:10.048] [exthost] [error] [hashicorp.terraform] provider FAILED
[2022-07-27 15:42:10.048] [exthost] [error] Error: output.tf (7,29): unsupported expression (*hclsyntax.FunctionCallExpr)
	at Fe (/home/ec2-user/.vscode-server/extensions/hashicorp.terraform-2.23.0-linux-x64/out/extension.js:17:223)
	at Be (/home/ec2-user/.vscode-server/extensions/hashicorp.terraform-2.23.0-linux-x64/out/extension.js:16:11251)
	at Immediate.<anonymous> (/home/ec2-user/.vscode-server/extensions/hashicorp.terraform-2.23.0-linux-x64/out/extension.js:16:11101)
	at processImmediate (node:internal/timers:464:21)
[2022-07-27 15:42:12.654] [exthost] [error] [hashicorp.terraform] provider FAILED
[2022-07-27 15:42:12.654] [exthost] [error] Error: output.tf (7,19): unsupported expression (*hclsyntax.FunctionCallExpr)
	at Fe (/home/ec2-user/.vscode-server/extensions/hashicorp.terraform-2.23.0-linux-x64/out/extension.js:17:223)
	at Be (/home/ec2-user/.vscode-server/extensions/hashicorp.terraform-2.23.0-linux-x64/out/extension.js:16:11251)
	at Immediate.<anonymous> (/home/ec2-user/.vscode-server/extensions/hashicorp.terraform-2.23.0-linux-x64/out/extension.js:16:11101)
	at processImmediate (node:internal/timers:464:21)
[2022-07-27 15:42:12.853] [exthost] [error] [hashicorp.terraform] provider FAILED
[2022-07-27 15:42:12.853] [exthost] [error] Error: output.tf (7,20): unsupported expression (*hclsyntax.FunctionCallExpr)
	at Fe (/home/ec2-user/.vscode-server/extensions/hashicorp.terraform-2.23.0-linux-x64/out/extension.js:17:223)
	at Be (/home/ec2-user/.vscode-server/extensions/hashicorp.terraform-2.23.0-linux-x64/out/extension.js:16:11251)
	at Immediate.<anonymous> (/home/ec2-user/.vscode-server/extensions/hashicorp.terraform-2.23.0-linux-x64/out/extension.js:16:11101)
	at processImmediate (node:internal/timers:464:21)
[2022-07-27 15:42:13.274] [exthost] [error] [hashicorp.terraform] provider FAILED
[2022-07-27 15:42:13.274] [exthost] [error] Error: output.tf (7,20): unsupported expression (*hclsyntax.FunctionCallExpr)
	at Fe (/home/ec2-user/.vscode-server/extensions/hashicorp.terraform-2.23.0-linux-x64/out/extension.js:17:223)
	at Be (/home/ec2-user/.vscode-server/extensions/hashicorp.terraform-2.23.0-linux-x64/out/extension.js:16:11251)
	at Immediate.<anonymous> (/home/ec2-user/.vscode-server/extensions/hashicorp.terraform-2.23.0-linux-x64/out/extension.js:16:11101)
	at processImmediate (node:internal/timers:464:21)
[2022-07-27 15:42:41.408] [exthost] [error] [hashicorp.terraform] provider FAILED
[2022-07-27 15:42:41.408] [exthost] [error] Error: main.tf (45,34): position outside of any attribute name, value or block
	at Fe (/home/ec2-user/.vscode-server/extensions/hashicorp.terraform-2.23.0-linux-x64/out/extension.js:17:223)
	at Be (/home/ec2-user/.vscode-server/extensions/hashicorp.terraform-2.23.0-linux-x64/out/extension.js:16:11251)
	at Immediate.<anonymous> (/home/ec2-user/.vscode-server/extensions/hashicorp.terraform-2.23.0-linux-x64/out/extension.js:16:11101)
	at processImmediate (node:internal/timers:464:21)
[2022-07-27 15:42:48.073] [exthost] [error] [hashicorp.terraform] provider FAILED
[2022-07-27 15:42:48.073] [exthost] [error] Error: main.tf (46,31): position outside of any attribute name, value or block
	at Fe (/home/ec2-user/.vscode-server/extensions/hashicorp.terraform-2.23.0-linux-x64/out/extension.js:17:223)
	at Be (/home/ec2-user/.vscode-server/extensions/hashicorp.terraform-2.23.0-linux-x64/out/extension.js:16:11251)
	at Immediate.<anonymous> (/home/ec2-user/.vscode-server/extensions/hashicorp.terraform-2.23.0-linux-x64/out/extension.js:16:11101)
	at processImmediate (node:internal/timers:464:21)
[2022-07-27 15:42:53.882] [exthost] [error] [hashicorp.terraform] provider FAILED
[2022-07-27 15:42:53.882] [exthost] [error] Error: main.tf (42,25): position outside of any attribute name, value or block
	at Fe (/home/ec2-user/.vscode-server/extensions/hashicorp.terraform-2.23.0-linux-x64/out/extension.js:17:223)
	at Be (/home/ec2-user/.vscode-server/extensions/hashicorp.terraform-2.23.0-linux-x64/out/extension.js:16:11251)
	at Immediate.<anonymous> (/home/ec2-user/.vscode-server/extensions/hashicorp.terraform-2.23.0-linux-x64/out/extension.js:16:11101)
	at processImmediate (node:internal/timers:464:21)
[2022-07-27 15:42:56.621] [exthost] [error] [hashicorp.terraform] provider FAILED
[2022-07-27 15:42:56.621] [exthost] [error] Error: output.tf (7,30): position outside of any attribute name, value or block
	at Fe (/home/ec2-user/.vscode-server/extensions/hashicorp.terraform-2.23.0-linux-x64/out/extension.js:17:223)
	at Be (/home/ec2-user/.vscode-server/extensions/hashicorp.terraform-2.23.0-linux-x64/out/extension.js:16:11251)
	at Immediate.<anonymous> (/home/ec2-user/.vscode-server/extensions/hashicorp.terraform-2.23.0-linux-x64/out/extension.js:16:11101)
	at processImmediate (node:internal/timers:464:21)
[2022-07-27 15:42:57.458] [exthost] [error] [hashicorp.terraform] provider FAILED
[2022-07-27 15:42:57.458] [exthost] [error] Error: output.tf (7,30): position outside of any attribute name, value or block
	at Fe (/home/ec2-user/.vscode-server/extensions/hashicorp.terraform-2.23.0-linux-x64/out/extension.js:17:223)
	at Be (/home/ec2-user/.vscode-server/extensions/hashicorp.terraform-2.23.0-linux-x64/out/extension.js:16:11251)
	at Immediate.<anonymous> (/home/ec2-user/.vscode-server/extensions/hashicorp.terraform-2.23.0-linux-x64/out/extension.js:16:11101)
	at processImmediate (node:internal/timers:464:21)
[2022-07-27 15:43:29.851] [exthost] [error] [hashicorp.terraform] provider FAILED
[2022-07-27 15:43:29.851] [exthost] [error] Error: output.tf (7,35): unsupported expression (*hclsyntax.FunctionCallExpr)
	at Fe (/home/ec2-user/.vscode-server/extensions/hashicorp.terraform-2.23.0-linux-x64/out/extension.js:17:223)
	at Be (/home/ec2-user/.vscode-server/extensions/hashicorp.terraform-2.23.0-linux-x64/out/extension.js:16:11251)
	at Immediate.<anonymous> (/home/ec2-user/.vscode-server/extensions/hashicorp.terraform-2.23.0-linux-x64/out/extension.js:16:11101)
	at processImmediate (node:internal/timers:464:21)
[2022-07-27 15:43:30.056] [exthost] [error] [hashicorp.terraform] provider FAILED
[2022-07-27 15:43:30.056] [exthost] [error] Error: output.tf (7,36): unsupported expression (*hclsyntax.FunctionCallExpr)
	at Fe (/home/ec2-user/.vscode-server/extensions/hashicorp.terraform-2.23.0-linux-x64/out/extension.js:17:223)
	at Be (/home/ec2-user/.vscode-server/extensions/hashicorp.terraform-2.23.0-linux-x64/out/extension.js:16:11251)
	at Immediate.<anonymous> (/home/ec2-user/.vscode-server/extensions/hashicorp.terraform-2.23.0-linux-x64/out/extension.js:16:11101)
	at processImmediate (node:internal/timers:464:21)
[2022-07-27 15:48:12.244] [exthost] [error] [hashicorp.terraform] provider FAILED
[2022-07-27 15:48:12.244] [exthost] [error] Error: main.tf (13,33): position outside of any attribute name, value or block
	at Fe (/home/ec2-user/.vscode-server/extensions/hashicorp.terraform-2.23.0-linux-x64/out/extension.js:17:223)
	at Be (/home/ec2-user/.vscode-server/extensions/hashicorp.terraform-2.23.0-linux-x64/out/extension.js:16:11251)
	at Immediate.<anonymous> (/home/ec2-user/.vscode-server/extensions/hashicorp.terraform-2.23.0-linux-x64/out/extension.js:16:11101)
	at processImmediate (node:internal/timers:464:21)
[2022-07-27 15:48:14.970] [exthost] [error] [hashicorp.terraform] provider FAILED
[2022-07-27 15:48:14.970] [exthost] [error] Error: main.tf (13,33): position outside of any attribute name, value or block
	at Fe (/home/ec2-user/.vscode-server/extensions/hashicorp.terraform-2.23.0-linux-x64/out/extension.js:17:223)
	at Be (/home/ec2-user/.vscode-server/extensions/hashicorp.terraform-2.23.0-linux-x64/out/extension.js:16:11251)
	at Immediate.<anonymous> (/home/ec2-user/.vscode-server/extensions/hashicorp.terraform-2.23.0-linux-x64/out/extension.js:16:11101)
	at processImmediate (node:internal/timers:464:21)
[2022-07-27 15:54:39.624] [exthost] [error] [hashicorp.terraform] provider FAILED
[2022-07-27 15:54:39.624] [exthost] [error] Error: output.tf (7,13): unsupported expression (*hclsyntax.SplatExpr)
	at Fe (/home/ec2-user/.vscode-server/extensions/hashicorp.terraform-2.23.0-linux-x64/out/extension.js:17:223)
	at Be (/home/ec2-user/.vscode-server/extensions/hashicorp.terraform-2.23.0-linux-x64/out/extension.js:16:11251)
	at Immediate.<anonymous> (/home/ec2-user/.vscode-server/extensions/hashicorp.terraform-2.23.0-linux-x64/out/extension.js:16:11101)
	at processImmediate (node:internal/timers:464:21)
[2022-07-27 15:54:40.132] [exthost] [error] [hashicorp.terraform] provider FAILED
[2022-07-27 15:54:40.133] [exthost] [error] Error: output.tf (7,16): unsupported expression (*hclsyntax.SplatExpr)
	at Fe (/home/ec2-user/.vscode-server/extensions/hashicorp.terraform-2.23.0-linux-x64/out/extension.js:17:223)
	at Be (/home/ec2-user/.vscode-server/extensions/hashicorp.terraform-2.23.0-linux-x64/out/extension.js:16:11251)
	at Immediate.<anonymous> (/home/ec2-user/.vscode-server/extensions/hashicorp.terraform-2.23.0-linux-x64/out/extension.js:16:11101)
	at processImmediate (node:internal/timers:464:21)
[2022-07-27 15:54:40.457] [exthost] [error] [hashicorp.terraform] provider FAILED
[2022-07-27 15:54:40.457] [exthost] [error] Error: output.tf (7,17): unsupported expression (*hclsyntax.SplatExpr)
	at Fe (/home/ec2-user/.vscode-server/extensions/hashicorp.terraform-2.23.0-linux-x64/out/extension.js:17:223)
	at Be (/home/ec2-user/.vscode-server/extensions/hashicorp.terraform-2.23.0-linux-x64/out/extension.js:16:11251)
	at Immediate.<anonymous> (/home/ec2-user/.vscode-server/extensions/hashicorp.terraform-2.23.0-linux-x64/out/extension.js:16:11101)
	at processImmediate (node:internal/timers:464:21)
[2022-07-27 15:56:17.677] [exthost] [error] [hashicorp.terraform] provider FAILED
[2022-07-27 15:56:17.678] [exthost] [error] Error: output.tf (13,5): position outside of any attribute name, value or block
	at Fe (/home/ec2-user/.vscode-server/extensions/hashicorp.terraform-2.23.0-linux-x64/out/extension.js:17:223)
	at Be (/home/ec2-user/.vscode-server/extensions/hashicorp.terraform-2.23.0-linux-x64/out/extension.js:16:11251)
	at Immediate.<anonymous> (/home/ec2-user/.vscode-server/extensions/hashicorp.terraform-2.23.0-linux-x64/out/extension.js:16:11101)
	at processImmediate (node:internal/timers:464:21)
[2022-07-27 15:59:18.466] [exthost] [error] [hashicorp.terraform] provider FAILED
[2022-07-27 15:59:18.466] [exthost] [error] Error: output.tf (17,58): unsupported expression (*hclsyntax.FunctionCallExpr)
	at Fe (/home/ec2-user/.vscode-server/extensions/hashicorp.terraform-2.23.0-linux-x64/out/extension.js:17:223)
	at Be (/home/ec2-user/.vscode-server/extensions/hashicorp.terraform-2.23.0-linux-x64/out/extension.js:16:11251)
	at Immediate.<anonymous> (/home/ec2-user/.vscode-server/extensions/hashicorp.terraform-2.23.0-linux-x64/out/extension.js:16:11101)
	at processImmediate (node:internal/timers:464:21)
[2022-07-27 15:59:18.671] [exthost] [error] [hashicorp.terraform] provider FAILED
[2022-07-27 15:59:18.671] [exthost] [error] Error: output.tf (17,58): unsupported expression (*hclsyntax.FunctionCallExpr)
	at Fe (/home/ec2-user/.vscode-server/extensions/hashicorp.terraform-2.23.0-linux-x64/out/extension.js:17:223)
	at Be (/home/ec2-user/.vscode-server/extensions/hashicorp.terraform-2.23.0-linux-x64/out/extension.js:16:11251)
	at Immediate.<anonymous> (/home/ec2-user/.vscode-server/extensions/hashicorp.terraform-2.23.0-linux-x64/out/extension.js:16:11101)
	at processImmediate (node:internal/timers:464:21)
[2022-07-27 16:00:47.364] [exthost] [error] [hashicorp.terraform] provider FAILED
[2022-07-27 16:00:47.364] [exthost] [error] Error: output.tf (17,29): unsupported expression (*hclsyntax.FunctionCallExpr)
	at Fe (/home/ec2-user/.vscode-server/extensions/hashicorp.terraform-2.23.0-linux-x64/out/extension.js:17:223)
	at Be (/home/ec2-user/.vscode-server/extensions/hashicorp.terraform-2.23.0-linux-x64/out/extension.js:16:11251)
	at Immediate.<anonymous> (/home/ec2-user/.vscode-server/extensions/hashicorp.terraform-2.23.0-linux-x64/out/extension.js:16:11101)
	at processImmediate (node:internal/timers:464:21)
[2022-07-27 16:00:56.939] [exthost] [error] [hashicorp.terraform] provider FAILED
[2022-07-27 16:00:56.940] [exthost] [error] Error: output.tf (17,19): unsupported expression (*hclsyntax.FunctionCallExpr)
	at Fe (/home/ec2-user/.vscode-server/extensions/hashicorp.terraform-2.23.0-linux-x64/out/extension.js:17:223)
	at Be (/home/ec2-user/.vscode-server/extensions/hashicorp.terraform-2.23.0-linux-x64/out/extension.js:16:11251)
	at Immediate.<anonymous> (/home/ec2-user/.vscode-server/extensions/hashicorp.terraform-2.23.0-linux-x64/out/extension.js:16:11101)
	at processImmediate (node:internal/timers:464:21)
[2022-07-27 16:00:57.450] [exthost] [error] [hashicorp.terraform] provider FAILED
[2022-07-27 16:00:57.450] [exthost] [error] Error: output.tf (17,13): unsupported expression (*hclsyntax.FunctionCallExpr)
	at Fe (/home/ec2-user/.vscode-server/extensions/hashicorp.terraform-2.23.0-linux-x64/out/extension.js:17:223)
	at Be (/home/ec2-user/.vscode-server/extensions/hashicorp.terraform-2.23.0-linux-x64/out/extension.js:16:11251)
	at Immediate.<anonymous> (/home/ec2-user/.vscode-server/extensions/hashicorp.terraform-2.23.0-linux-x64/out/extension.js:16:11101)
	at processImmediate (node:internal/timers:464:21)
[2022-07-27 16:00:57.756] [exthost] [error] [hashicorp.terraform] provider FAILED
[2022-07-27 16:00:57.756] [exthost] [error] Error: output.tf (17,13): unsupported expression (*hclsyntax.FunctionCallExpr)
	at Fe (/home/ec2-user/.vscode-server/extensions/hashicorp.terraform-2.23.0-linux-x64/out/extension.js:17:223)
	at Be (/home/ec2-user/.vscode-server/extensions/hashicorp.terraform-2.23.0-linux-x64/out/extension.js:16:11251)
	at Immediate.<anonymous> (/home/ec2-user/.vscode-server/extensions/hashicorp.terraform-2.23.0-linux-x64/out/extension.js:16:11101)
	at processImmediate (node:internal/timers:464:21)
[2022-07-27 16:02:38.342] [exthost] [error] [hashicorp.terraform] provider FAILED
[2022-07-27 16:02:38.342] [exthost] [error] Error: output.tf (18,5): position outside of any attribute name, value or block
	at Fe (/home/ec2-user/.vscode-server/extensions/hashicorp.terraform-2.23.0-linux-x64/out/extension.js:17:223)
	at Be (/home/ec2-user/.vscode-server/extensions/hashicorp.terraform-2.23.0-linux-x64/out/extension.js:16:11251)
	at Immediate.<anonymous> (/home/ec2-user/.vscode-server/extensions/hashicorp.terraform-2.23.0-linux-x64/out/extension.js:16:11101)
	at processImmediate (node:internal/timers:464:21)
[2022-07-27 16:02:46.484] [exthost] [error] [hashicorp.terraform] provider FAILED
[2022-07-27 16:02:46.484] [exthost] [error] Error: output.tf (17,42): no reference target found
	at Fe (/home/ec2-user/.vscode-server/extensions/hashicorp.terraform-2.23.0-linux-x64/out/extension.js:17:223)
	at Be (/home/ec2-user/.vscode-server/extensions/hashicorp.terraform-2.23.0-linux-x64/out/extension.js:16:11251)
	at Immediate.<anonymous> (/home/ec2-user/.vscode-server/extensions/hashicorp.terraform-2.23.0-linux-x64/out/extension.js:16:11101)
	at processImmediate (node:internal/timers:464:21)
[2022-07-27 16:03:00.092] [exthost] [error] [hashicorp.terraform] provider FAILED
[2022-07-27 16:03:00.092] [exthost] [error] Error: output.tf (17,41): no reference target found
	at Fe (/home/ec2-user/.vscode-server/extensions/hashicorp.terraform-2.23.0-linux-x64/out/extension.js:17:223)
	at Be (/home/ec2-user/.vscode-server/extensions/hashicorp.terraform-2.23.0-linux-x64/out/extension.js:16:11251)
	at Immediate.<anonymous> (/home/ec2-user/.vscode-server/extensions/hashicorp.terraform-2.23.0-linux-x64/out/extension.js:16:11101)
	at processImmediate (node:internal/timers:464:21)
[2022-07-27 16:05:27.632] [exthost] [error] [hashicorp.terraform] provider FAILED
[2022-07-27 16:05:27.632] [exthost] [error] Error: main.tf (91,17): position outside of any attribute name, value or block
	at Fe (/home/ec2-user/.vscode-server/extensions/hashicorp.terraform-2.23.0-linux-x64/out/extension.js:17:223)
	at Be (/home/ec2-user/.vscode-server/extensions/hashicorp.terraform-2.23.0-linux-x64/out/extension.js:16:11251)
	at Immediate.<anonymous> (/home/ec2-user/.vscode-server/extensions/hashicorp.terraform-2.23.0-linux-x64/out/extension.js:16:11101)
	at processImmediate (node:internal/timers:464:21)
[2022-07-27 16:45:05.918] [exthost] [error] [hashicorp.terraform] provider FAILED
[2022-07-27 16:45:05.919] [exthost] [error] Error: main.tf (111,1): position outside of any attribute name, value or block
	at Fe (/home/ec2-user/.vscode-server/extensions/hashicorp.terraform-2.23.0-linux-x64/out/extension.js:17:223)
	at Be (/home/ec2-user/.vscode-server/extensions/hashicorp.terraform-2.23.0-linux-x64/out/extension.js:16:11251)
	at Immediate.<anonymous> (/home/ec2-user/.vscode-server/extensions/hashicorp.terraform-2.23.0-linux-x64/out/extension.js:16:11101)
	at processImmediate (node:internal/timers:464:21)
[2022-07-27 16:51:12.911] [exthost] [error] [hashicorp.terraform] provider FAILED
[2022-07-27 16:51:12.911] [exthost] [error] Error: main.tf (104,27): position outside of "resource" body
	at Fe (/home/ec2-user/.vscode-server/extensions/hashicorp.terraform-2.23.0-linux-x64/out/extension.js:17:223)
	at Be (/home/ec2-user/.vscode-server/extensions/hashicorp.terraform-2.23.0-linux-x64/out/extension.js:16:11251)
	at Immediate.<anonymous> (/home/ec2-user/.vscode-server/extensions/hashicorp.terraform-2.23.0-linux-x64/out/extension.js:16:11101)
	at processImmediate (node:internal/timers:464:21)
[2022-07-27 17:05:34.341] [exthost] [error] [hashicorp.terraform] provider FAILED
[2022-07-27 17:05:34.341] [exthost] [error] Error: main.tf (15,28): position outside of any attribute name, value or block
	at Fe (/home/ec2-user/.vscode-server/extensions/hashicorp.terraform-2.23.0-linux-x64/out/extension.js:17:223)
	at Be (/home/ec2-user/.vscode-server/extensions/hashicorp.terraform-2.23.0-linux-x64/out/extension.js:16:11251)
	at Immediate.<anonymous> (/home/ec2-user/.vscode-server/extensions/hashicorp.terraform-2.23.0-linux-x64/out/extension.js:16:11101)
	at processImmediate (node:internal/timers:464:21)
[2022-07-27 17:05:55.112] [exthost] [error] [hashicorp.terraform] provider FAILED
[2022-07-27 17:05:55.112] [exthost] [error] Error: main.tf (107,23): position outside of any attribute name, value or block
	at Fe (/home/ec2-user/.vscode-server/extensions/hashicorp.terraform-2.23.0-linux-x64/out/extension.js:17:223)
	at Be (/home/ec2-user/.vscode-server/extensions/hashicorp.terraform-2.23.0-linux-x64/out/extension.js:16:11251)
	at Immediate.<anonymous> (/home/ec2-user/.vscode-server/extensions/hashicorp.terraform-2.23.0-linux-x64/out/extension.js:16:11101)
	at processImmediate (node:internal/timers:464:21)
[2022-07-27 20:39:12.209] [exthost] [info] extension host terminating: renderer disconnected for too long (1)
[2022-07-27 20:39:12.209] [exthost] [info] Lock '/home/ec2-user/.vscode-server/data/User/workspaceStorage/bd4a48b86a6b0e7dce82a23a7d51a25d/vscode.lock': Marking the lockfile as scheduled to be released in 6000 ms.
[2022-07-27 20:39:12.239] [exthost] [info] Extension host with pid 13632 exiting with code 0
