[2022-08-06 15:03:38.979] [exthost] [info] Extension host with pid 26745 started
[2022-08-06 15:03:38.985] [exthost] [info] Lock '/home/ec2-user/.vscode-server/data/User/workspaceStorage/bd4a48b86a6b0e7dce82a23a7d51a25d/vscode.lock': Lock acquired.
[2022-08-06 15:03:39.135] [exthost] [info] ExtensionService#_doActivateExtension hashicorp.terraform, startup: false, activationEvent: 'onLanguage:terraform'
[2022-08-06 15:03:39.226] [exthost] [info] ExtensionService#_doActivateExtension vscode.debug-auto-launch, startup: true, activationEvent: '*'
[2022-08-06 15:03:39.230] [exthost] [info] ExtensionService#_doActivateExtension vscode.git-base, startup: true, activationEvent: '*', root cause: vscode.git
[2022-08-06 15:03:39.251] [exthost] [info] ExtensionService#_doActivateExtension vscode.ipynb, startup: true, activationEvent: '*'
[2022-08-06 15:03:39.492] [exthost] [info] ExtensionService#_doActivateExtension vscode.git, startup: true, activationEvent: '*'
[2022-08-06 15:03:39.633] [exthost] [info] ExtensionService#_doActivateExtension vscode.github, startup: true, activationEvent: '*'
[2022-08-06 15:03:47.035] [exthost] [info] ExtensionService#_doActivateExtension vscode.emmet, startup: false, activationEvent: 'onStartupFinished'
[2022-08-06 15:03:47.068] [exthost] [info] ExtensionService#_doActivateExtension vscode.merge-conflict, startup: false, activationEvent: 'onStartupFinished'
[2022-08-06 15:03:47.086] [exthost] [info] Eager extensions activated
[2022-08-06 15:05:50.178] [exthost] [error] {"message":"Git error","stdout":"","stderr":"fatal: Pathspec '/home/ec2-user/Step1/team-1/.gitignore' is in submodule 'Step1/team-1'\n","exitCode":128,"gitErrorCode":"IsInSubmodule"}
[2022-08-06 15:05:50.178] [exthost] [error] {"message":"Git error","stdout":"","stderr":"fatal: Pathspec '/home/ec2-user/Step1/team-1/.gitignore' is in submodule 'Step1/team-1'\n","exitCode":128,"gitErrorCode":"IsInSubmodule"}
[2022-08-06 15:05:50.178] [exthost] [error] {"message":"Git error","stdout":"","stderr":"fatal: Pathspec '/home/ec2-user/Step1/team-1/.gitignore' is in submodule 'Step1/team-1'\n","exitCode":128,"gitErrorCode":"IsInSubmodule"}
[2022-08-06 15:05:50.178] [exthost] [error] {"message":"Git error","stdout":"","stderr":"fatal: Pathspec '/home/ec2-user/Step1/team-1/.gitignore' is in submodule 'Step1/team-1'\n","exitCode":128,"gitErrorCode":"IsInSubmodule"}
[2022-08-06 15:06:03.512] [exthost] [error] {"message":"Git error","stdout":"","stderr":"fatal: Pathspec '/home/ec2-user/Step1/team-1/output.tf' is in submodule 'Step1/team-1'\n","exitCode":128,"gitErrorCode":"IsInSubmodule"}
[2022-08-06 15:06:31.799] [exthost] [error] [hashicorp.terraform] provider FAILED
[2022-08-06 15:06:31.799] [exthost] [error] Error: main.tf (58,34): position outside of "resource" body
	at Fe (/home/ec2-user/.vscode-server/extensions/hashicorp.terraform-2.23.0-linux-x64/out/extension.js:17:223)
	at Be (/home/ec2-user/.vscode-server/extensions/hashicorp.terraform-2.23.0-linux-x64/out/extension.js:16:11251)
	at Immediate.<anonymous> (/home/ec2-user/.vscode-server/extensions/hashicorp.terraform-2.23.0-linux-x64/out/extension.js:16:11101)
	at processImmediate (node:internal/timers:464:21)
[2022-08-06 16:55:26.890] [exthost] [error] {"message":"Git error","stdout":"","stderr":"fatal: Pathspec '/home/ec2-user/Step1/team-1/variable.tf' is in submodule 'Step1/team-1'\n","exitCode":128,"gitErrorCode":"IsInSubmodule"}
[2022-08-06 16:56:11.312] [exthost] [error] {"message":"Git error","stdout":"","stderr":"fatal: Pathspec '/home/ec2-user/Step1/team-1/Makefile' is in submodule 'Step1/team-1'\n","exitCode":128,"gitErrorCode":"IsInSubmodule"}
[2022-08-06 17:30:20.208] [exthost] [error] [hashicorp.terraform] provider FAILED
[2022-08-06 17:30:20.208] [exthost] [error] Error: main.tf (83,1): position outside of any attribute name, value or block
	at Fe (/home/ec2-user/.vscode-server/extensions/hashicorp.terraform-2.23.0-linux-x64/out/extension.js:17:223)
	at Be (/home/ec2-user/.vscode-server/extensions/hashicorp.terraform-2.23.0-linux-x64/out/extension.js:16:11251)
	at Immediate.<anonymous> (/home/ec2-user/.vscode-server/extensions/hashicorp.terraform-2.23.0-linux-x64/out/extension.js:16:11101)
	at processImmediate (node:internal/timers:464:21)
