[2022-08-08 22:42:59.006] [exthost] [info] Extension host with pid 23651 started
[2022-08-08 22:42:59.008] [exthost] [error] Error: EEXIST: file already exists, open '/home/ec2-user/.vscode-server/data/User/workspaceStorage/bd4a48b86a6b0e7dce82a23a7d51a25d/vscode.lock'
[2022-08-08 22:42:59.009] [exthost] [info] Lock '/home/ec2-user/.vscode-server/data/User/workspaceStorage/bd4a48b86a6b0e7dce82a23a7d51a25d/vscode.lock': Could not acquire lock, checking if the file is stale.
[2022-08-08 22:42:59.011] [exthost] [info] Lock '/home/ec2-user/.vscode-server/data/User/workspaceStorage/bd4a48b86a6b0e7dce82a23a7d51a25d/vscode.lock': The lock does not look stale, elapsed: 242 ms, giving up.
[2022-08-08 22:42:59.016] [exthost] [info] Lock '/home/ec2-user/.vscode-server/data/User/workspaceStorage/bd4a48b86a6b0e7dce82a23a7d51a25d-1/vscode.lock': Lock acquired.
[2022-08-08 22:42:59.311] [exthost] [info] ExtensionService#_doActivateExtension hashicorp.terraform, startup: false, activationEvent: 'onLanguage:terraform-vars'
[2022-08-08 22:42:59.435] [exthost] [info] ExtensionService#_doActivateExtension vscode.debug-auto-launch, startup: true, activationEvent: '*'
[2022-08-08 22:42:59.448] [exthost] [info] ExtensionService#_doActivateExtension vscode.git-base, startup: true, activationEvent: '*', root cause: vscode.git
[2022-08-08 22:42:59.453] [exthost] [info] ExtensionService#_doActivateExtension vscode.ipynb, startup: true, activationEvent: '*'
[2022-08-08 22:42:59.716] [exthost] [info] ExtensionService#_doActivateExtension vscode.git, startup: true, activationEvent: '*'
[2022-08-08 22:42:59.861] [exthost] [info] ExtensionService#_doActivateExtension vscode.github, startup: true, activationEvent: '*'
[2022-08-08 22:43:00.264] [exthost] [info] ExtensionService#_doActivateExtension hashicorp.hcl, startup: true, activationEvent: 'workspaceContains:**/*.hcl'
[2022-08-08 22:43:07.242] [exthost] [info] ExtensionService#_doActivateExtension vscode.emmet, startup: false, activationEvent: 'onStartupFinished'
[2022-08-08 22:43:07.298] [exthost] [info] ExtensionService#_doActivateExtension vscode.merge-conflict, startup: false, activationEvent: 'onStartupFinished'
[2022-08-08 22:43:07.307] [exthost] [info] Eager extensions activated
[2022-08-09 01:18:43.866] [exthost] [error] [hashicorp.terraform] provider FAILED
[2022-08-09 01:18:43.867] [exthost] [error] Error: main.tf (14,4): position outside of any attribute name, value or block
	at Fe (/home/ec2-user/.vscode-server/extensions/hashicorp.terraform-2.23.0-linux-x64/out/extension.js:17:223)
	at Be (/home/ec2-user/.vscode-server/extensions/hashicorp.terraform-2.23.0-linux-x64/out/extension.js:16:11251)
	at Immediate.<anonymous> (/home/ec2-user/.vscode-server/extensions/hashicorp.terraform-2.23.0-linux-x64/out/extension.js:16:11101)
	at processImmediate (node:internal/timers:464:21)
[2022-08-09 01:20:31.630] [exthost] [error] [hashicorp.terraform] provider FAILED
[2022-08-09 01:20:31.630] [exthost] [error] Error: variable.tf (6,19): position outside of "variable" body
	at Fe (/home/ec2-user/.vscode-server/extensions/hashicorp.terraform-2.23.0-linux-x64/out/extension.js:17:223)
	at Be (/home/ec2-user/.vscode-server/extensions/hashicorp.terraform-2.23.0-linux-x64/out/extension.js:16:11251)
	at Immediate.<anonymous> (/home/ec2-user/.vscode-server/extensions/hashicorp.terraform-2.23.0-linux-x64/out/extension.js:16:11101)
	at processImmediate (node:internal/timers:464:21)
[2022-08-09 01:21:40.561] [exthost] [error] [hashicorp.terraform] provider FAILED
[2022-08-09 01:21:40.561] [exthost] [error] Error: variable.tf (16,11): position outside of any attribute name, value or block
	at Fe (/home/ec2-user/.vscode-server/extensions/hashicorp.terraform-2.23.0-linux-x64/out/extension.js:17:223)
	at Be (/home/ec2-user/.vscode-server/extensions/hashicorp.terraform-2.23.0-linux-x64/out/extension.js:16:11251)
	at Immediate.<anonymous> (/home/ec2-user/.vscode-server/extensions/hashicorp.terraform-2.23.0-linux-x64/out/extension.js:16:11101)
	at processImmediate (node:internal/timers:464:21)
[2022-08-09 01:21:45.301] [exthost] [error] [hashicorp.terraform] provider FAILED
[2022-08-09 01:21:45.302] [exthost] [error] Error: variable.tf (9,22): position outside of "variable" body
	at Fe (/home/ec2-user/.vscode-server/extensions/hashicorp.terraform-2.23.0-linux-x64/out/extension.js:17:223)
	at Be (/home/ec2-user/.vscode-server/extensions/hashicorp.terraform-2.23.0-linux-x64/out/extension.js:16:11251)
	at Immediate.<anonymous> (/home/ec2-user/.vscode-server/extensions/hashicorp.terraform-2.23.0-linux-x64/out/extension.js:16:11101)
	at processImmediate (node:internal/timers:464:21)
[2022-08-09 01:24:07.129] [exthost] [error] [hashicorp.terraform] provider FAILED
[2022-08-09 01:24:07.129] [exthost] [error] Error: main.tf (15,30): position outside of any attribute name, value or block
	at Fe (/home/ec2-user/.vscode-server/extensions/hashicorp.terraform-2.23.0-linux-x64/out/extension.js:17:223)
	at Be (/home/ec2-user/.vscode-server/extensions/hashicorp.terraform-2.23.0-linux-x64/out/extension.js:16:11251)
	at Immediate.<anonymous> (/home/ec2-user/.vscode-server/extensions/hashicorp.terraform-2.23.0-linux-x64/out/extension.js:16:11101)
	at processImmediate (node:internal/timers:464:21)
[2022-08-09 01:24:16.597] [exthost] [error] [hashicorp.terraform] provider FAILED
[2022-08-09 01:24:16.597] [exthost] [error] Error: main.tf (2,31): position outside of "resource" body
	at Fe (/home/ec2-user/.vscode-server/extensions/hashicorp.terraform-2.23.0-linux-x64/out/extension.js:17:223)
	at Be (/home/ec2-user/.vscode-server/extensions/hashicorp.terraform-2.23.0-linux-x64/out/extension.js:16:11251)
	at Immediate.<anonymous> (/home/ec2-user/.vscode-server/extensions/hashicorp.terraform-2.23.0-linux-x64/out/extension.js:16:11101)
	at processImmediate (node:internal/timers:464:21)
[2022-08-09 01:25:25.415] [exthost] [error] [hashicorp.terraform] provider FAILED
[2022-08-09 01:25:25.415] [exthost] [error] Error: main.tf (1,22): position outside of any attribute name, value or block
	at Fe (/home/ec2-user/.vscode-server/extensions/hashicorp.terraform-2.23.0-linux-x64/out/extension.js:17:223)
	at Be (/home/ec2-user/.vscode-server/extensions/hashicorp.terraform-2.23.0-linux-x64/out/extension.js:16:11251)
	at Immediate.<anonymous> (/home/ec2-user/.vscode-server/extensions/hashicorp.terraform-2.23.0-linux-x64/out/extension.js:16:11101)
	at processImmediate (node:internal/timers:464:21)
[2022-08-09 01:25:55.755] [exthost] [error] [hashicorp.terraform] provider FAILED
[2022-08-09 01:25:55.756] [exthost] [error] Error: main.tf (4,2): position outside of any attribute name, value or block
	at Fe (/home/ec2-user/.vscode-server/extensions/hashicorp.terraform-2.23.0-linux-x64/out/extension.js:17:223)
	at Be (/home/ec2-user/.vscode-server/extensions/hashicorp.terraform-2.23.0-linux-x64/out/extension.js:16:11251)
	at Immediate.<anonymous> (/home/ec2-user/.vscode-server/extensions/hashicorp.terraform-2.23.0-linux-x64/out/extension.js:16:11101)
	at processImmediate (node:internal/timers:464:21)
[2022-08-09 01:26:36.934] [exthost] [error] [hashicorp.terraform] provider FAILED
[2022-08-09 01:26:36.935] [exthost] [error] Error: main.tf (4,16): position outside of any attribute name, value or block
	at Fe (/home/ec2-user/.vscode-server/extensions/hashicorp.terraform-2.23.0-linux-x64/out/extension.js:17:223)
	at Be (/home/ec2-user/.vscode-server/extensions/hashicorp.terraform-2.23.0-linux-x64/out/extension.js:16:11251)
	at Immediate.<anonymous> (/home/ec2-user/.vscode-server/extensions/hashicorp.terraform-2.23.0-linux-x64/out/extension.js:16:11101)
	at processImmediate (node:internal/timers:464:21)
[2022-08-09 01:26:40.663] [exthost] [error] [hashicorp.terraform] provider FAILED
[2022-08-09 01:26:40.663] [exthost] [error] Error: main.tf (4,31): position outside of any attribute name, value or block
	at Fe (/home/ec2-user/.vscode-server/extensions/hashicorp.terraform-2.23.0-linux-x64/out/extension.js:17:223)
	at Be (/home/ec2-user/.vscode-server/extensions/hashicorp.terraform-2.23.0-linux-x64/out/extension.js:16:11251)
	at Immediate.<anonymous> (/home/ec2-user/.vscode-server/extensions/hashicorp.terraform-2.23.0-linux-x64/out/extension.js:16:11101)
	at processImmediate (node:internal/timers:464:21)
[2022-08-09 01:26:41.143] [exthost] [error] [hashicorp.terraform] provider FAILED
[2022-08-09 01:26:41.143] [exthost] [error] Error: main.tf (4,31): position outside of any attribute name, value or block
	at Fe (/home/ec2-user/.vscode-server/extensions/hashicorp.terraform-2.23.0-linux-x64/out/extension.js:17:223)
	at Be (/home/ec2-user/.vscode-server/extensions/hashicorp.terraform-2.23.0-linux-x64/out/extension.js:16:11251)
	at Immediate.<anonymous> (/home/ec2-user/.vscode-server/extensions/hashicorp.terraform-2.23.0-linux-x64/out/extension.js:16:11101)
	at processImmediate (node:internal/timers:464:21)
[2022-08-09 01:26:56.595] [exthost] [error] [hashicorp.terraform] provider FAILED
[2022-08-09 01:26:56.595] [exthost] [error] Error: main.tf (4,31): position outside of any attribute name, value or block
	at Fe (/home/ec2-user/.vscode-server/extensions/hashicorp.terraform-2.23.0-linux-x64/out/extension.js:17:223)
	at Be (/home/ec2-user/.vscode-server/extensions/hashicorp.terraform-2.23.0-linux-x64/out/extension.js:16:11251)
	at Immediate.<anonymous> (/home/ec2-user/.vscode-server/extensions/hashicorp.terraform-2.23.0-linux-x64/out/extension.js:16:11101)
	at processImmediate (node:internal/timers:464:21)
[2022-08-09 01:27:15.053] [exthost] [error] [hashicorp.terraform] provider FAILED
[2022-08-09 01:27:15.054] [exthost] [error] Error: main.tf (16,29): position outside of any attribute name, value or block
	at Fe (/home/ec2-user/.vscode-server/extensions/hashicorp.terraform-2.23.0-linux-x64/out/extension.js:17:223)
	at Be (/home/ec2-user/.vscode-server/extensions/hashicorp.terraform-2.23.0-linux-x64/out/extension.js:16:11251)
	at Immediate.<anonymous> (/home/ec2-user/.vscode-server/extensions/hashicorp.terraform-2.23.0-linux-x64/out/extension.js:16:11101)
	at processImmediate (node:internal/timers:464:21)
[2022-08-09 01:27:16.186] [exthost] [error] [hashicorp.terraform] provider FAILED
[2022-08-09 01:27:16.186] [exthost] [error] Error: main.tf (14,33): position outside of any attribute name, value or block
	at Fe (/home/ec2-user/.vscode-server/extensions/hashicorp.terraform-2.23.0-linux-x64/out/extension.js:17:223)
	at Be (/home/ec2-user/.vscode-server/extensions/hashicorp.terraform-2.23.0-linux-x64/out/extension.js:16:11251)
	at Immediate.<anonymous> (/home/ec2-user/.vscode-server/extensions/hashicorp.terraform-2.23.0-linux-x64/out/extension.js:16:11101)
	at processImmediate (node:internal/timers:464:21)
[2022-08-09 01:27:17.456] [exthost] [error] [hashicorp.terraform] provider FAILED
[2022-08-09 01:27:17.456] [exthost] [error] Error: main.tf (14,33): position outside of any attribute name, value or block
	at Fe (/home/ec2-user/.vscode-server/extensions/hashicorp.terraform-2.23.0-linux-x64/out/extension.js:17:223)
	at Be (/home/ec2-user/.vscode-server/extensions/hashicorp.terraform-2.23.0-linux-x64/out/extension.js:16:11251)
	at Immediate.<anonymous> (/home/ec2-user/.vscode-server/extensions/hashicorp.terraform-2.23.0-linux-x64/out/extension.js:16:11101)
	at processImmediate (node:internal/timers:464:21)
[2022-08-09 01:27:17.861] [exthost] [error] [hashicorp.terraform] provider FAILED
[2022-08-09 01:27:17.861] [exthost] [error] Error: main.tf (14,33): position outside of any attribute name, value or block
	at Fe (/home/ec2-user/.vscode-server/extensions/hashicorp.terraform-2.23.0-linux-x64/out/extension.js:17:223)
	at Be (/home/ec2-user/.vscode-server/extensions/hashicorp.terraform-2.23.0-linux-x64/out/extension.js:16:11251)
	at Immediate.<anonymous> (/home/ec2-user/.vscode-server/extensions/hashicorp.terraform-2.23.0-linux-x64/out/extension.js:16:11101)
	at processImmediate (node:internal/timers:464:21)
[2022-08-09 01:27:21.631] [exthost] [error] [hashicorp.terraform] provider FAILED
[2022-08-09 01:27:21.632] [exthost] [error] Error: main.tf (15,24): position outside of any attribute name, value or block
	at Fe (/home/ec2-user/.vscode-server/extensions/hashicorp.terraform-2.23.0-linux-x64/out/extension.js:17:223)
	at Be (/home/ec2-user/.vscode-server/extensions/hashicorp.terraform-2.23.0-linux-x64/out/extension.js:16:11251)
	at Immediate.<anonymous> (/home/ec2-user/.vscode-server/extensions/hashicorp.terraform-2.23.0-linux-x64/out/extension.js:16:11101)
	at processImmediate (node:internal/timers:464:21)
[2022-08-09 01:28:14.637] [exthost] [error] [hashicorp.terraform] provider FAILED
[2022-08-09 01:28:14.637] [exthost] [error] Error: main.tf (61,31): position outside of any attribute name, value or block
	at Fe (/home/ec2-user/.vscode-server/extensions/hashicorp.terraform-2.23.0-linux-x64/out/extension.js:17:223)
	at Be (/home/ec2-user/.vscode-server/extensions/hashicorp.terraform-2.23.0-linux-x64/out/extension.js:16:11251)
	at Immediate.<anonymous> (/home/ec2-user/.vscode-server/extensions/hashicorp.terraform-2.23.0-linux-x64/out/extension.js:16:11101)
	at processImmediate (node:internal/timers:464:21)
[2022-08-09 01:30:34.283] [exthost] [error] [hashicorp.terraform] provider FAILED
[2022-08-09 01:30:34.283] [exthost] [error] Error: variable.tf (37,19): position outside of any attribute name, value or block
	at Fe (/home/ec2-user/.vscode-server/extensions/hashicorp.terraform-2.23.0-linux-x64/out/extension.js:17:223)
	at Be (/home/ec2-user/.vscode-server/extensions/hashicorp.terraform-2.23.0-linux-x64/out/extension.js:16:11251)
	at Immediate.<anonymous> (/home/ec2-user/.vscode-server/extensions/hashicorp.terraform-2.23.0-linux-x64/out/extension.js:16:11101)
	at processImmediate (node:internal/timers:464:21)
[2022-08-09 01:32:04.926] [exthost] [error] [hashicorp.terraform] provider FAILED
[2022-08-09 01:32:04.926] [exthost] [error] Error: variable.tf (70,32): position outside of any attribute name, value or block
	at Fe (/home/ec2-user/.vscode-server/extensions/hashicorp.terraform-2.23.0-linux-x64/out/extension.js:17:223)
	at Be (/home/ec2-user/.vscode-server/extensions/hashicorp.terraform-2.23.0-linux-x64/out/extension.js:16:11251)
	at Immediate.<anonymous> (/home/ec2-user/.vscode-server/extensions/hashicorp.terraform-2.23.0-linux-x64/out/extension.js:16:11101)
	at processImmediate (node:internal/timers:464:21)
[2022-08-09 01:32:19.921] [exthost] [error] [hashicorp.terraform] provider FAILED
[2022-08-09 01:32:19.921] [exthost] [error] Error: variable.tf (26,47): position outside of any attribute name, value or block
	at Fe (/home/ec2-user/.vscode-server/extensions/hashicorp.terraform-2.23.0-linux-x64/out/extension.js:17:223)
	at Be (/home/ec2-user/.vscode-server/extensions/hashicorp.terraform-2.23.0-linux-x64/out/extension.js:16:11251)
	at Immediate.<anonymous> (/home/ec2-user/.vscode-server/extensions/hashicorp.terraform-2.23.0-linux-x64/out/extension.js:16:11101)
	at processImmediate (node:internal/timers:464:21)
[2022-08-09 01:33:26.184] [exthost] [error] [hashicorp.terraform] provider FAILED
[2022-08-09 01:33:26.184] [exthost] [error] Error: variable.tf (9,14): position outside of any attribute name, value or block
	at Fe (/home/ec2-user/.vscode-server/extensions/hashicorp.terraform-2.23.0-linux-x64/out/extension.js:17:223)
	at Be (/home/ec2-user/.vscode-server/extensions/hashicorp.terraform-2.23.0-linux-x64/out/extension.js:16:11251)
	at Immediate.<anonymous> (/home/ec2-user/.vscode-server/extensions/hashicorp.terraform-2.23.0-linux-x64/out/extension.js:16:11101)
	at processImmediate (node:internal/timers:464:21)
[2022-08-09 01:39:45.318] [exthost] [error] [hashicorp.terraform] provider FAILED
[2022-08-09 01:39:45.319] [exthost] [error] Error: oregon.tfvars (2,15): unknown attribute "region"
	at Fe (/home/ec2-user/.vscode-server/extensions/hashicorp.terraform-2.23.0-linux-x64/out/extension.js:17:223)
	at Be (/home/ec2-user/.vscode-server/extensions/hashicorp.terraform-2.23.0-linux-x64/out/extension.js:16:11251)
	at Immediate.<anonymous> (/home/ec2-user/.vscode-server/extensions/hashicorp.terraform-2.23.0-linux-x64/out/extension.js:16:11101)
	at processImmediate (node:internal/timers:464:21)
[2022-08-09 01:39:45.628] [exthost] [error] [hashicorp.terraform] provider FAILED
[2022-08-09 01:39:45.628] [exthost] [error] Error: oregon.tfvars (2,18): unknown attribute "region"
	at Fe (/home/ec2-user/.vscode-server/extensions/hashicorp.terraform-2.23.0-linux-x64/out/extension.js:17:223)
	at Be (/home/ec2-user/.vscode-server/extensions/hashicorp.terraform-2.23.0-linux-x64/out/extension.js:16:11251)
	at Immediate.<anonymous> (/home/ec2-user/.vscode-server/extensions/hashicorp.terraform-2.23.0-linux-x64/out/extension.js:16:11101)
	at processImmediate (node:internal/timers:464:21)
[2022-08-09 01:40:03.970] [exthost] [error] [hashicorp.terraform] provider FAILED
[2022-08-09 01:40:03.970] [exthost] [error] Error: california.tfvars (2,21): position outside of any attribute name, value or block
	at Fe (/home/ec2-user/.vscode-server/extensions/hashicorp.terraform-2.23.0-linux-x64/out/extension.js:17:223)
	at Be (/home/ec2-user/.vscode-server/extensions/hashicorp.terraform-2.23.0-linux-x64/out/extension.js:16:11251)
	at Immediate.<anonymous> (/home/ec2-user/.vscode-server/extensions/hashicorp.terraform-2.23.0-linux-x64/out/extension.js:16:11101)
	at processImmediate (node:internal/timers:464:21)
[2022-08-09 01:40:04.170] [exthost] [error] [hashicorp.terraform] provider FAILED
[2022-08-09 01:40:04.170] [exthost] [error] Error: california.tfvars (2,20): unknown attribute "region"
	at Fe (/home/ec2-user/.vscode-server/extensions/hashicorp.terraform-2.23.0-linux-x64/out/extension.js:17:223)
	at Be (/home/ec2-user/.vscode-server/extensions/hashicorp.terraform-2.23.0-linux-x64/out/extension.js:16:11251)
	at Immediate.<anonymous> (/home/ec2-user/.vscode-server/extensions/hashicorp.terraform-2.23.0-linux-x64/out/extension.js:16:11101)
	at processImmediate (node:internal/timers:464:21)
[2022-08-09 01:41:30.990] [exthost] [error] [hashicorp.terraform] provider FAILED
[2022-08-09 01:41:30.991] [exthost] [error] Error: capetown.tfvars (2,16): unknown attribute "region"
	at Fe (/home/ec2-user/.vscode-server/extensions/hashicorp.terraform-2.23.0-linux-x64/out/extension.js:17:223)
	at Be (/home/ec2-user/.vscode-server/extensions/hashicorp.terraform-2.23.0-linux-x64/out/extension.js:16:11251)
	at Immediate.<anonymous> (/home/ec2-user/.vscode-server/extensions/hashicorp.terraform-2.23.0-linux-x64/out/extension.js:16:11101)
	at processImmediate (node:internal/timers:464:21)
[2022-08-09 01:41:31.287] [exthost] [error] [hashicorp.terraform] provider FAILED
[2022-08-09 01:41:31.287] [exthost] [error] Error: capetown.tfvars (2,11): unknown attribute "region"
	at Fe (/home/ec2-user/.vscode-server/extensions/hashicorp.terraform-2.23.0-linux-x64/out/extension.js:17:223)
	at Be (/home/ec2-user/.vscode-server/extensions/hashicorp.terraform-2.23.0-linux-x64/out/extension.js:16:11251)
	at Immediate.<anonymous> (/home/ec2-user/.vscode-server/extensions/hashicorp.terraform-2.23.0-linux-x64/out/extension.js:16:11101)
	at processImmediate (node:internal/timers:464:21)
[2022-08-09 01:41:48.246] [exthost] [error] [hashicorp.terraform] provider FAILED
[2022-08-09 01:41:48.246] [exthost] [error] Error: bahrain.tfvars (2,19): unknown attribute "region"
	at Fe (/home/ec2-user/.vscode-server/extensions/hashicorp.terraform-2.23.0-linux-x64/out/extension.js:17:223)
	at Be (/home/ec2-user/.vscode-server/extensions/hashicorp.terraform-2.23.0-linux-x64/out/extension.js:16:11251)
	at Immediate.<anonymous> (/home/ec2-user/.vscode-server/extensions/hashicorp.terraform-2.23.0-linux-x64/out/extension.js:16:11101)
	at processImmediate (node:internal/timers:464:21)
[2022-08-09 01:41:50.068] [exthost] [error] [hashicorp.terraform] provider FAILED
[2022-08-09 01:41:50.069] [exthost] [error] Error: bahrain.tfvars (2,10): unknown attribute "region"
	at Fe (/home/ec2-user/.vscode-server/extensions/hashicorp.terraform-2.23.0-linux-x64/out/extension.js:17:223)
	at Be (/home/ec2-user/.vscode-server/extensions/hashicorp.terraform-2.23.0-linux-x64/out/extension.js:16:11251)
	at Immediate.<anonymous> (/home/ec2-user/.vscode-server/extensions/hashicorp.terraform-2.23.0-linux-x64/out/extension.js:16:11101)
	at processImmediate (node:internal/timers:464:21)
[2022-08-09 01:42:01.892] [exthost] [error] [hashicorp.terraform] provider FAILED
[2022-08-09 01:42:01.892] [exthost] [error] Error: central.tfvars (2,20): unknown attribute "region"
	at Fe (/home/ec2-user/.vscode-server/extensions/hashicorp.terraform-2.23.0-linux-x64/out/extension.js:17:223)
	at Be (/home/ec2-user/.vscode-server/extensions/hashicorp.terraform-2.23.0-linux-x64/out/extension.js:16:11251)
	at Immediate.<anonymous> (/home/ec2-user/.vscode-server/extensions/hashicorp.terraform-2.23.0-linux-x64/out/extension.js:16:11101)
	at processImmediate (node:internal/timers:464:21)
[2022-08-09 01:42:03.381] [exthost] [error] [hashicorp.terraform] provider FAILED
[2022-08-09 01:42:03.381] [exthost] [error] Error: central.tfvars (2,11): unknown attribute "region"
	at Fe (/home/ec2-user/.vscode-server/extensions/hashicorp.terraform-2.23.0-linux-x64/out/extension.js:17:223)
	at Be (/home/ec2-user/.vscode-server/extensions/hashicorp.terraform-2.23.0-linux-x64/out/extension.js:16:11251)
	at Immediate.<anonymous> (/home/ec2-user/.vscode-server/extensions/hashicorp.terraform-2.23.0-linux-x64/out/extension.js:16:11101)
	at processImmediate (node:internal/timers:464:21)
[2022-08-09 01:42:18.174] [exthost] [error] [hashicorp.terraform] provider FAILED
[2022-08-09 01:42:18.175] [exthost] [error] Error: frankfurt.tfvars (2,20): unknown attribute "region"
	at Fe (/home/ec2-user/.vscode-server/extensions/hashicorp.terraform-2.23.0-linux-x64/out/extension.js:17:223)
	at Be (/home/ec2-user/.vscode-server/extensions/hashicorp.terraform-2.23.0-linux-x64/out/extension.js:16:11251)
	at Immediate.<anonymous> (/home/ec2-user/.vscode-server/extensions/hashicorp.terraform-2.23.0-linux-x64/out/extension.js:16:11101)
	at processImmediate (node:internal/timers:464:21)
[2022-08-09 01:42:24.550] [exthost] [error] [hashicorp.terraform] provider FAILED
[2022-08-09 01:42:24.550] [exthost] [error] Error: frankfurt.tfvars (2,20): unknown attribute "region"
	at Fe (/home/ec2-user/.vscode-server/extensions/hashicorp.terraform-2.23.0-linux-x64/out/extension.js:17:223)
	at Be (/home/ec2-user/.vscode-server/extensions/hashicorp.terraform-2.23.0-linux-x64/out/extension.js:16:11251)
	at Immediate.<anonymous> (/home/ec2-user/.vscode-server/extensions/hashicorp.terraform-2.23.0-linux-x64/out/extension.js:16:11101)
	at processImmediate (node:internal/timers:464:21)
[2022-08-09 01:42:25.914] [exthost] [error] [hashicorp.terraform] provider FAILED
[2022-08-09 01:42:25.914] [exthost] [error] Error: frankfurt.tfvars (2,11): unknown attribute "region"
	at Fe (/home/ec2-user/.vscode-server/extensions/hashicorp.terraform-2.23.0-linux-x64/out/extension.js:17:223)
	at Be (/home/ec2-user/.vscode-server/extensions/hashicorp.terraform-2.23.0-linux-x64/out/extension.js:16:11251)
	at Immediate.<anonymous> (/home/ec2-user/.vscode-server/extensions/hashicorp.terraform-2.23.0-linux-x64/out/extension.js:16:11101)
	at processImmediate (node:internal/timers:464:21)
[2022-08-09 01:42:41.284] [exthost] [error] [hashicorp.terraform] provider FAILED
[2022-08-09 01:42:41.284] [exthost] [error] Error: hongkong.tfvars (2,11): unknown attribute "region"
	at Fe (/home/ec2-user/.vscode-server/extensions/hashicorp.terraform-2.23.0-linux-x64/out/extension.js:17:223)
	at Be (/home/ec2-user/.vscode-server/extensions/hashicorp.terraform-2.23.0-linux-x64/out/extension.js:16:11251)
	at Immediate.<anonymous> (/home/ec2-user/.vscode-server/extensions/hashicorp.terraform-2.23.0-linux-x64/out/extension.js:16:11101)
	at processImmediate (node:internal/timers:464:21)
[2022-08-09 01:42:42.601] [exthost] [error] [hashicorp.terraform] provider FAILED
[2022-08-09 01:42:42.601] [exthost] [error] Error: hongkong.tfvars (2,20): unknown attribute "region"
	at Fe (/home/ec2-user/.vscode-server/extensions/hashicorp.terraform-2.23.0-linux-x64/out/extension.js:17:223)
	at Be (/home/ec2-user/.vscode-server/extensions/hashicorp.terraform-2.23.0-linux-x64/out/extension.js:16:11251)
	at Immediate.<anonymous> (/home/ec2-user/.vscode-server/extensions/hashicorp.terraform-2.23.0-linux-x64/out/extension.js:16:11101)
	at processImmediate (node:internal/timers:464:21)
[2022-08-09 01:42:44.341] [exthost] [error] [hashicorp.terraform] provider FAILED
[2022-08-09 01:42:44.341] [exthost] [error] Error: hongkong.tfvars (2,11): unknown attribute "region"
	at Fe (/home/ec2-user/.vscode-server/extensions/hashicorp.terraform-2.23.0-linux-x64/out/extension.js:17:223)
	at Be (/home/ec2-user/.vscode-server/extensions/hashicorp.terraform-2.23.0-linux-x64/out/extension.js:16:11251)
	at Immediate.<anonymous> (/home/ec2-user/.vscode-server/extensions/hashicorp.terraform-2.23.0-linux-x64/out/extension.js:16:11101)
	at processImmediate (node:internal/timers:464:21)
[2022-08-09 01:43:03.186] [exthost] [error] [hashicorp.terraform] provider FAILED
[2022-08-09 01:43:03.186] [exthost] [error] Error: ireland.tfvars (2,20): unknown attribute "region"
	at Fe (/home/ec2-user/.vscode-server/extensions/hashicorp.terraform-2.23.0-linux-x64/out/extension.js:17:223)
	at Be (/home/ec2-user/.vscode-server/extensions/hashicorp.terraform-2.23.0-linux-x64/out/extension.js:16:11251)
	at Immediate.<anonymous> (/home/ec2-user/.vscode-server/extensions/hashicorp.terraform-2.23.0-linux-x64/out/extension.js:16:11101)
	at processImmediate (node:internal/timers:464:21)
[2022-08-09 01:43:04.459] [exthost] [error] [hashicorp.terraform] provider FAILED
[2022-08-09 01:43:04.460] [exthost] [error] Error: ireland.tfvars (2,11): unknown attribute "region"
	at Fe (/home/ec2-user/.vscode-server/extensions/hashicorp.terraform-2.23.0-linux-x64/out/extension.js:17:223)
	at Be (/home/ec2-user/.vscode-server/extensions/hashicorp.terraform-2.23.0-linux-x64/out/extension.js:16:11251)
	at Immediate.<anonymous> (/home/ec2-user/.vscode-server/extensions/hashicorp.terraform-2.23.0-linux-x64/out/extension.js:16:11101)
	at processImmediate (node:internal/timers:464:21)
[2022-08-09 01:43:27.168] [exthost] [error] [hashicorp.terraform] provider FAILED
[2022-08-09 01:43:27.168] [exthost] [error] Error: jakarta.tfvars (2,20): unknown attribute "region"
	at Fe (/home/ec2-user/.vscode-server/extensions/hashicorp.terraform-2.23.0-linux-x64/out/extension.js:17:223)
	at Be (/home/ec2-user/.vscode-server/extensions/hashicorp.terraform-2.23.0-linux-x64/out/extension.js:16:11251)
	at Immediate.<anonymous> (/home/ec2-user/.vscode-server/extensions/hashicorp.terraform-2.23.0-linux-x64/out/extension.js:16:11101)
	at processImmediate (node:internal/timers:464:21)
[2022-08-09 01:43:28.617] [exthost] [error] [hashicorp.terraform] provider FAILED
[2022-08-09 01:43:28.618] [exthost] [error] Error: jakarta.tfvars (2,11): unknown attribute "region"
	at Fe (/home/ec2-user/.vscode-server/extensions/hashicorp.terraform-2.23.0-linux-x64/out/extension.js:17:223)
	at Be (/home/ec2-user/.vscode-server/extensions/hashicorp.terraform-2.23.0-linux-x64/out/extension.js:16:11251)
	at Immediate.<anonymous> (/home/ec2-user/.vscode-server/extensions/hashicorp.terraform-2.23.0-linux-x64/out/extension.js:16:11101)
	at processImmediate (node:internal/timers:464:21)
[2022-08-09 01:43:37.678] [exthost] [error] [hashicorp.terraform] provider FAILED
[2022-08-09 01:43:37.678] [exthost] [error] Error: london.tfvars (2,20): unknown attribute "region"
	at Fe (/home/ec2-user/.vscode-server/extensions/hashicorp.terraform-2.23.0-linux-x64/out/extension.js:17:223)
	at Be (/home/ec2-user/.vscode-server/extensions/hashicorp.terraform-2.23.0-linux-x64/out/extension.js:16:11251)
	at Immediate.<anonymous> (/home/ec2-user/.vscode-server/extensions/hashicorp.terraform-2.23.0-linux-x64/out/extension.js:16:11101)
	at processImmediate (node:internal/timers:464:21)
[2022-08-09 01:43:54.813] [exthost] [error] [hashicorp.terraform] provider FAILED
[2022-08-09 01:43:54.814] [exthost] [error] Error: milan.tfvars (2,20): unknown attribute "region"
	at Fe (/home/ec2-user/.vscode-server/extensions/hashicorp.terraform-2.23.0-linux-x64/out/extension.js:17:223)
	at Be (/home/ec2-user/.vscode-server/extensions/hashicorp.terraform-2.23.0-linux-x64/out/extension.js:16:11251)
	at Immediate.<anonymous> (/home/ec2-user/.vscode-server/extensions/hashicorp.terraform-2.23.0-linux-x64/out/extension.js:16:11101)
	at processImmediate (node:internal/timers:464:21)
[2022-08-09 01:44:15.273] [exthost] [error] [hashicorp.terraform] provider FAILED
[2022-08-09 01:44:15.273] [exthost] [error] Error: mumbai.tfvars (2,20): unknown attribute "region"
	at Fe (/home/ec2-user/.vscode-server/extensions/hashicorp.terraform-2.23.0-linux-x64/out/extension.js:17:223)
	at Be (/home/ec2-user/.vscode-server/extensions/hashicorp.terraform-2.23.0-linux-x64/out/extension.js:16:11251)
	at Immediate.<anonymous> (/home/ec2-user/.vscode-server/extensions/hashicorp.terraform-2.23.0-linux-x64/out/extension.js:16:11101)
	at processImmediate (node:internal/timers:464:21)
[2022-08-09 01:44:17.120] [exthost] [error] [hashicorp.terraform] provider FAILED
[2022-08-09 01:44:17.120] [exthost] [error] Error: mumbai.tfvars (2,11): unknown attribute "region"
	at Fe (/home/ec2-user/.vscode-server/extensions/hashicorp.terraform-2.23.0-linux-x64/out/extension.js:17:223)
	at Be (/home/ec2-user/.vscode-server/extensions/hashicorp.terraform-2.23.0-linux-x64/out/extension.js:16:11251)
	at Immediate.<anonymous> (/home/ec2-user/.vscode-server/extensions/hashicorp.terraform-2.23.0-linux-x64/out/extension.js:16:11101)
	at processImmediate (node:internal/timers:464:21)
[2022-08-09 01:44:31.669] [exthost] [error] [hashicorp.terraform] provider FAILED
[2022-08-09 01:44:31.669] [exthost] [error] Error: osaka.tfvars (2,19): unknown attribute "region"
	at Fe (/home/ec2-user/.vscode-server/extensions/hashicorp.terraform-2.23.0-linux-x64/out/extension.js:17:223)
	at Be (/home/ec2-user/.vscode-server/extensions/hashicorp.terraform-2.23.0-linux-x64/out/extension.js:16:11251)
	at Immediate.<anonymous> (/home/ec2-user/.vscode-server/extensions/hashicorp.terraform-2.23.0-linux-x64/out/extension.js:16:11101)
	at processImmediate (node:internal/timers:464:21)
[2022-08-09 01:44:33.561] [exthost] [error] [hashicorp.terraform] provider FAILED
[2022-08-09 01:44:33.561] [exthost] [error] Error: osaka.tfvars (2,11): unknown attribute "region"
	at Fe (/home/ec2-user/.vscode-server/extensions/hashicorp.terraform-2.23.0-linux-x64/out/extension.js:17:223)
	at Be (/home/ec2-user/.vscode-server/extensions/hashicorp.terraform-2.23.0-linux-x64/out/extension.js:16:11251)
	at Immediate.<anonymous> (/home/ec2-user/.vscode-server/extensions/hashicorp.terraform-2.23.0-linux-x64/out/extension.js:16:11101)
	at processImmediate (node:internal/timers:464:21)
[2022-08-09 01:44:52.712] [exthost] [error] [hashicorp.terraform] provider FAILED
[2022-08-09 01:44:52.712] [exthost] [error] Error: seoul.tfvars (2,20): unknown attribute "region"
	at Fe (/home/ec2-user/.vscode-server/extensions/hashicorp.terraform-2.23.0-linux-x64/out/extension.js:17:223)
	at Be (/home/ec2-user/.vscode-server/extensions/hashicorp.terraform-2.23.0-linux-x64/out/extension.js:16:11251)
	at Immediate.<anonymous> (/home/ec2-user/.vscode-server/extensions/hashicorp.terraform-2.23.0-linux-x64/out/extension.js:16:11101)
	at processImmediate (node:internal/timers:464:21)
[2022-08-09 01:45:04.032] [exthost] [error] [hashicorp.terraform] provider FAILED
[2022-08-09 01:45:04.032] [exthost] [error] Error: singapore.tfvars (2,21): position outside of any attribute name, value or block
	at Fe (/home/ec2-user/.vscode-server/extensions/hashicorp.terraform-2.23.0-linux-x64/out/extension.js:17:223)
	at Be (/home/ec2-user/.vscode-server/extensions/hashicorp.terraform-2.23.0-linux-x64/out/extension.js:16:11251)
	at Immediate.<anonymous> (/home/ec2-user/.vscode-server/extensions/hashicorp.terraform-2.23.0-linux-x64/out/extension.js:16:11101)
	at processImmediate (node:internal/timers:464:21)
[2022-08-09 01:45:05.596] [exthost] [error] [hashicorp.terraform] provider FAILED
[2022-08-09 01:45:05.596] [exthost] [error] Error: singapore.tfvars (2,11): unknown attribute "region"
	at Fe (/home/ec2-user/.vscode-server/extensions/hashicorp.terraform-2.23.0-linux-x64/out/extension.js:17:223)
	at Be (/home/ec2-user/.vscode-server/extensions/hashicorp.terraform-2.23.0-linux-x64/out/extension.js:16:11251)
	at Immediate.<anonymous> (/home/ec2-user/.vscode-server/extensions/hashicorp.terraform-2.23.0-linux-x64/out/extension.js:16:11101)
	at processImmediate (node:internal/timers:464:21)
[2022-08-09 01:45:22.609] [exthost] [error] [hashicorp.terraform] provider FAILED
[2022-08-09 01:45:22.610] [exthost] [error] Error: sydney.tfvars (2,21): position outside of any attribute name, value or block
	at Fe (/home/ec2-user/.vscode-server/extensions/hashicorp.terraform-2.23.0-linux-x64/out/extension.js:17:223)
	at Be (/home/ec2-user/.vscode-server/extensions/hashicorp.terraform-2.23.0-linux-x64/out/extension.js:16:11251)
	at Immediate.<anonymous> (/home/ec2-user/.vscode-server/extensions/hashicorp.terraform-2.23.0-linux-x64/out/extension.js:16:11101)
	at processImmediate (node:internal/timers:464:21)
[2022-08-09 01:45:22.812] [exthost] [error] [hashicorp.terraform] provider FAILED
[2022-08-09 01:45:22.812] [exthost] [error] Error: sydney.tfvars (2,20): unknown attribute "region"
	at Fe (/home/ec2-user/.vscode-server/extensions/hashicorp.terraform-2.23.0-linux-x64/out/extension.js:17:223)
	at Be (/home/ec2-user/.vscode-server/extensions/hashicorp.terraform-2.23.0-linux-x64/out/extension.js:16:11251)
	at Immediate.<anonymous> (/home/ec2-user/.vscode-server/extensions/hashicorp.terraform-2.23.0-linux-x64/out/extension.js:16:11101)
	at processImmediate (node:internal/timers:464:21)
[2022-08-09 01:45:24.319] [exthost] [error] [hashicorp.terraform] provider FAILED
[2022-08-09 01:45:24.319] [exthost] [error] Error: sydney.tfvars (2,11): unknown attribute "region"
	at Fe (/home/ec2-user/.vscode-server/extensions/hashicorp.terraform-2.23.0-linux-x64/out/extension.js:17:223)
	at Be (/home/ec2-user/.vscode-server/extensions/hashicorp.terraform-2.23.0-linux-x64/out/extension.js:16:11251)
	at Immediate.<anonymous> (/home/ec2-user/.vscode-server/extensions/hashicorp.terraform-2.23.0-linux-x64/out/extension.js:16:11101)
	at processImmediate (node:internal/timers:464:21)
[2022-08-09 01:45:34.489] [exthost] [error] [hashicorp.terraform] provider FAILED
[2022-08-09 01:45:34.489] [exthost] [error] Error: sydney.tfvars (2,25): unknown attribute "region"
	at Fe (/home/ec2-user/.vscode-server/extensions/hashicorp.terraform-2.23.0-linux-x64/out/extension.js:17:223)
	at Be (/home/ec2-user/.vscode-server/extensions/hashicorp.terraform-2.23.0-linux-x64/out/extension.js:16:11251)
	at Immediate.<anonymous> (/home/ec2-user/.vscode-server/extensions/hashicorp.terraform-2.23.0-linux-x64/out/extension.js:16:11101)
	at processImmediate (node:internal/timers:464:21)
[2022-08-09 01:45:45.621] [exthost] [error] [hashicorp.terraform] provider FAILED
[2022-08-09 01:45:45.621] [exthost] [error] Error: paris.tfvars (2,20): unknown attribute "region"
	at Fe (/home/ec2-user/.vscode-server/extensions/hashicorp.terraform-2.23.0-linux-x64/out/extension.js:17:223)
	at Be (/home/ec2-user/.vscode-server/extensions/hashicorp.terraform-2.23.0-linux-x64/out/extension.js:16:11251)
	at Immediate.<anonymous> (/home/ec2-user/.vscode-server/extensions/hashicorp.terraform-2.23.0-linux-x64/out/extension.js:16:11101)
	at processImmediate (node:internal/timers:464:21)
[2022-08-09 01:45:55.192] [exthost] [error] [hashicorp.terraform] provider FAILED
[2022-08-09 01:45:55.193] [exthost] [error] Error: stockholm.tfvars (2,20): unknown attribute "region"
	at Fe (/home/ec2-user/.vscode-server/extensions/hashicorp.terraform-2.23.0-linux-x64/out/extension.js:17:223)
	at Be (/home/ec2-user/.vscode-server/extensions/hashicorp.terraform-2.23.0-linux-x64/out/extension.js:16:11251)
	at Immediate.<anonymous> (/home/ec2-user/.vscode-server/extensions/hashicorp.terraform-2.23.0-linux-x64/out/extension.js:16:11101)
	at processImmediate (node:internal/timers:464:21)
[2022-08-09 01:45:56.933] [exthost] [error] [hashicorp.terraform] provider FAILED
[2022-08-09 01:45:56.933] [exthost] [error] Error: stockholm.tfvars (2,11): unknown attribute "region"
	at Fe (/home/ec2-user/.vscode-server/extensions/hashicorp.terraform-2.23.0-linux-x64/out/extension.js:17:223)
	at Be (/home/ec2-user/.vscode-server/extensions/hashicorp.terraform-2.23.0-linux-x64/out/extension.js:16:11251)
	at Immediate.<anonymous> (/home/ec2-user/.vscode-server/extensions/hashicorp.terraform-2.23.0-linux-x64/out/extension.js:16:11101)
	at processImmediate (node:internal/timers:464:21)
[2022-08-09 01:46:14.502] [exthost] [error] [hashicorp.terraform] provider FAILED
[2022-08-09 01:46:14.502] [exthost] [error] Error: tokyo.tfvars (2,19): unknown attribute "region"
	at Fe (/home/ec2-user/.vscode-server/extensions/hashicorp.terraform-2.23.0-linux-x64/out/extension.js:17:223)
	at Be (/home/ec2-user/.vscode-server/extensions/hashicorp.terraform-2.23.0-linux-x64/out/extension.js:16:11251)
	at Immediate.<anonymous> (/home/ec2-user/.vscode-server/extensions/hashicorp.terraform-2.23.0-linux-x64/out/extension.js:16:11101)
	at processImmediate (node:internal/timers:464:21)
[2022-08-09 01:46:14.892] [exthost] [error] [hashicorp.terraform] provider FAILED
[2022-08-09 01:46:14.892] [exthost] [error] Error: tokyo.tfvars (2,20): unknown attribute "region"
	at Fe (/home/ec2-user/.vscode-server/extensions/hashicorp.terraform-2.23.0-linux-x64/out/extension.js:17:223)
	at Be (/home/ec2-user/.vscode-server/extensions/hashicorp.terraform-2.23.0-linux-x64/out/extension.js:16:11251)
	at Immediate.<anonymous> (/home/ec2-user/.vscode-server/extensions/hashicorp.terraform-2.23.0-linux-x64/out/extension.js:16:11101)
	at processImmediate (node:internal/timers:464:21)
[2022-08-09 01:46:54.017] [exthost] [error] [hashicorp.terraform] provider FAILED
[2022-08-09 01:46:54.017] [exthost] [error] Error: variable.tf (17,15): position outside of any attribute name, value or block
	at Fe (/home/ec2-user/.vscode-server/extensions/hashicorp.terraform-2.23.0-linux-x64/out/extension.js:17:223)
	at Be (/home/ec2-user/.vscode-server/extensions/hashicorp.terraform-2.23.0-linux-x64/out/extension.js:16:11251)
	at Immediate.<anonymous> (/home/ec2-user/.vscode-server/extensions/hashicorp.terraform-2.23.0-linux-x64/out/extension.js:16:11101)
	at processImmediate (node:internal/timers:464:21)
[2022-08-09 01:48:19.207] [exthost] [error] [hashicorp.terraform] provider FAILED
[2022-08-09 01:48:19.207] [exthost] [error] Error: main.tf (3,27): unknown attribute "vpc_name"
	at Fe (/home/ec2-user/.vscode-server/extensions/hashicorp.terraform-2.23.0-linux-x64/out/extension.js:17:223)
	at Be (/home/ec2-user/.vscode-server/extensions/hashicorp.terraform-2.23.0-linux-x64/out/extension.js:16:11251)
	at Immediate.<anonymous> (/home/ec2-user/.vscode-server/extensions/hashicorp.terraform-2.23.0-linux-x64/out/extension.js:16:11101)
	at processImmediate (node:internal/timers:464:21)
[2022-08-09 01:48:44.254] [exthost] [error] [hashicorp.terraform] provider FAILED
[2022-08-09 01:48:44.254] [exthost] [error] Error: main.tf (3,22): unknown attribute "vpc_name"
	at Fe (/home/ec2-user/.vscode-server/extensions/hashicorp.terraform-2.23.0-linux-x64/out/extension.js:17:223)
	at Be (/home/ec2-user/.vscode-server/extensions/hashicorp.terraform-2.23.0-linux-x64/out/extension.js:16:11251)
	at Immediate.<anonymous> (/home/ec2-user/.vscode-server/extensions/hashicorp.terraform-2.23.0-linux-x64/out/extension.js:16:11101)
	at processImmediate (node:internal/timers:464:21)
[2022-08-09 01:48:44.786] [exthost] [error] [hashicorp.terraform] provider FAILED
[2022-08-09 01:48:44.786] [exthost] [error] Error: main.tf (3,11): unknown attribute "vpc_name"
	at Fe (/home/ec2-user/.vscode-server/extensions/hashicorp.terraform-2.23.0-linux-x64/out/extension.js:17:223)
	at Be (/home/ec2-user/.vscode-server/extensions/hashicorp.terraform-2.23.0-linux-x64/out/extension.js:16:11251)
	at Immediate.<anonymous> (/home/ec2-user/.vscode-server/extensions/hashicorp.terraform-2.23.0-linux-x64/out/extension.js:16:11101)
	at processImmediate (node:internal/timers:464:21)
[2022-08-09 01:48:45.084] [exthost] [error] [hashicorp.terraform] provider FAILED
[2022-08-09 01:48:45.084] [exthost] [error] Error: main.tf (3,12): unknown attribute "vpc_name"
	at Fe (/home/ec2-user/.vscode-server/extensions/hashicorp.terraform-2.23.0-linux-x64/out/extension.js:17:223)
	at Be (/home/ec2-user/.vscode-server/extensions/hashicorp.terraform-2.23.0-linux-x64/out/extension.js:16:11251)
	at Immediate.<anonymous> (/home/ec2-user/.vscode-server/extensions/hashicorp.terraform-2.23.0-linux-x64/out/extension.js:16:11101)
	at processImmediate (node:internal/timers:464:21)
[2022-08-09 01:48:47.880] [exthost] [error] [hashicorp.terraform] provider FAILED
[2022-08-09 01:48:47.880] [exthost] [error] Error: main.tf (3,5): unknown attribute "vpc_name"
	at Fe (/home/ec2-user/.vscode-server/extensions/hashicorp.terraform-2.23.0-linux-x64/out/extension.js:17:223)
	at Be (/home/ec2-user/.vscode-server/extensions/hashicorp.terraform-2.23.0-linux-x64/out/extension.js:16:11251)
	at Immediate.<anonymous> (/home/ec2-user/.vscode-server/extensions/hashicorp.terraform-2.23.0-linux-x64/out/extension.js:16:11101)
	at processImmediate (node:internal/timers:464:21)
[2022-08-09 01:51:09.558] [exthost] [error] [hashicorp.terraform] provider FAILED
[2022-08-09 01:51:09.559] [exthost] [error] Error: main.tf (23,1): position outside of any attribute name, value or block
	at Fe (/home/ec2-user/.vscode-server/extensions/hashicorp.terraform-2.23.0-linux-x64/out/extension.js:17:223)
	at Be (/home/ec2-user/.vscode-server/extensions/hashicorp.terraform-2.23.0-linux-x64/out/extension.js:16:11251)
	at Immediate.<anonymous> (/home/ec2-user/.vscode-server/extensions/hashicorp.terraform-2.23.0-linux-x64/out/extension.js:16:11101)
	at processImmediate (node:internal/timers:464:21)
[2022-08-09 01:55:17.338] [exthost] [error] [hashicorp.terraform] provider FAILED
[2022-08-09 01:55:17.338] [exthost] [error] Error: main.tf (14,4): position outside of any attribute name, value or block
	at Fe (/home/ec2-user/.vscode-server/extensions/hashicorp.terraform-2.23.0-linux-x64/out/extension.js:17:223)
	at Be (/home/ec2-user/.vscode-server/extensions/hashicorp.terraform-2.23.0-linux-x64/out/extension.js:16:11251)
	at Immediate.<anonymous> (/home/ec2-user/.vscode-server/extensions/hashicorp.terraform-2.23.0-linux-x64/out/extension.js:16:11101)
	at processImmediate (node:internal/timers:464:21)
[2022-08-09 05:48:22.431] [exthost] [info] extension host terminating: renderer disconnected for too long (1)
[2022-08-09 05:48:22.432] [exthost] [info] Lock '/home/ec2-user/.vscode-server/data/User/workspaceStorage/bd4a48b86a6b0e7dce82a23a7d51a25d-1/vscode.lock': Marking the lockfile as scheduled to be released in 6000 ms.
[2022-08-09 05:48:22.474] [exthost] [info] Extension host with pid 23651 exiting with code 0
