Launching language server: /home/ec2-user/.vscode-server/extensions/hashicorp.terraform-2.23.0-linux-x64/bin/terraform-ls serve
2022/08/09 15:16:08 serve_command.go:162: Starting terraform-ls 0.28.1
2022/08/09 15:16:08 service.go:95: Preparing new session ...
2022/08/09 15:16:08 langserver.go:94: Starting server (pid 6902; concurrency: 1) ...
2022/08/09 15:16:08 opts.go:218: Received request batch of size 1 (qlen=0)
2022/08/09 15:16:08 opts.go:218: Dequeued request batch of length 1 (qlen=0)
2022/08/09 15:16:08 rpc_logger.go:29: Incoming request for "initialize" (ID 0): {"processId":6845,"clientInfo":{"name":"Visual Studio Code","version":"1.66.2"},"locale":"en","rootPath":"/home/ec2-user","rootUri":"file:///home/ec2-user","capabilities":{"workspace":{"applyEdit":true,"workspaceEdit":{"documentChanges":true,"resourceOperations":["create","rename","delete"],"failureHandling":"textOnlyTransactional","normalizesLineEndings":true,"changeAnnotationSupport":{"groupsOnLabel":true}},"didChangeConfiguration":{"dynamicRegistration":true},"didChangeWatchedFiles":{"dynamicRegistration":true},"symbol":{"dynamicRegistration":true,"symbolKind":{"valueSet":[1,2,3,4,5,6,7,8,9,10,11,12,13,14,15,16,17,18,19,20,21,22,23,24,25,26]},"tagSupport":{"valueSet":[1]}},"codeLens":{"refreshSupport":true},"executeCommand":{"dynamicRegistration":true},"configuration":true,"workspaceFolders":true,"semanticTokens":{"refreshSupport":true},"fileOperations":{"dynamicRegistration":true,"didCreate":true,"didRename":true,"didDelete":true,"willCreate":true,"willRename":true,"willDelete":true}},"textDocument":{"publishDiagnostics":{"relatedInformation":true,"versionSupport":false,"tagSupport":{"valueSet":[1,2]},"codeDescriptionSupport":true,"dataSupport":true},"synchronization":{"dynamicRegistration":true,"willSave":true,"willSaveWaitUntil":true,"didSave":true},"completion":{"dynamicRegistration":true,"contextSupport":true,"completionItem":{"snippetSupport":true,"commitCharactersSupport":true,"documentationFormat":["markdown","plaintext"],"deprecatedSupport":true,"preselectSupport":true,"tagSupport":{"valueSet":[1]},"insertReplaceSupport":true,"resolveSupport":{"properties":["documentation","detail","additionalTextEdits"]},"insertTextModeSupport":{"valueSet":[1,2]}},"completionItemKind":{"valueSet":[1,2,3,4,5,6,7,8,9,10,11,12,13,14,15,16,17,18,19,20,21,22,23,24,25]}},"hover":{"dynamicRegistration":true,"contentFormat":["markdown","plaintext"]},"signatureHelp":{"dynamicRegistration":true,"signatureInformation":{"documentationFormat":["markdown","plaintext"],"parameterInformation":{"labelOffsetSupport":true},"activeParameterSupport":true},"contextSupport":true},"definition":{"dynamicRegistration":true,"linkSupport":true},"references":{"dynamicRegistration":true},"documentHighlight":{"dynamicRegistration":true},"documentSymbol":{"dynamicRegistration":true,"symbolKind":{"valueSet":[1,2,3,4,5,6,7,8,9,10,11,12,13,14,15,16,17,18,19,20,21,22,23,24,25,26]},"hierarchicalDocumentSymbolSupport":true,"tagSupport":{"valueSet":[1]},"labelSupport":true},"codeAction":{"dynamicRegistration":true,"isPreferredSupport":true,"disabledSupport":true,"dataSupport":true,"resolveSupport":{"properties":["edit"]},"codeActionLiteralSupport":{"codeActionKind":{"valueSet":["","quickfix","refactor","refactor.extract","refactor.inline","refactor.rewrite","source","source.organizeImports"]}},"honorsChangeAnnotations":false},"codeLens":{"dynamicRegistration":true},"formatting":{"dynamicRegistration":true},"rangeFormatting":{"dynamicRegistration":true},"onTypeFormatting":{"dynamicRegistration":true},"rename":{"dynamicRegistration":true,"prepareSupport":true,"prepareSupportDefaultBehavior":1,"honorsChangeAnnotations":true},"documentLink":{"dynamicRegistration":true,"tooltipSupport":true},"typeDefinition":{"dynamicRegistration":true,"linkSupport":true},"implementation":{"dynamicRegistration":true,"linkSupport":true},"colorProvider":{"dynamicRegistration":true},"foldingRange":{"dynamicRegistration":true,"rangeLimit":5000,"lineFoldingOnly":true},"declaration":{"dynamicRegistration":true,"linkSupport":true},"selectionRange":{"dynamicRegistration":true},"callHierarchy":{"dynamicRegistration":true},"semanticTokens":{"dynamicRegistration":true,"tokenTypes":["namespace","type","class","enum","interface","struct","typeParameter","parameter","variable","property","enumMember","event","function","method","macro","keyword","modifier","comment","string","number","regexp","operator","hcl-attrName","hcl-blockType","hcl-blockLabel","hcl-bool","hcl-string","hcl-number","hcl-objectKey","hcl-mapKey","hcl-keyword","hcl-traversalStep","hcl-typeCapsule","hcl-typePrimitive"],"tokenModifiers":["declaration","definition","readonly","static","deprecated","abstract","async","modification","documentation","defaultLibrary","hcl-dependent","terraform-data","terraform-locals","terraform-module","terraform-output","terraform-provider","terraform-resource","terraform-provisioner","terraform-connection","terraform-variable","terraform-terraform","terraform-backend","terraform-name","terraform-type","terraform-requiredProviders"],"formats":["relative"],"requests":{"range":true,"full":{"delta":true}},"multilineTokenSupport":false,"overlappingTokenSupport":false},"linkedEditingRange":{"dynamicRegistration":true}},"window":{"showMessage":{"messageActionItem":{"additionalPropertiesSupport":true}},"showDocument":{"support":true},"workDoneProgress":true},"general":{"regularExpressions":{"engine":"ECMAScript","version":"ES2020"},"markdown":{"parser":"marked","version":"1.1.0"}},"experimental":{"refreshModuleProvidersCommandId":"client.refreshModuleProviders","refreshModuleCallsCommandId":"client.refreshModuleCalls","telemetryVersion":1}},"initializationOptions":{"experimentalFeatures":{},"ignoreSingleFileWarning":false},"trace":"off","workspaceFolders":[{"uri":"file:///home/ec2-user","name":"ec2-user"}]}
2022/08/09 15:16:08 initialize.go:158: enabling telemetry (version: 1)
2022/08/09 15:16:08 initialize.go:163: telemetry enabled (version: 1)
2022/08/09 15:16:08 opts.go:218: Posting server notification "telemetry/event" {"v":1,"name":"initialize","properties":{"experimentalCapabilities.referenceCountCodeLens":false,"lsVersion":"0.28.1","options.commandPrefix":false,"options.excludeModulePaths":false,"options.experimentalFeatures.prefillRequiredFields":false,"options.experimentalFeatures.validateOnSave":false,"options.ignoreDirectoryNames":false,"options.ignoreSingleFileWarning":false,"options.rootModulePaths":false,"options.terraformExecPath":false,"options.terraformExecTimeout":"","options.terraformLogFilePath":false,"root_uri":"dir"}}
2022/08/09 15:16:08 scheduler.go:45: launching eval loop 0
2022/08/09 15:16:08 service.go:443: running closed dir scheduler
2022/08/09 15:16:08 scheduler.go:45: launching eval loop 0
2022/08/09 15:16:08 service.go:448: running open dir scheduler
2022/08/09 15:16:15 watcher.go:498: watching for changes ...
2022/08/09 15:16:15 rpc_logger.go:50: Response to "initialize" (ID 0): {"capabilities":{"textDocumentSync":{"openClose":true,"change":2,"save":{}},"completionProvider":{"triggerCharacters":[".","["],"completionItem":{}},"hoverProvider":true,"signatureHelpProvider":{},"declarationProvider":{},"definitionProvider":true,"referencesProvider":true,"documentSymbolProvider":true,"codeActionProvider":{"codeActionKinds":["source.formatAll.terraform"]},"codeLensProvider":{},"documentLinkProvider":{},"workspaceSymbolProvider":true,"documentFormattingProvider":true,"documentOnTypeFormattingProvider":{"firstTriggerCharacter":""},"executeCommandProvider":{"commands":["terraform-ls.module.callers","terraform-ls.module.calls","terraform-ls.module.providers","terraform-ls.rootmodules","terraform-ls.terraform.init","terraform-ls.terraform.validate"],"workDoneProgress":true},"semanticTokensProvider":{"legend":{"tokenTypes":["enumMember","function","keyword","number","parameter","property","string","type","variable","hcl-attrName","hcl-blockType","hcl-blockLabel","hcl-bool","hcl-string","hcl-number","hcl-objectKey","hcl-mapKey","hcl-keyword","hcl-traversalStep","hcl-typeCapsule","hcl-typePrimitive"],"tokenModifiers":["defaultLibrary","hcl-dependent","terraform-backend","terraform-connection","terraform-data","terraform-locals","terraform-module","terraform-name","terraform-output","terraform-provider","terraform-provisioner","terraform-requiredProviders","terraform-resource","terraform-terraform","terraform-type","terraform-variable"]},"full":true},"workspace":{"workspaceFolders":{"supported":true,"changeNotifications":"workspace/didChangeWorkspaceFolders"}},"experimental":{"referenceCountCodeLens":false,"refreshModuleProviders":true,"refreshModuleCalls":true}},"serverInfo":{"name":"terraform-ls","version":"0.28.1"}}
2022/08/09 15:16:15 opts.go:218: Completed 1 requests [7.172698162s elapsed]
2022/08/09 15:16:15 walker_paths.go:240: walking next dir: {"file:///home/ec2-user"}
2022/08/09 15:16:15 walker.go:188: skipping /home/ec2-user/.git
2022/08/09 15:16:15 walker.go:188: skipping /home/ec2-user/.tfenv/.git
2022/08/09 15:16:15 walker.go:188: skipping /home/ec2-user/.vscode-server/bin/dfd34e8260c270da74b5c2d86d61aee4b6d56977/extensions/debug-auto-launch/.vscode
2022/08/09 15:16:15 walker.go:197: found module /home/ec2-user/Step1
2022/08/09 15:16:15 jobs.go:92: JOBS: Enqueueing new job "1": "OpTypeParseModuleConfiguration" for {"file:///home/ec2-user/Step1"}
2022/08/09 15:16:15 jobs.go:92: JOBS: Enqueueing new job "2": "OpTypeParseVariables" for {"file:///home/ec2-user/Step1"}
2022/08/09 15:16:15 jobs.go:92: JOBS: Enqueueing new job "3": "OpTypeGetTerraformVersion" for {"file:///home/ec2-user/Step1"}
2022/08/09 15:16:15 walker.go:268: parsed datadir: &datadir.DataDir{ModuleManifestPath:"", PluginLockFilePath:"/home/ec2-user/Step1/.terraform.lock.hcl"}
2022/08/09 15:16:15 jobs.go:92: JOBS: Enqueueing new job "4": "OpTypeObtainSchema" for {"file:///home/ec2-user/Step1"}
2022/08/09 15:16:15 jobs.go:92: JOBS: Enqueueing new job "5": "OpTypeDecodeReferenceTargets" for {"file:///home/ec2-user/Step1"}
2022/08/09 15:16:15 jobs.go:92: JOBS: Enqueueing new job "6": "OpTypeDecodeReferenceOrigins" for {"file:///home/ec2-user/Step1"}
2022/08/09 15:16:15 jobs.go:244: JOBS: Dispatching next job "1": "OpTypeParseModuleConfiguration" for {"file:///home/ec2-user/Step1"}
2022/08/09 15:16:15 jobs.go:358: JOBS: Finishing job "1": "OpTypeParseModuleConfiguration" for {"file:///home/ec2-user/Step1"} (err = %!s(<nil>), deferredJobs: [])
2022/08/09 15:16:15 jobs.go:244: JOBS: Dispatching next job "2": "OpTypeParseVariables" for {"file:///home/ec2-user/Step1"}
2022/08/09 15:16:15 jobs.go:92: JOBS: Enqueueing new job "7": "OpTypeDecodeVarsReferences" for {"file:///home/ec2-user/Step1"}
2022/08/09 15:16:15 jobs.go:358: JOBS: Finishing job "2": "OpTypeParseVariables" for {"file:///home/ec2-user/Step1"} (err = %!s(<nil>), deferredJobs: ["7"])
2022/08/09 15:16:15 jobs.go:244: JOBS: Dispatching next job "3": "OpTypeGetTerraformVersion" for {"file:///home/ec2-user/Step1"}
2022/08/09 15:16:15 walker.go:188: skipping /home/ec2-user/Step1/terraform.tfstate.d
2022/08/09 15:16:15 walker.go:188: skipping /home/ec2-user/terraform-team1-project/.git
2022/08/09 15:16:15 walker.go:188: skipping /home/ec2-user/terraform-team1-project/.vscode-server/bin/dfd34e8260c270da74b5c2d86d61aee4b6d56977/extensions/debug-auto-launch/.vscode
2022/08/09 15:16:15 opts.go:218: Received request batch of size 1 (qlen=0)
2022/08/09 15:16:15 opts.go:218: Received request batch of size 1 (qlen=1)
2022/08/09 15:16:15 opts.go:218: Dequeued request batch of length 1 (qlen=1)
2022/08/09 15:16:15 opts.go:218: Dequeued request batch of length 1 (qlen=0)
2022/08/09 15:16:15 rpc_logger.go:29: Incoming notification for "initialized": {}
2022/08/09 15:16:15 rpc_logger.go:29: Incoming notification for "textDocument/didOpen": {"textDocument":{"uri":"file:///home/ec2-user/Step1/main.tf","languageId":"terraform","version":1,"text":"# Create VPC in us-east\nresource \"aws_vpc\" \"team1-vpc\" {\n    cidr_block = var.cidr_block\n\n  tags = {\n        Name = \"team1-vpc\"\n    }\n}\n\n#Create 3 public subnets\nresource \"aws_subnet\" \"public-1\" {\n    vpc_id = aws_vpc.team1-vpc.id\n    cidr_block = var.public-1\n    availability_zone = var.availability_zone\n    map_public_ip_on_launch = true\n\n    tags = {\n        Name = \"public-1\"\n    }\n}\n\nresource \"aws_subnet\" \"public-2\" {\n    vpc_id = aws_vpc.team1-vpc.id\n    cidr_block = var.public-2\n    availability_zone = var.availability_zone\n    map_public_ip_on_launch = true\n\n    tags = {\n        Name = \"public-2\"\n    }\n}\n\nresource \"aws_subnet\" \"public-3\" {\n    vpc_id = aws_vpc.team1-vpc.id\n    cidr_block = var.public-3\n    availability_zone = var.availability_zone\n    map_public_ip_on_launch = true\n\n     tags = {\n        Name = \"public-3\"\n    }\n}\n\n\n#Create 3 Private subnets\n\nresource \"aws_subnet\" \"private-1\" {\n    vpc_id = aws_vpc.team1-vpc.id\n    cidr_block = var.private-1\n    availability_zone = var.availability_zone\n    map_public_ip_on_launch = false\n\n     tags = {\n        Name = \"private-1\"\n    }\n}\n\nresource \"aws_subnet\" \"private-2\" {\n    vpc_id = aws_vpc.team1-vpc.id\n    cidr_block = var.private-2\n    availability_zone = var.availability_zone\n    map_public_ip_on_launch = false\n\n     tags = {\n        Name = \"private-2\"\n    }\n}\n\nresource \"aws_subnet\" \"private-3\" {\n    vpc_id = aws_vpc.team1-vpc.id\n    cidr_block = var.private-3\n    availability_zone = var.availability_zone\n    map_public_ip_on_launch = false\n\n    tags = {\n        Name = \"private-3\"\n    }\n}\n\n# Create IGW\n\nresource \"aws_internet_gateway\" \"internet-gw\" {\n    vpc_id = aws_vpc.team1-vpc.id\n\n    tags =  {\n        Name = \"internet-gw\"\n    }\n  \n}\n\n# Allocate Elastic IP Address\n\nresource \"aws_eip\" \"eip-for-nat\" {\n    vpc = true\n\n    tags = {\n        Name = \"Elastic IP\"\n    }\n  \n}\n\n# Create NAT Gateway (needs work)\n\nresource \"aws_nat_gateway\" \"nat-gw\" {\n    allocation_id = aws_eip.eip-for-nat.id\n    subnet_id = aws_subnet.public-1.id\n    connectivity_type = \"public\"\n  \n}\n\n# Create Route Tables\nresource \"aws_route_table\" \"public\" {\n    vpc_id = aws_vpc.team1-vpc.id\n\n          tags = {\n        Name = \"public\"\n    }\n\n    route { \n        cidr_block = \"0.0.0.0/0\"\n        gateway_id = aws_internet_gateway.internet-gw.id\n        \n    }\n}\n\nresource \"aws_route_table\" \"private\" {\n    vpc_id = aws_vpc.team1-vpc.id\n\n    tags = {\n        Name = \"private\"\n    }\n\n    route {\n        cidr_block = \"0.0.0.0/0\"\n        nat_gateway_id = aws_nat_gateway.nat-gw.id\n    }\n\n}\n\n# Set public subnet asociation\n\nresource \"aws_route_table_association\" \"public-rt1\" {\n    subnet_id = aws_subnet.public-1.id\n    route_table_id = aws_route_table.public.id\n}\n\nresource \"aws_route_table_association\" \"public-rt2\" {\n    subnet_id = aws_subnet.public-2.id\n    route_table_id = aws_route_table.public.id\n}\n\nresource \"aws_route_table_association\" \"public-rt3\" {\n    subnet_id = aws_subnet.public-3.id\n    route_table_id = aws_route_table.public.id\n}\n\n\n# Set private subnet asociation\n\nresource \"aws_route_table_association\" \"private-rt1\" {\n    subnet_id = aws_subnet.private-1.id\n    route_table_id = aws_route_table.private.id\n  \n}\n\nresource \"aws_route_table_association\" \"private-rt2\" {\n    subnet_id = aws_subnet.private-2.id\n    route_table_id = aws_route_table.private.id\n  \n}\n\nresource \"aws_route_table_association\" \"private-rt3\" {\n    subnet_id = aws_subnet.private-3.id\n    route_table_id = aws_route_table.private.id\n}"}}
2022/08/09 15:16:15 did_open.go:42: opened module: /home/ec2-user/Step1
2022/08/09 15:16:15 jobs.go:92: JOBS: Enqueueing new job "8": "OpTypeParseModuleConfiguration" for {"file:///home/ec2-user/Step1"}
2022/08/09 15:16:15 jobs.go:92: JOBS: Enqueueing new job "9": "OpTypeParseVariables" for {"file:///home/ec2-user/Step1"}
2022/08/09 15:16:15 watcher.go:86: adding module for watching: /home/ec2-user/Step1
2022/08/09 15:16:15 jobs.go:244: JOBS: Dispatching next job "4": "OpTypeObtainSchema" for {"file:///home/ec2-user/Step1"}
2022/08/09 15:16:15 walker.go:345: walking of {file:///home/ec2-user} finished
2022/08/09 15:16:15 walker.go:135: walker: walking through {"file:///home/ec2-user"} finished
2022/08/09 15:16:16 jobs.go:358: JOBS: Finishing job "3": "OpTypeGetTerraformVersion" for {"file:///home/ec2-user/Step1"} (err = %!s(<nil>), deferredJobs: [])
2022/08/09 15:16:16 jobs.go:244: JOBS: Dispatching next job "8": "OpTypeParseModuleConfiguration" for {"file:///home/ec2-user/Step1"}
2022/08/09 15:16:16 jobs.go:92: JOBS: Enqueueing new job "10": "OpTypeLoadModuleMetadata" for {"file:///home/ec2-user/Step1"}
2022/08/09 15:16:16 jobs.go:358: JOBS: Finishing job "8": "OpTypeParseModuleConfiguration" for {"file:///home/ec2-user/Step1"} (err = %!s(<nil>), deferredJobs: ["10"])
2022/08/09 15:16:16 jobs.go:244: JOBS: Dispatching next job "10": "OpTypeLoadModuleMetadata" for {"file:///home/ec2-user/Step1"}
2022/08/09 15:16:16 jobs.go:358: JOBS: Finishing job "10": "OpTypeLoadModuleMetadata" for {"file:///home/ec2-user/Step1"} (err = %!s(<nil>), deferredJobs: ["5" "6"])
2022/08/09 15:16:16 jobs.go:244: JOBS: Dispatching next job "9": "OpTypeParseVariables" for {"file:///home/ec2-user/Step1"}
2022/08/09 15:16:16 jobs.go:358: JOBS: Finishing job "9": "OpTypeParseVariables" for {"file:///home/ec2-user/Step1"} (err = %!s(<nil>), deferredJobs: ["7"])
2022/08/09 15:16:16 opts.go:218: Received request batch of size 1 (qlen=0)
2022/08/09 15:16:16 opts.go:218: Dequeued request batch of length 1 (qlen=0)
2022/08/09 15:16:16 opts.go:218: Received request batch of size 1 (qlen=0)
2022/08/09 15:16:16 opts.go:218: Received request batch of size 1 (qlen=1)
2022/08/09 15:16:16 opts.go:218: Received request batch of size 1 (qlen=2)
2022/08/09 15:16:16 opts.go:218: Posting server notification "telemetry/event" {"v":1,"name":"moduleData","properties":{"installedProviders":{"registry.terraform.io/hashicorp/aws":"4.23.0"},"moduleId":"b3d65e2c-9e76-5e3e-b267-d970ffd07db4","providerRequirements":{"registry.terraform.io/-/aws":""},"tfVersion":"0.14.1"}}
2022/08/09 15:16:16 opts.go:218: Posting server call "client.refreshModuleProviders" 
2022/08/09 15:16:16 opts.go:218: Received response for callback "1"
2022/08/09 15:16:16 opts.go:218: Posting server call "client.refreshModuleCalls" 
2022/08/09 15:16:16 opts.go:218: Received response for callback "2"
2022/08/09 15:16:16 opts.go:218: Posting server call "workspace/semanticTokens/refresh" 
2022/08/09 15:16:16 opts.go:218: Received response for callback "3"
2022/08/09 15:16:16 opts.go:218: Received request batch of size 1 (qlen=3)
2022/08/09 15:16:16 opts.go:218: Received request batch of size 1 (qlen=4)
2022/08/09 15:16:16 opts.go:218: Received request batch of size 1 (qlen=5)
2022/08/09 15:16:33 provider_schema.go:106: PSS: adding local schema (/home/ec2-user/Step1, registry.terraform.io/hashicorp/aws): 0xc01895c760
2022/08/09 15:16:33 jobs.go:358: JOBS: Finishing job "4": "OpTypeObtainSchema" for {"file:///home/ec2-user/Step1"} (err = %!s(<nil>), deferredJobs: [])
2022/08/09 15:16:33 jobs.go:244: JOBS: Dispatching next job "5": "OpTypeDecodeReferenceTargets" for {"file:///home/ec2-user/Step1"}
2022/08/09 15:16:33 provider_schema.go:196: PSS: getting provider schema (/home/ec2-user/Step1, registry.terraform.io/-/aws, )
2022/08/09 15:16:33 jobs.go:358: JOBS: Finishing job "5": "OpTypeDecodeReferenceTargets" for {"file:///home/ec2-user/Step1"} (err = %!s(<nil>), deferredJobs: [])
2022/08/09 15:16:33 jobs.go:244: JOBS: Dispatching next job "6": "OpTypeDecodeReferenceOrigins" for {"file:///home/ec2-user/Step1"}
2022/08/09 15:16:33 provider_schema.go:196: PSS: getting provider schema (/home/ec2-user/Step1, registry.terraform.io/-/aws, )
2022/08/09 15:16:33 jobs.go:358: JOBS: Finishing job "6": "OpTypeDecodeReferenceOrigins" for {"file:///home/ec2-user/Step1"} (err = %!s(<nil>), deferredJobs: [])
2022/08/09 15:16:33 jobs.go:244: JOBS: Dispatching next job "7": "OpTypeDecodeVarsReferences" for {"file:///home/ec2-user/Step1"}
2022/08/09 15:16:33 jobs.go:358: JOBS: Finishing job "7": "OpTypeDecodeVarsReferences" for {"file:///home/ec2-user/Step1"} (err = %!s(<nil>), deferredJobs: [])
2022/08/09 15:16:33 opts.go:218: Dequeued request batch of length 1 (qlen=5)
2022/08/09 15:16:33 opts.go:218: Dequeued request batch of length 1 (qlen=4)
2022/08/09 15:16:33 opts.go:218: Dequeued request batch of length 1 (qlen=3)
2022/08/09 15:16:33 opts.go:218: Dequeued request batch of length 1 (qlen=2)
2022/08/09 15:16:33 opts.go:218: Dequeued request batch of length 1 (qlen=1)
2022/08/09 15:16:33 rpc_logger.go:29: Incoming notification for "$/cancelRequest": {"id":3}
2022/08/09 15:16:33 opts.go:218: Cancelled request 3 by client order
2022/08/09 15:16:33 opts.go:218: Dequeued request batch of length 1 (qlen=0)
2022/08/09 15:16:33 rpc_logger.go:29: Incoming notification for "$/cancelRequest": {"id":2}
2022/08/09 15:16:33 opts.go:218: Cancelled request 2 by client order
2022/08/09 15:16:33 rpc_logger.go:29: Incoming notification for "$/cancelRequest": {"id":1}
2022/08/09 15:16:33 opts.go:218: Cancelled request 1 by client order
2022/08/09 15:16:33 opts.go:218: Posting server call "client.refreshModuleProviders" 
2022/08/09 15:16:33 rpc_logger.go:29: Incoming request for "textDocument/documentSymbol" (ID 1): {"textDocument":{"uri":"file:///home/ec2-user/Step1/main.tf"}}
2022/08/09 15:16:33 provider_schema.go:196: PSS: getting provider schema (/home/ec2-user/Step1, registry.terraform.io/-/aws, )
2022/08/09 15:16:33 rpc_logger.go:45: Error for "textDocument/documentSymbol" (ID 1): [-32800] error code -32800: %!s(<nil>)
2022/08/09 15:16:33 opts.go:218: Completed 1 requests [17.511461029s elapsed]
2022/08/09 15:16:33 rpc_logger.go:29: Incoming request for "textDocument/documentLink" (ID 2): {"textDocument":{"uri":"file:///home/ec2-user/Step1/main.tf"}}
2022/08/09 15:16:33 provider_schema.go:196: PSS: getting provider schema (/home/ec2-user/Step1, registry.terraform.io/-/aws, )
2022/08/09 15:16:33 rpc_logger.go:45: Error for "textDocument/documentLink" (ID 2): [-32800] error code -32800: %!s(<nil>)
2022/08/09 15:16:33 opts.go:218: Completed 1 requests [18.148124ms elapsed]
2022/08/09 15:16:33 rpc_logger.go:29: Incoming request for "textDocument/codeLens" (ID 3): {"textDocument":{"uri":"file:///home/ec2-user/Step1/main.tf"}}
2022/08/09 15:16:33 provider_schema.go:196: PSS: getting provider schema (/home/ec2-user/Step1, registry.terraform.io/-/aws, )
2022/08/09 15:16:33 rpc_logger.go:45: Error for "textDocument/codeLens" (ID 3): [-32800] error code -32800: %!s(<nil>)
2022/08/09 15:16:33 opts.go:218: Completed 1 requests [25.137785ms elapsed]
2022/08/09 15:16:33 rpc_logger.go:29: Incoming request for "textDocument/semanticTokens/full" (ID 4): {"textDocument":{"uri":"file:///home/ec2-user/Step1/main.tf"}}
2022/08/09 15:16:33 provider_schema.go:196: PSS: getting provider schema (/home/ec2-user/Step1, registry.terraform.io/-/aws, )
2022/08/09 15:16:33 rpc_logger.go:50: Response to "textDocument/semanticTokens/full" (ID 4): {"data":[1,0,8,10,4096,0,9,9,11,20482,0,10,11,11,4224,1,4,10,9,0,0,13,3,18,0,0,4,10,18,0,2,2,4,9,0,1,8,4,16,0,0,7,11,13,0,5,0,8,10,4096,0,9,12,11,20482,0,13,10,11,4224,1,4,6,9,0,0,9,7,18,0,0,8,9,18,0,0,10,2,18,0,1,4,10,9,0,0,13,3,18,0,0,4,8,18,0,1,4,17,9,0,0,20,3,18,0,0,4,17,18,0,1,4,23,9,0,0,26,4,12,0,2,4,4,9,0,1,8,4,16,0,0,7,10,13,0,4,0,8,10,4096,0,9,12,11,20482,0,13,10,11,4224,1,4,6,9,0,0,9,7,18,0,0,8,9,18,0,0,10,2,18,0,1,4,10,9,0,0,13,3,18,0,0,4,8,18,0,1,4,17,9,0,0,20,3,18,0,0,4,17,18,0,1,4,23,9,0,0,26,4,12,0,2,4,4,9,0,1,8,4,16,0,0,7,10,13,0,4,0,8,10,4096,0,9,12,11,20482,0,13,10,11,4224,1,4,6,9,0,0,9,7,18,0,0,8,9,18,0,0,10,2,18,0,1,4,10,9,0,0,13,3,18,0,0,4,8,18,0,1,4,17,9,0,0,20,3,18,0,0,4,17,18,0,1,4,23,9,0,0,26,4,12,0,2,5,4,9,0,1,8,4,16,0,0,7,10,13,0,7,0,8,10,4096,0,9,12,11,20482,0,13,11,11,4224,1,4,6,9,0,0,9,7,18,0,0,8,9,18,0,0,10,2,18,0,1,4,10,9,0,0,13,3,18,0,0,4,9,18,0,1,4,17,9,0,0,20,3,18,0,0,4,17,18,0,1,4,23,9,0,0,26,5,12,0,2,5,4,9,0,1,8,4,16,0,0,7,11,13,0,4,0,8,10,4096,0,9,12,11,20482,0,13,11,11,4224,1,4,6,9,0,0,9,7,18,0,0,8,9,18,0,0,10,2,18,0,1,4,10,9,0,0,13,3,18,0,0,4,9,18,0,1,4,17,9,0,0,20,3,18,0,0,4,17,18,0,1,4,23,9,0,0,26,5,12,0,2,5,4,9,0,1,8,4,16,0,0,7,11,13,0,4,0,8,10,4096,0,9,12,11,20482,0,13,11,11,4224,1,4,6,9,0,0,9,7,18,0,0,8,9,18,0,0,10,2,18,0,1,4,10,9,0,0,13,3,18,0,0,4,9,18,0,1,4,17,9,0,0,20,3,18,0,0,4,17,18,0,1,4,23,9,0,0,26,5,12,0,2,4,4,9,0,1,8,4,16,0,0,7,11,13,0,6,0,8,10,4096,0,9,22,11,20482,0,23,13,11,4224,1,4,6,9,0,0,9,7,18,0,0,8,9,18,0,0,10,2,18,0,2,4,4,9,0,1,8,4,16,0,0,7,13,13,0,7,0,8,10,4096,0,9,9,11,20482,0,10,13,11,4224,1,4,3,9,0,0,6,4,12,0,2,4,4,9,0,1,8,4,16,0,0,7,12,13,0,7,0,8,10,4096,0,9,17,11,20482,0,18,8,11,4224,1,4,13,9,0,0,16,7,18,0,0,8,11,18,0,0,12,2,18,0,1,4,9,9,0,0,12,10,18,0,0,11,8,18,0,0,9,2,18,0,1,4,17,9,0,0,20,8,13,0,5,0,8,10,4096,0,9,17,11,20482,0,18,8,11,4224,1,4,6,9,0,0,9,7,18,0,0,8,9,18,0,0,10,2,18,0,2,10,4,9,0,1,8,4,16,0,0,7,8,13,0,3,4,5,10,0,1,8,10,9,0,0,13,11,13,0,1,8,10,9,0,0,13,20,18,0,0,21,11,18,0,0,12,2,18,0,5,0,8,10,4096,0,9,17,11,20482,0,18,9,11,4224,1,4,6,9,0,0,9,7,18,0,0,8,9,18,0,0,10,2,18,0,2,4,4,9,0,1,8,4,16,0,0,7,9,13,0,3,4,5,10,0,1,8,10,9,0,0,13,11,13,0,1,8,14,9,0,0,17,15,18,0,0,16,6,18,0,0,7,2,18,0,7,0,8,10,4096,0,9,29,11,20482,0,30,12,11,4224,1,4,9,9,0,0,12,10,18,0,0,11,8,18,0,0,9,2,18,0,1,4,14,9,0,0,17,15,18,0,0,16,6,18,0,0,7,2,18,0,3,0,8,10,4096,0,9,29,11,20482,0,30,12,11,4224,1,4,9,9,0,0,12,10,18,0,0,11,8,18,0,0,9,2,18,0,1,4,14,9,0,0,17,15,18,0,0,16,6,18,0,0,7,2,18,0,3,0,8,10,4096,0,9,29,11,20482,0,30,12,11,4224,1,4,9,9,0,0,12,10,18,0,0,11,8,18,0,0,9,2,18,0,1,4,14,9,0,0,17,15,18,0,0,16,6,18,0,0,7,2,18,0,6,0,8,10,4096,0,9,29,11,20482,0,30,13,11,4224,1,4,9,9,0,0,12,10,18,0,0,11,9,18,0,0,10,2,18,0,1,4,14,9,0,0,17,15,18,0,0,16,7,18,0,0,8,2,18,0,4,0,8,10,4096,0,9,29,11,20482,0,30,13,11,4224,1,4,9,9,0,0,12,10,18,0,0,11,9,18,0,0,10,2,18,0,1,4,14,9,0,0,17,15,18,0,0,16,7,18,0,0,8,2,18,0,4,0,8,10,4096,0,9,29,11,20482,0,30,13,11,4224,1,4,9,9,0,0,12,10,18,0,0,11,9,18,0,0,10,2,18,0,1,4,14,9,0,0,17,15,18,0,0,16,7,18,0,0,8,2,18,0]}
2022/08/09 15:16:33 opts.go:218: Completed 1 requests [35.534739ms elapsed]
2022/08/09 15:16:33 opts.go:218: Received response for callback "4"
2022/08/09 15:16:33 opts.go:218: Posting server call "client.refreshModuleCalls" 
2022/08/09 15:16:33 opts.go:218: Received response for callback "5"
