[2022-08-09T15:16:08.321Z] Validating found git in: git
[2022-08-09T15:16:08.379Z] Using git 2.37.1 from git
[2022-08-09T15:16:08.443Z] > git rev-parse --git-dir [33ms]
[2022-08-09T15:16:08.451Z] Open repository: /home/ec2-user
[2022-08-09T15:16:08.626Z] > git symbolic-ref --short HEAD [25ms]
[2022-08-09T15:16:08.658Z] > git for-each-ref --format=%(refname)%00%(upstream:short)%00%(objectname)%00%(upstream:track) refs/heads/master refs/remotes/master [20ms]
[2022-08-09T15:16:08.678Z] > git for-each-ref --sort -committerdate --format %(refname) %(objectname) %(*objectname) [10ms]
[2022-08-09T15:16:08.697Z] > git remote --verbose [21ms]
[2022-08-09T15:16:08.806Z] > git config --get commit.template [92ms]
[2022-08-09T15:16:09.351Z] > git ls-files --stage -- /home/ec2-user/Step1/main.tf [4ms]
[2022-08-09T15:16:09.366Z] > git cat-file -s e0e2e61fe805d541427d78d5f28932ecb647d749 [3ms]
[2022-08-09T15:16:16.062Z] > git symbolic-ref --short HEAD [8ms]
[2022-08-09T15:16:16.077Z] > git for-each-ref --format=%(refname)%00%(upstream:short)%00%(objectname)%00%(upstream:track) refs/heads/master refs/remotes/master [6ms]
[2022-08-09T15:16:16.185Z] > git remote --verbose [88ms]
[2022-08-09T15:16:16.186Z] > git for-each-ref --sort -committerdate --format %(refname) %(objectname) %(*objectname) [103ms]
[2022-08-09T15:16:16.209Z] > git config --get commit.template [6ms]
[2022-08-09T15:16:17.010Z] > git ls-tree -l HEAD -- /home/ec2-user/.vscode-server/data/logs/20220806T234505/exthost2/output_logging_20220808T224258/2-Git.log [80ms]
[2022-08-09T15:16:21.566Z] > git symbolic-ref --short HEAD [10ms]
[2022-08-09T15:16:21.577Z] > git for-each-ref --format=%(refname)%00%(upstream:short)%00%(objectname)%00%(upstream:track) refs/heads/master refs/remotes/master [4ms]
[2022-08-09T15:16:21.607Z] > git for-each-ref --sort -committerdate --format %(refname) %(objectname) %(*objectname) [8ms]
[2022-08-09T15:16:21.610Z] > git remote --verbose [4ms]
[2022-08-09T15:16:21.617Z] > git config --get commit.template [2ms]
[2022-08-09T15:16:26.701Z] > git symbolic-ref --short HEAD [2ms]
[2022-08-09T15:16:26.710Z] > git for-each-ref --format=%(refname)%00%(upstream:short)%00%(objectname)%00%(upstream:track) refs/heads/master refs/remotes/master [6ms]
[2022-08-09T15:16:26.723Z] > git for-each-ref --sort -committerdate --format %(refname) %(objectname) %(*objectname) [8ms]
[2022-08-09T15:16:26.725Z] > git remote --verbose [3ms]
[2022-08-09T15:16:26.744Z] > git config --get commit.template [4ms]
[2022-08-09T15:16:40.977Z] > git symbolic-ref --short HEAD [2ms]
[2022-08-09T15:16:40.981Z] > git for-each-ref --format=%(refname)%00%(upstream:short)%00%(objectname)%00%(upstream:track) refs/heads/master refs/remotes/master [1ms]
[2022-08-09T15:16:40.988Z] > git for-each-ref --sort -committerdate --format %(refname) %(objectname) %(*objectname) [4ms]
[2022-08-09T15:16:40.990Z] > git remote --verbose [3ms]
[2022-08-09T15:16:40.997Z] > git config --get commit.template [2ms]
[2022-08-09T15:17:20.004Z] > git symbolic-ref --short HEAD [3ms]
[2022-08-09T15:17:20.009Z] > git for-each-ref --format=%(refname)%00%(upstream:short)%00%(objectname)%00%(upstream:track) refs/heads/master refs/remotes/master [2ms]
[2022-08-09T15:17:20.016Z] > git for-each-ref --sort -committerdate --format %(refname) %(objectname) %(*objectname) [4ms]
[2022-08-09T15:17:20.018Z] > git remote --verbose [3ms]
[2022-08-09T15:17:20.024Z] > git config --get commit.template [2ms]
