[2022-07-30 18:15:08.297] [exthost] [info] Extension host with pid 12288 started
[2022-07-30 18:15:08.307] [exthost] [info] Lock '/home/ec2-user/.vscode-server/data/User/workspaceStorage/bd4a48b86a6b0e7dce82a23a7d51a25d/vscode.lock': Lock acquired.
[2022-07-30 18:15:08.533] [exthost] [info] ExtensionService#_doActivateExtension hashicorp.terraform, startup: false, activationEvent: 'onLanguage:terraform'
[2022-07-30 18:15:08.650] [exthost] [info] ExtensionService#_doActivateExtension vscode.debug-auto-launch, startup: true, activationEvent: '*'
[2022-07-30 18:15:08.663] [exthost] [info] ExtensionService#_doActivateExtension vscode.git-base, startup: true, activationEvent: '*', root cause: vscode.git
[2022-07-30 18:15:08.667] [exthost] [info] ExtensionService#_doActivateExtension vscode.ipynb, startup: true, activationEvent: '*'
[2022-07-30 18:15:08.843] [exthost] [info] ExtensionService#_doActivateExtension vscode.git, startup: true, activationEvent: '*'
[2022-07-30 18:15:09.002] [exthost] [info] ExtensionService#_doActivateExtension vscode.github, startup: true, activationEvent: '*'
[2022-07-30 18:15:16.297] [exthost] [info] ExtensionService#_doActivateExtension vscode.emmet, startup: false, activationEvent: 'onStartupFinished'
[2022-07-30 18:15:16.318] [exthost] [info] ExtensionService#_doActivateExtension vscode.merge-conflict, startup: false, activationEvent: 'onStartupFinished'
[2022-07-30 18:15:16.335] [exthost] [info] Eager extensions activated
[2022-07-30 18:17:20.006] [exthost] [info] ExtensionService#_doActivateExtension vscode.extension-editing, startup: false, activationEvent: 'onLanguage:markdown'
[2022-07-30 18:17:20.031] [exthost] [info] ExtensionService#_doActivateExtension vscode.markdown-language-features, startup: false, activationEvent: 'onLanguage:markdown'
[2022-07-30 18:17:20.497] [exthost] [info] ExtensionService#_doActivateExtension vscode.markdown-math, startup: false, activationEvent: 'api', root cause: vscode.markdown-language-features
[2022-07-30 18:25:07.547] [exthost] [error] [hashicorp.terraform] provider FAILED
[2022-07-30 18:25:07.548] [exthost] [error] Error: variables.tf (45,15): position outside of any attribute name, value or block
	at Fe (/home/ec2-user/.vscode-server/extensions/hashicorp.terraform-2.23.0-linux-x64/out/extension.js:17:223)
	at Be (/home/ec2-user/.vscode-server/extensions/hashicorp.terraform-2.23.0-linux-x64/out/extension.js:16:11251)
	at Immediate.<anonymous> (/home/ec2-user/.vscode-server/extensions/hashicorp.terraform-2.23.0-linux-x64/out/extension.js:16:11101)
	at processImmediate (node:internal/timers:464:21)
[2022-07-30 18:27:43.041] [exthost] [error] [hashicorp.terraform] provider FAILED
[2022-07-30 18:27:43.042] [exthost] [error] Error: variables.tf (8,16): position outside of any attribute name, value or block
	at Fe (/home/ec2-user/.vscode-server/extensions/hashicorp.terraform-2.23.0-linux-x64/out/extension.js:17:223)
	at Be (/home/ec2-user/.vscode-server/extensions/hashicorp.terraform-2.23.0-linux-x64/out/extension.js:16:11251)
	at Immediate.<anonymous> (/home/ec2-user/.vscode-server/extensions/hashicorp.terraform-2.23.0-linux-x64/out/extension.js:16:11101)
	at processImmediate (node:internal/timers:464:21)
[2022-07-30 18:32:26.746] [exthost] [error] [hashicorp.terraform] provider FAILED
[2022-07-30 18:32:26.747] [exthost] [error] Error: rds.tf (11,39): position outside of any attribute name, value or block
	at Fe (/home/ec2-user/.vscode-server/extensions/hashicorp.terraform-2.23.0-linux-x64/out/extension.js:17:223)
	at Be (/home/ec2-user/.vscode-server/extensions/hashicorp.terraform-2.23.0-linux-x64/out/extension.js:16:11251)
	at Immediate.<anonymous> (/home/ec2-user/.vscode-server/extensions/hashicorp.terraform-2.23.0-linux-x64/out/extension.js:16:11101)
	at processImmediate (node:internal/timers:464:21)
[2022-07-30 18:32:28.642] [exthost] [error] [hashicorp.terraform] provider FAILED
[2022-07-30 18:32:28.642] [exthost] [error] Error: rds.tf (10,52): no reference target found
	at Fe (/home/ec2-user/.vscode-server/extensions/hashicorp.terraform-2.23.0-linux-x64/out/extension.js:17:223)
	at Be (/home/ec2-user/.vscode-server/extensions/hashicorp.terraform-2.23.0-linux-x64/out/extension.js:16:11251)
	at Immediate.<anonymous> (/home/ec2-user/.vscode-server/extensions/hashicorp.terraform-2.23.0-linux-x64/out/extension.js:16:11101)
	at processImmediate (node:internal/timers:464:21)
[2022-07-30 18:34:35.804] [exthost] [error] [hashicorp.terraform] provider FAILED
[2022-07-30 18:34:35.804] [exthost] [error] Error: rds.tf (10,62): no reference target found
	at Fe (/home/ec2-user/.vscode-server/extensions/hashicorp.terraform-2.23.0-linux-x64/out/extension.js:17:223)
	at Be (/home/ec2-user/.vscode-server/extensions/hashicorp.terraform-2.23.0-linux-x64/out/extension.js:16:11251)
	at Immediate.<anonymous> (/home/ec2-user/.vscode-server/extensions/hashicorp.terraform-2.23.0-linux-x64/out/extension.js:16:11101)
	at processImmediate (node:internal/timers:464:21)
[2022-07-30 18:38:05.867] [exthost] [error] [hashicorp.terraform] provider FAILED
[2022-07-30 18:38:05.867] [exthost] [error] Error: rds.tf (13,56): no reference target found
	at Fe (/home/ec2-user/.vscode-server/extensions/hashicorp.terraform-2.23.0-linux-x64/out/extension.js:17:223)
	at Be (/home/ec2-user/.vscode-server/extensions/hashicorp.terraform-2.23.0-linux-x64/out/extension.js:16:11251)
	at Immediate.<anonymous> (/home/ec2-user/.vscode-server/extensions/hashicorp.terraform-2.23.0-linux-x64/out/extension.js:16:11101)
	at processImmediate (node:internal/timers:464:21)
[2022-07-30 18:38:08.438] [exthost] [error] [hashicorp.terraform] provider FAILED
[2022-07-30 18:38:08.438] [exthost] [error] Error: rds.tf (9,39): position outside of any attribute name, value or block
	at Fe (/home/ec2-user/.vscode-server/extensions/hashicorp.terraform-2.23.0-linux-x64/out/extension.js:17:223)
	at Be (/home/ec2-user/.vscode-server/extensions/hashicorp.terraform-2.23.0-linux-x64/out/extension.js:16:11251)
	at Immediate.<anonymous> (/home/ec2-user/.vscode-server/extensions/hashicorp.terraform-2.23.0-linux-x64/out/extension.js:16:11101)
	at processImmediate (node:internal/timers:464:21)
[2022-07-30 18:38:08.930] [exthost] [error] [hashicorp.terraform] provider FAILED
[2022-07-30 18:38:08.930] [exthost] [error] Error: rds.tf (10,54): no reference target found
	at Fe (/home/ec2-user/.vscode-server/extensions/hashicorp.terraform-2.23.0-linux-x64/out/extension.js:17:223)
	at Be (/home/ec2-user/.vscode-server/extensions/hashicorp.terraform-2.23.0-linux-x64/out/extension.js:16:11251)
	at Immediate.<anonymous> (/home/ec2-user/.vscode-server/extensions/hashicorp.terraform-2.23.0-linux-x64/out/extension.js:16:11101)
	at processImmediate (node:internal/timers:464:21)
[2022-07-30 18:38:10.566] [exthost] [error] [hashicorp.terraform] provider FAILED
[2022-07-30 18:38:10.566] [exthost] [error] Error: rds.tf (10,64): no reference target found
	at Fe (/home/ec2-user/.vscode-server/extensions/hashicorp.terraform-2.23.0-linux-x64/out/extension.js:17:223)
	at Be (/home/ec2-user/.vscode-server/extensions/hashicorp.terraform-2.23.0-linux-x64/out/extension.js:16:11251)
	at Immediate.<anonymous> (/home/ec2-user/.vscode-server/extensions/hashicorp.terraform-2.23.0-linux-x64/out/extension.js:16:11101)
	at processImmediate (node:internal/timers:464:21)
[2022-07-30 18:38:16.112] [exthost] [error] [hashicorp.terraform] provider FAILED
[2022-07-30 18:38:16.112] [exthost] [error] Error: rds.tf (10,64): no reference target found
	at Fe (/home/ec2-user/.vscode-server/extensions/hashicorp.terraform-2.23.0-linux-x64/out/extension.js:17:223)
	at Be (/home/ec2-user/.vscode-server/extensions/hashicorp.terraform-2.23.0-linux-x64/out/extension.js:16:11251)
	at Immediate.<anonymous> (/home/ec2-user/.vscode-server/extensions/hashicorp.terraform-2.23.0-linux-x64/out/extension.js:16:11101)
	at processImmediate (node:internal/timers:464:21)
[2022-07-30 18:43:01.143] [exthost] [error] [hashicorp.terraform] provider FAILED
[2022-07-30 18:43:01.143] [exthost] [error] Error: rds.tf (13,29): position outside of any attribute name, value or block
	at Fe (/home/ec2-user/.vscode-server/extensions/hashicorp.terraform-2.23.0-linux-x64/out/extension.js:17:223)
	at Be (/home/ec2-user/.vscode-server/extensions/hashicorp.terraform-2.23.0-linux-x64/out/extension.js:16:11251)
	at Immediate.<anonymous> (/home/ec2-user/.vscode-server/extensions/hashicorp.terraform-2.23.0-linux-x64/out/extension.js:16:11101)
	at processImmediate (node:internal/timers:464:21)
[2022-07-30 18:43:42.911] [exthost] [error] [hashicorp.terraform] provider FAILED
[2022-07-30 18:43:42.911] [exthost] [error] Error: rds.tf (10,66): no reference target found
	at Fe (/home/ec2-user/.vscode-server/extensions/hashicorp.terraform-2.23.0-linux-x64/out/extension.js:17:223)
	at Be (/home/ec2-user/.vscode-server/extensions/hashicorp.terraform-2.23.0-linux-x64/out/extension.js:16:11251)
	at Immediate.<anonymous> (/home/ec2-user/.vscode-server/extensions/hashicorp.terraform-2.23.0-linux-x64/out/extension.js:16:11101)
	at processImmediate (node:internal/timers:464:21)
[2022-07-30 18:43:43.103] [exthost] [error] [hashicorp.terraform] provider FAILED
[2022-07-30 18:43:43.103] [exthost] [error] Error: rds.tf (10,65): no reference target found
	at Fe (/home/ec2-user/.vscode-server/extensions/hashicorp.terraform-2.23.0-linux-x64/out/extension.js:17:223)
	at Be (/home/ec2-user/.vscode-server/extensions/hashicorp.terraform-2.23.0-linux-x64/out/extension.js:16:11251)
	at Immediate.<anonymous> (/home/ec2-user/.vscode-server/extensions/hashicorp.terraform-2.23.0-linux-x64/out/extension.js:16:11101)
	at processImmediate (node:internal/timers:464:21)
[2022-07-30 18:43:43.507] [exthost] [error] [hashicorp.terraform] provider FAILED
[2022-07-30 18:43:43.507] [exthost] [error] Error: rds.tf (10,63): no reference target found
	at Fe (/home/ec2-user/.vscode-server/extensions/hashicorp.terraform-2.23.0-linux-x64/out/extension.js:17:223)
	at Be (/home/ec2-user/.vscode-server/extensions/hashicorp.terraform-2.23.0-linux-x64/out/extension.js:16:11251)
	at Immediate.<anonymous> (/home/ec2-user/.vscode-server/extensions/hashicorp.terraform-2.23.0-linux-x64/out/extension.js:16:11101)
	at processImmediate (node:internal/timers:464:21)
[2022-07-30 18:43:46.662] [exthost] [error] [hashicorp.terraform] provider FAILED
[2022-07-30 18:43:46.663] [exthost] [error] Error: rds.tf (10,1): position outside of any attribute name, value or block
	at Fe (/home/ec2-user/.vscode-server/extensions/hashicorp.terraform-2.23.0-linux-x64/out/extension.js:17:223)
	at Be (/home/ec2-user/.vscode-server/extensions/hashicorp.terraform-2.23.0-linux-x64/out/extension.js:16:11251)
	at Immediate.<anonymous> (/home/ec2-user/.vscode-server/extensions/hashicorp.terraform-2.23.0-linux-x64/out/extension.js:16:11101)
	at processImmediate (node:internal/timers:464:21)
[2022-07-30 18:43:48.976] [exthost] [error] [hashicorp.terraform] provider FAILED
[2022-07-30 18:43:48.977] [exthost] [error] Error: rds.tf (13,7): position outside of any attribute name, value or block
	at Fe (/home/ec2-user/.vscode-server/extensions/hashicorp.terraform-2.23.0-linux-x64/out/extension.js:17:223)
	at Be (/home/ec2-user/.vscode-server/extensions/hashicorp.terraform-2.23.0-linux-x64/out/extension.js:16:11251)
	at Immediate.<anonymous> (/home/ec2-user/.vscode-server/extensions/hashicorp.terraform-2.23.0-linux-x64/out/extension.js:16:11101)
	at processImmediate (node:internal/timers:464:21)
[2022-07-30 18:45:24.754] [exthost] [error] [hashicorp.terraform] provider FAILED
[2022-07-30 18:45:24.754] [exthost] [error] Error: subnet-group.tf (4,3): position outside of any attribute name, value or block
	at Fe (/home/ec2-user/.vscode-server/extensions/hashicorp.terraform-2.23.0-linux-x64/out/extension.js:17:223)
	at Be (/home/ec2-user/.vscode-server/extensions/hashicorp.terraform-2.23.0-linux-x64/out/extension.js:16:11251)
	at Immediate.<anonymous> (/home/ec2-user/.vscode-server/extensions/hashicorp.terraform-2.23.0-linux-x64/out/extension.js:16:11101)
	at processImmediate (node:internal/timers:464:21)
[2022-07-30 18:45:42.147] [exthost] [error] [hashicorp.terraform] provider FAILED
[2022-07-30 18:45:42.147] [exthost] [error] Error: rds.tf (9,74): no reference target found
	at Fe (/home/ec2-user/.vscode-server/extensions/hashicorp.terraform-2.23.0-linux-x64/out/extension.js:17:223)
	at Be (/home/ec2-user/.vscode-server/extensions/hashicorp.terraform-2.23.0-linux-x64/out/extension.js:16:11251)
	at Immediate.<anonymous> (/home/ec2-user/.vscode-server/extensions/hashicorp.terraform-2.23.0-linux-x64/out/extension.js:16:11101)
	at processImmediate (node:internal/timers:464:21)
[2022-07-30 18:45:45.951] [exthost] [error] [hashicorp.terraform] provider FAILED
[2022-07-30 18:45:45.951] [exthost] [error] Error: rds.tf (5,30): position outside of any attribute name, value or block
	at Fe (/home/ec2-user/.vscode-server/extensions/hashicorp.terraform-2.23.0-linux-x64/out/extension.js:17:223)
	at Be (/home/ec2-user/.vscode-server/extensions/hashicorp.terraform-2.23.0-linux-x64/out/extension.js:16:11251)
	at Immediate.<anonymous> (/home/ec2-user/.vscode-server/extensions/hashicorp.terraform-2.23.0-linux-x64/out/extension.js:16:11101)
	at processImmediate (node:internal/timers:464:21)
[2022-07-30 18:45:54.266] [exthost] [error] [hashicorp.terraform] provider FAILED
[2022-07-30 18:45:54.266] [exthost] [error] Error: rds.tf: position 1,3 is out of range rds.tf:1,1-2
	at Fe (/home/ec2-user/.vscode-server/extensions/hashicorp.terraform-2.23.0-linux-x64/out/extension.js:17:223)
	at Be (/home/ec2-user/.vscode-server/extensions/hashicorp.terraform-2.23.0-linux-x64/out/extension.js:16:11251)
	at Immediate.<anonymous> (/home/ec2-user/.vscode-server/extensions/hashicorp.terraform-2.23.0-linux-x64/out/extension.js:16:11101)
	at processImmediate (node:internal/timers:464:21)
[2022-07-30 18:45:54.467] [exthost] [error] [hashicorp.terraform] provider FAILED
[2022-07-30 18:45:54.467] [exthost] [error] Error: rds.tf (1,2): position outside of any attribute name, value or block
	at Fe (/home/ec2-user/.vscode-server/extensions/hashicorp.terraform-2.23.0-linux-x64/out/extension.js:17:223)
	at Be (/home/ec2-user/.vscode-server/extensions/hashicorp.terraform-2.23.0-linux-x64/out/extension.js:16:11251)
	at Immediate.<anonymous> (/home/ec2-user/.vscode-server/extensions/hashicorp.terraform-2.23.0-linux-x64/out/extension.js:16:11101)
	at processImmediate (node:internal/timers:464:21)
[2022-07-30 18:45:54.774] [exthost] [error] [hashicorp.terraform] provider FAILED
[2022-07-30 18:45:54.774] [exthost] [error] Error: rds.tf (1,2): position outside of any attribute name, value or block
	at Fe (/home/ec2-user/.vscode-server/extensions/hashicorp.terraform-2.23.0-linux-x64/out/extension.js:17:223)
	at Be (/home/ec2-user/.vscode-server/extensions/hashicorp.terraform-2.23.0-linux-x64/out/extension.js:16:11251)
	at Immediate.<anonymous> (/home/ec2-user/.vscode-server/extensions/hashicorp.terraform-2.23.0-linux-x64/out/extension.js:16:11101)
	at processImmediate (node:internal/timers:464:21)
[2022-07-30 18:45:55.032] [exthost] [error] [hashicorp.terraform] provider FAILED
[2022-07-30 18:45:55.032] [exthost] [error] Error: rds.tf: position 5,28 is out of range rds.tf:1,1-2
	at Fe (/home/ec2-user/.vscode-server/extensions/hashicorp.terraform-2.23.0-linux-x64/out/extension.js:17:223)
	at Be (/home/ec2-user/.vscode-server/extensions/hashicorp.terraform-2.23.0-linux-x64/out/extension.js:16:11251)
	at Immediate.<anonymous> (/home/ec2-user/.vscode-server/extensions/hashicorp.terraform-2.23.0-linux-x64/out/extension.js:16:11101)
	at processImmediate (node:internal/timers:464:21)
[2022-07-30 18:45:55.523] [exthost] [error] [hashicorp.terraform] provider FAILED
[2022-07-30 18:45:55.523] [exthost] [error] Error: rds.tf: position 1,1 is out of range rds.tf:1,2-15,2
	at Fe (/home/ec2-user/.vscode-server/extensions/hashicorp.terraform-2.23.0-linux-x64/out/extension.js:17:223)
	at Be (/home/ec2-user/.vscode-server/extensions/hashicorp.terraform-2.23.0-linux-x64/out/extension.js:16:11251)
	at Immediate.<anonymous> (/home/ec2-user/.vscode-server/extensions/hashicorp.terraform-2.23.0-linux-x64/out/extension.js:16:11101)
	at processImmediate (node:internal/timers:464:21)
[2022-07-30 18:45:56.236] [exthost] [error] [hashicorp.terraform] provider FAILED
[2022-07-30 18:45:56.236] [exthost] [error] Error: rds.tf: position 1,1 is out of range rds.tf:1,2-15,2
	at Fe (/home/ec2-user/.vscode-server/extensions/hashicorp.terraform-2.23.0-linux-x64/out/extension.js:17:223)
	at Be (/home/ec2-user/.vscode-server/extensions/hashicorp.terraform-2.23.0-linux-x64/out/extension.js:16:11251)
	at Immediate.<anonymous> (/home/ec2-user/.vscode-server/extensions/hashicorp.terraform-2.23.0-linux-x64/out/extension.js:16:11101)
	at processImmediate (node:internal/timers:464:21)
[2022-07-30 18:47:41.079] [exthost] [error] [hashicorp.terraform] provider FAILED
[2022-07-30 18:47:41.080] [exthost] [error] Error: subnet-group.tf (6,30): position outside of "resource" body
	at Fe (/home/ec2-user/.vscode-server/extensions/hashicorp.terraform-2.23.0-linux-x64/out/extension.js:17:223)
	at Be (/home/ec2-user/.vscode-server/extensions/hashicorp.terraform-2.23.0-linux-x64/out/extension.js:16:11251)
	at Immediate.<anonymous> (/home/ec2-user/.vscode-server/extensions/hashicorp.terraform-2.23.0-linux-x64/out/extension.js:16:11101)
	at processImmediate (node:internal/timers:464:21)
[2022-07-30 18:56:49.538] [exthost] [error] [hashicorp.terraform] provider FAILED
[2022-07-30 18:56:49.539] [exthost] [error] Error: rds.tf (13,22): position outside of any attribute name, value or block
	at Fe (/home/ec2-user/.vscode-server/extensions/hashicorp.terraform-2.23.0-linux-x64/out/extension.js:17:223)
	at Be (/home/ec2-user/.vscode-server/extensions/hashicorp.terraform-2.23.0-linux-x64/out/extension.js:16:11251)
	at Immediate.<anonymous> (/home/ec2-user/.vscode-server/extensions/hashicorp.terraform-2.23.0-linux-x64/out/extension.js:16:11101)
	at processImmediate (node:internal/timers:464:21)
[2022-07-30 18:56:49.908] [exthost] [error] [hashicorp.terraform] provider FAILED
[2022-07-30 18:56:49.908] [exthost] [error] Error: rds.tf (3,12): position outside of any attribute name, value or block
	at Fe (/home/ec2-user/.vscode-server/extensions/hashicorp.terraform-2.23.0-linux-x64/out/extension.js:17:223)
	at Be (/home/ec2-user/.vscode-server/extensions/hashicorp.terraform-2.23.0-linux-x64/out/extension.js:16:11251)
	at Immediate.<anonymous> (/home/ec2-user/.vscode-server/extensions/hashicorp.terraform-2.23.0-linux-x64/out/extension.js:16:11101)
	at processImmediate (node:internal/timers:464:21)
[2022-07-30 18:56:50.370] [exthost] [error] [hashicorp.terraform] provider FAILED
[2022-07-30 18:56:50.370] [exthost] [error] Error: rds.tf (9,30): position outside of any attribute name, value or block
	at Fe (/home/ec2-user/.vscode-server/extensions/hashicorp.terraform-2.23.0-linux-x64/out/extension.js:17:223)
	at Be (/home/ec2-user/.vscode-server/extensions/hashicorp.terraform-2.23.0-linux-x64/out/extension.js:16:11251)
	at Immediate.<anonymous> (/home/ec2-user/.vscode-server/extensions/hashicorp.terraform-2.23.0-linux-x64/out/extension.js:16:11101)
	at processImmediate (node:internal/timers:464:21)
[2022-07-30 18:56:56.664] [exthost] [error] [hashicorp.terraform] provider FAILED
[2022-07-30 18:56:56.664] [exthost] [error] Error: rds.tf (7,30): position outside of any attribute name, value or block
	at Fe (/home/ec2-user/.vscode-server/extensions/hashicorp.terraform-2.23.0-linux-x64/out/extension.js:17:223)
	at Be (/home/ec2-user/.vscode-server/extensions/hashicorp.terraform-2.23.0-linux-x64/out/extension.js:16:11251)
	at Immediate.<anonymous> (/home/ec2-user/.vscode-server/extensions/hashicorp.terraform-2.23.0-linux-x64/out/extension.js:16:11101)
	at processImmediate (node:internal/timers:464:21)
[2022-07-30 18:56:56.993] [exthost] [error] [hashicorp.terraform] provider FAILED
[2022-07-30 18:56:56.993] [exthost] [error] Error: rds.tf (4,17): position outside of any attribute name, value or block
	at Fe (/home/ec2-user/.vscode-server/extensions/hashicorp.terraform-2.23.0-linux-x64/out/extension.js:17:223)
	at Be (/home/ec2-user/.vscode-server/extensions/hashicorp.terraform-2.23.0-linux-x64/out/extension.js:16:11251)
	at Immediate.<anonymous> (/home/ec2-user/.vscode-server/extensions/hashicorp.terraform-2.23.0-linux-x64/out/extension.js:16:11101)
	at processImmediate (node:internal/timers:464:21)
[2022-07-30 18:56:58.068] [exthost] [error] [hashicorp.terraform] provider FAILED
[2022-07-30 18:56:58.068] [exthost] [error] Error: rds.tf (3,32): position outside of any attribute name, value or block
	at Fe (/home/ec2-user/.vscode-server/extensions/hashicorp.terraform-2.23.0-linux-x64/out/extension.js:17:223)
	at Be (/home/ec2-user/.vscode-server/extensions/hashicorp.terraform-2.23.0-linux-x64/out/extension.js:16:11251)
	at Immediate.<anonymous> (/home/ec2-user/.vscode-server/extensions/hashicorp.terraform-2.23.0-linux-x64/out/extension.js:16:11101)
	at processImmediate (node:internal/timers:464:21)
[2022-07-30 18:57:52.987] [exthost] [error] [hashicorp.terraform] provider FAILED
[2022-07-30 18:57:52.987] [exthost] [error] Error: rds.tf (9,13): position outside of any attribute name, value or block
	at Fe (/home/ec2-user/.vscode-server/extensions/hashicorp.terraform-2.23.0-linux-x64/out/extension.js:17:223)
	at Be (/home/ec2-user/.vscode-server/extensions/hashicorp.terraform-2.23.0-linux-x64/out/extension.js:16:11251)
	at Immediate.<anonymous> (/home/ec2-user/.vscode-server/extensions/hashicorp.terraform-2.23.0-linux-x64/out/extension.js:16:11101)
	at processImmediate (node:internal/timers:464:21)
[2022-07-30 18:57:54.145] [exthost] [error] [hashicorp.terraform] provider FAILED
[2022-07-30 18:57:54.145] [exthost] [error] Error: rds.tf (6,19): position outside of any attribute name, value or block
	at Fe (/home/ec2-user/.vscode-server/extensions/hashicorp.terraform-2.23.0-linux-x64/out/extension.js:17:223)
	at Be (/home/ec2-user/.vscode-server/extensions/hashicorp.terraform-2.23.0-linux-x64/out/extension.js:16:11251)
	at Immediate.<anonymous> (/home/ec2-user/.vscode-server/extensions/hashicorp.terraform-2.23.0-linux-x64/out/extension.js:16:11101)
	at processImmediate (node:internal/timers:464:21)
[2022-07-30 18:57:54.656] [exthost] [error] [hashicorp.terraform] provider FAILED
[2022-07-30 18:57:54.657] [exthost] [error] Error: rds.tf (8,31): position outside of any attribute name, value or block
	at Fe (/home/ec2-user/.vscode-server/extensions/hashicorp.terraform-2.23.0-linux-x64/out/extension.js:17:223)
	at Be (/home/ec2-user/.vscode-server/extensions/hashicorp.terraform-2.23.0-linux-x64/out/extension.js:16:11251)
	at Immediate.<anonymous> (/home/ec2-user/.vscode-server/extensions/hashicorp.terraform-2.23.0-linux-x64/out/extension.js:16:11101)
	at processImmediate (node:internal/timers:464:21)
[2022-07-30 18:57:56.597] [exthost] [error] [hashicorp.terraform] provider FAILED
[2022-07-30 18:57:56.597] [exthost] [error] Error: variables.tf (22,15): position outside of any attribute name, value or block
	at Fe (/home/ec2-user/.vscode-server/extensions/hashicorp.terraform-2.23.0-linux-x64/out/extension.js:17:223)
	at Be (/home/ec2-user/.vscode-server/extensions/hashicorp.terraform-2.23.0-linux-x64/out/extension.js:16:11251)
	at Immediate.<anonymous> (/home/ec2-user/.vscode-server/extensions/hashicorp.terraform-2.23.0-linux-x64/out/extension.js:16:11101)
	at processImmediate (node:internal/timers:464:21)
[2022-07-30 18:58:04.581] [exthost] [error] [hashicorp.terraform] provider FAILED
[2022-07-30 18:58:04.582] [exthost] [error] Error: variables.tf (31,29): position outside of any attribute name, value or block
	at Fe (/home/ec2-user/.vscode-server/extensions/hashicorp.terraform-2.23.0-linux-x64/out/extension.js:17:223)
	at Be (/home/ec2-user/.vscode-server/extensions/hashicorp.terraform-2.23.0-linux-x64/out/extension.js:16:11251)
	at Immediate.<anonymous> (/home/ec2-user/.vscode-server/extensions/hashicorp.terraform-2.23.0-linux-x64/out/extension.js:16:11101)
	at processImmediate (node:internal/timers:464:21)
[2022-07-30 18:58:16.075] [exthost] [error] [hashicorp.terraform] provider FAILED
[2022-07-30 18:58:16.076] [exthost] [error] Error: rds.tf (6,19): position outside of any attribute name, value or block
	at Fe (/home/ec2-user/.vscode-server/extensions/hashicorp.terraform-2.23.0-linux-x64/out/extension.js:17:223)
	at Be (/home/ec2-user/.vscode-server/extensions/hashicorp.terraform-2.23.0-linux-x64/out/extension.js:16:11251)
	at Immediate.<anonymous> (/home/ec2-user/.vscode-server/extensions/hashicorp.terraform-2.23.0-linux-x64/out/extension.js:16:11101)
	at processImmediate (node:internal/timers:464:21)
[2022-07-30 18:58:16.737] [exthost] [error] [hashicorp.terraform] provider FAILED
[2022-07-30 18:58:16.737] [exthost] [error] Error: rds.tf (4,32): position outside of any attribute name, value or block
	at Fe (/home/ec2-user/.vscode-server/extensions/hashicorp.terraform-2.23.0-linux-x64/out/extension.js:17:223)
	at Be (/home/ec2-user/.vscode-server/extensions/hashicorp.terraform-2.23.0-linux-x64/out/extension.js:16:11251)
	at Immediate.<anonymous> (/home/ec2-user/.vscode-server/extensions/hashicorp.terraform-2.23.0-linux-x64/out/extension.js:16:11101)
	at processImmediate (node:internal/timers:464:21)
[2022-07-30 18:58:19.051] [exthost] [error] [hashicorp.terraform] provider FAILED
[2022-07-30 18:58:19.051] [exthost] [error] Error: variables.tf (19,26): position outside of "variable" body
	at Fe (/home/ec2-user/.vscode-server/extensions/hashicorp.terraform-2.23.0-linux-x64/out/extension.js:17:223)
	at Be (/home/ec2-user/.vscode-server/extensions/hashicorp.terraform-2.23.0-linux-x64/out/extension.js:16:11251)
	at Immediate.<anonymous> (/home/ec2-user/.vscode-server/extensions/hashicorp.terraform-2.23.0-linux-x64/out/extension.js:16:11101)
	at processImmediate (node:internal/timers:464:21)
[2022-07-30 18:58:27.220] [exthost] [error] [hashicorp.terraform] provider FAILED
[2022-07-30 18:58:27.220] [exthost] [error] Error: rds.tf (3,34): position outside of any attribute name, value or block
	at Fe (/home/ec2-user/.vscode-server/extensions/hashicorp.terraform-2.23.0-linux-x64/out/extension.js:17:223)
	at Be (/home/ec2-user/.vscode-server/extensions/hashicorp.terraform-2.23.0-linux-x64/out/extension.js:16:11251)
	at Immediate.<anonymous> (/home/ec2-user/.vscode-server/extensions/hashicorp.terraform-2.23.0-linux-x64/out/extension.js:16:11101)
	at processImmediate (node:internal/timers:464:21)
[2022-07-30 18:58:27.690] [exthost] [error] [hashicorp.terraform] provider FAILED
[2022-07-30 18:58:27.690] [exthost] [error] Error: rds.tf (2,26): position outside of any attribute name, value or block
	at Fe (/home/ec2-user/.vscode-server/extensions/hashicorp.terraform-2.23.0-linux-x64/out/extension.js:17:223)
	at Be (/home/ec2-user/.vscode-server/extensions/hashicorp.terraform-2.23.0-linux-x64/out/extension.js:16:11251)
	at Immediate.<anonymous> (/home/ec2-user/.vscode-server/extensions/hashicorp.terraform-2.23.0-linux-x64/out/extension.js:16:11101)
	at processImmediate (node:internal/timers:464:21)
[2022-07-30 18:58:30.069] [exthost] [error] [hashicorp.terraform] provider FAILED
[2022-07-30 18:58:30.069] [exthost] [error] Error: variables.tf (8,16): position outside of any attribute name, value or block
	at Fe (/home/ec2-user/.vscode-server/extensions/hashicorp.terraform-2.23.0-linux-x64/out/extension.js:17:223)
	at Be (/home/ec2-user/.vscode-server/extensions/hashicorp.terraform-2.23.0-linux-x64/out/extension.js:16:11251)
	at Immediate.<anonymous> (/home/ec2-user/.vscode-server/extensions/hashicorp.terraform-2.23.0-linux-x64/out/extension.js:16:11101)
	at processImmediate (node:internal/timers:464:21)
[2022-07-30 18:59:27.103] [exthost] [error] [hashicorp.terraform] provider FAILED
[2022-07-30 18:59:27.104] [exthost] [error] Error: rds.tf (12,36): position outside of any attribute name, value or block
	at Fe (/home/ec2-user/.vscode-server/extensions/hashicorp.terraform-2.23.0-linux-x64/out/extension.js:17:223)
	at Be (/home/ec2-user/.vscode-server/extensions/hashicorp.terraform-2.23.0-linux-x64/out/extension.js:16:11251)
	at Immediate.<anonymous> (/home/ec2-user/.vscode-server/extensions/hashicorp.terraform-2.23.0-linux-x64/out/extension.js:16:11101)
	at processImmediate (node:internal/timers:464:21)
[2022-07-30 18:59:27.482] [exthost] [error] [hashicorp.terraform] provider FAILED
[2022-07-30 18:59:27.482] [exthost] [error] Error: rds.tf (7,27): position outside of any attribute name, value or block
	at Fe (/home/ec2-user/.vscode-server/extensions/hashicorp.terraform-2.23.0-linux-x64/out/extension.js:17:223)
	at Be (/home/ec2-user/.vscode-server/extensions/hashicorp.terraform-2.23.0-linux-x64/out/extension.js:16:11251)
	at Immediate.<anonymous> (/home/ec2-user/.vscode-server/extensions/hashicorp.terraform-2.23.0-linux-x64/out/extension.js:16:11101)
	at processImmediate (node:internal/timers:464:21)
[2022-07-30 18:59:27.787] [exthost] [error] [hashicorp.terraform] provider FAILED
[2022-07-30 18:59:27.787] [exthost] [error] Error: rds.tf (7,31): position outside of any attribute name, value or block
	at Fe (/home/ec2-user/.vscode-server/extensions/hashicorp.terraform-2.23.0-linux-x64/out/extension.js:17:223)
	at Be (/home/ec2-user/.vscode-server/extensions/hashicorp.terraform-2.23.0-linux-x64/out/extension.js:16:11251)
	at Immediate.<anonymous> (/home/ec2-user/.vscode-server/extensions/hashicorp.terraform-2.23.0-linux-x64/out/extension.js:16:11101)
	at processImmediate (node:internal/timers:464:21)
[2022-07-30 18:59:40.018] [exthost] [error] [hashicorp.terraform] provider FAILED
[2022-07-30 18:59:40.018] [exthost] [error] Error: rds.tf (7,30): position outside of any attribute name, value or block
	at Fe (/home/ec2-user/.vscode-server/extensions/hashicorp.terraform-2.23.0-linux-x64/out/extension.js:17:223)
	at Be (/home/ec2-user/.vscode-server/extensions/hashicorp.terraform-2.23.0-linux-x64/out/extension.js:16:11251)
	at Immediate.<anonymous> (/home/ec2-user/.vscode-server/extensions/hashicorp.terraform-2.23.0-linux-x64/out/extension.js:16:11101)
	at processImmediate (node:internal/timers:464:21)
[2022-07-30 18:59:52.740] [exthost] [error] [hashicorp.terraform] provider FAILED
[2022-07-30 18:59:52.740] [exthost] [error] Error: rds.tf (11,34): position outside of any attribute name, value or block
	at Fe (/home/ec2-user/.vscode-server/extensions/hashicorp.terraform-2.23.0-linux-x64/out/extension.js:17:223)
	at Be (/home/ec2-user/.vscode-server/extensions/hashicorp.terraform-2.23.0-linux-x64/out/extension.js:16:11251)
	at Immediate.<anonymous> (/home/ec2-user/.vscode-server/extensions/hashicorp.terraform-2.23.0-linux-x64/out/extension.js:16:11101)
	at processImmediate (node:internal/timers:464:21)
[2022-07-30 19:05:47.801] [exthost] [error] [hashicorp.terraform] provider FAILED
[2022-07-30 19:05:47.801] [exthost] [error] Error: variables.tf (22,42): position outside of any attribute name, value or block
	at Fe (/home/ec2-user/.vscode-server/extensions/hashicorp.terraform-2.23.0-linux-x64/out/extension.js:17:223)
	at Be (/home/ec2-user/.vscode-server/extensions/hashicorp.terraform-2.23.0-linux-x64/out/extension.js:16:11251)
	at Immediate.<anonymous> (/home/ec2-user/.vscode-server/extensions/hashicorp.terraform-2.23.0-linux-x64/out/extension.js:16:11101)
	at processImmediate (node:internal/timers:464:21)
[2022-07-30 19:07:15.447] [exthost] [error] [hashicorp.terraform] provider FAILED
[2022-07-30 19:07:15.447] [exthost] [error] Error: no reference origin found
	at Fe (/home/ec2-user/.vscode-server/extensions/hashicorp.terraform-2.23.0-linux-x64/out/extension.js:17:223)
	at Be (/home/ec2-user/.vscode-server/extensions/hashicorp.terraform-2.23.0-linux-x64/out/extension.js:16:11251)
	at Immediate.<anonymous> (/home/ec2-user/.vscode-server/extensions/hashicorp.terraform-2.23.0-linux-x64/out/extension.js:16:11101)
	at processImmediate (node:internal/timers:464:21)
[2022-07-30 19:10:30.844] [exthost] [error] [hashicorp.terraform] provider FAILED
[2022-07-30 19:10:30.844] [exthost] [error] Error: rds.tf (13,24): position outside of any attribute name, value or block
	at Fe (/home/ec2-user/.vscode-server/extensions/hashicorp.terraform-2.23.0-linux-x64/out/extension.js:17:223)
	at Be (/home/ec2-user/.vscode-server/extensions/hashicorp.terraform-2.23.0-linux-x64/out/extension.js:16:11251)
	at Immediate.<anonymous> (/home/ec2-user/.vscode-server/extensions/hashicorp.terraform-2.23.0-linux-x64/out/extension.js:16:11101)
	at processImmediate (node:internal/timers:464:21)
[2022-07-30 19:12:48.252] [exthost] [error] [hashicorp.terraform] provider FAILED
[2022-07-30 19:12:48.253] [exthost] [error] Error: rds.tf (10,42): position outside of any attribute name, value or block
	at Fe (/home/ec2-user/.vscode-server/extensions/hashicorp.terraform-2.23.0-linux-x64/out/extension.js:17:223)
	at Be (/home/ec2-user/.vscode-server/extensions/hashicorp.terraform-2.23.0-linux-x64/out/extension.js:16:11251)
	at Immediate.<anonymous> (/home/ec2-user/.vscode-server/extensions/hashicorp.terraform-2.23.0-linux-x64/out/extension.js:16:11101)
	at processImmediate (node:internal/timers:464:21)
[2022-07-30 19:12:48.639] [exthost] [error] [hashicorp.terraform] provider FAILED
[2022-07-30 19:12:48.639] [exthost] [error] Error: rds.tf (6,32): position outside of any attribute name, value or block
	at Fe (/home/ec2-user/.vscode-server/extensions/hashicorp.terraform-2.23.0-linux-x64/out/extension.js:17:223)
	at Be (/home/ec2-user/.vscode-server/extensions/hashicorp.terraform-2.23.0-linux-x64/out/extension.js:16:11251)
	at Immediate.<anonymous> (/home/ec2-user/.vscode-server/extensions/hashicorp.terraform-2.23.0-linux-x64/out/extension.js:16:11101)
	at processImmediate (node:internal/timers:464:21)
[2022-07-30 19:12:52.885] [exthost] [error] [hashicorp.terraform] provider FAILED
[2022-07-30 19:12:52.885] [exthost] [error] Error: rds.tf (13,39): position outside of any attribute name, value or block
	at Fe (/home/ec2-user/.vscode-server/extensions/hashicorp.terraform-2.23.0-linux-x64/out/extension.js:17:223)
	at Be (/home/ec2-user/.vscode-server/extensions/hashicorp.terraform-2.23.0-linux-x64/out/extension.js:16:11251)
	at Immediate.<anonymous> (/home/ec2-user/.vscode-server/extensions/hashicorp.terraform-2.23.0-linux-x64/out/extension.js:16:11101)
	at processImmediate (node:internal/timers:464:21)
[2022-07-30 19:12:55.321] [exthost] [error] [hashicorp.terraform] provider FAILED
[2022-07-30 19:12:55.321] [exthost] [error] Error: rds.tf (9,29): position outside of any attribute name, value or block
	at Fe (/home/ec2-user/.vscode-server/extensions/hashicorp.terraform-2.23.0-linux-x64/out/extension.js:17:223)
	at Be (/home/ec2-user/.vscode-server/extensions/hashicorp.terraform-2.23.0-linux-x64/out/extension.js:16:11251)
	at Immediate.<anonymous> (/home/ec2-user/.vscode-server/extensions/hashicorp.terraform-2.23.0-linux-x64/out/extension.js:16:11101)
	at processImmediate (node:internal/timers:464:21)
[2022-07-30 19:12:55.896] [exthost] [error] [hashicorp.terraform] provider FAILED
[2022-07-30 19:12:55.896] [exthost] [error] Error: rds.tf (10,21): position outside of any attribute name, value or block
	at Fe (/home/ec2-user/.vscode-server/extensions/hashicorp.terraform-2.23.0-linux-x64/out/extension.js:17:223)
	at Be (/home/ec2-user/.vscode-server/extensions/hashicorp.terraform-2.23.0-linux-x64/out/extension.js:16:11251)
	at Immediate.<anonymous> (/home/ec2-user/.vscode-server/extensions/hashicorp.terraform-2.23.0-linux-x64/out/extension.js:16:11101)
	at processImmediate (node:internal/timers:464:21)
[2022-07-30 19:12:56.372] [exthost] [error] [hashicorp.terraform] provider FAILED
[2022-07-30 19:12:56.372] [exthost] [error] Error: rds.tf (9,12): position outside of any attribute name, value or block
	at Fe (/home/ec2-user/.vscode-server/extensions/hashicorp.terraform-2.23.0-linux-x64/out/extension.js:17:223)
	at Be (/home/ec2-user/.vscode-server/extensions/hashicorp.terraform-2.23.0-linux-x64/out/extension.js:16:11251)
	at Immediate.<anonymous> (/home/ec2-user/.vscode-server/extensions/hashicorp.terraform-2.23.0-linux-x64/out/extension.js:16:11101)
	at processImmediate (node:internal/timers:464:21)
[2022-07-30 19:12:58.467] [exthost] [error] [hashicorp.terraform] provider FAILED
[2022-07-30 19:12:58.467] [exthost] [error] Error: rds.tf (2,2): position outside of any attribute name, value or block
	at Fe (/home/ec2-user/.vscode-server/extensions/hashicorp.terraform-2.23.0-linux-x64/out/extension.js:17:223)
	at Be (/home/ec2-user/.vscode-server/extensions/hashicorp.terraform-2.23.0-linux-x64/out/extension.js:16:11251)
	at Immediate.<anonymous> (/home/ec2-user/.vscode-server/extensions/hashicorp.terraform-2.23.0-linux-x64/out/extension.js:16:11101)
	at processImmediate (node:internal/timers:464:21)
[2022-07-30 19:12:58.667] [exthost] [error] [hashicorp.terraform] provider FAILED
[2022-07-30 19:12:58.667] [exthost] [error] Error: rds.tf (2,2): position outside of any attribute name, value or block
	at Fe (/home/ec2-user/.vscode-server/extensions/hashicorp.terraform-2.23.0-linux-x64/out/extension.js:17:223)
	at Be (/home/ec2-user/.vscode-server/extensions/hashicorp.terraform-2.23.0-linux-x64/out/extension.js:16:11251)
	at Immediate.<anonymous> (/home/ec2-user/.vscode-server/extensions/hashicorp.terraform-2.23.0-linux-x64/out/extension.js:16:11101)
	at processImmediate (node:internal/timers:464:21)
[2022-07-30 19:13:02.666] [exthost] [error] [hashicorp.terraform] provider FAILED
[2022-07-30 19:13:02.667] [exthost] [error] Error: no reference origin found
	at Fe (/home/ec2-user/.vscode-server/extensions/hashicorp.terraform-2.23.0-linux-x64/out/extension.js:17:223)
	at Be (/home/ec2-user/.vscode-server/extensions/hashicorp.terraform-2.23.0-linux-x64/out/extension.js:16:11251)
	at Immediate.<anonymous> (/home/ec2-user/.vscode-server/extensions/hashicorp.terraform-2.23.0-linux-x64/out/extension.js:16:11101)
	at processImmediate (node:internal/timers:464:21)
[2022-07-30 19:13:10.523] [exthost] [error] [hashicorp.terraform] provider FAILED
[2022-07-30 19:13:10.523] [exthost] [error] Error: rds.tf (2,1): position outside of any attribute name, value or block
	at Fe (/home/ec2-user/.vscode-server/extensions/hashicorp.terraform-2.23.0-linux-x64/out/extension.js:17:223)
	at Be (/home/ec2-user/.vscode-server/extensions/hashicorp.terraform-2.23.0-linux-x64/out/extension.js:16:11251)
	at Immediate.<anonymous> (/home/ec2-user/.vscode-server/extensions/hashicorp.terraform-2.23.0-linux-x64/out/extension.js:16:11101)
	at processImmediate (node:internal/timers:464:21)
[2022-07-30 19:13:15.799] [exthost] [error] [hashicorp.terraform] provider FAILED
[2022-07-30 19:13:15.799] [exthost] [error] Error: rds.tf (3,1): position outside of any attribute name, value or block
	at Fe (/home/ec2-user/.vscode-server/extensions/hashicorp.terraform-2.23.0-linux-x64/out/extension.js:17:223)
	at Be (/home/ec2-user/.vscode-server/extensions/hashicorp.terraform-2.23.0-linux-x64/out/extension.js:16:11251)
	at Immediate.<anonymous> (/home/ec2-user/.vscode-server/extensions/hashicorp.terraform-2.23.0-linux-x64/out/extension.js:16:11101)
	at processImmediate (node:internal/timers:464:21)
[2022-07-30 19:13:16.209] [exthost] [error] [hashicorp.terraform] provider FAILED
[2022-07-30 19:13:16.209] [exthost] [error] Error: rds.tf (2,1): position outside of any attribute name, value or block
	at Fe (/home/ec2-user/.vscode-server/extensions/hashicorp.terraform-2.23.0-linux-x64/out/extension.js:17:223)
	at Be (/home/ec2-user/.vscode-server/extensions/hashicorp.terraform-2.23.0-linux-x64/out/extension.js:16:11251)
	at Immediate.<anonymous> (/home/ec2-user/.vscode-server/extensions/hashicorp.terraform-2.23.0-linux-x64/out/extension.js:16:11101)
	at processImmediate (node:internal/timers:464:21)
[2022-07-30 19:13:25.640] [exthost] [error] [hashicorp.terraform] provider FAILED
[2022-07-30 19:13:25.640] [exthost] [error] Error: rds.tf (13,28): position outside of any attribute name, value or block
	at Fe (/home/ec2-user/.vscode-server/extensions/hashicorp.terraform-2.23.0-linux-x64/out/extension.js:17:223)
	at Be (/home/ec2-user/.vscode-server/extensions/hashicorp.terraform-2.23.0-linux-x64/out/extension.js:16:11251)
	at Immediate.<anonymous> (/home/ec2-user/.vscode-server/extensions/hashicorp.terraform-2.23.0-linux-x64/out/extension.js:16:11101)
	at processImmediate (node:internal/timers:464:21)
[2022-07-30 19:13:27.670] [exthost] [error] [hashicorp.terraform] provider FAILED
[2022-07-30 19:13:27.670] [exthost] [error] Error: rds.tf (3,25): position outside of any attribute name, value or block
	at Fe (/home/ec2-user/.vscode-server/extensions/hashicorp.terraform-2.23.0-linux-x64/out/extension.js:17:223)
	at Be (/home/ec2-user/.vscode-server/extensions/hashicorp.terraform-2.23.0-linux-x64/out/extension.js:16:11251)
	at Immediate.<anonymous> (/home/ec2-user/.vscode-server/extensions/hashicorp.terraform-2.23.0-linux-x64/out/extension.js:16:11101)
	at processImmediate (node:internal/timers:464:21)
[2022-07-30 19:14:47.155] [exthost] [error] [hashicorp.terraform] provider FAILED
[2022-07-30 19:14:47.155] [exthost] [error] Error: rds.tf (6,15): position outside of any attribute name, value or block
	at Fe (/home/ec2-user/.vscode-server/extensions/hashicorp.terraform-2.23.0-linux-x64/out/extension.js:17:223)
	at Be (/home/ec2-user/.vscode-server/extensions/hashicorp.terraform-2.23.0-linux-x64/out/extension.js:16:11251)
	at Immediate.<anonymous> (/home/ec2-user/.vscode-server/extensions/hashicorp.terraform-2.23.0-linux-x64/out/extension.js:16:11101)
	at processImmediate (node:internal/timers:464:21)
[2022-07-30 19:14:47.824] [exthost] [error] [hashicorp.terraform] provider FAILED
[2022-07-30 19:14:47.824] [exthost] [error] Error: rds.tf (7,20): position outside of any attribute name, value or block
	at Fe (/home/ec2-user/.vscode-server/extensions/hashicorp.terraform-2.23.0-linux-x64/out/extension.js:17:223)
	at Be (/home/ec2-user/.vscode-server/extensions/hashicorp.terraform-2.23.0-linux-x64/out/extension.js:16:11251)
	at Immediate.<anonymous> (/home/ec2-user/.vscode-server/extensions/hashicorp.terraform-2.23.0-linux-x64/out/extension.js:16:11101)
	at processImmediate (node:internal/timers:464:21)
[2022-07-30 19:14:48.601] [exthost] [error] [hashicorp.terraform] provider FAILED
[2022-07-30 19:14:48.601] [exthost] [error] Error: rds.tf (6,17): position outside of any attribute name, value or block
	at Fe (/home/ec2-user/.vscode-server/extensions/hashicorp.terraform-2.23.0-linux-x64/out/extension.js:17:223)
	at Be (/home/ec2-user/.vscode-server/extensions/hashicorp.terraform-2.23.0-linux-x64/out/extension.js:16:11251)
	at Immediate.<anonymous> (/home/ec2-user/.vscode-server/extensions/hashicorp.terraform-2.23.0-linux-x64/out/extension.js:16:11101)
	at processImmediate (node:internal/timers:464:21)
[2022-07-30 19:14:49.257] [exthost] [error] [hashicorp.terraform] provider FAILED
[2022-07-30 19:14:49.257] [exthost] [error] Error: rds.tf (2,2): position outside of any attribute name, value or block
	at Fe (/home/ec2-user/.vscode-server/extensions/hashicorp.terraform-2.23.0-linux-x64/out/extension.js:17:223)
	at Be (/home/ec2-user/.vscode-server/extensions/hashicorp.terraform-2.23.0-linux-x64/out/extension.js:16:11251)
	at Immediate.<anonymous> (/home/ec2-user/.vscode-server/extensions/hashicorp.terraform-2.23.0-linux-x64/out/extension.js:16:11101)
	at processImmediate (node:internal/timers:464:21)
[2022-07-30 19:16:18.893] [exthost] [error] [hashicorp.terraform] provider FAILED
[2022-07-30 19:16:18.894] [exthost] [error] Error: rds.tf (18,62): position outside of any attribute name, value or block
	at Fe (/home/ec2-user/.vscode-server/extensions/hashicorp.terraform-2.23.0-linux-x64/out/extension.js:17:223)
	at Be (/home/ec2-user/.vscode-server/extensions/hashicorp.terraform-2.23.0-linux-x64/out/extension.js:16:11251)
	at Immediate.<anonymous> (/home/ec2-user/.vscode-server/extensions/hashicorp.terraform-2.23.0-linux-x64/out/extension.js:16:11101)
	at processImmediate (node:internal/timers:464:21)
[2022-07-30 19:17:57.802] [exthost] [error] [hashicorp.terraform] provider FAILED
[2022-07-30 19:17:57.802] [exthost] [error] Error: rds.tf (6,10): position outside of any attribute name, value or block
	at Fe (/home/ec2-user/.vscode-server/extensions/hashicorp.terraform-2.23.0-linux-x64/out/extension.js:17:223)
	at Be (/home/ec2-user/.vscode-server/extensions/hashicorp.terraform-2.23.0-linux-x64/out/extension.js:16:11251)
	at Immediate.<anonymous> (/home/ec2-user/.vscode-server/extensions/hashicorp.terraform-2.23.0-linux-x64/out/extension.js:16:11101)
	at processImmediate (node:internal/timers:464:21)
[2022-07-30 19:19:34.211] [exthost] [error] [hashicorp.terraform] provider FAILED
[2022-07-30 19:19:34.211] [exthost] [error] Error: rds.tf (6,16): position outside of any attribute name, value or block
	at Fe (/home/ec2-user/.vscode-server/extensions/hashicorp.terraform-2.23.0-linux-x64/out/extension.js:17:223)
	at Be (/home/ec2-user/.vscode-server/extensions/hashicorp.terraform-2.23.0-linux-x64/out/extension.js:16:11251)
	at Immediate.<anonymous> (/home/ec2-user/.vscode-server/extensions/hashicorp.terraform-2.23.0-linux-x64/out/extension.js:16:11101)
	at processImmediate (node:internal/timers:464:21)
[2022-07-30 19:19:40.933] [exthost] [error] [hashicorp.terraform] provider FAILED
[2022-07-30 19:19:40.933] [exthost] [error] Error: rds.tf (16,41): position outside of any attribute name, value or block
	at Fe (/home/ec2-user/.vscode-server/extensions/hashicorp.terraform-2.23.0-linux-x64/out/extension.js:17:223)
	at Be (/home/ec2-user/.vscode-server/extensions/hashicorp.terraform-2.23.0-linux-x64/out/extension.js:16:11251)
	at Immediate.<anonymous> (/home/ec2-user/.vscode-server/extensions/hashicorp.terraform-2.23.0-linux-x64/out/extension.js:16:11101)
	at processImmediate (node:internal/timers:464:21)
[2022-07-30 19:19:44.699] [exthost] [error] [hashicorp.terraform] provider FAILED
[2022-07-30 19:19:44.699] [exthost] [error] Error: rds.tf (17,33): position outside of any attribute name, value or block
	at Fe (/home/ec2-user/.vscode-server/extensions/hashicorp.terraform-2.23.0-linux-x64/out/extension.js:17:223)
	at Be (/home/ec2-user/.vscode-server/extensions/hashicorp.terraform-2.23.0-linux-x64/out/extension.js:16:11251)
	at Immediate.<anonymous> (/home/ec2-user/.vscode-server/extensions/hashicorp.terraform-2.23.0-linux-x64/out/extension.js:16:11101)
	at processImmediate (node:internal/timers:464:21)
[2022-07-30 19:19:45.556] [exthost] [error] [hashicorp.terraform] provider FAILED
[2022-07-30 19:19:45.556] [exthost] [error] Error: rds.tf (14,23): position outside of any attribute name, value or block
	at Fe (/home/ec2-user/.vscode-server/extensions/hashicorp.terraform-2.23.0-linux-x64/out/extension.js:17:223)
	at Be (/home/ec2-user/.vscode-server/extensions/hashicorp.terraform-2.23.0-linux-x64/out/extension.js:16:11251)
	at Immediate.<anonymous> (/home/ec2-user/.vscode-server/extensions/hashicorp.terraform-2.23.0-linux-x64/out/extension.js:16:11101)
	at processImmediate (node:internal/timers:464:21)
[2022-07-30 19:20:45.265] [exthost] [error] [hashicorp.terraform] provider FAILED
[2022-07-30 19:20:45.265] [exthost] [error] Error: rds.tf (18,35): position outside of any attribute name, value or block
	at Fe (/home/ec2-user/.vscode-server/extensions/hashicorp.terraform-2.23.0-linux-x64/out/extension.js:17:223)
	at Be (/home/ec2-user/.vscode-server/extensions/hashicorp.terraform-2.23.0-linux-x64/out/extension.js:16:11251)
	at Immediate.<anonymous> (/home/ec2-user/.vscode-server/extensions/hashicorp.terraform-2.23.0-linux-x64/out/extension.js:16:11101)
	at processImmediate (node:internal/timers:464:21)
[2022-07-30 19:20:55.415] [exthost] [error] [hashicorp.terraform] provider FAILED
[2022-07-30 19:20:55.416] [exthost] [error] Error: rds.tf (18,31): position outside of any attribute name, value or block
	at Fe (/home/ec2-user/.vscode-server/extensions/hashicorp.terraform-2.23.0-linux-x64/out/extension.js:17:223)
	at Be (/home/ec2-user/.vscode-server/extensions/hashicorp.terraform-2.23.0-linux-x64/out/extension.js:16:11251)
	at Immediate.<anonymous> (/home/ec2-user/.vscode-server/extensions/hashicorp.terraform-2.23.0-linux-x64/out/extension.js:16:11101)
	at processImmediate (node:internal/timers:464:21)
[2022-07-30 19:21:17.261] [exthost] [error] [hashicorp.terraform] provider FAILED
[2022-07-30 19:21:17.261] [exthost] [error] Error: rds.tf (22,43): position outside of any attribute name, value or block
	at Fe (/home/ec2-user/.vscode-server/extensions/hashicorp.terraform-2.23.0-linux-x64/out/extension.js:17:223)
	at Be (/home/ec2-user/.vscode-server/extensions/hashicorp.terraform-2.23.0-linux-x64/out/extension.js:16:11251)
	at Immediate.<anonymous> (/home/ec2-user/.vscode-server/extensions/hashicorp.terraform-2.23.0-linux-x64/out/extension.js:16:11101)
	at processImmediate (node:internal/timers:464:21)
[2022-07-30 19:21:18.864] [exthost] [error] [hashicorp.terraform] provider FAILED
[2022-07-30 19:21:18.864] [exthost] [error] Error: rds.tf (20,49): position outside of any attribute name, value or block
	at Fe (/home/ec2-user/.vscode-server/extensions/hashicorp.terraform-2.23.0-linux-x64/out/extension.js:17:223)
	at Be (/home/ec2-user/.vscode-server/extensions/hashicorp.terraform-2.23.0-linux-x64/out/extension.js:16:11251)
	at Immediate.<anonymous> (/home/ec2-user/.vscode-server/extensions/hashicorp.terraform-2.23.0-linux-x64/out/extension.js:16:11101)
	at processImmediate (node:internal/timers:464:21)
[2022-07-30 19:21:28.334] [exthost] [error] [hashicorp.terraform] provider FAILED
[2022-07-30 19:21:28.334] [exthost] [error] Error: rds.tf (28,32): position outside of any attribute name, value or block
	at Fe (/home/ec2-user/.vscode-server/extensions/hashicorp.terraform-2.23.0-linux-x64/out/extension.js:17:223)
	at Be (/home/ec2-user/.vscode-server/extensions/hashicorp.terraform-2.23.0-linux-x64/out/extension.js:16:11251)
	at Immediate.<anonymous> (/home/ec2-user/.vscode-server/extensions/hashicorp.terraform-2.23.0-linux-x64/out/extension.js:16:11101)
	at processImmediate (node:internal/timers:464:21)
[2022-07-30 19:21:28.693] [exthost] [error] [hashicorp.terraform] provider FAILED
[2022-07-30 19:21:28.693] [exthost] [error] Error: rds.tf (23,32): position outside of any attribute name, value or block
	at Fe (/home/ec2-user/.vscode-server/extensions/hashicorp.terraform-2.23.0-linux-x64/out/extension.js:17:223)
	at Be (/home/ec2-user/.vscode-server/extensions/hashicorp.terraform-2.23.0-linux-x64/out/extension.js:16:11251)
	at Immediate.<anonymous> (/home/ec2-user/.vscode-server/extensions/hashicorp.terraform-2.23.0-linux-x64/out/extension.js:16:11101)
	at processImmediate (node:internal/timers:464:21)
[2022-07-30 19:21:35.687] [exthost] [error] [hashicorp.terraform] provider FAILED
[2022-07-30 19:21:35.687] [exthost] [error] Error: rds.tf (25,4): position outside of any attribute name, value or block
	at Fe (/home/ec2-user/.vscode-server/extensions/hashicorp.terraform-2.23.0-linux-x64/out/extension.js:17:223)
	at Be (/home/ec2-user/.vscode-server/extensions/hashicorp.terraform-2.23.0-linux-x64/out/extension.js:16:11251)
	at Immediate.<anonymous> (/home/ec2-user/.vscode-server/extensions/hashicorp.terraform-2.23.0-linux-x64/out/extension.js:16:11101)
	at processImmediate (node:internal/timers:464:21)
[2022-07-30 19:21:38.286] [exthost] [error] [hashicorp.terraform] provider FAILED
[2022-07-30 19:21:38.286] [exthost] [error] Error: rds.tf (17,19): position outside of any attribute name, value or block
	at Fe (/home/ec2-user/.vscode-server/extensions/hashicorp.terraform-2.23.0-linux-x64/out/extension.js:17:223)
	at Be (/home/ec2-user/.vscode-server/extensions/hashicorp.terraform-2.23.0-linux-x64/out/extension.js:16:11251)
	at Immediate.<anonymous> (/home/ec2-user/.vscode-server/extensions/hashicorp.terraform-2.23.0-linux-x64/out/extension.js:16:11101)
	at processImmediate (node:internal/timers:464:21)
[2022-07-30 19:21:48.264] [exthost] [error] [hashicorp.terraform] provider FAILED
[2022-07-30 19:21:48.264] [exthost] [error] Error: reader.tf (10,25): no reference target found
	at Fe (/home/ec2-user/.vscode-server/extensions/hashicorp.terraform-2.23.0-linux-x64/out/extension.js:17:223)
	at Be (/home/ec2-user/.vscode-server/extensions/hashicorp.terraform-2.23.0-linux-x64/out/extension.js:16:11251)
	at Immediate.<anonymous> (/home/ec2-user/.vscode-server/extensions/hashicorp.terraform-2.23.0-linux-x64/out/extension.js:16:11101)
	at processImmediate (node:internal/timers:464:21)
[2022-07-30 19:21:51.339] [exthost] [error] [hashicorp.terraform] provider FAILED
[2022-07-30 19:21:51.339] [exthost] [error] Error: reader.tf (10,28): no reference target found
	at Fe (/home/ec2-user/.vscode-server/extensions/hashicorp.terraform-2.23.0-linux-x64/out/extension.js:17:223)
	at Be (/home/ec2-user/.vscode-server/extensions/hashicorp.terraform-2.23.0-linux-x64/out/extension.js:16:11251)
	at Immediate.<anonymous> (/home/ec2-user/.vscode-server/extensions/hashicorp.terraform-2.23.0-linux-x64/out/extension.js:16:11101)
	at processImmediate (node:internal/timers:464:21)
[2022-07-30 19:22:12.389] [exthost] [error] [hashicorp.terraform] provider FAILED
[2022-07-30 19:22:12.389] [exthost] [error] Error: rds.tf (22,30): position outside of any attribute name, value or block
	at Fe (/home/ec2-user/.vscode-server/extensions/hashicorp.terraform-2.23.0-linux-x64/out/extension.js:17:223)
	at Be (/home/ec2-user/.vscode-server/extensions/hashicorp.terraform-2.23.0-linux-x64/out/extension.js:16:11251)
	at Immediate.<anonymous> (/home/ec2-user/.vscode-server/extensions/hashicorp.terraform-2.23.0-linux-x64/out/extension.js:16:11101)
	at processImmediate (node:internal/timers:464:21)
[2022-07-30 19:22:52.078] [exthost] [error] [hashicorp.terraform] provider FAILED
[2022-07-30 19:22:52.078] [exthost] [error] Error: writer.tf (8,60): no reference target found
	at Fe (/home/ec2-user/.vscode-server/extensions/hashicorp.terraform-2.23.0-linux-x64/out/extension.js:17:223)
	at Be (/home/ec2-user/.vscode-server/extensions/hashicorp.terraform-2.23.0-linux-x64/out/extension.js:16:11251)
	at Immediate.<anonymous> (/home/ec2-user/.vscode-server/extensions/hashicorp.terraform-2.23.0-linux-x64/out/extension.js:16:11101)
	at processImmediate (node:internal/timers:464:21)
[2022-07-30 19:24:08.372] [exthost] [error] [hashicorp.terraform] provider FAILED
[2022-07-30 19:24:08.372] [exthost] [error] Error: writer.tf (8,44): no reference target found
	at Fe (/home/ec2-user/.vscode-server/extensions/hashicorp.terraform-2.23.0-linux-x64/out/extension.js:17:223)
	at Be (/home/ec2-user/.vscode-server/extensions/hashicorp.terraform-2.23.0-linux-x64/out/extension.js:16:11251)
	at Immediate.<anonymous> (/home/ec2-user/.vscode-server/extensions/hashicorp.terraform-2.23.0-linux-x64/out/extension.js:16:11101)
	at processImmediate (node:internal/timers:464:21)
[2022-07-30 19:24:09.620] [exthost] [error] [hashicorp.terraform] provider FAILED
[2022-07-30 19:24:09.620] [exthost] [error] Error: writer.tf (8,56): no reference target found
	at Fe (/home/ec2-user/.vscode-server/extensions/hashicorp.terraform-2.23.0-linux-x64/out/extension.js:17:223)
	at Be (/home/ec2-user/.vscode-server/extensions/hashicorp.terraform-2.23.0-linux-x64/out/extension.js:16:11251)
	at Immediate.<anonymous> (/home/ec2-user/.vscode-server/extensions/hashicorp.terraform-2.23.0-linux-x64/out/extension.js:16:11101)
	at processImmediate (node:internal/timers:464:21)
[2022-07-30 19:24:10.037] [exthost] [error] [hashicorp.terraform] provider FAILED
[2022-07-30 19:24:10.037] [exthost] [error] Error: writer.tf (7,50): no reference target found
	at Fe (/home/ec2-user/.vscode-server/extensions/hashicorp.terraform-2.23.0-linux-x64/out/extension.js:17:223)
	at Be (/home/ec2-user/.vscode-server/extensions/hashicorp.terraform-2.23.0-linux-x64/out/extension.js:16:11251)
	at Immediate.<anonymous> (/home/ec2-user/.vscode-server/extensions/hashicorp.terraform-2.23.0-linux-x64/out/extension.js:16:11101)
	at processImmediate (node:internal/timers:464:21)
[2022-07-30 19:24:10.229] [exthost] [error] [hashicorp.terraform] provider FAILED
[2022-07-30 19:24:10.229] [exthost] [error] Error: writer.tf (7,49): no reference target found
	at Fe (/home/ec2-user/.vscode-server/extensions/hashicorp.terraform-2.23.0-linux-x64/out/extension.js:17:223)
	at Be (/home/ec2-user/.vscode-server/extensions/hashicorp.terraform-2.23.0-linux-x64/out/extension.js:16:11251)
	at Immediate.<anonymous> (/home/ec2-user/.vscode-server/extensions/hashicorp.terraform-2.23.0-linux-x64/out/extension.js:16:11101)
	at processImmediate (node:internal/timers:464:21)
[2022-07-30 19:24:14.526] [exthost] [error] [hashicorp.terraform] provider FAILED
[2022-07-30 19:24:14.526] [exthost] [error] Error: writer.tf (7,35): no reference target found
	at Fe (/home/ec2-user/.vscode-server/extensions/hashicorp.terraform-2.23.0-linux-x64/out/extension.js:17:223)
	at Be (/home/ec2-user/.vscode-server/extensions/hashicorp.terraform-2.23.0-linux-x64/out/extension.js:16:11251)
	at Immediate.<anonymous> (/home/ec2-user/.vscode-server/extensions/hashicorp.terraform-2.23.0-linux-x64/out/extension.js:16:11101)
	at processImmediate (node:internal/timers:464:21)
[2022-07-30 19:24:25.060] [exthost] [error] [hashicorp.terraform] provider FAILED
[2022-07-30 19:24:25.060] [exthost] [error] Error: rds.tf (24,13): position outside of any attribute name, value or block
	at Fe (/home/ec2-user/.vscode-server/extensions/hashicorp.terraform-2.23.0-linux-x64/out/extension.js:17:223)
	at Be (/home/ec2-user/.vscode-server/extensions/hashicorp.terraform-2.23.0-linux-x64/out/extension.js:16:11251)
	at Immediate.<anonymous> (/home/ec2-user/.vscode-server/extensions/hashicorp.terraform-2.23.0-linux-x64/out/extension.js:16:11101)
	at processImmediate (node:internal/timers:464:21)
[2022-07-30 19:24:25.521] [exthost] [error] [hashicorp.terraform] provider FAILED
[2022-07-30 19:24:25.521] [exthost] [error] Error: rds.tf (22,18): position outside of any attribute name, value or block
	at Fe (/home/ec2-user/.vscode-server/extensions/hashicorp.terraform-2.23.0-linux-x64/out/extension.js:17:223)
	at Be (/home/ec2-user/.vscode-server/extensions/hashicorp.terraform-2.23.0-linux-x64/out/extension.js:16:11251)
	at Immediate.<anonymous> (/home/ec2-user/.vscode-server/extensions/hashicorp.terraform-2.23.0-linux-x64/out/extension.js:16:11101)
	at processImmediate (node:internal/timers:464:21)
[2022-07-30 19:24:25.899] [exthost] [error] [hashicorp.terraform] provider FAILED
[2022-07-30 19:24:25.899] [exthost] [error] Error: rds.tf (25,41): position outside of any attribute name, value or block
	at Fe (/home/ec2-user/.vscode-server/extensions/hashicorp.terraform-2.23.0-linux-x64/out/extension.js:17:223)
	at Be (/home/ec2-user/.vscode-server/extensions/hashicorp.terraform-2.23.0-linux-x64/out/extension.js:16:11251)
	at Immediate.<anonymous> (/home/ec2-user/.vscode-server/extensions/hashicorp.terraform-2.23.0-linux-x64/out/extension.js:16:11101)
	at processImmediate (node:internal/timers:464:21)
[2022-07-30 19:24:41.461] [exthost] [error] [hashicorp.terraform] provider FAILED
[2022-07-30 19:24:41.461] [exthost] [error] Error: writer.tf (7,40): no reference target found
	at Fe (/home/ec2-user/.vscode-server/extensions/hashicorp.terraform-2.23.0-linux-x64/out/extension.js:17:223)
	at Be (/home/ec2-user/.vscode-server/extensions/hashicorp.terraform-2.23.0-linux-x64/out/extension.js:16:11251)
	at Immediate.<anonymous> (/home/ec2-user/.vscode-server/extensions/hashicorp.terraform-2.23.0-linux-x64/out/extension.js:16:11101)
	at processImmediate (node:internal/timers:464:21)
[2022-07-30 19:24:48.700] [exthost] [error] [hashicorp.terraform] provider FAILED
[2022-07-30 19:24:48.700] [exthost] [error] Error: writer.tf (8,40): no reference target found
	at Fe (/home/ec2-user/.vscode-server/extensions/hashicorp.terraform-2.23.0-linux-x64/out/extension.js:17:223)
	at Be (/home/ec2-user/.vscode-server/extensions/hashicorp.terraform-2.23.0-linux-x64/out/extension.js:16:11251)
	at Immediate.<anonymous> (/home/ec2-user/.vscode-server/extensions/hashicorp.terraform-2.23.0-linux-x64/out/extension.js:16:11101)
	at processImmediate (node:internal/timers:464:21)
[2022-07-30 19:25:29.594] [exthost] [error] [hashicorp.terraform] provider FAILED
[2022-07-30 19:25:29.594] [exthost] [error] Error: writer.tf (5,49): no reference target found
	at Fe (/home/ec2-user/.vscode-server/extensions/hashicorp.terraform-2.23.0-linux-x64/out/extension.js:17:223)
	at Be (/home/ec2-user/.vscode-server/extensions/hashicorp.terraform-2.23.0-linux-x64/out/extension.js:16:11251)
	at Immediate.<anonymous> (/home/ec2-user/.vscode-server/extensions/hashicorp.terraform-2.23.0-linux-x64/out/extension.js:16:11101)
	at processImmediate (node:internal/timers:464:21)
[2022-07-30 19:25:31.480] [exthost] [error] [hashicorp.terraform] provider FAILED
[2022-07-30 19:25:31.481] [exthost] [error] Error: writer.tf (5,40): no reference target found
	at Fe (/home/ec2-user/.vscode-server/extensions/hashicorp.terraform-2.23.0-linux-x64/out/extension.js:17:223)
	at Be (/home/ec2-user/.vscode-server/extensions/hashicorp.terraform-2.23.0-linux-x64/out/extension.js:16:11251)
	at Immediate.<anonymous> (/home/ec2-user/.vscode-server/extensions/hashicorp.terraform-2.23.0-linux-x64/out/extension.js:16:11101)
	at processImmediate (node:internal/timers:464:21)
[2022-07-30 19:26:02.389] [exthost] [error] [hashicorp.terraform] provider FAILED
[2022-07-30 19:26:02.390] [exthost] [error] Error: reader.tf (12,35): position outside of any attribute name, value or block
	at Fe (/home/ec2-user/.vscode-server/extensions/hashicorp.terraform-2.23.0-linux-x64/out/extension.js:17:223)
	at Be (/home/ec2-user/.vscode-server/extensions/hashicorp.terraform-2.23.0-linux-x64/out/extension.js:16:11251)
	at Immediate.<anonymous> (/home/ec2-user/.vscode-server/extensions/hashicorp.terraform-2.23.0-linux-x64/out/extension.js:16:11101)
	at processImmediate (node:internal/timers:464:21)
[2022-07-30 19:26:03.206] [exthost] [error] [hashicorp.terraform] provider FAILED
[2022-07-30 19:26:03.206] [exthost] [error] Error: reader.tf (4,6): position outside of any attribute name, value or block
	at Fe (/home/ec2-user/.vscode-server/extensions/hashicorp.terraform-2.23.0-linux-x64/out/extension.js:17:223)
	at Be (/home/ec2-user/.vscode-server/extensions/hashicorp.terraform-2.23.0-linux-x64/out/extension.js:16:11251)
	at Immediate.<anonymous> (/home/ec2-user/.vscode-server/extensions/hashicorp.terraform-2.23.0-linux-x64/out/extension.js:16:11101)
	at processImmediate (node:internal/timers:464:21)
[2022-07-30 19:26:04.314] [exthost] [error] [hashicorp.terraform] provider FAILED
[2022-07-30 19:26:04.314] [exthost] [error] Error: reader.tf (9,29): position outside of any attribute name, value or block
	at Fe (/home/ec2-user/.vscode-server/extensions/hashicorp.terraform-2.23.0-linux-x64/out/extension.js:17:223)
	at Be (/home/ec2-user/.vscode-server/extensions/hashicorp.terraform-2.23.0-linux-x64/out/extension.js:16:11251)
	at Immediate.<anonymous> (/home/ec2-user/.vscode-server/extensions/hashicorp.terraform-2.23.0-linux-x64/out/extension.js:16:11101)
	at processImmediate (node:internal/timers:464:21)
[2022-07-30 19:26:06.501] [exthost] [error] [hashicorp.terraform] provider FAILED
[2022-07-30 19:26:06.501] [exthost] [error] Error: reader.tf (2,3): position outside of any attribute name, value or block
	at Fe (/home/ec2-user/.vscode-server/extensions/hashicorp.terraform-2.23.0-linux-x64/out/extension.js:17:223)
	at Be (/home/ec2-user/.vscode-server/extensions/hashicorp.terraform-2.23.0-linux-x64/out/extension.js:16:11251)
	at Immediate.<anonymous> (/home/ec2-user/.vscode-server/extensions/hashicorp.terraform-2.23.0-linux-x64/out/extension.js:16:11101)
	at processImmediate (node:internal/timers:464:21)
[2022-07-30 19:26:08.637] [exthost] [error] [hashicorp.terraform] provider FAILED
[2022-07-30 19:26:08.637] [exthost] [error] Error: reader.tf (2,1): position outside of any attribute name, value or block
	at Fe (/home/ec2-user/.vscode-server/extensions/hashicorp.terraform-2.23.0-linux-x64/out/extension.js:17:223)
	at Be (/home/ec2-user/.vscode-server/extensions/hashicorp.terraform-2.23.0-linux-x64/out/extension.js:16:11251)
	at Immediate.<anonymous> (/home/ec2-user/.vscode-server/extensions/hashicorp.terraform-2.23.0-linux-x64/out/extension.js:16:11101)
	at processImmediate (node:internal/timers:464:21)
[2022-07-30 19:26:24.382] [exthost] [error] [hashicorp.terraform] provider FAILED
[2022-07-30 19:26:24.382] [exthost] [error] Error: reader.tf (10,49): no reference target found
	at Fe (/home/ec2-user/.vscode-server/extensions/hashicorp.terraform-2.23.0-linux-x64/out/extension.js:17:223)
	at Be (/home/ec2-user/.vscode-server/extensions/hashicorp.terraform-2.23.0-linux-x64/out/extension.js:16:11251)
	at Immediate.<anonymous> (/home/ec2-user/.vscode-server/extensions/hashicorp.terraform-2.23.0-linux-x64/out/extension.js:16:11101)
	at processImmediate (node:internal/timers:464:21)
[2022-07-30 19:26:24.698] [exthost] [error] [hashicorp.terraform] provider FAILED
[2022-07-30 19:26:24.699] [exthost] [error] Error: reader.tf (10,45): no reference target found
	at Fe (/home/ec2-user/.vscode-server/extensions/hashicorp.terraform-2.23.0-linux-x64/out/extension.js:17:223)
	at Be (/home/ec2-user/.vscode-server/extensions/hashicorp.terraform-2.23.0-linux-x64/out/extension.js:16:11251)
	at Immediate.<anonymous> (/home/ec2-user/.vscode-server/extensions/hashicorp.terraform-2.23.0-linux-x64/out/extension.js:16:11101)
	at processImmediate (node:internal/timers:464:21)
[2022-07-30 19:26:25.003] [exthost] [error] [hashicorp.terraform] provider FAILED
[2022-07-30 19:26:25.003] [exthost] [error] Error: reader.tf (10,45): no reference target found
	at Fe (/home/ec2-user/.vscode-server/extensions/hashicorp.terraform-2.23.0-linux-x64/out/extension.js:17:223)
	at Be (/home/ec2-user/.vscode-server/extensions/hashicorp.terraform-2.23.0-linux-x64/out/extension.js:16:11251)
	at Immediate.<anonymous> (/home/ec2-user/.vscode-server/extensions/hashicorp.terraform-2.23.0-linux-x64/out/extension.js:16:11101)
	at processImmediate (node:internal/timers:464:21)
[2022-07-30 19:26:25.413] [exthost] [error] [hashicorp.terraform] provider FAILED
[2022-07-30 19:26:25.413] [exthost] [error] Error: reader.tf (10,41): no reference target found
	at Fe (/home/ec2-user/.vscode-server/extensions/hashicorp.terraform-2.23.0-linux-x64/out/extension.js:17:223)
	at Be (/home/ec2-user/.vscode-server/extensions/hashicorp.terraform-2.23.0-linux-x64/out/extension.js:16:11251)
	at Immediate.<anonymous> (/home/ec2-user/.vscode-server/extensions/hashicorp.terraform-2.23.0-linux-x64/out/extension.js:16:11101)
	at processImmediate (node:internal/timers:464:21)
[2022-07-30 19:26:25.613] [exthost] [error] [hashicorp.terraform] provider FAILED
[2022-07-30 19:26:25.613] [exthost] [error] Error: reader.tf (10,40): no reference target found
	at Fe (/home/ec2-user/.vscode-server/extensions/hashicorp.terraform-2.23.0-linux-x64/out/extension.js:17:223)
	at Be (/home/ec2-user/.vscode-server/extensions/hashicorp.terraform-2.23.0-linux-x64/out/extension.js:16:11251)
	at Immediate.<anonymous> (/home/ec2-user/.vscode-server/extensions/hashicorp.terraform-2.23.0-linux-x64/out/extension.js:16:11101)
	at processImmediate (node:internal/timers:464:21)
[2022-07-30 19:27:01.654] [exthost] [error] [hashicorp.terraform] provider FAILED
[2022-07-30 19:27:01.654] [exthost] [error] Error: route53.tf (14,41): unsupported expression (*hclsyntax.FunctionCallExpr)
	at Fe (/home/ec2-user/.vscode-server/extensions/hashicorp.terraform-2.23.0-linux-x64/out/extension.js:17:223)
	at Be (/home/ec2-user/.vscode-server/extensions/hashicorp.terraform-2.23.0-linux-x64/out/extension.js:16:11251)
	at Immediate.<anonymous> (/home/ec2-user/.vscode-server/extensions/hashicorp.terraform-2.23.0-linux-x64/out/extension.js:16:11101)
	at processImmediate (node:internal/timers:464:21)
[2022-07-30 19:27:05.848] [exthost] [error] [hashicorp.terraform] provider FAILED
[2022-07-30 19:27:05.848] [exthost] [error] Error: route53.tf (14,24): unsupported expression (*hclsyntax.FunctionCallExpr)
	at Fe (/home/ec2-user/.vscode-server/extensions/hashicorp.terraform-2.23.0-linux-x64/out/extension.js:17:223)
	at Be (/home/ec2-user/.vscode-server/extensions/hashicorp.terraform-2.23.0-linux-x64/out/extension.js:16:11251)
	at Immediate.<anonymous> (/home/ec2-user/.vscode-server/extensions/hashicorp.terraform-2.23.0-linux-x64/out/extension.js:16:11101)
	at processImmediate (node:internal/timers:464:21)
[2022-07-30 19:27:06.266] [exthost] [error] [hashicorp.terraform] provider FAILED
[2022-07-30 19:27:06.266] [exthost] [error] Error: route53.tf (17,41): position outside of "resource" body
	at Fe (/home/ec2-user/.vscode-server/extensions/hashicorp.terraform-2.23.0-linux-x64/out/extension.js:17:223)
	at Be (/home/ec2-user/.vscode-server/extensions/hashicorp.terraform-2.23.0-linux-x64/out/extension.js:16:11251)
	at Immediate.<anonymous> (/home/ec2-user/.vscode-server/extensions/hashicorp.terraform-2.23.0-linux-x64/out/extension.js:16:11101)
	at processImmediate (node:internal/timers:464:21)
[2022-07-30 19:27:37.930] [exthost] [error] [hashicorp.terraform] provider FAILED
[2022-07-30 19:27:37.930] [exthost] [error] Error: rds.tf (21,7): position outside of any attribute name, value or block
	at Fe (/home/ec2-user/.vscode-server/extensions/hashicorp.terraform-2.23.0-linux-x64/out/extension.js:17:223)
	at Be (/home/ec2-user/.vscode-server/extensions/hashicorp.terraform-2.23.0-linux-x64/out/extension.js:16:11251)
	at Immediate.<anonymous> (/home/ec2-user/.vscode-server/extensions/hashicorp.terraform-2.23.0-linux-x64/out/extension.js:16:11101)
	at processImmediate (node:internal/timers:464:21)
[2022-07-30 19:27:38.351] [exthost] [error] [hashicorp.terraform] provider FAILED
[2022-07-30 19:27:38.352] [exthost] [error] Error: rds.tf (21,29): position outside of any attribute name, value or block
	at Fe (/home/ec2-user/.vscode-server/extensions/hashicorp.terraform-2.23.0-linux-x64/out/extension.js:17:223)
	at Be (/home/ec2-user/.vscode-server/extensions/hashicorp.terraform-2.23.0-linux-x64/out/extension.js:16:11251)
	at Immediate.<anonymous> (/home/ec2-user/.vscode-server/extensions/hashicorp.terraform-2.23.0-linux-x64/out/extension.js:16:11101)
	at processImmediate (node:internal/timers:464:21)
[2022-07-30 19:27:38.747] [exthost] [error] [hashicorp.terraform] provider FAILED
[2022-07-30 19:27:38.747] [exthost] [error] Error: rds.tf (23,36): position outside of any attribute name, value or block
	at Fe (/home/ec2-user/.vscode-server/extensions/hashicorp.terraform-2.23.0-linux-x64/out/extension.js:17:223)
	at Be (/home/ec2-user/.vscode-server/extensions/hashicorp.terraform-2.23.0-linux-x64/out/extension.js:16:11251)
	at Immediate.<anonymous> (/home/ec2-user/.vscode-server/extensions/hashicorp.terraform-2.23.0-linux-x64/out/extension.js:16:11101)
	at processImmediate (node:internal/timers:464:21)
[2022-07-30 19:27:39.167] [exthost] [error] [hashicorp.terraform] provider FAILED
[2022-07-30 19:27:39.167] [exthost] [error] Error: rds.tf (20,26): position outside of any attribute name, value or block
	at Fe (/home/ec2-user/.vscode-server/extensions/hashicorp.terraform-2.23.0-linux-x64/out/extension.js:17:223)
	at Be (/home/ec2-user/.vscode-server/extensions/hashicorp.terraform-2.23.0-linux-x64/out/extension.js:16:11251)
	at Immediate.<anonymous> (/home/ec2-user/.vscode-server/extensions/hashicorp.terraform-2.23.0-linux-x64/out/extension.js:16:11101)
	at processImmediate (node:internal/timers:464:21)
[2022-07-30 19:27:55.676] [exthost] [error] [hashicorp.terraform] provider FAILED
[2022-07-30 19:27:55.676] [exthost] [error] Error: rds.tf (22,51): position outside of any attribute name, value or block
	at Fe (/home/ec2-user/.vscode-server/extensions/hashicorp.terraform-2.23.0-linux-x64/out/extension.js:17:223)
	at Be (/home/ec2-user/.vscode-server/extensions/hashicorp.terraform-2.23.0-linux-x64/out/extension.js:16:11251)
	at Immediate.<anonymous> (/home/ec2-user/.vscode-server/extensions/hashicorp.terraform-2.23.0-linux-x64/out/extension.js:16:11101)
	at processImmediate (node:internal/timers:464:21)
[2022-07-30 19:27:59.023] [exthost] [error] [hashicorp.terraform] provider FAILED
[2022-07-30 19:27:59.023] [exthost] [error] Error: reader.tf (13,41): no reference target found
	at Fe (/home/ec2-user/.vscode-server/extensions/hashicorp.terraform-2.23.0-linux-x64/out/extension.js:17:223)
	at Be (/home/ec2-user/.vscode-server/extensions/hashicorp.terraform-2.23.0-linux-x64/out/extension.js:16:11251)
	at Immediate.<anonymous> (/home/ec2-user/.vscode-server/extensions/hashicorp.terraform-2.23.0-linux-x64/out/extension.js:16:11101)
	at processImmediate (node:internal/timers:464:21)
[2022-07-30 19:27:59.233] [exthost] [error] [hashicorp.terraform] provider FAILED
[2022-07-30 19:27:59.233] [exthost] [error] Error: reader.tf (13,40): no reference target found
	at Fe (/home/ec2-user/.vscode-server/extensions/hashicorp.terraform-2.23.0-linux-x64/out/extension.js:17:223)
	at Be (/home/ec2-user/.vscode-server/extensions/hashicorp.terraform-2.23.0-linux-x64/out/extension.js:16:11251)
	at Immediate.<anonymous> (/home/ec2-user/.vscode-server/extensions/hashicorp.terraform-2.23.0-linux-x64/out/extension.js:16:11101)
	at processImmediate (node:internal/timers:464:21)
[2022-07-30 19:27:59.694] [exthost] [error] [hashicorp.terraform] provider FAILED
[2022-07-30 19:27:59.694] [exthost] [error] Error: reader.tf (13,40): no reference target found
	at Fe (/home/ec2-user/.vscode-server/extensions/hashicorp.terraform-2.23.0-linux-x64/out/extension.js:17:223)
	at Be (/home/ec2-user/.vscode-server/extensions/hashicorp.terraform-2.23.0-linux-x64/out/extension.js:16:11251)
	at Immediate.<anonymous> (/home/ec2-user/.vscode-server/extensions/hashicorp.terraform-2.23.0-linux-x64/out/extension.js:16:11101)
	at processImmediate (node:internal/timers:464:21)
[2022-07-30 19:28:00.102] [exthost] [error] [hashicorp.terraform] provider FAILED
[2022-07-30 19:28:00.102] [exthost] [error] Error: reader.tf (13,40): no reference target found
	at Fe (/home/ec2-user/.vscode-server/extensions/hashicorp.terraform-2.23.0-linux-x64/out/extension.js:17:223)
	at Be (/home/ec2-user/.vscode-server/extensions/hashicorp.terraform-2.23.0-linux-x64/out/extension.js:16:11251)
	at Immediate.<anonymous> (/home/ec2-user/.vscode-server/extensions/hashicorp.terraform-2.23.0-linux-x64/out/extension.js:16:11101)
	at processImmediate (node:internal/timers:464:21)
[2022-07-30 19:28:01.756] [exthost] [error] [hashicorp.terraform] provider FAILED
[2022-07-30 19:28:01.756] [exthost] [error] Error: reader.tf (13,46): no reference target found
	at Fe (/home/ec2-user/.vscode-server/extensions/hashicorp.terraform-2.23.0-linux-x64/out/extension.js:17:223)
	at Be (/home/ec2-user/.vscode-server/extensions/hashicorp.terraform-2.23.0-linux-x64/out/extension.js:16:11251)
	at Immediate.<anonymous> (/home/ec2-user/.vscode-server/extensions/hashicorp.terraform-2.23.0-linux-x64/out/extension.js:16:11101)
	at processImmediate (node:internal/timers:464:21)
[2022-07-30 19:28:02.616] [exthost] [error] [hashicorp.terraform] provider FAILED
[2022-07-30 19:28:02.616] [exthost] [error] Error: reader.tf (13,46): no reference target found
	at Fe (/home/ec2-user/.vscode-server/extensions/hashicorp.terraform-2.23.0-linux-x64/out/extension.js:17:223)
	at Be (/home/ec2-user/.vscode-server/extensions/hashicorp.terraform-2.23.0-linux-x64/out/extension.js:16:11251)
	at Immediate.<anonymous> (/home/ec2-user/.vscode-server/extensions/hashicorp.terraform-2.23.0-linux-x64/out/extension.js:16:11101)
	at processImmediate (node:internal/timers:464:21)
[2022-07-30 19:28:02.815] [exthost] [error] [hashicorp.terraform] provider FAILED
[2022-07-30 19:28:02.815] [exthost] [error] Error: reader.tf (13,47): no reference target found
	at Fe (/home/ec2-user/.vscode-server/extensions/hashicorp.terraform-2.23.0-linux-x64/out/extension.js:17:223)
	at Be (/home/ec2-user/.vscode-server/extensions/hashicorp.terraform-2.23.0-linux-x64/out/extension.js:16:11251)
	at Immediate.<anonymous> (/home/ec2-user/.vscode-server/extensions/hashicorp.terraform-2.23.0-linux-x64/out/extension.js:16:11101)
	at processImmediate (node:internal/timers:464:21)
[2022-07-30 19:28:04.389] [exthost] [error] [hashicorp.terraform] provider FAILED
[2022-07-30 19:28:04.389] [exthost] [error] Error: reader.tf (13,40): no reference target found
	at Fe (/home/ec2-user/.vscode-server/extensions/hashicorp.terraform-2.23.0-linux-x64/out/extension.js:17:223)
	at Be (/home/ec2-user/.vscode-server/extensions/hashicorp.terraform-2.23.0-linux-x64/out/extension.js:16:11251)
	at Immediate.<anonymous> (/home/ec2-user/.vscode-server/extensions/hashicorp.terraform-2.23.0-linux-x64/out/extension.js:16:11101)
	at processImmediate (node:internal/timers:464:21)
[2022-07-30 19:28:13.644] [exthost] [error] [hashicorp.terraform] provider FAILED
[2022-07-30 19:28:13.644] [exthost] [error] Error: route53.tf (14,30): unsupported expression (*hclsyntax.FunctionCallExpr)
	at Fe (/home/ec2-user/.vscode-server/extensions/hashicorp.terraform-2.23.0-linux-x64/out/extension.js:17:223)
	at Be (/home/ec2-user/.vscode-server/extensions/hashicorp.terraform-2.23.0-linux-x64/out/extension.js:16:11251)
	at Immediate.<anonymous> (/home/ec2-user/.vscode-server/extensions/hashicorp.terraform-2.23.0-linux-x64/out/extension.js:16:11101)
	at processImmediate (node:internal/timers:464:21)
[2022-07-30 19:28:14.311] [exthost] [error] [hashicorp.terraform] provider FAILED
[2022-07-30 19:28:14.311] [exthost] [error] Error: route53.tf (14,46): unsupported expression (*hclsyntax.FunctionCallExpr)
	at Fe (/home/ec2-user/.vscode-server/extensions/hashicorp.terraform-2.23.0-linux-x64/out/extension.js:17:223)
	at Be (/home/ec2-user/.vscode-server/extensions/hashicorp.terraform-2.23.0-linux-x64/out/extension.js:16:11251)
	at Immediate.<anonymous> (/home/ec2-user/.vscode-server/extensions/hashicorp.terraform-2.23.0-linux-x64/out/extension.js:16:11101)
	at processImmediate (node:internal/timers:464:21)
[2022-07-30 19:28:18.727] [exthost] [error] [hashicorp.terraform] provider FAILED
[2022-07-30 19:28:18.728] [exthost] [error] Error: writer.tf (8,40): no reference target found
	at Fe (/home/ec2-user/.vscode-server/extensions/hashicorp.terraform-2.23.0-linux-x64/out/extension.js:17:223)
	at Be (/home/ec2-user/.vscode-server/extensions/hashicorp.terraform-2.23.0-linux-x64/out/extension.js:16:11251)
	at Immediate.<anonymous> (/home/ec2-user/.vscode-server/extensions/hashicorp.terraform-2.23.0-linux-x64/out/extension.js:16:11101)
	at processImmediate (node:internal/timers:464:21)
[2022-07-30 19:28:19.031] [exthost] [error] [hashicorp.terraform] provider FAILED
[2022-07-30 19:28:19.031] [exthost] [error] Error: writer.tf (8,40): no reference target found
	at Fe (/home/ec2-user/.vscode-server/extensions/hashicorp.terraform-2.23.0-linux-x64/out/extension.js:17:223)
	at Be (/home/ec2-user/.vscode-server/extensions/hashicorp.terraform-2.23.0-linux-x64/out/extension.js:16:11251)
	at Immediate.<anonymous> (/home/ec2-user/.vscode-server/extensions/hashicorp.terraform-2.23.0-linux-x64/out/extension.js:16:11101)
	at processImmediate (node:internal/timers:464:21)
[2022-07-30 19:28:21.054] [exthost] [error] [hashicorp.terraform] provider FAILED
[2022-07-30 19:28:21.054] [exthost] [error] Error: writer.tf (8,47): no reference target found
	at Fe (/home/ec2-user/.vscode-server/extensions/hashicorp.terraform-2.23.0-linux-x64/out/extension.js:17:223)
	at Be (/home/ec2-user/.vscode-server/extensions/hashicorp.terraform-2.23.0-linux-x64/out/extension.js:16:11251)
	at Immediate.<anonymous> (/home/ec2-user/.vscode-server/extensions/hashicorp.terraform-2.23.0-linux-x64/out/extension.js:16:11101)
	at processImmediate (node:internal/timers:464:21)
[2022-07-30 19:29:00.176] [exthost] [error] [hashicorp.terraform] provider FAILED
[2022-07-30 19:29:00.176] [exthost] [error] Error: rds.tf (22,11): position outside of any attribute name, value or block
	at Fe (/home/ec2-user/.vscode-server/extensions/hashicorp.terraform-2.23.0-linux-x64/out/extension.js:17:223)
	at Be (/home/ec2-user/.vscode-server/extensions/hashicorp.terraform-2.23.0-linux-x64/out/extension.js:16:11251)
	at Immediate.<anonymous> (/home/ec2-user/.vscode-server/extensions/hashicorp.terraform-2.23.0-linux-x64/out/extension.js:16:11101)
	at processImmediate (node:internal/timers:464:21)
[2022-07-30 19:29:01.426] [exthost] [error] [hashicorp.terraform] provider FAILED
[2022-07-30 19:29:01.427] [exthost] [error] Error: rds.tf (16,30): position outside of any attribute name, value or block
	at Fe (/home/ec2-user/.vscode-server/extensions/hashicorp.terraform-2.23.0-linux-x64/out/extension.js:17:223)
	at Be (/home/ec2-user/.vscode-server/extensions/hashicorp.terraform-2.23.0-linux-x64/out/extension.js:16:11251)
	at Immediate.<anonymous> (/home/ec2-user/.vscode-server/extensions/hashicorp.terraform-2.23.0-linux-x64/out/extension.js:16:11101)
	at processImmediate (node:internal/timers:464:21)
[2022-07-30 19:29:11.799] [exthost] [error] [hashicorp.terraform] provider FAILED
[2022-07-30 19:29:11.799] [exthost] [error] Error: rds.tf (20,43): position outside of any attribute name, value or block
	at Fe (/home/ec2-user/.vscode-server/extensions/hashicorp.terraform-2.23.0-linux-x64/out/extension.js:17:223)
	at Be (/home/ec2-user/.vscode-server/extensions/hashicorp.terraform-2.23.0-linux-x64/out/extension.js:16:11251)
	at Immediate.<anonymous> (/home/ec2-user/.vscode-server/extensions/hashicorp.terraform-2.23.0-linux-x64/out/extension.js:16:11101)
	at processImmediate (node:internal/timers:464:21)
[2022-07-30 19:30:11.705] [exthost] [error] [hashicorp.terraform] provider FAILED
[2022-07-30 19:30:11.706] [exthost] [error] Error: route53.tf (11,37): unsupported expression (*hclsyntax.TemplateExpr)
	at Fe (/home/ec2-user/.vscode-server/extensions/hashicorp.terraform-2.23.0-linux-x64/out/extension.js:17:223)
	at Be (/home/ec2-user/.vscode-server/extensions/hashicorp.terraform-2.23.0-linux-x64/out/extension.js:16:11251)
	at Immediate.<anonymous> (/home/ec2-user/.vscode-server/extensions/hashicorp.terraform-2.23.0-linux-x64/out/extension.js:16:11101)
	at processImmediate (node:internal/timers:464:21)
[2022-07-30 19:30:20.583] [exthost] [error] [hashicorp.terraform] provider FAILED
[2022-07-30 19:30:20.583] [exthost] [error] Error: writer.tf (5,36): no reference target found
	at Fe (/home/ec2-user/.vscode-server/extensions/hashicorp.terraform-2.23.0-linux-x64/out/extension.js:17:223)
	at Be (/home/ec2-user/.vscode-server/extensions/hashicorp.terraform-2.23.0-linux-x64/out/extension.js:16:11251)
	at Immediate.<anonymous> (/home/ec2-user/.vscode-server/extensions/hashicorp.terraform-2.23.0-linux-x64/out/extension.js:16:11101)
	at processImmediate (node:internal/timers:464:21)
[2022-07-30 19:30:21.382] [exthost] [error] [hashicorp.terraform] provider FAILED
[2022-07-30 19:30:21.382] [exthost] [error] Error: writer.tf (5,41): no reference target found
	at Fe (/home/ec2-user/.vscode-server/extensions/hashicorp.terraform-2.23.0-linux-x64/out/extension.js:17:223)
	at Be (/home/ec2-user/.vscode-server/extensions/hashicorp.terraform-2.23.0-linux-x64/out/extension.js:16:11251)
	at Immediate.<anonymous> (/home/ec2-user/.vscode-server/extensions/hashicorp.terraform-2.23.0-linux-x64/out/extension.js:16:11101)
	at processImmediate (node:internal/timers:464:21)
[2022-07-30 19:30:22.417] [exthost] [error] [hashicorp.terraform] provider FAILED
[2022-07-30 19:30:22.417] [exthost] [error] Error: writer.tf (7,39): no reference target found
	at Fe (/home/ec2-user/.vscode-server/extensions/hashicorp.terraform-2.23.0-linux-x64/out/extension.js:17:223)
	at Be (/home/ec2-user/.vscode-server/extensions/hashicorp.terraform-2.23.0-linux-x64/out/extension.js:16:11251)
	at Immediate.<anonymous> (/home/ec2-user/.vscode-server/extensions/hashicorp.terraform-2.23.0-linux-x64/out/extension.js:16:11101)
	at processImmediate (node:internal/timers:464:21)
[2022-07-30 19:30:33.855] [exthost] [error] [hashicorp.terraform] provider FAILED
[2022-07-30 19:30:33.855] [exthost] [error] Error: output.tf (8,29): no reference target found
	at Fe (/home/ec2-user/.vscode-server/extensions/hashicorp.terraform-2.23.0-linux-x64/out/extension.js:17:223)
	at Be (/home/ec2-user/.vscode-server/extensions/hashicorp.terraform-2.23.0-linux-x64/out/extension.js:16:11251)
	at Immediate.<anonymous> (/home/ec2-user/.vscode-server/extensions/hashicorp.terraform-2.23.0-linux-x64/out/extension.js:16:11101)
	at processImmediate (node:internal/timers:464:21)
[2022-07-30 19:30:34.156] [exthost] [error] [hashicorp.terraform] provider FAILED
[2022-07-30 19:30:34.156] [exthost] [error] Error: output.tf (8,29): no reference target found
	at Fe (/home/ec2-user/.vscode-server/extensions/hashicorp.terraform-2.23.0-linux-x64/out/extension.js:17:223)
	at Be (/home/ec2-user/.vscode-server/extensions/hashicorp.terraform-2.23.0-linux-x64/out/extension.js:16:11251)
	at Immediate.<anonymous> (/home/ec2-user/.vscode-server/extensions/hashicorp.terraform-2.23.0-linux-x64/out/extension.js:16:11101)
	at processImmediate (node:internal/timers:464:21)
[2022-07-30 19:30:42.060] [exthost] [error] [hashicorp.terraform] provider FAILED
[2022-07-30 19:30:42.061] [exthost] [error] Error: rds.tf (20,38): position outside of any attribute name, value or block
	at Fe (/home/ec2-user/.vscode-server/extensions/hashicorp.terraform-2.23.0-linux-x64/out/extension.js:17:223)
	at Be (/home/ec2-user/.vscode-server/extensions/hashicorp.terraform-2.23.0-linux-x64/out/extension.js:16:11251)
	at Immediate.<anonymous> (/home/ec2-user/.vscode-server/extensions/hashicorp.terraform-2.23.0-linux-x64/out/extension.js:16:11101)
	at processImmediate (node:internal/timers:464:21)
[2022-07-30 19:31:01.091] [exthost] [error] [hashicorp.terraform] provider FAILED
[2022-07-30 19:31:01.091] [exthost] [error] Error: reader.tf (12,40): no reference target found
	at Fe (/home/ec2-user/.vscode-server/extensions/hashicorp.terraform-2.23.0-linux-x64/out/extension.js:17:223)
	at Be (/home/ec2-user/.vscode-server/extensions/hashicorp.terraform-2.23.0-linux-x64/out/extension.js:16:11251)
	at Immediate.<anonymous> (/home/ec2-user/.vscode-server/extensions/hashicorp.terraform-2.23.0-linux-x64/out/extension.js:16:11101)
	at processImmediate (node:internal/timers:464:21)
[2022-07-30 19:32:54.157] [exthost] [error] [hashicorp.terraform] provider FAILED
[2022-07-30 19:32:54.157] [exthost] [error] Error: rds.tf (20,27): position outside of any attribute name, value or block
	at Fe (/home/ec2-user/.vscode-server/extensions/hashicorp.terraform-2.23.0-linux-x64/out/extension.js:17:223)
	at Be (/home/ec2-user/.vscode-server/extensions/hashicorp.terraform-2.23.0-linux-x64/out/extension.js:16:11251)
	at Immediate.<anonymous> (/home/ec2-user/.vscode-server/extensions/hashicorp.terraform-2.23.0-linux-x64/out/extension.js:16:11101)
	at processImmediate (node:internal/timers:464:21)
[2022-07-30 19:33:01.133] [exthost] [error] [hashicorp.terraform] provider FAILED
[2022-07-30 19:33:01.133] [exthost] [error] Error: reader.tf (9,25): unsupported expression (*hclsyntax.TemplateExpr)
	at Fe (/home/ec2-user/.vscode-server/extensions/hashicorp.terraform-2.23.0-linux-x64/out/extension.js:17:223)
	at Be (/home/ec2-user/.vscode-server/extensions/hashicorp.terraform-2.23.0-linux-x64/out/extension.js:16:11251)
	at Immediate.<anonymous> (/home/ec2-user/.vscode-server/extensions/hashicorp.terraform-2.23.0-linux-x64/out/extension.js:16:11101)
	at processImmediate (node:internal/timers:464:21)
[2022-07-30 19:33:02.245] [exthost] [error] [hashicorp.terraform] provider FAILED
[2022-07-30 19:33:02.245] [exthost] [error] Error: reader.tf (9,25): unsupported expression (*hclsyntax.TemplateExpr)
	at Fe (/home/ec2-user/.vscode-server/extensions/hashicorp.terraform-2.23.0-linux-x64/out/extension.js:17:223)
	at Be (/home/ec2-user/.vscode-server/extensions/hashicorp.terraform-2.23.0-linux-x64/out/extension.js:16:11251)
	at Immediate.<anonymous> (/home/ec2-user/.vscode-server/extensions/hashicorp.terraform-2.23.0-linux-x64/out/extension.js:16:11101)
	at processImmediate (node:internal/timers:464:21)
[2022-07-30 19:33:02.551] [exthost] [error] [hashicorp.terraform] provider FAILED
[2022-07-30 19:33:02.551] [exthost] [error] Error: reader.tf (9,25): unsupported expression (*hclsyntax.TemplateExpr)
	at Fe (/home/ec2-user/.vscode-server/extensions/hashicorp.terraform-2.23.0-linux-x64/out/extension.js:17:223)
	at Be (/home/ec2-user/.vscode-server/extensions/hashicorp.terraform-2.23.0-linux-x64/out/extension.js:16:11251)
	at Immediate.<anonymous> (/home/ec2-user/.vscode-server/extensions/hashicorp.terraform-2.23.0-linux-x64/out/extension.js:16:11101)
	at processImmediate (node:internal/timers:464:21)
[2022-07-30 19:33:26.945] [exthost] [error] [hashicorp.terraform] provider FAILED
[2022-07-30 19:33:26.945] [exthost] [error] Error: writer.tf (3,32): position outside of any attribute name, value or block
	at Fe (/home/ec2-user/.vscode-server/extensions/hashicorp.terraform-2.23.0-linux-x64/out/extension.js:17:223)
	at Be (/home/ec2-user/.vscode-server/extensions/hashicorp.terraform-2.23.0-linux-x64/out/extension.js:16:11251)
	at Immediate.<anonymous> (/home/ec2-user/.vscode-server/extensions/hashicorp.terraform-2.23.0-linux-x64/out/extension.js:16:11101)
	at processImmediate (node:internal/timers:464:21)
[2022-07-30 19:33:27.249] [exthost] [error] [hashicorp.terraform] provider FAILED
[2022-07-30 19:33:27.250] [exthost] [error] Error: writer.tf (3,32): position outside of any attribute name, value or block
	at Fe (/home/ec2-user/.vscode-server/extensions/hashicorp.terraform-2.23.0-linux-x64/out/extension.js:17:223)
	at Be (/home/ec2-user/.vscode-server/extensions/hashicorp.terraform-2.23.0-linux-x64/out/extension.js:16:11251)
	at Immediate.<anonymous> (/home/ec2-user/.vscode-server/extensions/hashicorp.terraform-2.23.0-linux-x64/out/extension.js:16:11101)
	at processImmediate (node:internal/timers:464:21)
[2022-07-30 19:33:45.639] [exthost] [error] [hashicorp.terraform] provider FAILED
[2022-07-30 19:33:45.639] [exthost] [error] Error: reader.tf (8,1): position outside of any attribute name, value or block
	at Fe (/home/ec2-user/.vscode-server/extensions/hashicorp.terraform-2.23.0-linux-x64/out/extension.js:17:223)
	at Be (/home/ec2-user/.vscode-server/extensions/hashicorp.terraform-2.23.0-linux-x64/out/extension.js:16:11251)
	at Immediate.<anonymous> (/home/ec2-user/.vscode-server/extensions/hashicorp.terraform-2.23.0-linux-x64/out/extension.js:16:11101)
	at processImmediate (node:internal/timers:464:21)
[2022-07-30 19:33:47.985] [exthost] [error] [hashicorp.terraform] provider FAILED
[2022-07-30 19:33:47.985] [exthost] [error] Error: reader.tf (7,1): position outside of any attribute name, value or block
	at Fe (/home/ec2-user/.vscode-server/extensions/hashicorp.terraform-2.23.0-linux-x64/out/extension.js:17:223)
	at Be (/home/ec2-user/.vscode-server/extensions/hashicorp.terraform-2.23.0-linux-x64/out/extension.js:16:11251)
	at Immediate.<anonymous> (/home/ec2-user/.vscode-server/extensions/hashicorp.terraform-2.23.0-linux-x64/out/extension.js:16:11101)
	at processImmediate (node:internal/timers:464:21)
[2022-07-30 19:33:48.936] [exthost] [error] [hashicorp.terraform] provider FAILED
[2022-07-30 19:33:48.936] [exthost] [error] Error: reader.tf (12,15): position outside of any attribute name, value or block
	at Fe (/home/ec2-user/.vscode-server/extensions/hashicorp.terraform-2.23.0-linux-x64/out/extension.js:17:223)
	at Be (/home/ec2-user/.vscode-server/extensions/hashicorp.terraform-2.23.0-linux-x64/out/extension.js:16:11251)
	at Immediate.<anonymous> (/home/ec2-user/.vscode-server/extensions/hashicorp.terraform-2.23.0-linux-x64/out/extension.js:16:11101)
	at processImmediate (node:internal/timers:464:21)
[2022-07-30 19:41:06.824] [exthost] [error] [hashicorp.terraform] provider FAILED
[2022-07-30 19:41:06.824] [exthost] [error] Error: db-security-group.tf (2,18): position outside of any attribute name, value or block
	at Fe (/home/ec2-user/.vscode-server/extensions/hashicorp.terraform-2.23.0-linux-x64/out/extension.js:17:223)
	at Be (/home/ec2-user/.vscode-server/extensions/hashicorp.terraform-2.23.0-linux-x64/out/extension.js:16:11251)
	at Immediate.<anonymous> (/home/ec2-user/.vscode-server/extensions/hashicorp.terraform-2.23.0-linux-x64/out/extension.js:16:11101)
	at processImmediate (node:internal/timers:464:21)
[2022-07-30 19:41:34.300] [exthost] [error] [hashicorp.terraform] provider FAILED
[2022-07-30 19:41:34.300] [exthost] [error] Error: db-security-group.tf (8,3): position outside of "ingress" body
	at Fe (/home/ec2-user/.vscode-server/extensions/hashicorp.terraform-2.23.0-linux-x64/out/extension.js:17:223)
	at Be (/home/ec2-user/.vscode-server/extensions/hashicorp.terraform-2.23.0-linux-x64/out/extension.js:16:11251)
	at Immediate.<anonymous> (/home/ec2-user/.vscode-server/extensions/hashicorp.terraform-2.23.0-linux-x64/out/extension.js:16:11101)
	at processImmediate (node:internal/timers:464:21)
[2022-07-30 19:42:24.870] [exthost] [error] [hashicorp.terraform] provider FAILED
[2022-07-30 19:42:24.871] [exthost] [error] Error: no reference origin found
	at Fe (/home/ec2-user/.vscode-server/extensions/hashicorp.terraform-2.23.0-linux-x64/out/extension.js:17:223)
	at Be (/home/ec2-user/.vscode-server/extensions/hashicorp.terraform-2.23.0-linux-x64/out/extension.js:16:11251)
	at Immediate.<anonymous> (/home/ec2-user/.vscode-server/extensions/hashicorp.terraform-2.23.0-linux-x64/out/extension.js:16:11101)
	at processImmediate (node:internal/timers:464:21)
[2022-07-31 01:09:25.257] [exthost] [info] extension host terminating: renderer disconnected for too long (1)
[2022-07-31 01:09:25.258] [exthost] [info] Lock '/home/ec2-user/.vscode-server/data/User/workspaceStorage/bd4a48b86a6b0e7dce82a23a7d51a25d/vscode.lock': Marking the lockfile as scheduled to be released in 6000 ms.
[2022-07-31 01:09:25.298] [exthost] [info] Extension host with pid 12288 exiting with code 0
